Log file open, 02/09/19 13:12:56
LogWindows: Failed to load 'aqProf.dll' (GetLastError=126)
LogWindows: File 'aqProf.dll' does not exist
LogWindows: Failed to load 'VtuneApi.dll' (GetLastError=126)
LogWindows: File 'VtuneApi.dll' does not exist
LogWindows: Failed to load 'VtuneApi32e.dll' (GetLastError=126)
LogWindows: File 'VtuneApi32e.dll' does not exist
LogInit: Display: Running engine for game: MarshMellow
LogPlatformFile: Not using cached read wrapper
LogTaskGraph: Started task graph with 5 named threads and 23 total threads with 3 sets of task threads.
LogStats: Stats thread started at 0.270064
LogD3D11RHI: Loaded GFSDK_Aftermath_Lib.x64.dll
LogICUInternationalization: Display: ICU TimeZone Detection - Raw Offset: -5:00, Platform Override: ''
LogPluginManager: Mounting plugin Paper2D
LogPluginManager: Mounting plugin AISupport
LogPluginManager: Mounting plugin LightPropagationVolume
LogPluginManager: Mounting plugin CLionSourceCodeAccess
LogPluginManager: Mounting plugin CodeLiteSourceCodeAccess
LogPluginManager: Mounting plugin GitSourceControl
LogPluginManager: Mounting plugin KDevelopSourceCodeAccess
LogPluginManager: Mounting plugin NullSourceCodeAccess
LogPluginManager: Mounting plugin PerforceSourceControl
LogPluginManager: Mounting plugin SubversionSourceControl
LogPluginManager: Mounting plugin UObjectPlugin
LogPluginManager: Mounting plugin VisualStudioCodeSourceCodeAccess
LogPluginManager: Mounting plugin VisualStudioSourceCodeAccess
LogPluginManager: Mounting plugin XCodeSourceCodeAccess
LogPluginManager: Mounting plugin AssetManagerEditor
LogPluginManager: Mounting plugin CryptoKeys
LogPluginManager: Mounting plugin DataValidation
LogPluginManager: Mounting plugin FacialAnimation
LogPluginManager: Mounting plugin GameplayTagsEditor
LogPluginManager: Mounting plugin MacGraphicsSwitching
LogPluginManager: Mounting plugin MeshEditor
LogPluginManager: Mounting plugin MobileLauncherProfileWizard
LogPluginManager: Mounting plugin PluginBrowser
LogPluginManager: Mounting plugin SpeedTreeImporter
LogPluginManager: Mounting plugin DatasmithContent
LogPluginManager: Mounting plugin AlembicImporter
LogPluginManager: Mounting plugin AppleImageUtils
LogPluginManager: Mounting plugin AppleVision
LogPluginManager: Mounting plugin BackChannel
LogPluginManager: Mounting plugin CharacterAI
LogPluginManager: Mounting plugin GeometryCache
LogPluginManager: Mounting plugin HTML5Networking
LogPluginManager: Mounting plugin ProxyLODPlugin
LogPluginManager: Mounting plugin MagicLeap
LogPluginManager: Mounting plugin MagicLeapEmulator
LogPluginManager: Mounting plugin MagicLeapMedia
LogPluginManager: Mounting plugin AndroidMedia
LogPluginManager: Mounting plugin AvfMedia
LogPluginManager: Mounting plugin ImgMedia
LogPluginManager: Mounting plugin LinearTimecode
LogPluginManager: Mounting plugin MediaCompositing
LogPluginManager: Mounting plugin MediaPlayerEditor
LogPluginManager: Mounting plugin WmfMedia
LogPluginManager: Mounting plugin TcpMessaging
LogPluginManager: Mounting plugin UdpMessaging
LogPluginManager: Mounting plugin ActorSequence
LogPluginManager: Mounting plugin LevelSequenceEditor
LogPluginManager: Mounting plugin MatineeToLevelSequence
LogPluginManager: Mounting plugin NetcodeUnitTest
LogPluginManager: Mounting plugin NUTUnrealEngine4
LogPluginManager: Mounting plugin OnlineSubsystemGooglePlay
LogPluginManager: Mounting plugin OnlineSubsystemIOS
LogPluginManager: Mounting plugin OnlineSubsystem
LogPluginManager: Mounting plugin OnlineSubsystemNull
LogPluginManager: Mounting plugin OnlineSubsystemUtils
LogPluginManager: Mounting plugin LauncherChunkInstaller
LogPluginManager: Mounting plugin AndroidDeviceProfileSelector
LogPluginManager: Mounting plugin AndroidMoviePlayer
LogPluginManager: Mounting plugin AndroidPermission
LogPluginManager: Mounting plugin AppleMoviePlayer
LogPluginManager: Mounting plugin ArchVisCharacter
LogPluginManager: Mounting plugin AudioCapture
LogPluginManager: Mounting plugin CableComponent
LogPluginManager: Mounting plugin CustomMeshComponent
LogPluginManager: Mounting plugin EditableMesh
LogPluginManager: Mounting plugin ExampleDeviceProfileSelector
LogPluginManager: Mounting plugin GoogleCloudMessaging
LogPluginManager: Mounting plugin ImmediatePhysics
LogPluginManager: Mounting plugin IOSDeviceProfileSelector
LogPluginManager: Mounting plugin LinuxDeviceProfileSelector
LogPluginManager: Mounting plugin LocationServicesBPLibrary
LogPluginManager: Mounting plugin MobilePatchingUtils
LogPluginManager: Mounting plugin OculusVR
LogPluginManager: Plugin shader directory ../../../Engine/Plugins/Runtime/Oculus/OculusVR/Shaders found
LogPluginManager: Mapping shader source directory ../../../Engine/Plugins/Runtime/Oculus/OculusVR/Shaders to virtual directory /Plugin/OculusVR
LogPluginManager: Mounting plugin PhysXVehicles
LogPluginManager: Mounting plugin ProceduralMeshComponent
LogPluginManager: Mounting plugin RuntimePhysXCooking
LogPluginManager: Mounting plugin SteamVR
LogPluginManager: Mounting plugin WindowsMoviePlayer
LogStreaming: Display: Took  0.134s to configure plugins.
LogInit: Using libcurl 7.55.1-DEV
LogInit:  - built for x86_64-pc-win32
LogInit:  - supports SSL with OpenSSL/1.0.2h
LogInit:  - supports HTTP deflate (compression) using libz 1.2.8
LogInit:  - other features:
LogInit:      CURL_VERSION_SSL
LogInit:      CURL_VERSION_LIBZ
LogInit:      CURL_VERSION_IPV6
LogInit:      CURL_VERSION_ASYNCHDNS
LogInit:      CURL_VERSION_LARGEFILE
LogInit:      CURL_VERSION_IDN
LogInit:  CurlRequestOptions (configurable via config and command line):
LogInit:  - bVerifyPeer = false  - Libcurl will NOT verify peer certificate
LogInit:  - bUseHttpProxy = false  - Libcurl will NOT use HTTP proxy
LogInit:  - bDontReuseConnections = false  - Libcurl will reuse connections
LogInit:  - CertBundlePath = nullptr  - Libcurl will use whatever was configured at build time.
LogInit:  - MaxHostConnections = 16  - Libcurl will limit the number of connections to a host
LogInit:  - LocalHostAddr = Default
LogInit:  - BufferSize = 65536
LogInit: WinSock: version 1.1 (2.2), MaxSocks=32767, MaxUdp=65467
LogInit: Build: ++UE4+Release-4.20-CL-4369336
LogInit: Engine Version: 4.20.3-4369336+++UE4+Release-4.20
LogInit: Compatible Engine Version: 4.20.0-4212847+++UE4+Release-4.20
LogInit: Net CL: 4212847
LogInit: OS: Windows 10 (), CPU: Intel(R) Core(TM) i7-6700K CPU @ 4.00GHz, GPU: NVIDIA TITAN X (Pascal)
LogInit: Compiled (64-bit): Sep 17 2018 12:26:19
LogInit: Compiled with Visual C++: 19.13.26129.00
LogInit: Build Configuration: Development
LogInit: Branch Name: ++UE4+Release-4.20
LogInit: Command Line: -EpicPortal  -epicusername="Lohas_Kevin" -epicuserid=20079c831a694bbd86d6153fd97feacd -epiclocale=en-US
LogInit: Base Directory: C:/Program Files/Epic Games/UE_4.20/Engine/Binaries/Win64/
LogInit: Installed Engine Build: 1
LogDevObjectVersion: Number of dev versions registered: 20
LogDevObjectVersion:   Dev-Blueprints (B0D832E4-1F89-4F0D-ACCF-7EB736FD4AA2): 10
LogDevObjectVersion:   Dev-Build (E1C64328-A22C-4D53-A36C-8E866417BD8C): 0
LogDevObjectVersion:   Dev-Core (375EC13C-06E4-48FB-B500-84F0262A717E): 2
LogDevObjectVersion:   Dev-Editor (E4B068ED-F494-42E9-A231-DA0B2E46BB41): 24
LogDevObjectVersion:   Dev-Framework (CFFC743F-43B0-4480-9391-14DF171D2073): 34
LogDevObjectVersion:   Dev-Mobile (B02B49B5-BB20-44E9-A304-32B752E40360): 2
LogDevObjectVersion:   Dev-Networking (A4E4105C-59A1-49B5-A7C5-40C4547EDFEE): 0
LogDevObjectVersion:   Dev-Online (39C831C9-5AE6-47DC-9A44-9C173E1C8E7C): 0
LogDevObjectVersion:   Dev-Physics (78F01B33-EBEA-4F98-B9B4-84EACCB95AA2): 0
LogDevObjectVersion:   Dev-Platform (6631380F-2D4D-43E0-8009-CF276956A95A): 0
LogDevObjectVersion:   Dev-Rendering (12F88B9F-8875-4AFC-A67C-D90C383ABD29): 26
LogDevObjectVersion:   Dev-Sequencer (7B5AE74C-D270-4C10-A958-57980B212A5A): 9
LogDevObjectVersion:   Dev-VR (D7296918-1DD6-4BDD-9DE2-64A83CC13884): 2
LogDevObjectVersion:   Dev-LoadTimes (C2A15278-BFE7-4AFE-6C17-90FF531DF755): 1
LogDevObjectVersion:   Private-Geometry (6EACA3D4-40EC-4CC1-B786-8BED09428FC5): 3
LogDevObjectVersion:   Dev-AnimPhys (29E575DD-E0A3-4627-9D10-D276232CDCEA): 17
LogDevObjectVersion:   Dev-ReflectionCapture (6B266CEC-1EC7-4B8F-A30B-E4D90942FC07): 1
LogDevObjectVersion:   Dev-Automation (0DF73D61-A23F-47EA-B727-89E90C41499A): 1
LogDevObjectVersion:   FortniteMain (601D1886-AC64-4F84-AA16-D3DE0DEAC7D6): 12
LogDevObjectVersion:   Dev-Enterprise (9DFFBCD6-494F-0158-E221-12823C92A888): 1
LogStreaming: Display: Took  0.000s to delete old logs.
LogInit: Presizing for max 8388607 objects, including 0 objects not considered by GC, pre-allocating 0 bytes for permanent pool.
LogInit: Object subsystem initialized
[2019.02.09-18.12.56:454][  0]LogInit: Selected Device Profile: [Windows]
[2019.02.09-18.12.56:454][  0]LogInit: Applying CVar settings loaded from the selected device profile: [Windows]
[2019.02.09-18.12.56:463][  0]LogHAL: Display: Platform has ~ 32 GB [34300579840 / 34359738368 / 32], which maps to Largest [LargestMinGB=32, LargerMinGB=12, DefaultMinGB=8, SmallerMinGB=6, SmallestMinGB=0)
[2019.02.09-18.12.56:464][  0]LogInit: Setting Device Profile CVar: [[r.Vulkan.UseRealUBs:1]]
[2019.02.09-18.12.56:464][  0]LogInit: Going up to parent DeviceProfile []
[2019.02.09-18.12.56:464][  0]LogInit: Computer: DESKTOP-I0Q4SH2
[2019.02.09-18.12.56:464][  0]LogInit: User: LohasKevin
[2019.02.09-18.12.56:464][  0]LogInit: CPU Page size=4096, Cores=4
[2019.02.09-18.12.56:464][  0]LogInit: High frequency timer resolution =10.000000 MHz
[2019.02.09-18.12.56:464][  0]LogMemory: Memory total: Physical=31.9GB (32GB approx)
[2019.02.09-18.12.56:464][  0]LogMemory: Platform Memory Stats for Windows
[2019.02.09-18.12.56:464][  0]LogMemory: Process Physical Memory: 100.93 MB used, 100.93 MB peak
[2019.02.09-18.12.56:464][  0]LogMemory: Process Virtual Memory: 89.39 MB used, 89.39 MB peak
[2019.02.09-18.12.56:464][  0]LogMemory: Physical Memory: 12657.38 MB used,  20054.21 MB free, 32711.58 MB total
[2019.02.09-18.12.56:464][  0]LogMemory: Virtual Memory: 4641.47 MB used,  20054.21 MB free, 134217728.00 MB total
[2019.02.09-18.12.56:478][  0]LogInit: Using OS detected language (en-US).
[2019.02.09-18.12.56:478][  0]LogInit: Using OS detected locale (en-US).
[2019.02.09-18.12.56:479][  0]LogTextLocalizationManager: No specific localization for 'en-US' exists, so the 'en' localization will be used.
[2019.02.09-18.12.56:769][  0]LogStreaming: Display: Took  0.290s to InitEngineTextLocalization.
[2019.02.09-18.12.56:769][  0]LogInit: Setting process to per monitor DPI aware
[2019.02.09-18.12.56:801][  0]LogSlate: New Slate User Created.  User Index 0, Is Virtual User: 0
[2019.02.09-18.12.56:801][  0]LogSlate: Slate User Registered.  User Index 0, Is Virtual User: 0
[2019.02.09-18.12.56:970][  0]LogHMD: Failed to initialize OpenVR with code 110
[2019.02.09-18.12.56:970][  0]LogD3D11RHI: D3D11 adapters:
[2019.02.09-18.12.57:020][  0]LogD3D11RHI:    0. 'NVIDIA TITAN X (Pascal)' (Feature Level 11_0)
[2019.02.09-18.12.57:020][  0]LogD3D11RHI:       12147/0/16355 MB DedicatedVideo/DedicatedSystem/SharedSystem, Outputs:1, VendorId:0x10de
[2019.02.09-18.12.57:021][  0]LogD3D11RHI:    1. 'Microsoft Basic Render Driver' (Feature Level 11_0)
[2019.02.09-18.12.57:021][  0]LogD3D11RHI:       0/0/16355 MB DedicatedVideo/DedicatedSystem/SharedSystem, Outputs:0, VendorId:0x1414
[2019.02.09-18.12.57:021][  0]LogD3D11RHI: Chosen D3D11 Adapter: 0
[2019.02.09-18.12.57:028][  0]LogD3D11RHI: Creating new Direct3DDevice
[2019.02.09-18.12.57:028][  0]LogD3D11RHI:     GPU DeviceId: 0x1b00 (for the marketing name, search the web for "GPU Device Id")
[2019.02.09-18.12.57:028][  0]LogWindows: EnumDisplayDevices:
[2019.02.09-18.12.57:028][  0]LogWindows:    0. 'NVIDIA TITAN X (Pascal)' (P:1 D:1)
[2019.02.09-18.12.57:028][  0]LogWindows:    1. 'NVIDIA TITAN X (Pascal)' (P:0 D:0)
[2019.02.09-18.12.57:029][  0]LogWindows:    2. 'NVIDIA TITAN X (Pascal)' (P:0 D:0)
[2019.02.09-18.12.57:029][  0]LogWindows:    3. 'NVIDIA TITAN X (Pascal)' (P:0 D:0)
[2019.02.09-18.12.57:029][  0]LogWindows: DebugString: FoundDriverCount:4 
[2019.02.09-18.12.57:029][  0]LogD3D11RHI:     Adapter Name: NVIDIA TITAN X (Pascal)
[2019.02.09-18.12.57:029][  0]LogD3D11RHI:   Driver Version: 417.35 (internal:25.21.14.1735, unified:417.35)
[2019.02.09-18.12.57:029][  0]LogD3D11RHI:      Driver Date: 12-11-2018
[2019.02.09-18.12.57:029][  0]LogRHI: Texture pool is 8502 MB (70% of 12147 MB)
[2019.02.09-18.12.57:074][  0]LogD3D11RHI: Async texture creation enabled
[2019.02.09-18.12.57:109][  0]LogD3D11RHI: GPU Timing Frequency: 1000.000000 (Debug: 2 2)
[2019.02.09-18.12.57:154][  0]LogShaderCompilers: Guid format shader working directory is 19 characters bigger than the processId version (E:/MARSHMALLOWS-WOOO/MarshMellow/Intermediate/Shaders/WorkingDirectory/18104/).
[2019.02.09-18.12.57:154][  0]LogShaderCompilers: Cleaned the shader compiler working directory 'C:/Users/Lohas_Kevin/AppData/Local/Temp/UnrealShaderWorkingDir/14EBE23441D5B96C4BB2598C545C0A3A/'.
[2019.02.09-18.12.57:420][  0]LogTemp: Display: Loaded TP AllDesktopTargetPlatform
[2019.02.09-18.12.57:430][  0]LogTemp: Display: Loaded TP MacClientTargetPlatform
[2019.02.09-18.12.57:443][  0]LogTemp: Display: Loaded TP MacNoEditorTargetPlatform
[2019.02.09-18.12.57:457][  0]LogTemp: Display: Loaded TP MacServerTargetPlatform
[2019.02.09-18.12.57:471][  0]LogTemp: Display: Loaded TP MacTargetPlatform
[2019.02.09-18.12.57:484][  0]LogTemp: Display: Loaded TP WindowsClientTargetPlatform
[2019.02.09-18.12.57:499][  0]LogTemp: Display: Loaded TP WindowsNoEditorTargetPlatform
[2019.02.09-18.12.57:510][  0]LogTemp: Display: Loaded TP WindowsServerTargetPlatform
[2019.02.09-18.12.57:515][  0]LogTemp: Display: Loaded TP WindowsTargetPlatform
[2019.02.09-18.12.57:573][  0]LogTemp: Display: Loaded TP AndroidTargetPlatform
[2019.02.09-18.12.57:573][  0]LogTemp: Display: Loaded TP AndroidTargetPlatform
[2019.02.09-18.12.57:573][  0]LogTemp: Display: Loaded TP AndroidTargetPlatform
[2019.02.09-18.12.57:573][  0]LogTemp: Display: Loaded TP AndroidTargetPlatform
[2019.02.09-18.12.57:573][  0]LogTemp: Display: Loaded TP AndroidTargetPlatform
[2019.02.09-18.12.57:573][  0]LogTemp: Display: Loaded TP AndroidTargetPlatform
[2019.02.09-18.12.57:573][  0]LogTemp: Display: Loaded TP AndroidTargetPlatform
[2019.02.09-18.12.57:573][  0]LogTemp: Display: Loaded TP AndroidTargetPlatform
[2019.02.09-18.12.57:573][  0]LogTemp: Display: Loaded TP AndroidTargetPlatform
[2019.02.09-18.12.57:573][  0]LogTemp: Display: Loaded TP AndroidTargetPlatform
[2019.02.09-18.12.57:573][  0]LogTemp: Display: Loaded TP AndroidTargetPlatform
[2019.02.09-18.12.57:573][  0]LogTemp: Display: Loaded TP AndroidTargetPlatform
[2019.02.09-18.12.57:573][  0]LogTemp: Display: Loaded TP AndroidTargetPlatform
[2019.02.09-18.12.57:573][  0]LogTemp: Display: Loaded TP AndroidTargetPlatform
[2019.02.09-18.12.57:573][  0]LogTemp: Display: Loaded TP AndroidTargetPlatform
[2019.02.09-18.12.57:573][  0]LogTemp: Display: Loaded TP AndroidTargetPlatform
[2019.02.09-18.12.57:573][  0]LogTemp: Display: Loaded TP AndroidTargetPlatform
[2019.02.09-18.12.57:573][  0]LogTemp: Display: Loaded TP AndroidTargetPlatform
[2019.02.09-18.12.57:574][  0]LogTemp: Display: Loaded TP HTML5TargetPlatform
[2019.02.09-18.12.57:639][  0]LogTemp: Display: Loaded TP IOSTargetPlatform
[2019.02.09-18.12.57:639][  0]LogTemp: Display: Loaded TP IOSTargetPlatform
[2019.02.09-18.12.57:661][  0]LogTemp: Display: Loaded TP TVOSTargetPlatform
[2019.02.09-18.12.57:661][  0]LogTemp: Display: Loaded TP TVOSTargetPlatform
[2019.02.09-18.12.57:672][  0]LogTemp: Display: Loaded TP LinuxClientTargetPlatform
[2019.02.09-18.12.57:681][  0]LogTemp: Display: Loaded TP LinuxNoEditorTargetPlatform
[2019.02.09-18.12.57:692][  0]LogTemp: Display: Loaded TP LinuxServerTargetPlatform
[2019.02.09-18.12.57:702][  0]LogTemp: Display: Loaded TP LinuxTargetPlatform
[2019.02.09-18.12.57:709][  0]LogTemp: Display: Loaded TP LuminTargetPlatform
[2019.02.09-18.12.57:709][  0]LogTargetPlatformManager: Display: Building Assets For Windows
[2019.02.09-18.12.57:761][  0]LogXGEController: Cannot use XGE Controller as Incredibuild is not installed on this machine.
[2019.02.09-18.12.57:761][  0]LogShaderCompilers: Cannot use XGE Shader Compiler as Incredibuild is not installed on this machine.
[2019.02.09-18.12.57:761][  0]LogShaderCompilers: Display: Using Local Shader Compiler.
[2019.02.09-18.12.58:408][  0]LogDerivedDataCache: Display: Max Cache Size: 512 MB
[2019.02.09-18.12.58:459][  0]LogDerivedDataCache: Loaded boot cache 0.05s 71MB C:/Users/Lohas_Kevin/AppData/Local/UnrealEngine/4.20/DerivedDataCache/Boot.ddc.
[2019.02.09-18.12.58:460][  0]LogDerivedDataCache: Display: Loaded Boot cache: C:/Users/Lohas_Kevin/AppData/Local/UnrealEngine/4.20/DerivedDataCache/Boot.ddc
[2019.02.09-18.12.58:460][  0]LogDerivedDataCache: FDerivedDataBackendGraph:  Pak pak cache file E:/MARSHMALLOWS-WOOO/MarshMellow/DerivedDataCache/DDC.ddp not found, will not use a pak cache.
[2019.02.09-18.12.58:460][  0]LogDerivedDataCache: Unable to find inner node Pak for hierarchical cache Hierarchy.
[2019.02.09-18.12.58:460][  0]LogDerivedDataCache: FDerivedDataBackendGraph:  CompressedPak pak cache file E:/MARSHMALLOWS-WOOO/MarshMellow/DerivedDataCache/Compressed.ddp not found, will not use a pak cache.
[2019.02.09-18.12.58:460][  0]LogDerivedDataCache: Unable to find inner node CompressedPak for hierarchical cache Hierarchy.
[2019.02.09-18.12.58:470][  0]LogDerivedDataCache: Display: Pak cache opened for reading ../../../Engine/DerivedDataCache/Compressed.ddp.
[2019.02.09-18.12.58:482][  0]LogDerivedDataCache: Using Local data cache path C:/Users/Lohas_Kevin/AppData/Local/UnrealEngine/Common/DerivedDataCache: Writable
[2019.02.09-18.12.58:482][  0]LogDerivedDataCache: Shared data cache path not found in *engine.ini, will not use an Shared cache.
[2019.02.09-18.12.58:482][  0]LogDerivedDataCache: Unable to find inner node Shared for hierarchical cache Hierarchy.
[2019.02.09-18.12.58:496][  0]LogMaterial: Verifying Global Shaders for PCD3D_SM5
[2019.02.09-18.12.58:497][  0]LogSlate: Using FreeType 2.6.0
[2019.02.09-18.12.58:498][  0]LogSlate: SlateFontServices - WITH_FREETYPE: 1, WITH_HARFBUZZ: 1
[2019.02.09-18.12.58:561][  0]LogAssetRegistry: FAssetRegistry took 0.0255 seconds to start up
[2019.02.09-18.12.58:824][  0]LogInit: Selected Device Profile: [Windows]
[2019.02.09-18.12.58:940][  0]LogSimplygon: Simplygon DLL not present - disabling.
[2019.02.09-18.12.58:943][  0]LogMeshReduction: Using SimplygonSwarm for distributed automatic mesh merging
[2019.02.09-18.12.58:944][  0]LogMeshReduction: Using ProxyLODMeshReduction for automatic mesh merging
[2019.02.09-18.12.58:944][  0]LogMeshReduction: Using QuadricMeshReduction for automatic static mesh reduction
[2019.02.09-18.12.58:944][  0]LogMeshReduction: No automatic skeletal mesh reduction module available
[2019.02.09-18.12.58:958][  0]LogNetVersion: MarshMellow 1.0.0, NetCL: 4212847, EngineNetVer: 5, GameNetVer: 0 (Checksum: 3750370364)
[2019.02.09-18.12.59:416][  0]LogPackageLocalizationCache: Processed 11 localized package path(s) for 2 prioritized culture(s) in 0.083652 seconds
[2019.02.09-18.12.59:422][  0]LogUObjectArray: 38425 objects as part of root set at end of initial load.
[2019.02.09-18.12.59:422][  0]LogUObjectAllocator: 6690864 out of 0 bytes used by permanent object pool.
[2019.02.09-18.12.59:422][  0]LogUObjectArray: CloseDisregardForGC: 0/0 objects in disregard for GC pool
[2019.02.09-18.13.00:117][  0]LogTcpMessaging: Initializing TcpMessaging bridge
[2019.02.09-18.13.00:140][  0]LogUdpMessaging: Initializing bridge on interface 0.0.0.0:0 to multicast group 230.0.0.1:6666.
[2019.02.09-18.13.00:268][  0]SourceControl: Source control is disabled
[2019.02.09-18.13.00:268][  0]SourceControl: Source control is disabled
[2019.02.09-18.13.00:270][  0]SourceControl: Source control is disabled
[2019.02.09-18.13.00:270][  0]SourceControl: Source control is disabled
[2019.02.09-18.13.00:425][  0]LogAndroidPermission: UAndroidPermissionCallbackProxy::GetInstance
[2019.02.09-18.13.00:490][  0]LogOcInput: OculusInput pre-init called
[2019.02.09-18.13.00:550][  0]LogEngine: Initializing Engine...
[2019.02.09-18.13.00:550][  0]LogHMD: Failed to initialize OpenVR with code 110
[2019.02.09-18.13.00:551][  0]LogStats: UGameplayTagsManager::ConstructGameplayTagTree: ImportINI prefixes -  0.000 s
[2019.02.09-18.13.00:551][  0]LogStats: UGameplayTagsManager::ConstructGameplayTagTree: Construct from data asset -  0.000 s
[2019.02.09-18.13.00:551][  0]LogStats: UGameplayTagsManager::ConstructGameplayTagTree: ImportINI -  0.000 s
[2019.02.09-18.13.00:551][  0]LogStats: UGameplayTagsManager::ConstructGameplayTagTree: GameplayTagTreeChangedEvent.Broadcast -  0.000 s
[2019.02.09-18.13.00:724][  0]LogInit: Initializing FReadOnlyCVARCache
[2019.02.09-18.13.00:734][  0]LogAIModule: Creating AISystem for world Untitled
[2019.02.09-18.13.00:788][  0]LogInit: XAudio2 using 'Acer XB241H (NVIDIA High Definition Audio)' : 2 channels at 48 kHz using 16 bits per sample (channel mask 0x3)
[2019.02.09-18.13.00:800][  0]LogInit: FAudioDevice initialized.
[2019.02.09-18.13.00:800][  0]LogNetVersion: Set ProjectVersion to 1.0.0.0. Version Checksum will be recalculated on next use.
[2019.02.09-18.13.00:842][  0]LogDerivedDataCache: Saved boot cache 0.04s 71MB C:/Users/Lohas_Kevin/AppData/Local/UnrealEngine/4.20/DerivedDataCache/Boot.ddc.
[2019.02.09-18.13.00:844][  0]LogInit: Texture streaming: Enabled
[2019.02.09-18.13.00:858][  0]LogEngineSessionManager: EngineSessionManager initialized
[2019.02.09-18.13.00:873][  0]LogInit: Transaction tracking system initialized
[2019.02.09-18.13.00:891][  0]BlueprintLog: New page: Editor Load
[2019.02.09-18.13.01:023][  0]LocalizationService: Localization service is disabled
[2019.02.09-18.13.01:251][  0]LogFileCache: Scanning file cache for directory 'E:/MARSHMALLOWS-WOOO/MarshMellow/Content/' took 0.01s
[2019.02.09-18.13.01:251][  0]LogCook: Display: Max memory allowance for cook 16384mb min free memory 0mb
[2019.02.09-18.13.01:251][  0]LogCook: Display: Mobile HDR setting 1
[2019.02.09-18.13.01:251][  0]LogGameplayTags: Display: UGameplayTagsManager::DoneAddingNativeTags. DelegateIsBound: 0
[2019.02.09-18.13.01:251][  0]LogStats: UGameplayTagsManager::ConstructGameplayTagTree: ImportINI prefixes -  0.000 s
[2019.02.09-18.13.01:251][  0]LogStats: UGameplayTagsManager::ConstructGameplayTagTree: Construct from data asset -  0.000 s
[2019.02.09-18.13.01:251][  0]LogStats: UGameplayTagsManager::ConstructGameplayTagTree: ImportINI -  0.000 s
[2019.02.09-18.13.01:251][  0]LogStats: UGameplayTagsManager::ConstructGameplayTagTree: GameplayTagTreeChangedEvent.Broadcast -  0.000 s
[2019.02.09-18.13.01:360][  0]SourceControl: Source control is disabled
[2019.02.09-18.13.01:361][  0]LogFactory: FactoryCreateFile: PackFactory with PackFactory (0 0 C:/Program Files/Epic Games/UE_4.20/FeaturePacks/StarterContent.upack)
[2019.02.09-18.13.01:367][  0]LogPackFactory: Finished extracting 8 files (including 0 errors).
[2019.02.09-18.13.01:376][  0]LogPackFactory: Copied "../../../Samples/StarterContent/Content/StarterContent/Architecture/Floor_400x400.uasset" to "E:/MARSHMALLOWS-WOOO/MarshMellow/Content/StarterContent/Architecture/Floor_400x400.uasset"
[2019.02.09-18.13.01:384][  0]LogPackFactory: Copied "../../../Samples/StarterContent/Content/StarterContent/Architecture/Pillar_50x500.uasset" to "E:/MARSHMALLOWS-WOOO/MarshMellow/Content/StarterContent/Architecture/Pillar_50x500.uasset"
[2019.02.09-18.13.01:393][  0]LogPackFactory: Copied "../../../Samples/StarterContent/Content/StarterContent/Architecture/SM_AssetPlatform.uasset" to "E:/MARSHMALLOWS-WOOO/MarshMellow/Content/StarterContent/Architecture/SM_AssetPlatform.uasset"
[2019.02.09-18.13.01:401][  0]LogPackFactory: Copied "../../../Samples/StarterContent/Content/StarterContent/Architecture/Wall_400x200.uasset" to "E:/MARSHMALLOWS-WOOO/MarshMellow/Content/StarterContent/Architecture/Wall_400x200.uasset"
[2019.02.09-18.13.01:409][  0]LogPackFactory: Copied "../../../Samples/StarterContent/Content/StarterContent/Architecture/Wall_400x300.uasset" to "E:/MARSHMALLOWS-WOOO/MarshMellow/Content/StarterContent/Architecture/Wall_400x300.uasset"
[2019.02.09-18.13.01:417][  0]LogPackFactory: Copied "../../../Samples/StarterContent/Content/StarterContent/Architecture/Wall_400x400.uasset" to "E:/MARSHMALLOWS-WOOO/MarshMellow/Content/StarterContent/Architecture/Wall_400x400.uasset"
[2019.02.09-18.13.01:425][  0]LogPackFactory: Copied "../../../Samples/StarterContent/Content/StarterContent/Architecture/Wall_500x500.uasset" to "E:/MARSHMALLOWS-WOOO/MarshMellow/Content/StarterContent/Architecture/Wall_500x500.uasset"
[2019.02.09-18.13.01:434][  0]LogPackFactory: Copied "../../../Samples/StarterContent/Content/StarterContent/Architecture/Wall_Door_400x300.uasset" to "E:/MARSHMALLOWS-WOOO/MarshMellow/Content/StarterContent/Architecture/Wall_Door_400x300.uasset"
[2019.02.09-18.13.01:441][  0]LogPackFactory: Copied "../../../Samples/StarterContent/Content/StarterContent/Architecture/Wall_Door_400x400.uasset" to "E:/MARSHMALLOWS-WOOO/MarshMellow/Content/StarterContent/Architecture/Wall_Door_400x400.uasset"
[2019.02.09-18.13.01:449][  0]LogPackFactory: Copied "../../../Samples/StarterContent/Content/StarterContent/Architecture/Wall_Window_400x300.uasset" to "E:/MARSHMALLOWS-WOOO/MarshMellow/Content/StarterContent/Architecture/Wall_Window_400x300.uasset"
[2019.02.09-18.13.01:456][  0]LogPackFactory: Copied "../../../Samples/StarterContent/Content/StarterContent/Architecture/Wall_Window_400x400.uasset" to "E:/MARSHMALLOWS-WOOO/MarshMellow/Content/StarterContent/Architecture/Wall_Window_400x400.uasset"
[2019.02.09-18.13.01:464][  0]LogPackFactory: Copied "../../../Samples/StarterContent/Content/StarterContent/Audio/Collapse01.uasset" to "E:/MARSHMALLOWS-WOOO/MarshMellow/Content/StarterContent/Audio/Collapse01.uasset"
[2019.02.09-18.13.01:473][  0]LogPackFactory: Copied "../../../Samples/StarterContent/Content/StarterContent/Audio/Collapse02.uasset" to "E:/MARSHMALLOWS-WOOO/MarshMellow/Content/StarterContent/Audio/Collapse02.uasset"
[2019.02.09-18.13.01:478][  0]LogPackFactory: Copied "../../../Samples/StarterContent/Content/StarterContent/Audio/Collapse_Cue.uasset" to "E:/MARSHMALLOWS-WOOO/MarshMellow/Content/StarterContent/Audio/Collapse_Cue.uasset"
[2019.02.09-18.13.01:485][  0]LogPackFactory: Copied "../../../Samples/StarterContent/Content/StarterContent/Audio/Explosion01.uasset" to "E:/MARSHMALLOWS-WOOO/MarshMellow/Content/StarterContent/Audio/Explosion01.uasset"
[2019.02.09-18.13.01:493][  0]LogPackFactory: Copied "../../../Samples/StarterContent/Content/StarterContent/Audio/Explosion02.uasset" to "E:/MARSHMALLOWS-WOOO/MarshMellow/Content/StarterContent/Audio/Explosion02.uasset"
[2019.02.09-18.13.01:497][  0]LogPackFactory: Copied "../../../Samples/StarterContent/Content/StarterContent/Audio/Explosion_Cue.uasset" to "E:/MARSHMALLOWS-WOOO/MarshMellow/Content/StarterContent/Audio/Explosion_Cue.uasset"
[2019.02.09-18.13.01:505][  0]LogPackFactory: Copied "../../../Samples/StarterContent/Content/StarterContent/Audio/Fire01.uasset" to "E:/MARSHMALLOWS-WOOO/MarshMellow/Content/StarterContent/Audio/Fire01.uasset"
[2019.02.09-18.13.01:510][  0]LogPackFactory: Copied "../../../Samples/StarterContent/Content/StarterContent/Audio/Fire01_Cue.uasset" to "E:/MARSHMALLOWS-WOOO/MarshMellow/Content/StarterContent/Audio/Fire01_Cue.uasset"
[2019.02.09-18.13.01:517][  0]LogPackFactory: Copied "../../../Samples/StarterContent/Content/StarterContent/Audio/Fire_Sparks01.uasset" to "E:/MARSHMALLOWS-WOOO/MarshMellow/Content/StarterContent/Audio/Fire_Sparks01.uasset"
[2019.02.09-18.13.01:522][  0]LogPackFactory: Copied "../../../Samples/StarterContent/Content/StarterContent/Audio/Fire_Sparks01_Cue.uasset" to "E:/MARSHMALLOWS-WOOO/MarshMellow/Content/StarterContent/Audio/Fire_Sparks01_Cue.uasset"
[2019.02.09-18.13.01:530][  0]LogPackFactory: Copied "../../../Samples/StarterContent/Content/StarterContent/Audio/Light01.uasset" to "E:/MARSHMALLOWS-WOOO/MarshMellow/Content/StarterContent/Audio/Light01.uasset"
[2019.02.09-18.13.01:534][  0]LogPackFactory: Copied "../../../Samples/StarterContent/Content/StarterContent/Audio/Light01_Cue.uasset" to "E:/MARSHMALLOWS-WOOO/MarshMellow/Content/StarterContent/Audio/Light01_Cue.uasset"
[2019.02.09-18.13.01:542][  0]LogPackFactory: Copied "../../../Samples/StarterContent/Content/StarterContent/Audio/Light02.uasset" to "E:/MARSHMALLOWS-WOOO/MarshMellow/Content/StarterContent/Audio/Light02.uasset"
[2019.02.09-18.13.01:546][  0]LogPackFactory: Copied "../../../Samples/StarterContent/Content/StarterContent/Audio/Light02_Cue.uasset" to "E:/MARSHMALLOWS-WOOO/MarshMellow/Content/StarterContent/Audio/Light02_Cue.uasset"
[2019.02.09-18.13.01:554][  0]LogPackFactory: Copied "../../../Samples/StarterContent/Content/StarterContent/Audio/Smoke01.uasset" to "E:/MARSHMALLOWS-WOOO/MarshMellow/Content/StarterContent/Audio/Smoke01.uasset"
[2019.02.09-18.13.01:559][  0]LogPackFactory: Copied "../../../Samples/StarterContent/Content/StarterContent/Audio/Smoke01_Cue.uasset" to "E:/MARSHMALLOWS-WOOO/MarshMellow/Content/StarterContent/Audio/Smoke01_Cue.uasset"
[2019.02.09-18.13.01:565][  0]LogPackFactory: Copied "../../../Samples/StarterContent/Content/StarterContent/Audio/Starter_Background_Cue.uasset" to "E:/MARSHMALLOWS-WOOO/MarshMellow/Content/StarterContent/Audio/Starter_Background_Cue.uasset"
[2019.02.09-18.13.01:576][  0]LogPackFactory: Copied "../../../Samples/StarterContent/Content/StarterContent/Audio/Starter_Birds01.uasset" to "E:/MARSHMALLOWS-WOOO/MarshMellow/Content/StarterContent/Audio/Starter_Birds01.uasset"
[2019.02.09-18.13.01:596][  0]LogPackFactory: Copied "../../../Samples/StarterContent/Content/StarterContent/Audio/Starter_Music01.uasset" to "E:/MARSHMALLOWS-WOOO/MarshMellow/Content/StarterContent/Audio/Starter_Music01.uasset"
[2019.02.09-18.13.01:600][  0]LogPackFactory: Copied "../../../Samples/StarterContent/Content/StarterContent/Audio/Starter_Music_Cue.uasset" to "E:/MARSHMALLOWS-WOOO/MarshMellow/Content/StarterContent/Audio/Starter_Music_Cue.uasset"
[2019.02.09-18.13.01:611][  0]LogPackFactory: Copied "../../../Samples/StarterContent/Content/StarterContent/Audio/Starter_Wind05.uasset" to "E:/MARSHMALLOWS-WOOO/MarshMellow/Content/StarterContent/Audio/Starter_Wind05.uasset"
[2019.02.09-18.13.01:620][  0]LogPackFactory: Copied "../../../Samples/StarterContent/Content/StarterContent/Audio/Starter_Wind06.uasset" to "E:/MARSHMALLOWS-WOOO/MarshMellow/Content/StarterContent/Audio/Starter_Wind06.uasset"
[2019.02.09-18.13.01:629][  0]LogPackFactory: Copied "../../../Samples/StarterContent/Content/StarterContent/Audio/Steam01.uasset" to "E:/MARSHMALLOWS-WOOO/MarshMellow/Content/StarterContent/Audio/Steam01.uasset"
[2019.02.09-18.13.01:633][  0]LogPackFactory: Copied "../../../Samples/StarterContent/Content/StarterContent/Audio/Steam01_Cue.uasset" to "E:/MARSHMALLOWS-WOOO/MarshMellow/Content/StarterContent/Audio/Steam01_Cue.uasset"
[2019.02.09-18.13.01:642][  0]LogPackFactory: Copied "../../../Samples/StarterContent/Content/StarterContent/Blueprints/Blueprint_CeilingLight.uasset" to "E:/MARSHMALLOWS-WOOO/MarshMellow/Content/StarterContent/Blueprints/Blueprint_CeilingLight.uasset"
[2019.02.09-18.13.01:650][  0]LogPackFactory: Copied "../../../Samples/StarterContent/Content/StarterContent/Blueprints/Blueprint_Effect_Explosion.uasset" to "E:/MARSHMALLOWS-WOOO/MarshMellow/Content/StarterContent/Blueprints/Blueprint_Effect_Explosion.uasset"
[2019.02.09-18.13.01:657][  0]LogPackFactory: Copied "../../../Samples/StarterContent/Content/StarterContent/Blueprints/Blueprint_Effect_Fire.uasset" to "E:/MARSHMALLOWS-WOOO/MarshMellow/Content/StarterContent/Blueprints/Blueprint_Effect_Fire.uasset"
[2019.02.09-18.13.01:665][  0]LogPackFactory: Copied "../../../Samples/StarterContent/Content/StarterContent/Blueprints/Blueprint_Effect_Smoke.uasset" to "E:/MARSHMALLOWS-WOOO/MarshMellow/Content/StarterContent/Blueprints/Blueprint_Effect_Smoke.uasset"
[2019.02.09-18.13.01:673][  0]LogPackFactory: Copied "../../../Samples/StarterContent/Content/StarterContent/Blueprints/Blueprint_Effect_Sparks.uasset" to "E:/MARSHMALLOWS-WOOO/MarshMellow/Content/StarterContent/Blueprints/Blueprint_Effect_Sparks.uasset"
[2019.02.09-18.13.01:681][  0]LogPackFactory: Copied "../../../Samples/StarterContent/Content/StarterContent/Blueprints/Blueprint_Effect_Steam.uasset" to "E:/MARSHMALLOWS-WOOO/MarshMellow/Content/StarterContent/Blueprints/Blueprint_Effect_Steam.uasset"
[2019.02.09-18.13.01:689][  0]LogPackFactory: Copied "../../../Samples/StarterContent/Content/StarterContent/Blueprints/Blueprint_WallSconce.uasset" to "E:/MARSHMALLOWS-WOOO/MarshMellow/Content/StarterContent/Blueprints/Blueprint_WallSconce.uasset"
[2019.02.09-18.13.01:697][  0]LogPackFactory: Copied "../../../Samples/StarterContent/Content/StarterContent/Blueprints/BP_LightStudio.uasset" to "E:/MARSHMALLOWS-WOOO/MarshMellow/Content/StarterContent/Blueprints/BP_LightStudio.uasset"
[2019.02.09-18.13.01:701][  0]LogPackFactory: Copied "../../../Samples/StarterContent/Content/StarterContent/Blueprints/Assets/FogBrightnessLUT.uasset" to "E:/MARSHMALLOWS-WOOO/MarshMellow/Content/StarterContent/Blueprints/Assets/FogBrightnessLUT.uasset"
[2019.02.09-18.13.01:709][  0]LogPackFactory: Copied "../../../Samples/StarterContent/Content/StarterContent/Blueprints/Assets/M_LightStage_Arrows.uasset" to "E:/MARSHMALLOWS-WOOO/MarshMellow/Content/StarterContent/Blueprints/Assets/M_LightStage_Arrows.uasset"
[2019.02.09-18.13.01:716][  0]LogPackFactory: Copied "../../../Samples/StarterContent/Content/StarterContent/Blueprints/Assets/M_LightStage_Skybox_Black.uasset" to "E:/MARSHMALLOWS-WOOO/MarshMellow/Content/StarterContent/Blueprints/Assets/M_LightStage_Skybox_Black.uasset"
[2019.02.09-18.13.01:723][  0]LogPackFactory: Copied "../../../Samples/StarterContent/Content/StarterContent/Blueprints/Assets/M_LightStage_Skybox_HDRI.uasset" to "E:/MARSHMALLOWS-WOOO/MarshMellow/Content/StarterContent/Blueprints/Assets/M_LightStage_Skybox_HDRI.uasset"
[2019.02.09-18.13.01:731][  0]LogPackFactory: Copied "../../../Samples/StarterContent/Content/StarterContent/Blueprints/Assets/M_LightStage_Skybox_Master.uasset" to "E:/MARSHMALLOWS-WOOO/MarshMellow/Content/StarterContent/Blueprints/Assets/M_LightStage_Skybox_Master.uasset"
[2019.02.09-18.13.01:739][  0]LogPackFactory: Copied "../../../Samples/StarterContent/Content/StarterContent/Blueprints/Assets/Skybox.uasset" to "E:/MARSHMALLOWS-WOOO/MarshMellow/Content/StarterContent/Blueprints/Assets/Skybox.uasset"
[2019.02.09-18.13.01:756][  0]LogPackFactory: Copied "../../../Samples/StarterContent/Content/StarterContent/Blueprints/Assets/SM_Arrows.uasset" to "E:/MARSHMALLOWS-WOOO/MarshMellow/Content/StarterContent/Blueprints/Assets/SM_Arrows.uasset"
[2019.02.09-18.13.01:761][  0]LogPackFactory: Copied "../../../Samples/StarterContent/Content/StarterContent/Blueprints/Assets/SunlightColorLUT.uasset" to "E:/MARSHMALLOWS-WOOO/MarshMellow/Content/StarterContent/Blueprints/Assets/SunlightColorLUT.uasset"
[2019.02.09-18.13.01:882][  0]LogPackFactory: Copied "../../../Samples/StarterContent/Content/StarterContent/HDRI/HDRI_Epic_Courtyard_Daylight.uasset" to "E:/MARSHMALLOWS-WOOO/MarshMellow/Content/StarterContent/HDRI/HDRI_Epic_Courtyard_Daylight.uasset"
[2019.02.09-18.13.01:891][  0]LogPackFactory: Copied "../../../Samples/StarterContent/Content/StarterContent/Maps/Advanced_Lighting.umap" to "E:/MARSHMALLOWS-WOOO/MarshMellow/Content/StarterContent/Maps/Advanced_Lighting.umap"
[2019.02.09-18.13.01:901][  0]LogPackFactory: Copied "../../../Samples/StarterContent/Content/StarterContent/Maps/Advanced_Lighting_BuiltData.uasset" to "E:/MARSHMALLOWS-WOOO/MarshMellow/Content/StarterContent/Maps/Advanced_Lighting_BuiltData.uasset"
[2019.02.09-18.13.01:910][  0]LogPackFactory: Copied "../../../Samples/StarterContent/Content/StarterContent/Maps/Minimal_Default.umap" to "E:/MARSHMALLOWS-WOOO/MarshMellow/Content/StarterContent/Maps/Minimal_Default.umap"
[2019.02.09-18.13.01:926][  0]LogPackFactory: Copied "../../../Samples/StarterContent/Content/StarterContent/Maps/Minimal_Default_BuiltData.uasset" to "E:/MARSHMALLOWS-WOOO/MarshMellow/Content/StarterContent/Maps/Minimal_Default_BuiltData.uasset"
[2019.02.09-18.13.01:942][  0]LogPackFactory: Copied "../../../Samples/StarterContent/Content/StarterContent/Maps/StarterMap.umap" to "E:/MARSHMALLOWS-WOOO/MarshMellow/Content/StarterContent/Maps/StarterMap.umap"
[2019.02.09-18.13.01:996][  0]LogPackFactory: Copied "../../../Samples/StarterContent/Content/StarterContent/Maps/StarterMap_BuiltData.uasset" to "E:/MARSHMALLOWS-WOOO/MarshMellow/Content/StarterContent/Maps/StarterMap_BuiltData.uasset"
[2019.02.09-18.13.02:004][  0]LogPackFactory: Copied "../../../Samples/StarterContent/Content/StarterContent/Materials/M_AssetPlatform.uasset" to "E:/MARSHMALLOWS-WOOO/MarshMellow/Content/StarterContent/Materials/M_AssetPlatform.uasset"
[2019.02.09-18.13.02:011][  0]LogPackFactory: Copied "../../../Samples/StarterContent/Content/StarterContent/Materials/M_Basic_Floor.uasset" to "E:/MARSHMALLOWS-WOOO/MarshMellow/Content/StarterContent/Materials/M_Basic_Floor.uasset"
[2019.02.09-18.13.02:018][  0]LogPackFactory: Copied "../../../Samples/StarterContent/Content/StarterContent/Materials/M_Basic_Wall.uasset" to "E:/MARSHMALLOWS-WOOO/MarshMellow/Content/StarterContent/Materials/M_Basic_Wall.uasset"
[2019.02.09-18.13.02:025][  0]LogPackFactory: Copied "../../../Samples/StarterContent/Content/StarterContent/Materials/M_Brick_Clay_Beveled.uasset" to "E:/MARSHMALLOWS-WOOO/MarshMellow/Content/StarterContent/Materials/M_Brick_Clay_Beveled.uasset"
[2019.02.09-18.13.02:032][  0]LogPackFactory: Copied "../../../Samples/StarterContent/Content/StarterContent/Materials/M_Brick_Clay_New.uasset" to "E:/MARSHMALLOWS-WOOO/MarshMellow/Content/StarterContent/Materials/M_Brick_Clay_New.uasset"
[2019.02.09-18.13.02:040][  0]LogPackFactory: Copied "../../../Samples/StarterContent/Content/StarterContent/Materials/M_Brick_Clay_Old.uasset" to "E:/MARSHMALLOWS-WOOO/MarshMellow/Content/StarterContent/Materials/M_Brick_Clay_Old.uasset"
[2019.02.09-18.13.02:049][  0]LogPackFactory: Copied "../../../Samples/StarterContent/Content/StarterContent/Materials/M_Brick_Cut_Stone.uasset" to "E:/MARSHMALLOWS-WOOO/MarshMellow/Content/StarterContent/Materials/M_Brick_Cut_Stone.uasset"
[2019.02.09-18.13.02:063][  0]LogPackFactory: Copied "../../../Samples/StarterContent/Content/StarterContent/Materials/M_Brick_Hewn_Stone.uasset" to "E:/MARSHMALLOWS-WOOO/MarshMellow/Content/StarterContent/Materials/M_Brick_Hewn_Stone.uasset"
[2019.02.09-18.13.02:076][  0]LogPackFactory: Copied "../../../Samples/StarterContent/Content/StarterContent/Materials/M_Ceramic_Tile_Checker.uasset" to "E:/MARSHMALLOWS-WOOO/MarshMellow/Content/StarterContent/Materials/M_Ceramic_Tile_Checker.uasset"
[2019.02.09-18.13.02:089][  0]LogPackFactory: Copied "../../../Samples/StarterContent/Content/StarterContent/Materials/M_CobbleStone_Pebble.uasset" to "E:/MARSHMALLOWS-WOOO/MarshMellow/Content/StarterContent/Materials/M_CobbleStone_Pebble.uasset"
[2019.02.09-18.13.02:103][  0]LogPackFactory: Copied "../../../Samples/StarterContent/Content/StarterContent/Materials/M_CobbleStone_Rough.uasset" to "E:/MARSHMALLOWS-WOOO/MarshMellow/Content/StarterContent/Materials/M_CobbleStone_Rough.uasset"
[2019.02.09-18.13.02:118][  0]LogPackFactory: Copied "../../../Samples/StarterContent/Content/StarterContent/Materials/M_CobbleStone_Smooth.uasset" to "E:/MARSHMALLOWS-WOOO/MarshMellow/Content/StarterContent/Materials/M_CobbleStone_Smooth.uasset"
[2019.02.09-18.13.02:134][  0]LogPackFactory: Copied "../../../Samples/StarterContent/Content/StarterContent/Materials/M_ColorGrid_LowSpec.uasset" to "E:/MARSHMALLOWS-WOOO/MarshMellow/Content/StarterContent/Materials/M_ColorGrid_LowSpec.uasset"
[2019.02.09-18.13.02:149][  0]LogPackFactory: Copied "../../../Samples/StarterContent/Content/StarterContent/Materials/M_Concrete_Grime.uasset" to "E:/MARSHMALLOWS-WOOO/MarshMellow/Content/StarterContent/Materials/M_Concrete_Grime.uasset"
[2019.02.09-18.13.02:163][  0]LogPackFactory: Copied "../../../Samples/StarterContent/Content/StarterContent/Materials/M_Concrete_Panels.uasset" to "E:/MARSHMALLOWS-WOOO/MarshMellow/Content/StarterContent/Materials/M_Concrete_Panels.uasset"
[2019.02.09-18.13.02:178][  0]LogPackFactory: Copied "../../../Samples/StarterContent/Content/StarterContent/Materials/M_Concrete_Poured.uasset" to "E:/MARSHMALLOWS-WOOO/MarshMellow/Content/StarterContent/Materials/M_Concrete_Poured.uasset"
[2019.02.09-18.13.02:193][  0]LogPackFactory: Copied "../../../Samples/StarterContent/Content/StarterContent/Materials/M_Concrete_Tiles.uasset" to "E:/MARSHMALLOWS-WOOO/MarshMellow/Content/StarterContent/Materials/M_Concrete_Tiles.uasset"
[2019.02.09-18.13.02:208][  0]LogPackFactory: Copied "../../../Samples/StarterContent/Content/StarterContent/Materials/M_Glass.uasset" to "E:/MARSHMALLOWS-WOOO/MarshMellow/Content/StarterContent/Materials/M_Glass.uasset"
[2019.02.09-18.13.02:221][  0]LogPackFactory: Copied "../../../Samples/StarterContent/Content/StarterContent/Materials/M_Ground_Grass.uasset" to "E:/MARSHMALLOWS-WOOO/MarshMellow/Content/StarterContent/Materials/M_Ground_Grass.uasset"
[2019.02.09-18.13.02:231][  0]LogPackFactory: Copied "../../../Samples/StarterContent/Content/StarterContent/Materials/M_Ground_Gravel.uasset" to "E:/MARSHMALLOWS-WOOO/MarshMellow/Content/StarterContent/Materials/M_Ground_Gravel.uasset"
[2019.02.09-18.13.02:240][  0]LogPackFactory: Copied "../../../Samples/StarterContent/Content/StarterContent/Materials/M_Ground_Moss.uasset" to "E:/MARSHMALLOWS-WOOO/MarshMellow/Content/StarterContent/Materials/M_Ground_Moss.uasset"
[2019.02.09-18.13.02:249][  0]LogPackFactory: Copied "../../../Samples/StarterContent/Content/StarterContent/Materials/M_Metal_Brushed_Nickel.uasset" to "E:/MARSHMALLOWS-WOOO/MarshMellow/Content/StarterContent/Materials/M_Metal_Brushed_Nickel.uasset"
[2019.02.09-18.13.02:257][  0]LogPackFactory: Copied "../../../Samples/StarterContent/Content/StarterContent/Materials/M_Metal_Burnished_Steel.uasset" to "E:/MARSHMALLOWS-WOOO/MarshMellow/Content/StarterContent/Materials/M_Metal_Burnished_Steel.uasset"
[2019.02.09-18.13.02:266][  0]LogPackFactory: Copied "../../../Samples/StarterContent/Content/StarterContent/Materials/M_Metal_Chrome.uasset" to "E:/MARSHMALLOWS-WOOO/MarshMellow/Content/StarterContent/Materials/M_Metal_Chrome.uasset"
[2019.02.09-18.13.02:274][  0]LogPackFactory: Copied "../../../Samples/StarterContent/Content/StarterContent/Materials/M_Metal_Copper.uasset" to "E:/MARSHMALLOWS-WOOO/MarshMellow/Content/StarterContent/Materials/M_Metal_Copper.uasset"
[2019.02.09-18.13.02:283][  0]LogPackFactory: Copied "../../../Samples/StarterContent/Content/StarterContent/Materials/M_Metal_Gold.uasset" to "E:/MARSHMALLOWS-WOOO/MarshMellow/Content/StarterContent/Materials/M_Metal_Gold.uasset"
[2019.02.09-18.13.02:292][  0]LogPackFactory: Copied "../../../Samples/StarterContent/Content/StarterContent/Materials/M_Metal_Rust.uasset" to "E:/MARSHMALLOWS-WOOO/MarshMellow/Content/StarterContent/Materials/M_Metal_Rust.uasset"
[2019.02.09-18.13.02:301][  0]LogPackFactory: Copied "../../../Samples/StarterContent/Content/StarterContent/Materials/M_Metal_Steel.uasset" to "E:/MARSHMALLOWS-WOOO/MarshMellow/Content/StarterContent/Materials/M_Metal_Steel.uasset"
[2019.02.09-18.13.02:310][  0]LogPackFactory: Copied "../../../Samples/StarterContent/Content/StarterContent/Materials/M_Rock_Basalt.uasset" to "E:/MARSHMALLOWS-WOOO/MarshMellow/Content/StarterContent/Materials/M_Rock_Basalt.uasset"
[2019.02.09-18.13.02:318][  0]LogPackFactory: Copied "../../../Samples/StarterContent/Content/StarterContent/Materials/M_Rock_Marble_Polished.uasset" to "E:/MARSHMALLOWS-WOOO/MarshMellow/Content/StarterContent/Materials/M_Rock_Marble_Polished.uasset"
[2019.02.09-18.13.02:326][  0]LogPackFactory: Copied "../../../Samples/StarterContent/Content/StarterContent/Materials/M_Rock_Sandstone.uasset" to "E:/MARSHMALLOWS-WOOO/MarshMellow/Content/StarterContent/Materials/M_Rock_Sandstone.uasset"
[2019.02.09-18.13.02:333][  0]LogPackFactory: Copied "../../../Samples/StarterContent/Content/StarterContent/Materials/M_Rock_Slate.uasset" to "E:/MARSHMALLOWS-WOOO/MarshMellow/Content/StarterContent/Materials/M_Rock_Slate.uasset"
[2019.02.09-18.13.02:340][  0]LogPackFactory: Copied "../../../Samples/StarterContent/Content/StarterContent/Materials/M_Tech_Checker_Dot.uasset" to "E:/MARSHMALLOWS-WOOO/MarshMellow/Content/StarterContent/Materials/M_Tech_Checker_Dot.uasset"
[2019.02.09-18.13.02:348][  0]LogPackFactory: Copied "../../../Samples/StarterContent/Content/StarterContent/Materials/M_Tech_Hex_Tile.uasset" to "E:/MARSHMALLOWS-WOOO/MarshMellow/Content/StarterContent/Materials/M_Tech_Hex_Tile.uasset"
[2019.02.09-18.13.02:356][  0]LogPackFactory: Copied "../../../Samples/StarterContent/Content/StarterContent/Materials/M_Tech_Hex_Tile_Pulse.uasset" to "E:/MARSHMALLOWS-WOOO/MarshMellow/Content/StarterContent/Materials/M_Tech_Hex_Tile_Pulse.uasset"
[2019.02.09-18.13.02:364][  0]LogPackFactory: Copied "../../../Samples/StarterContent/Content/StarterContent/Materials/M_Tech_Panel.uasset" to "E:/MARSHMALLOWS-WOOO/MarshMellow/Content/StarterContent/Materials/M_Tech_Panel.uasset"
[2019.02.09-18.13.02:371][  0]LogPackFactory: Copied "../../../Samples/StarterContent/Content/StarterContent/Materials/M_Water_Lake.uasset" to "E:/MARSHMALLOWS-WOOO/MarshMellow/Content/StarterContent/Materials/M_Water_Lake.uasset"
[2019.02.09-18.13.02:379][  0]LogPackFactory: Copied "../../../Samples/StarterContent/Content/StarterContent/Materials/M_Water_Ocean.uasset" to "E:/MARSHMALLOWS-WOOO/MarshMellow/Content/StarterContent/Materials/M_Water_Ocean.uasset"
[2019.02.09-18.13.02:385][  0]LogPackFactory: Copied "../../../Samples/StarterContent/Content/StarterContent/Materials/M_Wood_Floor_Walnut_Polished.uasset" to "E:/MARSHMALLOWS-WOOO/MarshMellow/Content/StarterContent/Materials/M_Wood_Floor_Walnut_Polished.uasset"
[2019.02.09-18.13.02:393][  0]LogPackFactory: Copied "../../../Samples/StarterContent/Content/StarterContent/Materials/M_Wood_Floor_Walnut_Worn.uasset" to "E:/MARSHMALLOWS-WOOO/MarshMellow/Content/StarterContent/Materials/M_Wood_Floor_Walnut_Worn.uasset"
[2019.02.09-18.13.02:401][  0]LogPackFactory: Copied "../../../Samples/StarterContent/Content/StarterContent/Materials/M_Wood_Oak.uasset" to "E:/MARSHMALLOWS-WOOO/MarshMellow/Content/StarterContent/Materials/M_Wood_Oak.uasset"
[2019.02.09-18.13.02:408][  0]LogPackFactory: Copied "../../../Samples/StarterContent/Content/StarterContent/Materials/M_Wood_Pine.uasset" to "E:/MARSHMALLOWS-WOOO/MarshMellow/Content/StarterContent/Materials/M_Wood_Pine.uasset"
[2019.02.09-18.13.02:416][  0]LogPackFactory: Copied "../../../Samples/StarterContent/Content/StarterContent/Materials/M_Wood_Walnut.uasset" to "E:/MARSHMALLOWS-WOOO/MarshMellow/Content/StarterContent/Materials/M_Wood_Walnut.uasset"
[2019.02.09-18.13.02:424][  0]LogPackFactory: Copied "../../../Samples/StarterContent/Content/StarterContent/Particles/P_Ambient_Dust.uasset" to "E:/MARSHMALLOWS-WOOO/MarshMellow/Content/StarterContent/Particles/P_Ambient_Dust.uasset"
[2019.02.09-18.13.02:436][  0]LogPackFactory: Copied "../../../Samples/StarterContent/Content/StarterContent/Particles/P_Explosion.uasset" to "E:/MARSHMALLOWS-WOOO/MarshMellow/Content/StarterContent/Particles/P_Explosion.uasset"
[2019.02.09-18.13.02:444][  0]LogPackFactory: Copied "../../../Samples/StarterContent/Content/StarterContent/Particles/P_Fire.uasset" to "E:/MARSHMALLOWS-WOOO/MarshMellow/Content/StarterContent/Particles/P_Fire.uasset"
[2019.02.09-18.13.02:451][  0]LogPackFactory: Copied "../../../Samples/StarterContent/Content/StarterContent/Particles/P_Smoke.uasset" to "E:/MARSHMALLOWS-WOOO/MarshMellow/Content/StarterContent/Particles/P_Smoke.uasset"
[2019.02.09-18.13.02:458][  0]LogPackFactory: Copied "../../../Samples/StarterContent/Content/StarterContent/Particles/P_Sparks.uasset" to "E:/MARSHMALLOWS-WOOO/MarshMellow/Content/StarterContent/Particles/P_Sparks.uasset"
[2019.02.09-18.13.02:466][  0]LogPackFactory: Copied "../../../Samples/StarterContent/Content/StarterContent/Particles/P_Steam_Lit.uasset" to "E:/MARSHMALLOWS-WOOO/MarshMellow/Content/StarterContent/Particles/P_Steam_Lit.uasset"
[2019.02.09-18.13.02:473][  0]LogPackFactory: Copied "../../../Samples/StarterContent/Content/StarterContent/Particles/Materials/M_Burst.uasset" to "E:/MARSHMALLOWS-WOOO/MarshMellow/Content/StarterContent/Particles/Materials/M_Burst.uasset"
[2019.02.09-18.13.02:480][  0]LogPackFactory: Copied "../../../Samples/StarterContent/Content/StarterContent/Particles/Materials/M_Dust_Particle.uasset" to "E:/MARSHMALLOWS-WOOO/MarshMellow/Content/StarterContent/Particles/Materials/M_Dust_Particle.uasset"
[2019.02.09-18.13.02:487][  0]LogPackFactory: Copied "../../../Samples/StarterContent/Content/StarterContent/Particles/Materials/M_explosion_subUV.uasset" to "E:/MARSHMALLOWS-WOOO/MarshMellow/Content/StarterContent/Particles/Materials/M_explosion_subUV.uasset"
[2019.02.09-18.13.02:494][  0]LogPackFactory: Copied "../../../Samples/StarterContent/Content/StarterContent/Particles/Materials/M_Fire_SubUV.uasset" to "E:/MARSHMALLOWS-WOOO/MarshMellow/Content/StarterContent/Particles/Materials/M_Fire_SubUV.uasset"
[2019.02.09-18.13.02:501][  0]LogPackFactory: Copied "../../../Samples/StarterContent/Content/StarterContent/Particles/Materials/m_flare_01.uasset" to "E:/MARSHMALLOWS-WOOO/MarshMellow/Content/StarterContent/Particles/Materials/m_flare_01.uasset"
[2019.02.09-18.13.02:508][  0]LogPackFactory: Copied "../../../Samples/StarterContent/Content/StarterContent/Particles/Materials/M_Heat_Distortion.uasset" to "E:/MARSHMALLOWS-WOOO/MarshMellow/Content/StarterContent/Particles/Materials/M_Heat_Distortion.uasset"
[2019.02.09-18.13.02:515][  0]LogPackFactory: Copied "../../../Samples/StarterContent/Content/StarterContent/Particles/Materials/M_Radial_Gradient.uasset" to "E:/MARSHMALLOWS-WOOO/MarshMellow/Content/StarterContent/Particles/Materials/M_Radial_Gradient.uasset"
[2019.02.09-18.13.02:522][  0]LogPackFactory: Copied "../../../Samples/StarterContent/Content/StarterContent/Particles/Materials/M_radial_ramp.uasset" to "E:/MARSHMALLOWS-WOOO/MarshMellow/Content/StarterContent/Particles/Materials/M_radial_ramp.uasset"
[2019.02.09-18.13.02:529][  0]LogPackFactory: Copied "../../../Samples/StarterContent/Content/StarterContent/Particles/Materials/M_smoke_subUV.uasset" to "E:/MARSHMALLOWS-WOOO/MarshMellow/Content/StarterContent/Particles/Materials/M_smoke_subUV.uasset"
[2019.02.09-18.13.02:536][  0]LogPackFactory: Copied "../../../Samples/StarterContent/Content/StarterContent/Particles/Materials/M_Spark.uasset" to "E:/MARSHMALLOWS-WOOO/MarshMellow/Content/StarterContent/Particles/Materials/M_Spark.uasset"
[2019.02.09-18.13.02:543][  0]LogPackFactory: Copied "../../../Samples/StarterContent/Content/StarterContent/Props/MaterialSphere.uasset" to "E:/MARSHMALLOWS-WOOO/MarshMellow/Content/StarterContent/Props/MaterialSphere.uasset"
[2019.02.09-18.13.02:554][  0]LogPackFactory: Copied "../../../Samples/StarterContent/Content/StarterContent/Props/SM_Bush.uasset" to "E:/MARSHMALLOWS-WOOO/MarshMellow/Content/StarterContent/Props/SM_Bush.uasset"
[2019.02.09-18.13.02:562][  0]LogPackFactory: Copied "../../../Samples/StarterContent/Content/StarterContent/Props/SM_Chair.uasset" to "E:/MARSHMALLOWS-WOOO/MarshMellow/Content/StarterContent/Props/SM_Chair.uasset"
[2019.02.09-18.13.02:569][  0]LogPackFactory: Copied "../../../Samples/StarterContent/Content/StarterContent/Props/SM_CornerFrame.uasset" to "E:/MARSHMALLOWS-WOOO/MarshMellow/Content/StarterContent/Props/SM_CornerFrame.uasset"
[2019.02.09-18.13.02:578][  0]LogPackFactory: Copied "../../../Samples/StarterContent/Content/StarterContent/Props/SM_Couch.uasset" to "E:/MARSHMALLOWS-WOOO/MarshMellow/Content/StarterContent/Props/SM_Couch.uasset"
[2019.02.09-18.13.02:586][  0]LogPackFactory: Copied "../../../Samples/StarterContent/Content/StarterContent/Props/SM_Door.uasset" to "E:/MARSHMALLOWS-WOOO/MarshMellow/Content/StarterContent/Props/SM_Door.uasset"
[2019.02.09-18.13.02:592][  0]LogPackFactory: Copied "../../../Samples/StarterContent/Content/StarterContent/Props/SM_DoorFrame.uasset" to "E:/MARSHMALLOWS-WOOO/MarshMellow/Content/StarterContent/Props/SM_DoorFrame.uasset"
[2019.02.09-18.13.02:603][  0]LogPackFactory: Copied "../../../Samples/StarterContent/Content/StarterContent/Props/SM_GlassWindow.uasset" to "E:/MARSHMALLOWS-WOOO/MarshMellow/Content/StarterContent/Props/SM_GlassWindow.uasset"
[2019.02.09-18.13.02:610][  0]LogPackFactory: Copied "../../../Samples/StarterContent/Content/StarterContent/Props/SM_Lamp_Ceiling.uasset" to "E:/MARSHMALLOWS-WOOO/MarshMellow/Content/StarterContent/Props/SM_Lamp_Ceiling.uasset"
[2019.02.09-18.13.02:617][  0]LogPackFactory: Copied "../../../Samples/StarterContent/Content/StarterContent/Props/SM_Lamp_Wall.uasset" to "E:/MARSHMALLOWS-WOOO/MarshMellow/Content/StarterContent/Props/SM_Lamp_Wall.uasset"
[2019.02.09-18.13.02:627][  0]LogPackFactory: Copied "../../../Samples/StarterContent/Content/StarterContent/Props/SM_MatPreviewMesh_02.uasset" to "E:/MARSHMALLOWS-WOOO/MarshMellow/Content/StarterContent/Props/SM_MatPreviewMesh_02.uasset"
[2019.02.09-18.13.02:634][  0]LogPackFactory: Copied "../../../Samples/StarterContent/Content/StarterContent/Props/SM_PillarFrame.uasset" to "E:/MARSHMALLOWS-WOOO/MarshMellow/Content/StarterContent/Props/SM_PillarFrame.uasset"
[2019.02.09-18.13.02:641][  0]LogPackFactory: Copied "../../../Samples/StarterContent/Content/StarterContent/Props/SM_PillarFrame300.uasset" to "E:/MARSHMALLOWS-WOOO/MarshMellow/Content/StarterContent/Props/SM_PillarFrame300.uasset"
[2019.02.09-18.13.02:648][  0]LogPackFactory: Copied "../../../Samples/StarterContent/Content/StarterContent/Props/SM_Rock.uasset" to "E:/MARSHMALLOWS-WOOO/MarshMellow/Content/StarterContent/Props/SM_Rock.uasset"
[2019.02.09-18.13.02:655][  0]LogPackFactory: Copied "../../../Samples/StarterContent/Content/StarterContent/Props/SM_Shelf.uasset" to "E:/MARSHMALLOWS-WOOO/MarshMellow/Content/StarterContent/Props/SM_Shelf.uasset"
[2019.02.09-18.13.02:662][  0]LogPackFactory: Copied "../../../Samples/StarterContent/Content/StarterContent/Props/SM_Stairs.uasset" to "E:/MARSHMALLOWS-WOOO/MarshMellow/Content/StarterContent/Props/SM_Stairs.uasset"
[2019.02.09-18.13.02:669][  0]LogPackFactory: Copied "../../../Samples/StarterContent/Content/StarterContent/Props/SM_Statue.uasset" to "E:/MARSHMALLOWS-WOOO/MarshMellow/Content/StarterContent/Props/SM_Statue.uasset"
[2019.02.09-18.13.02:695][  0]LogPackFactory: Copied "../../../Samples/StarterContent/Content/StarterContent/Props/SM_TableRound.uasset" to "E:/MARSHMALLOWS-WOOO/MarshMellow/Content/StarterContent/Props/SM_TableRound.uasset"
[2019.02.09-18.13.02:702][  0]LogPackFactory: Copied "../../../Samples/StarterContent/Content/StarterContent/Props/SM_WindowFrame.uasset" to "E:/MARSHMALLOWS-WOOO/MarshMellow/Content/StarterContent/Props/SM_WindowFrame.uasset"
[2019.02.09-18.13.02:711][  0]LogPackFactory: Copied "../../../Samples/StarterContent/Content/StarterContent/Props/Materials/M_Bush.uasset" to "E:/MARSHMALLOWS-WOOO/MarshMellow/Content/StarterContent/Props/Materials/M_Bush.uasset"
[2019.02.09-18.13.02:718][  0]LogPackFactory: Copied "../../../Samples/StarterContent/Content/StarterContent/Props/Materials/M_Chair.uasset" to "E:/MARSHMALLOWS-WOOO/MarshMellow/Content/StarterContent/Props/Materials/M_Chair.uasset"
[2019.02.09-18.13.02:724][  0]LogPackFactory: Copied "../../../Samples/StarterContent/Content/StarterContent/Props/Materials/M_Door.uasset" to "E:/MARSHMALLOWS-WOOO/MarshMellow/Content/StarterContent/Props/Materials/M_Door.uasset"
[2019.02.09-18.13.02:731][  0]LogPackFactory: Copied "../../../Samples/StarterContent/Content/StarterContent/Props/Materials/M_Frame.uasset" to "E:/MARSHMALLOWS-WOOO/MarshMellow/Content/StarterContent/Props/Materials/M_Frame.uasset"
[2019.02.09-18.13.02:738][  0]LogPackFactory: Copied "../../../Samples/StarterContent/Content/StarterContent/Props/Materials/M_Lamp.uasset" to "E:/MARSHMALLOWS-WOOO/MarshMellow/Content/StarterContent/Props/Materials/M_Lamp.uasset"
[2019.02.09-18.13.02:745][  0]LogPackFactory: Copied "../../../Samples/StarterContent/Content/StarterContent/Props/Materials/M_MaterialSphere.uasset" to "E:/MARSHMALLOWS-WOOO/MarshMellow/Content/StarterContent/Props/Materials/M_MaterialSphere.uasset"
[2019.02.09-18.13.02:752][  0]LogPackFactory: Copied "../../../Samples/StarterContent/Content/StarterContent/Props/Materials/M_MaterialSphere_Plain.uasset" to "E:/MARSHMALLOWS-WOOO/MarshMellow/Content/StarterContent/Props/Materials/M_MaterialSphere_Plain.uasset"
[2019.02.09-18.13.02:759][  0]LogPackFactory: Copied "../../../Samples/StarterContent/Content/StarterContent/Props/Materials/M_Rock.uasset" to "E:/MARSHMALLOWS-WOOO/MarshMellow/Content/StarterContent/Props/Materials/M_Rock.uasset"
[2019.02.09-18.13.02:765][  0]LogPackFactory: Copied "../../../Samples/StarterContent/Content/StarterContent/Props/Materials/M_Shelf.uasset" to "E:/MARSHMALLOWS-WOOO/MarshMellow/Content/StarterContent/Props/Materials/M_Shelf.uasset"
[2019.02.09-18.13.02:772][  0]LogPackFactory: Copied "../../../Samples/StarterContent/Content/StarterContent/Props/Materials/M_Statue.uasset" to "E:/MARSHMALLOWS-WOOO/MarshMellow/Content/StarterContent/Props/Materials/M_Statue.uasset"
[2019.02.09-18.13.02:779][  0]LogPackFactory: Copied "../../../Samples/StarterContent/Content/StarterContent/Props/Materials/M_StatueGlass.uasset" to "E:/MARSHMALLOWS-WOOO/MarshMellow/Content/StarterContent/Props/Materials/M_StatueGlass.uasset"
[2019.02.09-18.13.02:786][  0]LogPackFactory: Copied "../../../Samples/StarterContent/Content/StarterContent/Props/Materials/M_TableRound.uasset" to "E:/MARSHMALLOWS-WOOO/MarshMellow/Content/StarterContent/Props/Materials/M_TableRound.uasset"
[2019.02.09-18.13.02:793][  0]LogPackFactory: Copied "../../../Samples/StarterContent/Content/StarterContent/Shapes/Shape_Cone.uasset" to "E:/MARSHMALLOWS-WOOO/MarshMellow/Content/StarterContent/Shapes/Shape_Cone.uasset"
[2019.02.09-18.13.02:800][  0]LogPackFactory: Copied "../../../Samples/StarterContent/Content/StarterContent/Shapes/Shape_Cube.uasset" to "E:/MARSHMALLOWS-WOOO/MarshMellow/Content/StarterContent/Shapes/Shape_Cube.uasset"
[2019.02.09-18.13.02:810][  0]LogPackFactory: Copied "../../../Samples/StarterContent/Content/StarterContent/Shapes/Shape_Cylinder.uasset" to "E:/MARSHMALLOWS-WOOO/MarshMellow/Content/StarterContent/Shapes/Shape_Cylinder.uasset"
[2019.02.09-18.13.02:819][  0]LogPackFactory: Copied "../../../Samples/StarterContent/Content/StarterContent/Shapes/Shape_NarrowCapsule.uasset" to "E:/MARSHMALLOWS-WOOO/MarshMellow/Content/StarterContent/Shapes/Shape_NarrowCapsule.uasset"
[2019.02.09-18.13.02:826][  0]LogPackFactory: Copied "../../../Samples/StarterContent/Content/StarterContent/Shapes/Shape_Pipe.uasset" to "E:/MARSHMALLOWS-WOOO/MarshMellow/Content/StarterContent/Shapes/Shape_Pipe.uasset"
[2019.02.09-18.13.02:834][  0]LogPackFactory: Copied "../../../Samples/StarterContent/Content/StarterContent/Shapes/Shape_Pipe_180.uasset" to "E:/MARSHMALLOWS-WOOO/MarshMellow/Content/StarterContent/Shapes/Shape_Pipe_180.uasset"
[2019.02.09-18.13.02:841][  0]LogPackFactory: Copied "../../../Samples/StarterContent/Content/StarterContent/Shapes/Shape_Pipe_90.uasset" to "E:/MARSHMALLOWS-WOOO/MarshMellow/Content/StarterContent/Shapes/Shape_Pipe_90.uasset"
[2019.02.09-18.13.02:848][  0]LogPackFactory: Copied "../../../Samples/StarterContent/Content/StarterContent/Shapes/Shape_Plane.uasset" to "E:/MARSHMALLOWS-WOOO/MarshMellow/Content/StarterContent/Shapes/Shape_Plane.uasset"
[2019.02.09-18.13.02:854][  0]LogPackFactory: Copied "../../../Samples/StarterContent/Content/StarterContent/Shapes/Shape_QuadPyramid.uasset" to "E:/MARSHMALLOWS-WOOO/MarshMellow/Content/StarterContent/Shapes/Shape_QuadPyramid.uasset"
[2019.02.09-18.13.02:862][  0]LogPackFactory: Copied "../../../Samples/StarterContent/Content/StarterContent/Shapes/Shape_Sphere.uasset" to "E:/MARSHMALLOWS-WOOO/MarshMellow/Content/StarterContent/Shapes/Shape_Sphere.uasset"
[2019.02.09-18.13.02:870][  0]LogPackFactory: Copied "../../../Samples/StarterContent/Content/StarterContent/Shapes/Shape_Torus.uasset" to "E:/MARSHMALLOWS-WOOO/MarshMellow/Content/StarterContent/Shapes/Shape_Torus.uasset"
[2019.02.09-18.13.02:877][  0]LogPackFactory: Copied "../../../Samples/StarterContent/Content/StarterContent/Shapes/Shape_Trim.uasset" to "E:/MARSHMALLOWS-WOOO/MarshMellow/Content/StarterContent/Shapes/Shape_Trim.uasset"
[2019.02.09-18.13.02:884][  0]LogPackFactory: Copied "../../../Samples/StarterContent/Content/StarterContent/Shapes/Shape_Trim_90_In.uasset" to "E:/MARSHMALLOWS-WOOO/MarshMellow/Content/StarterContent/Shapes/Shape_Trim_90_In.uasset"
[2019.02.09-18.13.02:891][  0]LogPackFactory: Copied "../../../Samples/StarterContent/Content/StarterContent/Shapes/Shape_Trim_90_Out.uasset" to "E:/MARSHMALLOWS-WOOO/MarshMellow/Content/StarterContent/Shapes/Shape_Trim_90_Out.uasset"
[2019.02.09-18.13.02:897][  0]LogPackFactory: Copied "../../../Samples/StarterContent/Content/StarterContent/Shapes/Shape_TriPyramid.uasset" to "E:/MARSHMALLOWS-WOOO/MarshMellow/Content/StarterContent/Shapes/Shape_TriPyramid.uasset"
[2019.02.09-18.13.02:904][  0]LogPackFactory: Copied "../../../Samples/StarterContent/Content/StarterContent/Shapes/Shape_Tube.uasset" to "E:/MARSHMALLOWS-WOOO/MarshMellow/Content/StarterContent/Shapes/Shape_Tube.uasset"
[2019.02.09-18.13.02:911][  0]LogPackFactory: Copied "../../../Samples/StarterContent/Content/StarterContent/Shapes/Shape_Wedge_A.uasset" to "E:/MARSHMALLOWS-WOOO/MarshMellow/Content/StarterContent/Shapes/Shape_Wedge_A.uasset"
[2019.02.09-18.13.02:918][  0]LogPackFactory: Copied "../../../Samples/StarterContent/Content/StarterContent/Shapes/Shape_Wedge_B.uasset" to "E:/MARSHMALLOWS-WOOO/MarshMellow/Content/StarterContent/Shapes/Shape_Wedge_B.uasset"
[2019.02.09-18.13.02:926][  0]LogPackFactory: Copied "../../../Samples/StarterContent/Content/StarterContent/Shapes/Shape_WideCapsule.uasset" to "E:/MARSHMALLOWS-WOOO/MarshMellow/Content/StarterContent/Shapes/Shape_WideCapsule.uasset"
[2019.02.09-18.13.02:943][  0]LogPackFactory: Copied "../../../Samples/StarterContent/Content/StarterContent/Textures/T_Brick_Clay_Beveled_D.uasset" to "E:/MARSHMALLOWS-WOOO/MarshMellow/Content/StarterContent/Textures/T_Brick_Clay_Beveled_D.uasset"
[2019.02.09-18.13.02:962][  0]LogPackFactory: Copied "../../../Samples/StarterContent/Content/StarterContent/Textures/T_Brick_Clay_Beveled_M.uasset" to "E:/MARSHMALLOWS-WOOO/MarshMellow/Content/StarterContent/Textures/T_Brick_Clay_Beveled_M.uasset"
[2019.02.09-18.13.02:979][  0]LogPackFactory: Copied "../../../Samples/StarterContent/Content/StarterContent/Textures/T_Brick_Clay_Beveled_N.uasset" to "E:/MARSHMALLOWS-WOOO/MarshMellow/Content/StarterContent/Textures/T_Brick_Clay_Beveled_N.uasset"
[2019.02.09-18.13.02:993][  0]LogPackFactory: Copied "../../../Samples/StarterContent/Content/StarterContent/Textures/T_Brick_Clay_New_D.uasset" to "E:/MARSHMALLOWS-WOOO/MarshMellow/Content/StarterContent/Textures/T_Brick_Clay_New_D.uasset"
[2019.02.09-18.13.03:021][  0]LogPackFactory: Copied "../../../Samples/StarterContent/Content/StarterContent/Textures/T_Brick_Clay_New_M.uasset" to "E:/MARSHMALLOWS-WOOO/MarshMellow/Content/StarterContent/Textures/T_Brick_Clay_New_M.uasset"
[2019.02.09-18.13.03:039][  0]LogPackFactory: Copied "../../../Samples/StarterContent/Content/StarterContent/Textures/T_Brick_Clay_New_N.uasset" to "E:/MARSHMALLOWS-WOOO/MarshMellow/Content/StarterContent/Textures/T_Brick_Clay_New_N.uasset"
[2019.02.09-18.13.03:064][  0]LogPackFactory: Copied "../../../Samples/StarterContent/Content/StarterContent/Textures/T_Brick_Clay_Old_D.uasset" to "E:/MARSHMALLOWS-WOOO/MarshMellow/Content/StarterContent/Textures/T_Brick_Clay_Old_D.uasset"
[2019.02.09-18.13.03:084][  0]LogPackFactory: Copied "../../../Samples/StarterContent/Content/StarterContent/Textures/T_Brick_Clay_Old_N.uasset" to "E:/MARSHMALLOWS-WOOO/MarshMellow/Content/StarterContent/Textures/T_Brick_Clay_Old_N.uasset"
[2019.02.09-18.13.03:111][  0]LogPackFactory: Copied "../../../Samples/StarterContent/Content/StarterContent/Textures/T_Brick_Cut_Stone_D.uasset" to "E:/MARSHMALLOWS-WOOO/MarshMellow/Content/StarterContent/Textures/T_Brick_Cut_Stone_D.uasset"
[2019.02.09-18.13.03:129][  0]LogPackFactory: Copied "../../../Samples/StarterContent/Content/StarterContent/Textures/T_Brick_Cut_Stone_N.uasset" to "E:/MARSHMALLOWS-WOOO/MarshMellow/Content/StarterContent/Textures/T_Brick_Cut_Stone_N.uasset"
[2019.02.09-18.13.03:147][  0]LogPackFactory: Copied "../../../Samples/StarterContent/Content/StarterContent/Textures/T_Brick_Hewn_Stone_D.uasset" to "E:/MARSHMALLOWS-WOOO/MarshMellow/Content/StarterContent/Textures/T_Brick_Hewn_Stone_D.uasset"
[2019.02.09-18.13.03:168][  0]LogPackFactory: Copied "../../../Samples/StarterContent/Content/StarterContent/Textures/T_Brick_Hewn_Stone_M.uasset" to "E:/MARSHMALLOWS-WOOO/MarshMellow/Content/StarterContent/Textures/T_Brick_Hewn_Stone_M.uasset"
[2019.02.09-18.13.03:190][  0]LogPackFactory: Copied "../../../Samples/StarterContent/Content/StarterContent/Textures/T_Brick_Hewn_Stone_N.uasset" to "E:/MARSHMALLOWS-WOOO/MarshMellow/Content/StarterContent/Textures/T_Brick_Hewn_Stone_N.uasset"
[2019.02.09-18.13.03:198][  0]LogPackFactory: Copied "../../../Samples/StarterContent/Content/StarterContent/Textures/T_Burst_M.uasset" to "E:/MARSHMALLOWS-WOOO/MarshMellow/Content/StarterContent/Textures/T_Burst_M.uasset"
[2019.02.09-18.13.03:206][  0]LogPackFactory: Copied "../../../Samples/StarterContent/Content/StarterContent/Textures/T_Bush_D.uasset" to "E:/MARSHMALLOWS-WOOO/MarshMellow/Content/StarterContent/Textures/T_Bush_D.uasset"
[2019.02.09-18.13.03:213][  0]LogPackFactory: Copied "../../../Samples/StarterContent/Content/StarterContent/Textures/T_Bush_N.uasset" to "E:/MARSHMALLOWS-WOOO/MarshMellow/Content/StarterContent/Textures/T_Bush_N.uasset"
[2019.02.09-18.13.03:220][  0]LogPackFactory: Copied "../../../Samples/StarterContent/Content/StarterContent/Textures/T_Ceramic_Tile_M.uasset" to "E:/MARSHMALLOWS-WOOO/MarshMellow/Content/StarterContent/Textures/T_Ceramic_Tile_M.uasset"
[2019.02.09-18.13.03:228][  0]LogPackFactory: Copied "../../../Samples/StarterContent/Content/StarterContent/Textures/T_Ceramic_Tile_N.uasset" to "E:/MARSHMALLOWS-WOOO/MarshMellow/Content/StarterContent/Textures/T_Ceramic_Tile_N.uasset"
[2019.02.09-18.13.03:236][  0]LogPackFactory: Copied "../../../Samples/StarterContent/Content/StarterContent/Textures/T_Chair_M.uasset" to "E:/MARSHMALLOWS-WOOO/MarshMellow/Content/StarterContent/Textures/T_Chair_M.uasset"
[2019.02.09-18.13.03:252][  0]LogPackFactory: Copied "../../../Samples/StarterContent/Content/StarterContent/Textures/T_Chair_N.uasset" to "E:/MARSHMALLOWS-WOOO/MarshMellow/Content/StarterContent/Textures/T_Chair_N.uasset"
[2019.02.09-18.13.03:271][  0]LogPackFactory: Copied "../../../Samples/StarterContent/Content/StarterContent/Textures/T_Checker_Noise_M.uasset" to "E:/MARSHMALLOWS-WOOO/MarshMellow/Content/StarterContent/Textures/T_Checker_Noise_M.uasset"
[2019.02.09-18.13.03:304][  0]LogPackFactory: Copied "../../../Samples/StarterContent/Content/StarterContent/Textures/T_CobbleStone_Pebble_D.uasset" to "E:/MARSHMALLOWS-WOOO/MarshMellow/Content/StarterContent/Textures/T_CobbleStone_Pebble_D.uasset"
[2019.02.09-18.13.03:326][  0]LogPackFactory: Copied "../../../Samples/StarterContent/Content/StarterContent/Textures/T_CobbleStone_Pebble_M.uasset" to "E:/MARSHMALLOWS-WOOO/MarshMellow/Content/StarterContent/Textures/T_CobbleStone_Pebble_M.uasset"
[2019.02.09-18.13.03:364][  0]LogPackFactory: Copied "../../../Samples/StarterContent/Content/StarterContent/Textures/T_CobbleStone_Pebble_N.uasset" to "E:/MARSHMALLOWS-WOOO/MarshMellow/Content/StarterContent/Textures/T_CobbleStone_Pebble_N.uasset"
[2019.02.09-18.13.03:381][  0]LogPackFactory: Copied "../../../Samples/StarterContent/Content/StarterContent/Textures/T_CobbleStone_Rough_D.uasset" to "E:/MARSHMALLOWS-WOOO/MarshMellow/Content/StarterContent/Textures/T_CobbleStone_Rough_D.uasset"
[2019.02.09-18.13.03:396][  0]LogPackFactory: Copied "../../../Samples/StarterContent/Content/StarterContent/Textures/T_CobbleStone_Rough_N.uasset" to "E:/MARSHMALLOWS-WOOO/MarshMellow/Content/StarterContent/Textures/T_CobbleStone_Rough_N.uasset"
[2019.02.09-18.13.03:450][  0]LogPackFactory: Copied "../../../Samples/StarterContent/Content/StarterContent/Textures/T_CobbleStone_Smooth_D.uasset" to "E:/MARSHMALLOWS-WOOO/MarshMellow/Content/StarterContent/Textures/T_CobbleStone_Smooth_D.uasset"
[2019.02.09-18.13.03:467][  0]LogPackFactory: Copied "../../../Samples/StarterContent/Content/StarterContent/Textures/T_CobbleStone_Smooth_M.uasset" to "E:/MARSHMALLOWS-WOOO/MarshMellow/Content/StarterContent/Textures/T_CobbleStone_Smooth_M.uasset"
[2019.02.09-18.13.03:492][  0]LogPackFactory: Copied "../../../Samples/StarterContent/Content/StarterContent/Textures/T_CobbleStone_Smooth_N.uasset" to "E:/MARSHMALLOWS-WOOO/MarshMellow/Content/StarterContent/Textures/T_CobbleStone_Smooth_N.uasset"
[2019.02.09-18.13.03:533][  0]LogPackFactory: Copied "../../../Samples/StarterContent/Content/StarterContent/Textures/T_Concrete_Grime_D.uasset" to "E:/MARSHMALLOWS-WOOO/MarshMellow/Content/StarterContent/Textures/T_Concrete_Grime_D.uasset"
[2019.02.09-18.13.03:569][  0]LogPackFactory: Copied "../../../Samples/StarterContent/Content/StarterContent/Textures/T_Concrete_Panels_D.uasset" to "E:/MARSHMALLOWS-WOOO/MarshMellow/Content/StarterContent/Textures/T_Concrete_Panels_D.uasset"
[2019.02.09-18.13.03:600][  0]LogPackFactory: Copied "../../../Samples/StarterContent/Content/StarterContent/Textures/T_Concrete_Panels_N.uasset" to "E:/MARSHMALLOWS-WOOO/MarshMellow/Content/StarterContent/Textures/T_Concrete_Panels_N.uasset"
[2019.02.09-18.13.03:650][  0]LogPackFactory: Copied "../../../Samples/StarterContent/Content/StarterContent/Textures/T_Concrete_Poured_D.uasset" to "E:/MARSHMALLOWS-WOOO/MarshMellow/Content/StarterContent/Textures/T_Concrete_Poured_D.uasset"
[2019.02.09-18.13.03:687][  0]LogPackFactory: Copied "../../../Samples/StarterContent/Content/StarterContent/Textures/T_Concrete_Poured_N.uasset" to "E:/MARSHMALLOWS-WOOO/MarshMellow/Content/StarterContent/Textures/T_Concrete_Poured_N.uasset"
[2019.02.09-18.13.03:721][  0]LogPackFactory: Copied "../../../Samples/StarterContent/Content/StarterContent/Textures/T_Concrete_Tiles_D.uasset" to "E:/MARSHMALLOWS-WOOO/MarshMellow/Content/StarterContent/Textures/T_Concrete_Tiles_D.uasset"
[2019.02.09-18.13.03:755][  0]LogPackFactory: Copied "../../../Samples/StarterContent/Content/StarterContent/Textures/T_Concrete_Tiles_M.uasset" to "E:/MARSHMALLOWS-WOOO/MarshMellow/Content/StarterContent/Textures/T_Concrete_Tiles_M.uasset"
[2019.02.09-18.13.03:791][  0]LogPackFactory: Copied "../../../Samples/StarterContent/Content/StarterContent/Textures/T_Concrete_Tiles_N.uasset" to "E:/MARSHMALLOWS-WOOO/MarshMellow/Content/StarterContent/Textures/T_Concrete_Tiles_N.uasset"
[2019.02.09-18.13.03:804][  0]LogPackFactory: Copied "../../../Samples/StarterContent/Content/StarterContent/Textures/T_Concrete_Tiles_Variation_M.uasset" to "E:/MARSHMALLOWS-WOOO/MarshMellow/Content/StarterContent/Textures/T_Concrete_Tiles_Variation_M.uasset"
[2019.02.09-18.13.03:834][  0]LogPackFactory: Copied "../../../Samples/StarterContent/Content/StarterContent/Textures/T_Detail_Rocky_N.uasset" to "E:/MARSHMALLOWS-WOOO/MarshMellow/Content/StarterContent/Textures/T_Detail_Rocky_N.uasset"
[2019.02.09-18.13.03:855][  0]LogPackFactory: Copied "../../../Samples/StarterContent/Content/StarterContent/Textures/T_Door_M.uasset" to "E:/MARSHMALLOWS-WOOO/MarshMellow/Content/StarterContent/Textures/T_Door_M.uasset"
[2019.02.09-18.13.03:876][  0]LogPackFactory: Copied "../../../Samples/StarterContent/Content/StarterContent/Textures/T_Door_N.uasset" to "E:/MARSHMALLOWS-WOOO/MarshMellow/Content/StarterContent/Textures/T_Door_N.uasset"
[2019.02.09-18.13.03:896][  0]LogPackFactory: Copied "../../../Samples/StarterContent/Content/StarterContent/Textures/T_Dust_Particle_D.uasset" to "E:/MARSHMALLOWS-WOOO/MarshMellow/Content/StarterContent/Textures/T_Dust_Particle_D.uasset"
[2019.02.09-18.13.03:925][  0]LogPackFactory: Copied "../../../Samples/StarterContent/Content/StarterContent/Textures/T_Explosion_SubUV.uasset" to "E:/MARSHMALLOWS-WOOO/MarshMellow/Content/StarterContent/Textures/T_Explosion_SubUV.uasset"
[2019.02.09-18.13.03:940][  0]LogPackFactory: Copied "../../../Samples/StarterContent/Content/StarterContent/Textures/T_Fire_SubUV.uasset" to "E:/MARSHMALLOWS-WOOO/MarshMellow/Content/StarterContent/Textures/T_Fire_SubUV.uasset"
[2019.02.09-18.13.03:951][  0]LogPackFactory: Copied "../../../Samples/StarterContent/Content/StarterContent/Textures/T_Fire_Tiled_D.uasset" to "E:/MARSHMALLOWS-WOOO/MarshMellow/Content/StarterContent/Textures/T_Fire_Tiled_D.uasset"
[2019.02.09-18.13.03:965][  0]LogPackFactory: Copied "../../../Samples/StarterContent/Content/StarterContent/Textures/T_Frame_M.uasset" to "E:/MARSHMALLOWS-WOOO/MarshMellow/Content/StarterContent/Textures/T_Frame_M.uasset"
[2019.02.09-18.13.03:974][  0]LogPackFactory: Copied "../../../Samples/StarterContent/Content/StarterContent/Textures/T_Frame_N.uasset" to "E:/MARSHMALLOWS-WOOO/MarshMellow/Content/StarterContent/Textures/T_Frame_N.uasset"
[2019.02.09-18.13.03:980][  0]LogPackFactory: Copied "../../../Samples/StarterContent/Content/StarterContent/Textures/T_Gradinet_01.uasset" to "E:/MARSHMALLOWS-WOOO/MarshMellow/Content/StarterContent/Textures/T_Gradinet_01.uasset"
[2019.02.09-18.13.04:002][  0]LogPackFactory: Copied "../../../Samples/StarterContent/Content/StarterContent/Textures/T_Ground_Grass_D.uasset" to "E:/MARSHMALLOWS-WOOO/MarshMellow/Content/StarterContent/Textures/T_Ground_Grass_D.uasset"
[2019.02.09-18.13.04:025][  0]LogPackFactory: Copied "../../../Samples/StarterContent/Content/StarterContent/Textures/T_Ground_Grass_N.uasset" to "E:/MARSHMALLOWS-WOOO/MarshMellow/Content/StarterContent/Textures/T_Ground_Grass_N.uasset"
[2019.02.09-18.13.04:051][  0]LogPackFactory: Copied "../../../Samples/StarterContent/Content/StarterContent/Textures/T_Ground_Gravel_D.uasset" to "E:/MARSHMALLOWS-WOOO/MarshMellow/Content/StarterContent/Textures/T_Ground_Gravel_D.uasset"
[2019.02.09-18.13.04:069][  0]LogPackFactory: Copied "../../../Samples/StarterContent/Content/StarterContent/Textures/T_Ground_Gravel_N.uasset" to "E:/MARSHMALLOWS-WOOO/MarshMellow/Content/StarterContent/Textures/T_Ground_Gravel_N.uasset"
[2019.02.09-18.13.04:105][  0]LogPackFactory: Copied "../../../Samples/StarterContent/Content/StarterContent/Textures/T_ground_Moss_D.uasset" to "E:/MARSHMALLOWS-WOOO/MarshMellow/Content/StarterContent/Textures/T_ground_Moss_D.uasset"
[2019.02.09-18.13.04:127][  0]LogPackFactory: Copied "../../../Samples/StarterContent/Content/StarterContent/Textures/T_Ground_Moss_N.uasset" to "E:/MARSHMALLOWS-WOOO/MarshMellow/Content/StarterContent/Textures/T_Ground_Moss_N.uasset"
[2019.02.09-18.13.04:135][  0]LogPackFactory: Copied "../../../Samples/StarterContent/Content/StarterContent/Textures/T_Lamp_M.uasset" to "E:/MARSHMALLOWS-WOOO/MarshMellow/Content/StarterContent/Textures/T_Lamp_M.uasset"
[2019.02.09-18.13.04:145][  0]LogPackFactory: Copied "../../../Samples/StarterContent/Content/StarterContent/Textures/T_Lamp_N.uasset" to "E:/MARSHMALLOWS-WOOO/MarshMellow/Content/StarterContent/Textures/T_Lamp_N.uasset"
[2019.02.09-18.13.04:171][  0]LogPackFactory: Copied "../../../Samples/StarterContent/Content/StarterContent/Textures/T_MacroVariation.uasset" to "E:/MARSHMALLOWS-WOOO/MarshMellow/Content/StarterContent/Textures/T_MacroVariation.uasset"
[2019.02.09-18.13.04:193][  0]LogPackFactory: Copied "../../../Samples/StarterContent/Content/StarterContent/Textures/T_Metal_Aluminum_D.uasset" to "E:/MARSHMALLOWS-WOOO/MarshMellow/Content/StarterContent/Textures/T_Metal_Aluminum_D.uasset"
[2019.02.09-18.13.04:212][  0]LogPackFactory: Copied "../../../Samples/StarterContent/Content/StarterContent/Textures/T_Metal_Copper_D.uasset" to "E:/MARSHMALLOWS-WOOO/MarshMellow/Content/StarterContent/Textures/T_Metal_Copper_D.uasset"
[2019.02.09-18.13.04:234][  0]LogPackFactory: Copied "../../../Samples/StarterContent/Content/StarterContent/Textures/T_Metal_Gold_D.uasset" to "E:/MARSHMALLOWS-WOOO/MarshMellow/Content/StarterContent/Textures/T_Metal_Gold_D.uasset"
[2019.02.09-18.13.04:246][  0]LogPackFactory: Copied "../../../Samples/StarterContent/Content/StarterContent/Textures/T_Metal_Gold_N.uasset" to "E:/MARSHMALLOWS-WOOO/MarshMellow/Content/StarterContent/Textures/T_Metal_Gold_N.uasset"
[2019.02.09-18.13.04:271][  0]LogPackFactory: Copied "../../../Samples/StarterContent/Content/StarterContent/Textures/T_Metal_Rust_D.uasset" to "E:/MARSHMALLOWS-WOOO/MarshMellow/Content/StarterContent/Textures/T_Metal_Rust_D.uasset"
[2019.02.09-18.13.04:291][  0]LogPackFactory: Copied "../../../Samples/StarterContent/Content/StarterContent/Textures/T_Metal_Rust_N.uasset" to "E:/MARSHMALLOWS-WOOO/MarshMellow/Content/StarterContent/Textures/T_Metal_Rust_N.uasset"
[2019.02.09-18.13.04:304][  0]LogPackFactory: Copied "../../../Samples/StarterContent/Content/StarterContent/Textures/T_Metal_Steel_D.uasset" to "E:/MARSHMALLOWS-WOOO/MarshMellow/Content/StarterContent/Textures/T_Metal_Steel_D.uasset"
[2019.02.09-18.13.04:319][  0]LogPackFactory: Copied "../../../Samples/StarterContent/Content/StarterContent/Textures/T_Metal_Steel_N.uasset" to "E:/MARSHMALLOWS-WOOO/MarshMellow/Content/StarterContent/Textures/T_Metal_Steel_N.uasset"
[2019.02.09-18.13.04:339][  0]LogPackFactory: Copied "../../../Samples/StarterContent/Content/StarterContent/Textures/T_Perlin_Noise_M.uasset" to "E:/MARSHMALLOWS-WOOO/MarshMellow/Content/StarterContent/Textures/T_Perlin_Noise_M.uasset"
[2019.02.09-18.13.04:351][  0]LogPackFactory: Copied "../../../Samples/StarterContent/Content/StarterContent/Textures/T_RockMesh_M.uasset" to "E:/MARSHMALLOWS-WOOO/MarshMellow/Content/StarterContent/Textures/T_RockMesh_M.uasset"
[2019.02.09-18.13.04:367][  0]LogPackFactory: Copied "../../../Samples/StarterContent/Content/StarterContent/Textures/T_RockMesh_N.uasset" to "E:/MARSHMALLOWS-WOOO/MarshMellow/Content/StarterContent/Textures/T_RockMesh_N.uasset"
[2019.02.09-18.13.04:389][  0]LogPackFactory: Copied "../../../Samples/StarterContent/Content/StarterContent/Textures/T_Rock_Basalt_D.uasset" to "E:/MARSHMALLOWS-WOOO/MarshMellow/Content/StarterContent/Textures/T_Rock_Basalt_D.uasset"
[2019.02.09-18.13.04:411][  0]LogPackFactory: Copied "../../../Samples/StarterContent/Content/StarterContent/Textures/T_Rock_Basalt_N.uasset" to "E:/MARSHMALLOWS-WOOO/MarshMellow/Content/StarterContent/Textures/T_Rock_Basalt_N.uasset"
[2019.02.09-18.13.04:427][  0]LogPackFactory: Copied "../../../Samples/StarterContent/Content/StarterContent/Textures/T_Rock_Marble_Polished_D.uasset" to "E:/MARSHMALLOWS-WOOO/MarshMellow/Content/StarterContent/Textures/T_Rock_Marble_Polished_D.uasset"
[2019.02.09-18.13.04:450][  0]LogPackFactory: Copied "../../../Samples/StarterContent/Content/StarterContent/Textures/T_Rock_Sandstone_D.uasset" to "E:/MARSHMALLOWS-WOOO/MarshMellow/Content/StarterContent/Textures/T_Rock_Sandstone_D.uasset"
[2019.02.09-18.13.04:470][  0]LogPackFactory: Copied "../../../Samples/StarterContent/Content/StarterContent/Textures/T_Rock_Sandstone_N.uasset" to "E:/MARSHMALLOWS-WOOO/MarshMellow/Content/StarterContent/Textures/T_Rock_Sandstone_N.uasset"
[2019.02.09-18.13.04:500][  0]LogPackFactory: Copied "../../../Samples/StarterContent/Content/StarterContent/Textures/T_Rock_Slate_D.uasset" to "E:/MARSHMALLOWS-WOOO/MarshMellow/Content/StarterContent/Textures/T_Rock_Slate_D.uasset"
[2019.02.09-18.13.04:524][  0]LogPackFactory: Copied "../../../Samples/StarterContent/Content/StarterContent/Textures/T_Rock_Slate_N.uasset" to "E:/MARSHMALLOWS-WOOO/MarshMellow/Content/StarterContent/Textures/T_Rock_Slate_N.uasset"
[2019.02.09-18.13.04:548][  0]LogPackFactory: Copied "../../../Samples/StarterContent/Content/StarterContent/Textures/T_Rock_Smooth_Granite_D.uasset" to "E:/MARSHMALLOWS-WOOO/MarshMellow/Content/StarterContent/Textures/T_Rock_Smooth_Granite_D.uasset"
[2019.02.09-18.13.04:557][  0]LogPackFactory: Copied "../../../Samples/StarterContent/Content/StarterContent/Textures/T_Shelf_M.uasset" to "E:/MARSHMALLOWS-WOOO/MarshMellow/Content/StarterContent/Textures/T_Shelf_M.uasset"
[2019.02.09-18.13.04:567][  0]LogPackFactory: Copied "../../../Samples/StarterContent/Content/StarterContent/Textures/T_Shelf_N.uasset" to "E:/MARSHMALLOWS-WOOO/MarshMellow/Content/StarterContent/Textures/T_Shelf_N.uasset"
[2019.02.09-18.13.04:572][  0]LogPackFactory: Copied "../../../Samples/StarterContent/Content/StarterContent/Textures/T_Single_Tile_N.uasset" to "E:/MARSHMALLOWS-WOOO/MarshMellow/Content/StarterContent/Textures/T_Single_Tile_N.uasset"
[2019.02.09-18.13.04:584][  0]LogPackFactory: Copied "../../../Samples/StarterContent/Content/StarterContent/Textures/T_Smoke_SubUV.uasset" to "E:/MARSHMALLOWS-WOOO/MarshMellow/Content/StarterContent/Textures/T_Smoke_SubUV.uasset"
[2019.02.09-18.13.04:591][  0]LogPackFactory: Copied "../../../Samples/StarterContent/Content/StarterContent/Textures/T_Smoke_Tiled_D.uasset" to "E:/MARSHMALLOWS-WOOO/MarshMellow/Content/StarterContent/Textures/T_Smoke_Tiled_D.uasset"
[2019.02.09-18.13.04:599][  0]LogPackFactory: Copied "../../../Samples/StarterContent/Content/StarterContent/Textures/T_Spark_Core.uasset" to "E:/MARSHMALLOWS-WOOO/MarshMellow/Content/StarterContent/Textures/T_Spark_Core.uasset"
[2019.02.09-18.13.04:607][  0]LogPackFactory: Copied "../../../Samples/StarterContent/Content/StarterContent/Textures/T_Statue_M.uasset" to "E:/MARSHMALLOWS-WOOO/MarshMellow/Content/StarterContent/Textures/T_Statue_M.uasset"
[2019.02.09-18.13.04:615][  0]LogPackFactory: Copied "../../../Samples/StarterContent/Content/StarterContent/Textures/T_Statue_N.uasset" to "E:/MARSHMALLOWS-WOOO/MarshMellow/Content/StarterContent/Textures/T_Statue_N.uasset"
[2019.02.09-18.13.04:645][  0]LogPackFactory: Copied "../../../Samples/StarterContent/Content/StarterContent/Textures/T_TableRound_M.uasset" to "E:/MARSHMALLOWS-WOOO/MarshMellow/Content/StarterContent/Textures/T_TableRound_M.uasset"
[2019.02.09-18.13.04:655][  0]LogPackFactory: Copied "../../../Samples/StarterContent/Content/StarterContent/Textures/T_TableRound_N.uasset" to "E:/MARSHMALLOWS-WOOO/MarshMellow/Content/StarterContent/Textures/T_TableRound_N.uasset"
[2019.02.09-18.13.04:663][  0]LogPackFactory: Copied "../../../Samples/StarterContent/Content/StarterContent/Textures/T_Tech_Dot_M.uasset" to "E:/MARSHMALLOWS-WOOO/MarshMellow/Content/StarterContent/Textures/T_Tech_Dot_M.uasset"
[2019.02.09-18.13.04:671][  0]LogPackFactory: Copied "../../../Samples/StarterContent/Content/StarterContent/Textures/T_Tech_Dot_N.uasset" to "E:/MARSHMALLOWS-WOOO/MarshMellow/Content/StarterContent/Textures/T_Tech_Dot_N.uasset"
[2019.02.09-18.13.04:680][  0]LogPackFactory: Copied "../../../Samples/StarterContent/Content/StarterContent/Textures/T_Tech_Hex_Tile_M.uasset" to "E:/MARSHMALLOWS-WOOO/MarshMellow/Content/StarterContent/Textures/T_Tech_Hex_Tile_M.uasset"
[2019.02.09-18.13.04:698][  0]LogPackFactory: Copied "../../../Samples/StarterContent/Content/StarterContent/Textures/T_Tech_Hex_Tile_N.uasset" to "E:/MARSHMALLOWS-WOOO/MarshMellow/Content/StarterContent/Textures/T_Tech_Hex_Tile_N.uasset"
[2019.02.09-18.13.04:710][  0]LogPackFactory: Copied "../../../Samples/StarterContent/Content/StarterContent/Textures/T_Tech_Panel_M.uasset" to "E:/MARSHMALLOWS-WOOO/MarshMellow/Content/StarterContent/Textures/T_Tech_Panel_M.uasset"
[2019.02.09-18.13.04:720][  0]LogPackFactory: Copied "../../../Samples/StarterContent/Content/StarterContent/Textures/T_Tech_Panel_N.uasset" to "E:/MARSHMALLOWS-WOOO/MarshMellow/Content/StarterContent/Textures/T_Tech_Panel_N.uasset"
[2019.02.09-18.13.04:731][  0]LogPackFactory: Copied "../../../Samples/StarterContent/Content/StarterContent/Textures/T_Water_M.uasset" to "E:/MARSHMALLOWS-WOOO/MarshMellow/Content/StarterContent/Textures/T_Water_M.uasset"
[2019.02.09-18.13.04:742][  0]LogPackFactory: Copied "../../../Samples/StarterContent/Content/StarterContent/Textures/T_Water_N.uasset" to "E:/MARSHMALLOWS-WOOO/MarshMellow/Content/StarterContent/Textures/T_Water_N.uasset"
[2019.02.09-18.13.04:755][  0]LogPackFactory: Copied "../../../Samples/StarterContent/Content/StarterContent/Textures/T_Wood_Floor_Walnut_D.uasset" to "E:/MARSHMALLOWS-WOOO/MarshMellow/Content/StarterContent/Textures/T_Wood_Floor_Walnut_D.uasset"
[2019.02.09-18.13.04:773][  0]LogPackFactory: Copied "../../../Samples/StarterContent/Content/StarterContent/Textures/T_Wood_Floor_Walnut_M.uasset" to "E:/MARSHMALLOWS-WOOO/MarshMellow/Content/StarterContent/Textures/T_Wood_Floor_Walnut_M.uasset"
[2019.02.09-18.13.04:788][  0]LogPackFactory: Copied "../../../Samples/StarterContent/Content/StarterContent/Textures/T_Wood_Floor_Walnut_N.uasset" to "E:/MARSHMALLOWS-WOOO/MarshMellow/Content/StarterContent/Textures/T_Wood_Floor_Walnut_N.uasset"
[2019.02.09-18.13.04:805][  0]LogPackFactory: Copied "../../../Samples/StarterContent/Content/StarterContent/Textures/T_Wood_Oak_D.uasset" to "E:/MARSHMALLOWS-WOOO/MarshMellow/Content/StarterContent/Textures/T_Wood_Oak_D.uasset"
[2019.02.09-18.13.04:823][  0]LogPackFactory: Copied "../../../Samples/StarterContent/Content/StarterContent/Textures/T_Wood_Oak_N.uasset" to "E:/MARSHMALLOWS-WOOO/MarshMellow/Content/StarterContent/Textures/T_Wood_Oak_N.uasset"
[2019.02.09-18.13.04:848][  0]LogPackFactory: Copied "../../../Samples/StarterContent/Content/StarterContent/Textures/T_Wood_Pine_D.uasset" to "E:/MARSHMALLOWS-WOOO/MarshMellow/Content/StarterContent/Textures/T_Wood_Pine_D.uasset"
[2019.02.09-18.13.04:862][  0]LogPackFactory: Copied "../../../Samples/StarterContent/Content/StarterContent/Textures/T_Wood_Pine_N.uasset" to "E:/MARSHMALLOWS-WOOO/MarshMellow/Content/StarterContent/Textures/T_Wood_Pine_N.uasset"
[2019.02.09-18.13.04:877][  0]LogPackFactory: Copied "../../../Samples/StarterContent/Content/StarterContent/Textures/T_Wood_Walnut_D.uasset" to "E:/MARSHMALLOWS-WOOO/MarshMellow/Content/StarterContent/Textures/T_Wood_Walnut_D.uasset"
[2019.02.09-18.13.04:890][  0]LogPackFactory: Copied "../../../Samples/StarterContent/Content/StarterContent/Textures/T_Wood_Walnut_N.uasset" to "E:/MARSHMALLOWS-WOOO/MarshMellow/Content/StarterContent/Textures/T_Wood_Walnut_N.uasset"
[2019.02.09-18.13.04:936][  0]LogRenderer: Reallocating scene render targets to support 256x256 Format 10 NumSamples 1 (Frame:1).
[2019.02.09-18.13.04:967][  0]Cmd: OBJ SAVEPACKAGE PACKAGE="/Game/StarterContent/Architecture/Floor_400x400" FILE="E:/MARSHMALLOWS-WOOO/MarshMellow/Content/StarterContent/Architecture/Floor_400x400.uasset" SILENT=true
[2019.02.09-18.13.04:984][  0]LogSavePackage: Moving 'E:/MARSHMALLOWS-WOOO/MarshMellow/Saved/Floor_400x400D56A8AF2448F612A699D3EAE3E538E1E.tmp' to 'E:/MARSHMALLOWS-WOOO/MarshMellow/Content/StarterContent/Architecture/Floor_400x400.uasset'
[2019.02.09-18.13.04:990][  0]LogFeaturePack: Warning: Inserted 1 feature packs
[2019.02.09-18.13.04:994][  0]Cmd: MAP LOAD FILE="E:/MARSHMALLOWS-WOOO/MarshMellow/Content/StarterContent/Maps/Minimal_Default.umap" TEMPLATE=0 SHOWPROGRESS=1 FEATURELEVEL=3
[2019.02.09-18.13.04:994][  0]LightingResults: New page: Lighting Build
[2019.02.09-18.13.04:996][  0]MapCheck: New page: Map Check
[2019.02.09-18.13.04:996][  0]LightingResults: New page: Lighting Build
[2019.02.09-18.13.05:264][  0]LogAIModule: Creating AISystem for world Minimal_Default
[2019.02.09-18.13.05:270][  0]LogEditorServer: Finished looking for orphan Actors (0.000 secs)
[2019.02.09-18.13.05:289][  0]Cmd: MAP CHECKDEP NOCLEARLOG
[2019.02.09-18.13.05:351][  0]MapCheck: Map check complete: 0 Error(s), 0 Warning(s), took 61.644ms to complete.
[2019.02.09-18.13.05:351][  0]LogFileHelpers: Loading map 'Minimal_Default' took 0.357
[2019.02.09-18.13.05:461][  0]LogSlate: Updating window title bar state: overlay mode, drag disabled, window buttons hidden, title bar hidden
[2019.02.09-18.13.05:467][  0]LogSlate: Updating window title bar state: overlay mode, drag disabled, window buttons hidden, title bar hidden
[2019.02.09-18.13.05:472][  0]LogSlate: Updating window title bar state: overlay mode, drag disabled, window buttons hidden, title bar hidden
[2019.02.09-18.13.05:477][  0]LogSlate: Updating window title bar state: overlay mode, drag disabled, window buttons hidden, title bar hidden
[2019.02.09-18.13.05:482][  0]LogCollectionManager: Loaded 0 collections in 0.001526 seconds
[2019.02.09-18.13.05:531][  0]LogFileCache: Scanning file cache for directory 'E:/MARSHMALLOWS-WOOO/MarshMellow/Saved/Collections/' took 0.01s
[2019.02.09-18.13.05:531][  0]LogFileCache: Scanning file cache for directory 'E:/MARSHMALLOWS-WOOO/MarshMellow/Content/Developers/LohasKevin/Collections/' took 0.01s
[2019.02.09-18.13.05:531][  0]LogFileCache: Scanning file cache for directory 'E:/MARSHMALLOWS-WOOO/MarshMellow/Content/Collections/' took 0.01s
[2019.02.09-18.13.05:531][  0]LogCollectionManager: Rebuilt the GUID cache for 0 collections in 0.000001 seconds
[2019.02.09-18.13.05:545][  0]LogContentBrowser: Native class hierarchy populated in 0.0141 seconds. Added 2572 classes and 603 folders.
[2019.02.09-18.13.05:556][  0]LogContentBrowser: Native class hierarchy updated for 'WidgetCarousel' in 0.0005 seconds. Added 0 classes and 0 folders.
[2019.02.09-18.13.05:603][  0]LogContentBrowser: Native class hierarchy updated for 'AddContentDialog' in 0.0003 seconds. Added 0 classes and 0 folders.
[2019.02.09-18.13.05:606][  0]LogContentBrowser: Native class hierarchy updated for 'SceneOutliner' in 0.0002 seconds. Added 1 classes and 2 folders.
[2019.02.09-18.13.05:656][  0]LogSlate: Took 0.000173 seconds to synchronously load lazily loaded font '../../../Engine/Content/Slate/Fonts/Roboto-Regular.ttf' (155K)
[2019.02.09-18.13.05:657][  0]LogSlate: Took 0.000154 seconds to synchronously load lazily loaded font '../../../Engine/Content/Slate/Fonts/Roboto-Bold.ttf' (160K)
[2019.02.09-18.13.05:661][  0]LogSlate: Took 0.000169 seconds to synchronously load lazily loaded font '../../../Engine/Content/Editor/Slate/Fonts/FontAwesome.ttf' (139K)
[2019.02.09-18.13.05:702][  0]LogRenderer: Reallocating scene render targets to support 1208x576 Format 10 NumSamples 1 (Frame:1).
[2019.02.09-18.13.05:746][  0]LogSlate: Took 0.000215 seconds to synchronously load lazily loaded font '../../../Engine/Content/Slate/Fonts/Roboto-Light.ttf' (167K)
[2019.02.09-18.13.05:874][  0]LogContentBrowser: Native class hierarchy updated for 'HierarchicalLODOutliner' in 0.0002 seconds. Added 0 classes and 0 folders.
[2019.02.09-18.13.05:874][  0]LogLoad: (Engine Initialization) Total time: 11.09 seconds
[2019.02.09-18.13.05:874][  0]LogLoad: (Engine Initialization) Total Blueprint compile time: 0.00 seconds
[2019.02.09-18.13.05:987][  0]LogContentStreaming: Texture pool size now 1000 MB
[2019.02.09-18.13.06:010][  1]LogAssetRegistry: Asset discovery search completed in 7.4715 seconds
[2019.02.09-18.13.06:011][  1]LogCollectionManager: Rebuilt the object cache for 0 collections in 0.000000 seconds (found 0 objects)
[2019.02.09-18.13.06:011][  1]LogCollectionManager: Fixed up redirectors for 0 collections in 0.000040 seconds (updated 0 objects)
[2019.02.09-18.13.09:922][180]LogSlate: FSceneViewport::OnFocusLost() reason 0
