Log file open, 02/25/19 16:18:41
LogWindows: Failed to load 'aqProf.dll' (GetLastError=126)
LogWindows: File 'aqProf.dll' does not exist
LogWindows: Failed to load 'VtuneApi.dll' (GetLastError=126)
LogWindows: File 'VtuneApi.dll' does not exist
LogWindows: Failed to load 'VtuneApi32e.dll' (GetLastError=126)
LogWindows: File 'VtuneApi32e.dll' does not exist
LogInit: Display: Running engine for game: MarshMellow
LogPlatformFile: Not using cached read wrapper
LogTaskGraph: Started task graph with 5 named threads and 23 total threads with 3 sets of task threads.
LogStats: Stats thread started at 0.315981
LogD3D11RHI: Loaded GFSDK_Aftermath_Lib.x64.dll
LogICUInternationalization: Display: ICU TimeZone Detection - Raw Offset: -5:00, Platform Override: ''
LogPluginManager: Mounting plugin Paper2D
LogPluginManager: Mounting plugin AISupport
LogPluginManager: Mounting plugin LightPropagationVolume
LogPluginManager: Mounting plugin CLionSourceCodeAccess
LogPluginManager: Mounting plugin CodeLiteSourceCodeAccess
LogPluginManager: Mounting plugin GitSourceControl
LogPluginManager: Mounting plugin KDevelopSourceCodeAccess
LogPluginManager: Mounting plugin NullSourceCodeAccess
LogPluginManager: Mounting plugin PerforceSourceControl
LogPluginManager: Mounting plugin SubversionSourceControl
LogPluginManager: Mounting plugin UObjectPlugin
LogPluginManager: Mounting plugin VisualStudioCodeSourceCodeAccess
LogPluginManager: Mounting plugin VisualStudioSourceCodeAccess
LogPluginManager: Mounting plugin XCodeSourceCodeAccess
LogPluginManager: Mounting plugin AssetManagerEditor
LogPluginManager: Mounting plugin CryptoKeys
LogPluginManager: Mounting plugin DataValidation
LogPluginManager: Mounting plugin FacialAnimation
LogPluginManager: Mounting plugin GameplayTagsEditor
LogPluginManager: Mounting plugin MacGraphicsSwitching
LogPluginManager: Mounting plugin MeshEditor
LogPluginManager: Mounting plugin MobileLauncherProfileWizard
LogPluginManager: Mounting plugin PluginBrowser
LogPluginManager: Mounting plugin SpeedTreeImporter
LogPluginManager: Mounting plugin DatasmithContent
LogPluginManager: Mounting plugin AlembicImporter
LogPluginManager: Mounting plugin AppleImageUtils
LogPluginManager: Mounting plugin AppleVision
LogPluginManager: Mounting plugin BackChannel
LogPluginManager: Mounting plugin CharacterAI
LogPluginManager: Mounting plugin GeometryCache
LogPluginManager: Mounting plugin HTML5Networking
LogPluginManager: Mounting plugin ProxyLODPlugin
LogPluginManager: Mounting plugin MagicLeap
LogPluginManager: Mounting plugin MagicLeapEmulator
LogPluginManager: Mounting plugin MagicLeapMedia
LogPluginManager: Mounting plugin Substance
LogPluginManager: Mounting plugin AndroidMedia
LogPluginManager: Mounting plugin AvfMedia
LogPluginManager: Mounting plugin ImgMedia
LogPluginManager: Mounting plugin LinearTimecode
LogPluginManager: Mounting plugin MediaCompositing
LogPluginManager: Mounting plugin MediaPlayerEditor
LogPluginManager: Mounting plugin WmfMedia
LogPluginManager: Mounting plugin TcpMessaging
LogPluginManager: Mounting plugin UdpMessaging
LogPluginManager: Mounting plugin ActorSequence
LogPluginManager: Mounting plugin LevelSequenceEditor
LogPluginManager: Mounting plugin MatineeToLevelSequence
LogPluginManager: Mounting plugin NetcodeUnitTest
LogPluginManager: Mounting plugin NUTUnrealEngine4
LogPluginManager: Mounting plugin OnlineSubsystemGooglePlay
LogPluginManager: Mounting plugin OnlineSubsystemIOS
LogPluginManager: Mounting plugin OnlineSubsystem
LogPluginManager: Mounting plugin OnlineSubsystemNull
LogPluginManager: Mounting plugin OnlineSubsystemUtils
LogPluginManager: Mounting plugin LauncherChunkInstaller
LogPluginManager: Mounting plugin AndroidDeviceProfileSelector
LogPluginManager: Mounting plugin AndroidMoviePlayer
LogPluginManager: Mounting plugin AndroidPermission
LogPluginManager: Mounting plugin AppleMoviePlayer
LogPluginManager: Mounting plugin ArchVisCharacter
LogPluginManager: Mounting plugin AudioCapture
LogPluginManager: Mounting plugin CableComponent
LogPluginManager: Mounting plugin CustomMeshComponent
LogPluginManager: Mounting plugin EditableMesh
LogPluginManager: Mounting plugin ExampleDeviceProfileSelector
LogPluginManager: Mounting plugin GoogleCloudMessaging
LogPluginManager: Mounting plugin ImmediatePhysics
LogPluginManager: Mounting plugin IOSDeviceProfileSelector
LogPluginManager: Mounting plugin LinuxDeviceProfileSelector
LogPluginManager: Mounting plugin LocationServicesBPLibrary
LogPluginManager: Mounting plugin MobilePatchingUtils
LogPluginManager: Mounting plugin OculusVR
LogPluginManager: Plugin shader directory ../../../Engine/Plugins/Runtime/Oculus/OculusVR/Shaders found
LogPluginManager: Mapping shader source directory ../../../Engine/Plugins/Runtime/Oculus/OculusVR/Shaders to virtual directory /Plugin/OculusVR
LogPluginManager: Mounting plugin PhysXVehicles
LogPluginManager: Mounting plugin ProceduralMeshComponent
LogPluginManager: Mounting plugin RuntimePhysXCooking
LogPluginManager: Mounting plugin SteamVR
LogPluginManager: Mounting plugin WindowsMoviePlayer
LogStreaming: Display: Took  0.188s to configure plugins.
LogInit: Using libcurl 7.55.1-DEV
LogInit:  - built for x86_64-pc-win32
LogInit:  - supports SSL with OpenSSL/1.0.2h
LogInit:  - supports HTTP deflate (compression) using libz 1.2.8
LogInit:  - other features:
LogInit:      CURL_VERSION_SSL
LogInit:      CURL_VERSION_LIBZ
LogInit:      CURL_VERSION_IPV6
LogInit:      CURL_VERSION_ASYNCHDNS
LogInit:      CURL_VERSION_LARGEFILE
LogInit:      CURL_VERSION_IDN
LogInit:  CurlRequestOptions (configurable via config and command line):
LogInit:  - bVerifyPeer = false  - Libcurl will NOT verify peer certificate
LogInit:  - bUseHttpProxy = false  - Libcurl will NOT use HTTP proxy
LogInit:  - bDontReuseConnections = false  - Libcurl will reuse connections
LogInit:  - CertBundlePath = nullptr  - Libcurl will use whatever was configured at build time.
LogInit:  - MaxHostConnections = 16  - Libcurl will limit the number of connections to a host
LogInit:  - LocalHostAddr = Default
LogInit:  - BufferSize = 65536
LogInit: WinSock: version 1.1 (2.2), MaxSocks=32767, MaxUdp=65467
LogInit: Build: ++UE4+Release-4.20-CL-4369336
LogInit: Engine Version: 4.20.3-4369336+++UE4+Release-4.20
LogInit: Compatible Engine Version: 4.20.0-4212847+++UE4+Release-4.20
LogInit: Net CL: 4212847
LogInit: OS: Windows 10 (), CPU: Intel(R) Core(TM) i7-6700HQ CPU @ 2.60GHz, GPU: Intel(R) HD Graphics 530
LogInit: Compiled (64-bit): Sep 17 2018 12:26:19
LogInit: Compiled with Visual C++: 19.13.26129.00
LogInit: Build Configuration: Development
LogInit: Branch Name: ++UE4+Release-4.20
LogInit: Command Line: 
LogInit: Base Directory: C:/Program Files/Epic Games/UE_4.20/Engine/Binaries/Win64/
LogInit: Installed Engine Build: 1
LogDevObjectVersion: Number of dev versions registered: 20
LogDevObjectVersion:   Dev-Blueprints (B0D832E4-1F89-4F0D-ACCF-7EB736FD4AA2): 10
LogDevObjectVersion:   Dev-Build (E1C64328-A22C-4D53-A36C-8E866417BD8C): 0
LogDevObjectVersion:   Dev-Core (375EC13C-06E4-48FB-B500-84F0262A717E): 2
LogDevObjectVersion:   Dev-Editor (E4B068ED-F494-42E9-A231-DA0B2E46BB41): 24
LogDevObjectVersion:   Dev-Framework (CFFC743F-43B0-4480-9391-14DF171D2073): 34
LogDevObjectVersion:   Dev-Mobile (B02B49B5-BB20-44E9-A304-32B752E40360): 2
LogDevObjectVersion:   Dev-Networking (A4E4105C-59A1-49B5-A7C5-40C4547EDFEE): 0
LogDevObjectVersion:   Dev-Online (39C831C9-5AE6-47DC-9A44-9C173E1C8E7C): 0
LogDevObjectVersion:   Dev-Physics (78F01B33-EBEA-4F98-B9B4-84EACCB95AA2): 0
LogDevObjectVersion:   Dev-Platform (6631380F-2D4D-43E0-8009-CF276956A95A): 0
LogDevObjectVersion:   Dev-Rendering (12F88B9F-8875-4AFC-A67C-D90C383ABD29): 26
LogDevObjectVersion:   Dev-Sequencer (7B5AE74C-D270-4C10-A958-57980B212A5A): 9
LogDevObjectVersion:   Dev-VR (D7296918-1DD6-4BDD-9DE2-64A83CC13884): 2
LogDevObjectVersion:   Dev-LoadTimes (C2A15278-BFE7-4AFE-6C17-90FF531DF755): 1
LogDevObjectVersion:   Private-Geometry (6EACA3D4-40EC-4CC1-B786-8BED09428FC5): 3
LogDevObjectVersion:   Dev-AnimPhys (29E575DD-E0A3-4627-9D10-D276232CDCEA): 17
LogDevObjectVersion:   Dev-ReflectionCapture (6B266CEC-1EC7-4B8F-A30B-E4D90942FC07): 1
LogDevObjectVersion:   Dev-Automation (0DF73D61-A23F-47EA-B727-89E90C41499A): 1
LogDevObjectVersion:   FortniteMain (601D1886-AC64-4F84-AA16-D3DE0DEAC7D6): 12
LogDevObjectVersion:   Dev-Enterprise (9DFFBCD6-494F-0158-E221-12823C92A888): 1
LogStreaming: Display: Took  0.002s to delete old logs.
LogInit: Presizing for max 8388607 objects, including 0 objects not considered by GC, pre-allocating 0 bytes for permanent pool.
LogInit: Object subsystem initialized
[2019.02.25-21.18.42:192][  0]LogInit: Selected Device Profile: [Windows]
[2019.02.25-21.18.42:192][  0]LogInit: Applying CVar settings loaded from the selected device profile: [Windows]
[2019.02.25-21.18.42:218][  0]LogHAL: Display: Platform has ~ 16 GB [16751534080 / 17179869184 / 16], which maps to Larger [LargestMinGB=32, LargerMinGB=12, DefaultMinGB=8, SmallerMinGB=6, SmallestMinGB=0)
[2019.02.25-21.18.42:218][  0]LogInit: Setting Device Profile CVar: [[r.Vulkan.UseRealUBs:1]]
[2019.02.25-21.18.42:218][  0]LogInit: Going up to parent DeviceProfile []
[2019.02.25-21.18.42:218][  0]LogInit: Computer: JESSIES-LAPTOP
[2019.02.25-21.18.42:218][  0]LogInit: User: jessielichter
[2019.02.25-21.18.42:218][  0]LogInit: CPU Page size=4096, Cores=4
[2019.02.25-21.18.42:218][  0]LogInit: High frequency timer resolution =2.531248 MHz
[2019.02.25-21.18.42:219][  0]LogMemory: Memory total: Physical=15.6GB (16GB approx)
[2019.02.25-21.18.42:219][  0]LogMemory: Platform Memory Stats for Windows
[2019.02.25-21.18.42:219][  0]LogMemory: Process Physical Memory: 101.09 MB used, 101.09 MB peak
[2019.02.25-21.18.42:219][  0]LogMemory: Process Virtual Memory: 89.88 MB used, 89.88 MB peak
[2019.02.25-21.18.42:219][  0]LogMemory: Physical Memory: 5892.98 MB used,  10082.53 MB free, 15975.51 MB total
[2019.02.25-21.18.42:219][  0]LogMemory: Virtual Memory: 4639.15 MB used,  10082.53 MB free, 134217728.00 MB total
[2019.02.25-21.18.42:246][  0]LogInit: Using OS detected language (en-US).
[2019.02.25-21.18.42:247][  0]LogInit: Using OS detected locale (en-US).
[2019.02.25-21.18.42:248][  0]LogTextLocalizationManager: No specific localization for 'en-US' exists, so the 'en' localization will be used.
[2019.02.25-21.18.42:726][  0]LogStreaming: Display: Took  0.479s to InitEngineTextLocalization.
[2019.02.25-21.18.42:726][  0]LogInit: Setting process to per monitor DPI aware
[2019.02.25-21.18.42:777][  0]LogSlate: New Slate User Created.  User Index 0, Is Virtual User: 0
[2019.02.25-21.18.42:777][  0]LogSlate: Slate User Registered.  User Index 0, Is Virtual User: 0
[2019.02.25-21.18.43:039][  0]LogHMD: Failed to initialize OpenVR with code 110
[2019.02.25-21.18.43:039][  0]LogD3D11RHI: D3D11 adapters:
[2019.02.25-21.18.43:102][  0]LogD3D11RHI:    0. 'NVIDIA GeForce GTX 960M' (Feature Level 11_0)
[2019.02.25-21.18.43:102][  0]LogD3D11RHI:       2010/0/7987 MB DedicatedVideo/DedicatedSystem/SharedSystem, Outputs:1, VendorId:0x10de
[2019.02.25-21.18.43:110][  0]LogD3D11RHI:    1. 'Intel(R) HD Graphics 530' (Feature Level 11_0)
[2019.02.25-21.18.43:110][  0]LogD3D11RHI:       128/0/7987 MB DedicatedVideo/DedicatedSystem/SharedSystem, Outputs:0, VendorId:0x8086
[2019.02.25-21.18.43:112][  0]LogD3D11RHI:    2. 'Microsoft Basic Render Driver' (Feature Level 11_0)
[2019.02.25-21.18.43:112][  0]LogD3D11RHI:       0/0/7987 MB DedicatedVideo/DedicatedSystem/SharedSystem, Outputs:0, VendorId:0x1414
[2019.02.25-21.18.43:112][  0]LogD3D11RHI: Chosen D3D11 Adapter: 0
[2019.02.25-21.18.43:151][  0]LogD3D11RHI: Creating new Direct3DDevice
[2019.02.25-21.18.43:151][  0]LogD3D11RHI:     GPU DeviceId: 0x139b (for the marketing name, search the web for "GPU Device Id")
[2019.02.25-21.18.43:151][  0]LogWindows: EnumDisplayDevices:
[2019.02.25-21.18.43:151][  0]LogWindows:    0. 'Intel(R) HD Graphics 530' (P:1 D:1)
[2019.02.25-21.18.43:151][  0]LogWindows:    1. 'Intel(R) HD Graphics 530' (P:0 D:0)
[2019.02.25-21.18.43:151][  0]LogWindows:    2. 'Intel(R) HD Graphics 530' (P:0 D:0)
[2019.02.25-21.18.43:152][  0]LogWindows: DebugString: PrimaryIsNotTheChoosenAdapter PrimaryIsNotTheChoosenAdapter PrimaryIsNotTheChoosenAdapter FoundDriverCount:0 
[2019.02.25-21.18.43:152][  0]LogD3D11RHI:     Adapter Name: NVIDIA GeForce GTX 960M
[2019.02.25-21.18.43:152][  0]LogD3D11RHI:   Driver Version: Unknown (internal:Unknown, unified:Unknown)
[2019.02.25-21.18.43:152][  0]LogD3D11RHI:      Driver Date: Unknown
[2019.02.25-21.18.43:152][  0]LogRHI: Texture pool is 1407 MB (70% of 2010 MB)
[2019.02.25-21.18.43:190][  0]LogD3D11RHI: Async texture creation enabled
[2019.02.25-21.18.43:207][  0]LogD3D11RHI: GPU Timing Frequency: 1000.000000 (Debug: 2 2)
[2019.02.25-21.18.43:209][  0]LogShaderCompilers: Guid format shader working directory is -52 characters bigger than the processId version (../../../../../../Users/jessie lichter/Desktop/spring2019/Game Development 2/MARSHMALLOWS-WOOO/MarshMellow/Intermediate/Shaders/WorkingDirectory/25388/).
[2019.02.25-21.18.43:209][  0]LogShaderCompilers: Cleaned the shader compiler working directory 'C:/Users/jessie lichter/AppData/Local/Temp/UnrealShaderWorkingDir/88ECD10E4FC0AD79240ACB8CA356CE5B/'.
[2019.02.25-21.18.43:551][  0]LogTemp: Display: Loaded TP AllDesktopTargetPlatform
[2019.02.25-21.18.43:568][  0]LogTemp: Display: Loaded TP MacClientTargetPlatform
[2019.02.25-21.18.43:587][  0]LogTemp: Display: Loaded TP MacNoEditorTargetPlatform
[2019.02.25-21.18.43:612][  0]LogTemp: Display: Loaded TP MacServerTargetPlatform
[2019.02.25-21.18.43:631][  0]LogTemp: Display: Loaded TP MacTargetPlatform
[2019.02.25-21.18.43:651][  0]LogTemp: Display: Loaded TP WindowsClientTargetPlatform
[2019.02.25-21.18.43:667][  0]LogTemp: Display: Loaded TP WindowsNoEditorTargetPlatform
[2019.02.25-21.18.43:686][  0]LogTemp: Display: Loaded TP WindowsServerTargetPlatform
[2019.02.25-21.18.43:699][  0]LogTemp: Display: Loaded TP WindowsTargetPlatform
[2019.02.25-21.18.43:805][  0]LogTemp: Display: Loaded TP AndroidTargetPlatform
[2019.02.25-21.18.43:805][  0]LogTemp: Display: Loaded TP AndroidTargetPlatform
[2019.02.25-21.18.43:805][  0]LogTemp: Display: Loaded TP AndroidTargetPlatform
[2019.02.25-21.18.43:805][  0]LogTemp: Display: Loaded TP AndroidTargetPlatform
[2019.02.25-21.18.43:805][  0]LogTemp: Display: Loaded TP AndroidTargetPlatform
[2019.02.25-21.18.43:805][  0]LogTemp: Display: Loaded TP AndroidTargetPlatform
[2019.02.25-21.18.43:805][  0]LogTemp: Display: Loaded TP AndroidTargetPlatform
[2019.02.25-21.18.43:805][  0]LogTemp: Display: Loaded TP AndroidTargetPlatform
[2019.02.25-21.18.43:805][  0]LogTemp: Display: Loaded TP AndroidTargetPlatform
[2019.02.25-21.18.43:805][  0]LogTemp: Display: Loaded TP AndroidTargetPlatform
[2019.02.25-21.18.43:806][  0]LogTemp: Display: Loaded TP AndroidTargetPlatform
[2019.02.25-21.18.43:806][  0]LogTemp: Display: Loaded TP AndroidTargetPlatform
[2019.02.25-21.18.43:806][  0]LogTemp: Display: Loaded TP AndroidTargetPlatform
[2019.02.25-21.18.43:806][  0]LogTemp: Display: Loaded TP AndroidTargetPlatform
[2019.02.25-21.18.43:806][  0]LogTemp: Display: Loaded TP AndroidTargetPlatform
[2019.02.25-21.18.43:806][  0]LogTemp: Display: Loaded TP AndroidTargetPlatform
[2019.02.25-21.18.43:806][  0]LogTemp: Display: Loaded TP AndroidTargetPlatform
[2019.02.25-21.18.43:806][  0]LogTemp: Display: Loaded TP AndroidTargetPlatform
[2019.02.25-21.18.43:807][  0]LogTemp: Display: Loaded TP HTML5TargetPlatform
[2019.02.25-21.18.43:877][  0]LogTemp: Display: Loaded TP IOSTargetPlatform
[2019.02.25-21.18.43:877][  0]LogTemp: Display: Loaded TP IOSTargetPlatform
[2019.02.25-21.18.43:906][  0]LogTemp: Display: Loaded TP TVOSTargetPlatform
[2019.02.25-21.18.43:907][  0]LogTemp: Display: Loaded TP TVOSTargetPlatform
[2019.02.25-21.18.43:926][  0]LogTemp: Display: Loaded TP LinuxClientTargetPlatform
[2019.02.25-21.18.43:942][  0]LogTemp: Display: Loaded TP LinuxNoEditorTargetPlatform
[2019.02.25-21.18.43:959][  0]LogTemp: Display: Loaded TP LinuxServerTargetPlatform
[2019.02.25-21.18.43:979][  0]LogTemp: Display: Loaded TP LinuxTargetPlatform
[2019.02.25-21.18.43:999][  0]LogTemp: Display: Loaded TP LuminTargetPlatform
[2019.02.25-21.18.43:999][  0]LogTargetPlatformManager: Display: Building Assets For Windows
[2019.02.25-21.18.44:089][  0]LogXGEController: Cannot use XGE Controller as Incredibuild is not installed on this machine.
[2019.02.25-21.18.44:089][  0]LogShaderCompilers: Cannot use XGE Shader Compiler as Incredibuild is not installed on this machine.
[2019.02.25-21.18.44:090][  0]LogShaderCompilers: Display: Using Local Shader Compiler.
[2019.02.25-21.18.44:925][  0]LogDerivedDataCache: Display: Max Cache Size: 512 MB
[2019.02.25-21.18.44:988][  0]LogDerivedDataCache: Loaded boot cache 0.06s 71MB C:/Users/jessie lichter/AppData/Local/UnrealEngine/4.20/DerivedDataCache/Boot.ddc.
[2019.02.25-21.18.44:989][  0]LogDerivedDataCache: Display: Loaded Boot cache: C:/Users/jessie lichter/AppData/Local/UnrealEngine/4.20/DerivedDataCache/Boot.ddc
[2019.02.25-21.18.44:989][  0]LogDerivedDataCache: FDerivedDataBackendGraph:  Pak pak cache file ../../../../../../Users/jessie lichter/Desktop/spring2019/Game Development 2/MARSHMALLOWS-WOOO/MarshMellow/DerivedDataCache/DDC.ddp not found, will not use a pak cache.
[2019.02.25-21.18.44:989][  0]LogDerivedDataCache: Unable to find inner node Pak for hierarchical cache Hierarchy.
[2019.02.25-21.18.44:989][  0]LogDerivedDataCache: FDerivedDataBackendGraph:  CompressedPak pak cache file ../../../../../../Users/jessie lichter/Desktop/spring2019/Game Development 2/MARSHMALLOWS-WOOO/MarshMellow/DerivedDataCache/Compressed.ddp not found, will not use a pak cache.
[2019.02.25-21.18.44:989][  0]LogDerivedDataCache: Unable to find inner node CompressedPak for hierarchical cache Hierarchy.
[2019.02.25-21.18.45:003][  0]LogDerivedDataCache: Display: Pak cache opened for reading ../../../Engine/DerivedDataCache/Compressed.ddp.
[2019.02.25-21.18.45:016][  0]LogDerivedDataCache: Using Local data cache path C:/Users/jessie lichter/AppData/Local/UnrealEngine/Common/DerivedDataCache: Writable
[2019.02.25-21.18.45:016][  0]LogDerivedDataCache: Shared data cache path not found in *engine.ini, will not use an Shared cache.
[2019.02.25-21.18.45:016][  0]LogDerivedDataCache: Unable to find inner node Shared for hierarchical cache Hierarchy.
[2019.02.25-21.18.45:036][  0]LogMaterial: Verifying Global Shaders for PCD3D_SM5
[2019.02.25-21.18.45:037][  0]LogSlate: Using FreeType 2.6.0
[2019.02.25-21.18.45:038][  0]LogSlate: SlateFontServices - WITH_FREETYPE: 1, WITH_HARFBUZZ: 1
[2019.02.25-21.18.45:119][  0]LogAssetRegistry: FAssetRegistry took 0.0265 seconds to start up
[2019.02.25-21.18.45:495][  0]LogInit: Selected Device Profile: [Windows]
[2019.02.25-21.18.45:675][  0]LogSimplygon: Simplygon DLL not present - disabling.
[2019.02.25-21.18.45:680][  0]LogMeshReduction: Using SimplygonSwarm for distributed automatic mesh merging
[2019.02.25-21.18.45:680][  0]LogMeshReduction: Using ProxyLODMeshReduction for automatic mesh merging
[2019.02.25-21.18.45:680][  0]LogMeshReduction: Using QuadricMeshReduction for automatic static mesh reduction
[2019.02.25-21.18.45:681][  0]LogMeshReduction: No automatic skeletal mesh reduction module available
[2019.02.25-21.18.45:697][  0]LogNetVersion: MarshMellow 1.0.0, NetCL: 4212847, EngineNetVer: 5, GameNetVer: 0 (Checksum: 3750370364)
[2019.02.25-21.18.46:378][  0]LogPackageLocalizationCache: Processed 11 localized package path(s) for 2 prioritized culture(s) in 0.179722 seconds
[2019.02.25-21.18.46:385][  0]LogUObjectArray: 38425 objects as part of root set at end of initial load.
[2019.02.25-21.18.46:385][  0]LogUObjectAllocator: 6690872 out of 0 bytes used by permanent object pool.
[2019.02.25-21.18.46:385][  0]LogUObjectArray: CloseDisregardForGC: 0/0 objects in disregard for GC pool
[2019.02.25-21.18.47:378][  0]LogSubstanceCoreModule: Substance [CPU] Engine Loaded, Max Texture Size = 2048
[2019.02.25-21.18.47:383][  0]LogTcpMessaging: Initializing TcpMessaging bridge
[2019.02.25-21.18.47:396][  0]LogUdpMessaging: Initializing bridge on interface 0.0.0.0:0 to multicast group 230.0.0.1:6666.
[2019.02.25-21.18.47:566][  0]SourceControl: Source control is disabled
[2019.02.25-21.18.47:566][  0]SourceControl: Source control is disabled
[2019.02.25-21.18.47:567][  0]SourceControl: Source control is disabled
[2019.02.25-21.18.47:568][  0]SourceControl: Source control is disabled
[2019.02.25-21.18.47:747][  0]LogAndroidPermission: UAndroidPermissionCallbackProxy::GetInstance
[2019.02.25-21.18.47:956][  0]LogOcInput: OculusInput pre-init called
[2019.02.25-21.18.48:122][  0]LogEngine: Initializing Engine...
[2019.02.25-21.18.48:123][  0]LogHMD: Failed to initialize OpenVR with code 110
[2019.02.25-21.18.48:124][  0]LogStats: UGameplayTagsManager::ConstructGameplayTagTree: ImportINI prefixes -  0.000 s
[2019.02.25-21.18.48:124][  0]LogStats: UGameplayTagsManager::ConstructGameplayTagTree: Construct from data asset -  0.000 s
[2019.02.25-21.18.48:124][  0]LogStats: UGameplayTagsManager::ConstructGameplayTagTree: ImportINI -  0.000 s
[2019.02.25-21.18.48:124][  0]LogStats: UGameplayTagsManager::ConstructGameplayTagTree: GameplayTagTreeChangedEvent.Broadcast -  0.000 s
[2019.02.25-21.18.48:369][  0]LogInit: Initializing FReadOnlyCVARCache
[2019.02.25-21.18.48:386][  0]LogAIModule: Creating AISystem for world Untitled
[2019.02.25-21.18.48:453][  0]LogInit: XAudio2 using 'Speakers / Headphones (Realtek Audio)' : 2 channels at 48 kHz using 32 bits per sample (channel mask 0x3)
[2019.02.25-21.18.48:692][  0]LogInit: FAudioDevice initialized.
[2019.02.25-21.18.48:693][  0]LogNetVersion: Set ProjectVersion to 1.0.0.0. Version Checksum will be recalculated on next use.
[2019.02.25-21.18.48:781][  0]LogDerivedDataCache: Saved boot cache 0.09s 71MB C:/Users/jessie lichter/AppData/Local/UnrealEngine/4.20/DerivedDataCache/Boot.ddc.
[2019.02.25-21.18.48:796][  0]LogInit: Texture streaming: Enabled
[2019.02.25-21.18.48:832][  0]LogEngineSessionManager: EngineSessionManager initialized
[2019.02.25-21.18.48:847][  0]LogInit: Transaction tracking system initialized
[2019.02.25-21.18.48:874][  0]BlueprintLog: New page: Editor Load
[2019.02.25-21.18.48:971][  0]LocalizationService: Localization service is disabled
[2019.02.25-21.18.49:304][  0]LogCook: Display: Max memory allowance for cook 16384mb min free memory 0mb
[2019.02.25-21.18.49:304][  0]LogCook: Display: Mobile HDR setting 1
[2019.02.25-21.18.49:304][  0]LogGameplayTags: Display: UGameplayTagsManager::DoneAddingNativeTags. DelegateIsBound: 0
[2019.02.25-21.18.49:304][  0]LogStats: UGameplayTagsManager::ConstructGameplayTagTree: ImportINI prefixes -  0.000 s
[2019.02.25-21.18.49:304][  0]LogStats: UGameplayTagsManager::ConstructGameplayTagTree: Construct from data asset -  0.000 s
[2019.02.25-21.18.49:304][  0]LogStats: UGameplayTagsManager::ConstructGameplayTagTree: ImportINI -  0.000 s
[2019.02.25-21.18.49:304][  0]LogStats: UGameplayTagsManager::ConstructGameplayTagTree: GameplayTagTreeChangedEvent.Broadcast -  0.000 s
[2019.02.25-21.18.49:454][  0]LogFileCache: Scanning file cache for directory 'C:/Users/jessie lichter/Desktop/spring2019/Game Development 2/MARSHMALLOWS-WOOO/MarshMellow/Content/' took 0.07s
[2019.02.25-21.18.49:454][  0]SourceControl: Source control is disabled
[2019.02.25-21.18.49:454][  0]LightingResults: New page: Lighting Build
[2019.02.25-21.18.49:458][  0]MapCheck: New page: Map Check
[2019.02.25-21.18.49:458][  0]LightingResults: New page: Lighting Build
[2019.02.25-21.18.49:892][  0]LogAIModule: Creating AISystem for world Minimal_Default
[2019.02.25-21.18.49:902][  0]LogEditorServer: Finished looking for orphan Actors (0.000 secs)
[2019.02.25-21.18.49:928][  0]Cmd: MAP CHECKDEP NOCLEARLOG
[2019.02.25-21.18.50:030][  0]MapCheck: Map check complete: 0 Error(s), 0 Warning(s), took 101.811ms to complete.
[2019.02.25-21.18.50:030][  0]LogFileHelpers: Loading map 'Minimal_Default' took 0.577
[2019.02.25-21.18.50:153][  0]LogSlate: Updating window title bar state: overlay mode, drag disabled, window buttons hidden, title bar hidden
[2019.02.25-21.18.50:164][  0]LogCollectionManager: Loaded 0 collections in 0.003265 seconds
[2019.02.25-21.18.50:207][  0]LogFileCache: Scanning file cache for directory 'C:/Users/jessie lichter/Desktop/spring2019/Game Development 2/MARSHMALLOWS-WOOO/MarshMellow/Saved/Collections/' took 0.01s
[2019.02.25-21.18.50:207][  0]LogFileCache: Scanning file cache for directory 'C:/Users/jessie lichter/Desktop/spring2019/Game Development 2/MARSHMALLOWS-WOOO/MarshMellow/Content/Developers/jessielichter/Collections/' took 0.01s
[2019.02.25-21.18.50:207][  0]LogFileCache: Scanning file cache for directory 'C:/Users/jessie lichter/Desktop/spring2019/Game Development 2/MARSHMALLOWS-WOOO/MarshMellow/Content/Collections/' took 0.01s
[2019.02.25-21.18.50:207][  0]LogCollectionManager: Rebuilt the GUID cache for 0 collections in 0.000000 seconds
[2019.02.25-21.18.50:217][  0]LogContentBrowser: Native class hierarchy populated in 0.0098 seconds. Added 2586 classes and 609 folders.
[2019.02.25-21.18.50:227][  0]LogContentBrowser: Native class hierarchy updated for 'WidgetCarousel' in 0.0007 seconds. Added 0 classes and 0 folders.
[2019.02.25-21.18.50:302][  0]LogContentBrowser: Native class hierarchy updated for 'AddContentDialog' in 0.0007 seconds. Added 0 classes and 0 folders.
[2019.02.25-21.18.50:314][  0]LogContentBrowser: Native class hierarchy updated for 'WorldBrowser' in 0.0005 seconds. Added 2 classes and 3 folders.
[2019.02.25-21.18.50:323][  0]LogContentBrowser: Native class hierarchy updated for 'SceneOutliner' in 0.0003 seconds. Added 1 classes and 2 folders.
[2019.02.25-21.18.50:388][  0]LogSlate: Took 0.000279 seconds to synchronously load lazily loaded font '../../../Engine/Content/Slate/Fonts/Roboto-Regular.ttf' (155K)
[2019.02.25-21.18.50:391][  0]LogSlate: Took 0.000262 seconds to synchronously load lazily loaded font '../../../Engine/Content/Slate/Fonts/Roboto-Bold.ttf' (160K)
[2019.02.25-21.18.50:401][  0]LogSlate: Took 0.000334 seconds to synchronously load lazily loaded font '../../../Engine/Content/Editor/Slate/Fonts/FontAwesome.ttf' (139K)
[2019.02.25-21.18.50:489][  0]LogRenderer: Reallocating scene render targets to support 808x508 Format 10 NumSamples 1 (Frame:1).
[2019.02.25-21.18.50:552][  0]LogSlate: Took 0.000173 seconds to synchronously load lazily loaded font '../../../Engine/Content/Slate/Fonts/Roboto-Light.ttf' (167K)
[2019.02.25-21.18.50:664][  0]LogContentBrowser: Native class hierarchy updated for 'HierarchicalLODOutliner' in 0.0002 seconds. Added 0 classes and 0 folders.
[2019.02.25-21.18.50:664][  0]LogLoad: (Engine Initialization) Total time: 10.90 seconds
[2019.02.25-21.18.50:664][  0]LogLoad: (Engine Initialization) Total Blueprint compile time: 0.00 seconds
[2019.02.25-21.18.50:684][  0]LogWindowsTextInputMethodSystem: Display: IME system now deactivated.
[2019.02.25-21.18.50:708][  0]LogContentStreaming: Texture pool size now 1000 MB
[2019.02.25-21.18.50:781][  1]LogSubstanceLiveLink: Warning: Unable to send data along socket, closing connection
[2019.02.25-21.18.51:106][  4]LogAssetRegistry: Asset discovery search completed in 6.0086 seconds
[2019.02.25-21.18.51:110][  4]LogCollectionManager: Rebuilt the object cache for 0 collections in 0.000000 seconds (found 0 objects)
[2019.02.25-21.18.51:110][  4]LogCollectionManager: Fixed up redirectors for 0 collections in 0.000103 seconds (updated 0 objects)
[2019.02.25-21.18.51:718][ 39]LogSlate: Took 0.000190 seconds to synchronously load lazily loaded font '../../../Engine/Content/Slate/Fonts/Roboto-Light.ttf' (167K)
[2019.02.25-21.19.43:015][116]LogSlate: FSceneViewport::OnFocusLost() reason 0
[2019.02.25-21.19.47:217][342]LogAIModule: Creating AISystem for world PreAlpha
[2019.02.25-21.19.47:239][342]LogAssetEditorManager: Opening Asset editor for World /Game/WorldCompositionLevels/PreAlpha.PreAlpha
[2019.02.25-21.19.47:267][342]LightingResults: New page: Lighting Build
[2019.02.25-21.19.47:267][342]LoadErrors: New page: Loading map: PreAlpha.umap
[2019.02.25-21.19.47:268][342]MapCheck: New page: Map Check
[2019.02.25-21.19.47:268][342]LightingResults: New page: Lighting Build
[2019.02.25-21.19.47:407][342]LogEditorServer: Finished looking for orphan Actors (0.000 secs)
[2019.02.25-21.19.47:479][342]Cmd: MAP CHECKDEP NOCLEARLOG
[2019.02.25-21.19.47:597][342]MapCheck: Map check complete: 0 Error(s), 0 Warning(s), took 118.35ms to complete.
[2019.02.25-21.19.47:597][342]LogFileHelpers: Loading map 'PreAlpha' took 0.331
[2019.02.25-21.19.50:659][513]LogSlate: FSceneViewport::OnFocusLost() reason 0
[2019.02.25-21.19.51:113][519]LogTexture: Display: Building textures: Texture2D_2 (G8, 128X128)
[2019.02.25-21.22.19:721][391]LogSlate: FSceneViewport::OnFocusLost() reason 0
[2019.02.25-21.23.10:585][415]LogSlate: FSceneViewport::OnFocusLost() reason 0
[2019.02.25-21.23.12:032][501]LogEditorViewport: Clicking on Actor (LMB): ThirdPersonCharacter_C (ThirdPersonCharacter)
[2019.02.25-21.23.15:653][716]LogSlate: FSceneViewport::OnFocusLost() reason 0
[2019.02.25-21.24.02:217][475]LogSlate: FSceneViewport::OnFocusLost() reason 2
[2019.02.25-21.24.18:365][358]LogTemp: Repeating last play command: Selected Viewport
[2019.02.25-21.24.18:388][358]LogPlayLevel: PlayLevel: No blueprints needed recompiling
[2019.02.25-21.24.18:401][358]PIE: New page: PIE session: PreAlpha (Feb 25, 2019, 11:24:18 AM)
[2019.02.25-21.24.18:401][358]LogPlayLevel: Creating play world package: /Game/WorldCompositionLevels/UEDPIE_0_PreAlpha
[2019.02.25-21.24.18:417][358]LogPlayLevel: PIE: StaticDuplicateObject took: (0.015290s)
[2019.02.25-21.24.18:419][358]LogAIModule: Creating AISystem for world PreAlpha
[2019.02.25-21.24.18:420][358]LogPlayLevel: PIE: World Init took: (0.003172s)
[2019.02.25-21.24.18:420][358]LogPlayLevel: PIE: Created PIE world by copying editor world from /Game/WorldCompositionLevels/PreAlpha.PreAlpha to /Game/WorldCompositionLevels/UEDPIE_0_PreAlpha.PreAlpha (0.018656s)
[2019.02.25-21.24.18:500][358]LogInit: XAudio2 using 'Speakers / Headphones (Realtek Audio)' : 2 channels at 48 kHz using 32 bits per sample (channel mask 0x3)
[2019.02.25-21.24.18:537][358]LogInit: FAudioDevice initialized.
[2019.02.25-21.24.19:765][358]LogLoad: Game class is 'ThirdPersonGameMode_C'
[2019.02.25-21.24.19:774][358]LogWorld: Bringing World /Game/WorldCompositionLevels/UEDPIE_0_PreAlpha.PreAlpha up for play (max tick rate 60) at 2019.02.25-16.24.19
[2019.02.25-21.24.19:775][358]LogWorld: Bringing up level for play took: 0.005690
[2019.02.25-21.24.19:795][358]LogContentBrowser: Native class hierarchy updated for 'MovieSceneCapture' in 0.0003 seconds. Added 10 classes and 0 folders.
[2019.02.25-21.24.19:795][358]PIE: Play in editor start time for /Game/WorldCompositionLevels/UEDPIE_0_PreAlpha 1.407
[2019.02.25-21.25.06:104][127]LogSlate: Updating window title bar state: overlay mode, drag disabled, window buttons hidden, title bar hidden
[2019.02.25-21.25.06:147][127]LogPlayLevel: Display: Shutting down PIE online subsystems
[2019.02.25-21.25.06:194][127]LogSlate: Updating window title bar state: overlay mode, drag disabled, window buttons hidden, title bar hidden
[2019.02.25-21.25.06:265][128]LogPlayLevel: Display: Destroying online subsystem :Context_2
[2019.02.25-21.25.09:827][335]LogSlate: FSceneViewport::OnFocusLost() reason 0
[2019.02.25-21.25.11:586][440]LogEditorViewport: Clicking on Actor (LMB): ThirdPersonCharacter_C (ThirdPersonCharacter)
[2019.02.25-21.25.16:355][714]LogSlate: FSceneViewport::OnFocusLost() reason 0
[2019.02.25-21.25.44:880][409]LogSlate: FSceneViewport::OnFocusLost() reason 0
[2019.02.25-21.27.03:682][ 99]LogSlate: FSceneViewport::OnFocusLost() reason 2
[2019.02.25-21.27.06:252][253]LogSlate: FSceneViewport::OnFocusLost() reason 2
[2019.02.25-21.27.47:242][682]LogEditorViewport: Clicking on Actor (double click): Landscape (Landscape1)
[2019.02.25-21.27.53:012][ 25]LogSlate: FSceneViewport::OnFocusLost() reason 0
[2019.02.25-21.28.05:439][766]LogSlate: FSceneViewport::OnFocusLost() reason 0
[2019.02.25-21.28.12:887][200]LogSlate: FSceneViewport::OnFocusLost() reason 0
[2019.02.25-21.28.13:021][208]LogTemp: Repeating last play command: Selected Viewport
[2019.02.25-21.28.13:044][208]LogPlayLevel: PlayLevel: No blueprints needed recompiling
[2019.02.25-21.28.13:044][208]PIE: New page: PIE session: PreAlpha (Feb 25, 2019, 11:28:13 AM)
[2019.02.25-21.28.13:044][208]LogPlayLevel: Creating play world package: /Game/WorldCompositionLevels/UEDPIE_0_PreAlpha
[2019.02.25-21.28.13:053][208]LogPlayLevel: PIE: StaticDuplicateObject took: (0.008666s)
[2019.02.25-21.28.13:054][208]LogAIModule: Creating AISystem for world PreAlpha
[2019.02.25-21.28.13:054][208]LogPlayLevel: PIE: World Init took: (0.000795s)
[2019.02.25-21.28.13:054][208]LogPlayLevel: PIE: Created PIE world by copying editor world from /Game/WorldCompositionLevels/PreAlpha.PreAlpha to /Game/WorldCompositionLevels/UEDPIE_0_PreAlpha.PreAlpha (0.009647s)
[2019.02.25-21.28.13:123][208]LogInit: XAudio2 using 'Speakers / Headphones (Realtek Audio)' : 2 channels at 48 kHz using 32 bits per sample (channel mask 0x3)
[2019.02.25-21.28.13:156][208]LogInit: FAudioDevice initialized.
[2019.02.25-21.28.13:186][208]LogLoad: Game class is 'ThirdPersonGameMode_C'
[2019.02.25-21.28.13:191][208]LogWorld: Bringing World /Game/WorldCompositionLevels/UEDPIE_0_PreAlpha.PreAlpha up for play (max tick rate 60) at 2019.02.25-16.28.13
[2019.02.25-21.28.13:191][208]LogWorld: Bringing up level for play took: 0.004597
[2019.02.25-21.28.13:204][208]PIE: Play in editor start time for /Game/WorldCompositionLevels/UEDPIE_0_PreAlpha 0.816
[2019.02.25-21.28.39:537][776]LogSlate: Updating window title bar state: overlay mode, drag disabled, window buttons hidden, title bar hidden
[2019.02.25-21.28.39:571][776]LogPlayLevel: Display: Shutting down PIE online subsystems
[2019.02.25-21.28.39:599][776]LogSlate: Updating window title bar state: overlay mode, drag disabled, window buttons hidden, title bar hidden
[2019.02.25-21.28.39:652][779]LogPlayLevel: Display: Destroying online subsystem :Context_3
[2019.02.25-21.28.54:413][663]LogSlate: FSceneViewport::OnFocusLost() reason 0
[2019.02.25-21.29.21:859][307]LogSlate: FSceneViewport::OnFocusLost() reason 0
[2019.02.25-21.29.23:094][381]LogTemp: Repeating last play command: Selected Viewport
[2019.02.25-21.29.23:125][381]LogPlayLevel: PlayLevel: No blueprints needed recompiling
[2019.02.25-21.29.23:125][381]PIE: New page: PIE session: PreAlpha (Feb 25, 2019, 11:29:23 AM)
[2019.02.25-21.29.23:125][381]LogPlayLevel: Creating play world package: /Game/WorldCompositionLevels/UEDPIE_0_PreAlpha
[2019.02.25-21.29.23:134][381]LogPlayLevel: PIE: StaticDuplicateObject took: (0.008897s)
[2019.02.25-21.29.23:135][381]LogAIModule: Creating AISystem for world PreAlpha
[2019.02.25-21.29.23:135][381]LogPlayLevel: PIE: World Init took: (0.000831s)
[2019.02.25-21.29.23:135][381]LogPlayLevel: PIE: Created PIE world by copying editor world from /Game/WorldCompositionLevels/PreAlpha.PreAlpha to /Game/WorldCompositionLevels/UEDPIE_0_PreAlpha.PreAlpha (0.009884s)
[2019.02.25-21.29.23:172][381]LogInit: XAudio2 using 'Speakers / Headphones (Realtek Audio)' : 2 channels at 48 kHz using 32 bits per sample (channel mask 0x3)
[2019.02.25-21.29.23:203][381]LogInit: FAudioDevice initialized.
[2019.02.25-21.29.23:236][381]LogLoad: Game class is 'ThirdPersonGameMode_C'
[2019.02.25-21.29.23:240][381]LogWorld: Bringing World /Game/WorldCompositionLevels/UEDPIE_0_PreAlpha.PreAlpha up for play (max tick rate 60) at 2019.02.25-16.29.23
[2019.02.25-21.29.23:240][381]LogWorld: Bringing up level for play took: 0.003383
[2019.02.25-21.29.23:253][381]PIE: Play in editor start time for /Game/WorldCompositionLevels/UEDPIE_0_PreAlpha 0.865
[2019.02.25-21.29.33:967][ 17]LogSlate: Updating window title bar state: overlay mode, drag disabled, window buttons hidden, title bar hidden
[2019.02.25-21.29.34:003][ 17]LogPlayLevel: Display: Shutting down PIE online subsystems
[2019.02.25-21.29.34:029][ 17]LogSlate: Updating window title bar state: overlay mode, drag disabled, window buttons hidden, title bar hidden
[2019.02.25-21.29.34:066][ 19]LogPlayLevel: Display: Destroying online subsystem :Context_4
[2019.02.25-21.31.08:497][ 76]LogSlate: FSceneViewport::OnFocusLost() reason 0
[2019.02.25-21.31.12:143][288]LogTexture: Display: Building textures: Texture2D_1 (BGRA8, 128X128)
[2019.02.25-21.31.12:375][288]LogSavePackage: Moving '../../../../../../Users/jessie lichter/Desktop/spring2019/Game Development 2/MARSHMALLOWS-WOOO/MarshMellow/Saved/PreAlpha_Auto1794570CB4FE4C6EF0D7F21AAD4A667C2.tmp' to '../../../../../../Users/jessie lichter/Desktop/spring2019/Game Development 2/MARSHMALLOWS-WOOO/MarshMellow/Saved/Autosaves/Game/WorldCompositionLevels/PreAlpha_Auto1.umap'
[2019.02.25-21.31.12:383][288]LogFileHelpers: Editor autosave (incl. sublevels) for '/Game/WorldCompositionLevels/PreAlpha' took 0.321
[2019.02.25-21.31.12:383][288]LogFileHelpers: Editor autosave (incl. sublevels) for all levels took 0.321
[2019.02.25-21.31.46:899][358]LogSlate: FSceneViewport::OnFocusLost() reason 0
[2019.02.25-21.31.55:432][863]LogSlate: FSceneViewport::OnFocusLost() reason 0
[2019.02.25-21.31.55:531][869]LogTemp: Repeating last play command: Selected Viewport
[2019.02.25-21.31.55:555][869]LogPlayLevel: PlayLevel: No blueprints needed recompiling
[2019.02.25-21.31.55:555][869]PIE: New page: PIE session: PreAlpha (Feb 25, 2019, 11:31:55 AM)
[2019.02.25-21.31.55:555][869]LogPlayLevel: Creating play world package: /Game/WorldCompositionLevels/UEDPIE_0_PreAlpha
[2019.02.25-21.31.55:564][869]LogPlayLevel: PIE: StaticDuplicateObject took: (0.008886s)
[2019.02.25-21.31.55:565][869]LogAIModule: Creating AISystem for world PreAlpha
[2019.02.25-21.31.55:565][869]LogPlayLevel: PIE: World Init took: (0.000906s)
[2019.02.25-21.31.55:565][869]LogPlayLevel: PIE: Created PIE world by copying editor world from /Game/WorldCompositionLevels/PreAlpha.PreAlpha to /Game/WorldCompositionLevels/UEDPIE_0_PreAlpha.PreAlpha (0.009945s)
[2019.02.25-21.31.55:634][869]LogInit: XAudio2 using 'Speakers / Headphones (Realtek Audio)' : 2 channels at 48 kHz using 32 bits per sample (channel mask 0x3)
[2019.02.25-21.31.55:665][869]LogInit: FAudioDevice initialized.
[2019.02.25-21.31.55:698][869]LogLoad: Game class is 'ThirdPersonGameMode_C'
[2019.02.25-21.31.55:702][869]LogWorld: Bringing World /Game/WorldCompositionLevels/UEDPIE_0_PreAlpha.PreAlpha up for play (max tick rate 60) at 2019.02.25-16.31.55
[2019.02.25-21.31.55:702][869]LogWorld: Bringing up level for play took: 0.003518
[2019.02.25-21.31.55:715][869]PIE: Play in editor start time for /Game/WorldCompositionLevels/UEDPIE_0_PreAlpha -0.673
[2019.02.25-21.32.42:899][687]LogSlate: Updating window title bar state: overlay mode, drag disabled, window buttons hidden, title bar hidden
[2019.02.25-21.32.42:937][687]LogPlayLevel: Display: Shutting down PIE online subsystems
[2019.02.25-21.32.42:965][687]LogSlate: Updating window title bar state: overlay mode, drag disabled, window buttons hidden, title bar hidden
[2019.02.25-21.32.43:029][688]LogPlayLevel: Display: Destroying online subsystem :Context_5
[2019.02.25-21.32.52:231][237]LogSlate: FSceneViewport::OnFocusLost() reason 0
[2019.02.25-21.32.52:404][243]LogTexture: Display: Building textures: Texture2D_1 (BGRA8, 128X128)
[2019.02.25-21.32.52:671][243]LogSavePackage: Moving '../../../../../../Users/jessie lichter/Desktop/spring2019/Game Development 2/MARSHMALLOWS-WOOO/MarshMellow/Saved/PreAlpha22AB849441A77BE4C660F0BC098FBF35.tmp' to '../../../../../../Users/jessie lichter/Desktop/spring2019/Game Development 2/MARSHMALLOWS-WOOO/MarshMellow/Content/WorldCompositionLevels/PreAlpha.umap'
[2019.02.25-21.32.52:809][243]LogSavePackage: Moving '../../../../../../Users/jessie lichter/Desktop/spring2019/Game Development 2/MARSHMALLOWS-WOOO/MarshMellow/Saved/PreAlpha_BuiltData957CD8C340F6AA77279F55AC843CBF70.tmp' to '../../../../../../Users/jessie lichter/Desktop/spring2019/Game Development 2/MARSHMALLOWS-WOOO/MarshMellow/Content/WorldCompositionLevels/PreAlpha_BuiltData.uasset'
[2019.02.25-21.32.57:420][511]LogSlate: FSceneViewport::OnFocusLost() reason 0
[2019.02.25-21.32.57:521][517]MapCheck: New page: Map Check
[2019.02.25-21.32.57:556][517]Cmd: MAP REBUILD ALLVISIBLE
[2019.02.25-21.32.57:556][517]LogEditorServer: Rebuildmap Clear paths rebuilt
[2019.02.25-21.32.57:679][517]LogMaterial: Display: Missing cached shader map for material FDebugViewModeMaterialProxy LandscapeGizmo_Mat, compiling. 
[2019.02.25-21.32.57:687][517]LogMaterial: Display: Missing cached shader map for material FDebugViewModeMaterialProxy MaterialInstanceDynamic_0, compiling. 
[2019.02.25-21.32.57:694][517]LogShaderCompilers: Display: Shaders left to compile 2
[2019.02.25-21.32.57:694][517]LogShaderCompilers: Display: Shaders left to compile 1
[2019.02.25-21.32.57:694][517]LogMaterial: Display: Missing cached shader map for material FDebugViewModeMaterialProxy M_UE4Man_Body, compiling. 
[2019.02.25-21.32.57:705][517]LogMaterial: Display: Missing cached shader map for material FDebugViewModeMaterialProxy M_UE4Man_ChestLogo, compiling. 
[2019.02.25-21.32.57:713][517]LogMaterial: Display: Missing cached shader map for material FDebugViewModeMaterialProxy MatineeCam_mat, compiling. 
[2019.02.25-21.32.58:424][517]LogShaderCompilers: Display: Shaders left to compile 2
[2019.02.25-21.32.58:424][517]LogShaderCompilers: Display: Shaders left to compile 1
[2019.02.25-21.32.58:424][517]LogShaderCompilers: Display: Shaders left to compile 1
[2019.02.25-21.32.58:424][517]TextureStreamingBuild: Display: Compiling optional shaders took 0.751 seconds.
[2019.02.25-21.32.58:439][517]LogLevel: Display: Export Material TexCoord Scales took 0.014 seconds.
[2019.02.25-21.32.58:445][517]TextureStreamingBuild: Display: Build Texture Streaming took 0.006 seconds.
[2019.02.25-21.32.58:468][517]LightingResults: New page: Lighting Build - Feb 25, 2019, 11:32:58 AM
[2019.02.25-21.32.58:506][517]LogSwarmInterface: [OpenConnection] Registering TCP channel ...
[2019.02.25-21.32.58:699][517]LogSwarmInterface: [OpenConnection] Connecting to agent ...
[2019.02.25-21.32.58:714][517]LogSwarmInterface: [TryOpenConnection] Testing the Agent
[2019.02.25-21.32.59:225][517]LogSwarmInterface: [TryOpenConnection] Opening Connection to Agent
[2019.02.25-21.32.59:225][517]LogSwarmInterface: [TryOpenConnection] Local Process ID is 25388
[2019.02.25-21.33.01:932][517]LogStaticLightingSystem: Warning: No importance volume found, so the scene bounding box was used.  You can optimize your scene's quality and lighting build times by adding importance volumes.
[2019.02.25-21.33.01:932][517]LogStaticLightingSystem: Running Lightmass w/ ImmediateImport mode ENABLED
[2019.02.25-21.33.01:932][517]LogStaticLightingSystem: Running Lightmass w/ ImmediateProcess mode ENABLED
[2019.02.25-21.33.01:932][517]LogStaticLightingSystem: Running Lightmass w/ Sorting mode ENABLED
[2019.02.25-21.33.01:932][517]LogStaticLightingSystem: Running Lightmass w/ Mapping paddings ENABLED
[2019.02.25-21.33.01:932][517]LogStaticLightingSystem: Running Lightmass w/ Mapping debug paddings DISABLED
[2019.02.25-21.33.02:084][517]Cmd: MAP CHECK DONTDISPLAYDIALOG
[2019.02.25-21.33.02:084][517]MapCheck: New page: PreAlpha - Feb 25, 2019, 11:33:02 AM
[2019.02.25-21.33.02:084][517]MapCheck: Error: WorldSettings Maps need lighting rebuilt 
[2019.02.25-21.33.02:238][517]MapCheck: Map check complete: 1 Error(s), 0 Warning(s), took 153.806ms to complete.
[2019.02.25-21.33.02:261][517]LogEditorBuildUtils: Build time 0:04
[2019.02.25-21.33.02:273][517]LogSlate: FSceneViewport::OnFocusLost() reason 2
[2019.02.25-21.33.07:594][795]Job is a success!
[2019.02.25-21.33.07:783][796]LogVolumetricLightmapImport: Imported Volumetric Lightmap in 0.124s
[2019.02.25-21.33.07:783][796]LogVolumetricLightmapImport:      Indirection Texture 32x32x32 = 0.1Mb
[2019.02.25-21.33.07:783][796]LogVolumetricLightmapImport:      BrickData 1280x10x5 = 2.5Mb (trimmed 0.1Mb due to 0.010000 MinBrickError)
[2019.02.25-21.33.07:783][796]LogVolumetricLightmapImport:      Bricks at Level
[2019.02.25-21.33.07:783][796]LogVolumetricLightmapImport:          0: 2.2% covering 100.0% of volume
[2019.02.25-21.33.07:783][796]LogVolumetricLightmapImport:          1: 6.7% covering 4.9% of volume
[2019.02.25-21.33.07:783][796]LogVolumetricLightmapImport:          2: 91.1% covering 1.0% of volume
[2019.02.25-21.33.08:021][796]LogTexture: Display: Building textures: HQ_Lightmap0_1 (AutoDXT, 512X512)
[2019.02.25-21.33.08:022][796]LogTexture: Display: Building textures: LQ_Lightmap_0_1 (DXT1, 512X512)
[2019.02.25-21.33.08:022][796]LogTexture: Display: Building textures: SkyOcclusion0_1 (AutoDXT, 512X256)
[2019.02.25-21.33.08:061][796]LogTexture: Display: Building textures: ShadowMapTexture2D_0 (G8, 1024X128)
[2019.02.25-21.33.08:105][796]Lightmass on JESSIES-LAPTOP: 4.96 sec total, 342 ms importing, 68 ms setup, 985 ms photons, 3.54 sec processing, 0 ms extra exporting [65/65 mappings]. Threads: 24.6 sec total, 6.02 sec processing.
[2019.02.25-21.33.08:161][796]LogStaticLightingSystem: Illumination: 9.66 sec (203 ms encoding lightmaps, 31 ms encoding shadowmaps)
[2019.02.25-21.33.08:161][796]LogStaticLightingSystem: Lightmap texture memory:  0.7 MB (0.7 MB streaming, 0.0 MB non-streaming), 2 textures
[2019.02.25-21.33.08:161][796]LogStaticLightingSystem: Shadowmap texture memory: 0.2 MB (0.2 MB streaming, 0.0 MB non-streaming), 1 textures
[2019.02.25-21.33.08:938][796]DumpUnbuiltLightIteractions
[2019.02.25-21.33.08:938][796]Lights with unbuilt interactions: 0
[2019.02.25-21.33.08:938][796]
[2019.02.25-21.33.08:938][796]Primitives with unbuilt interactions: 0
[2019.02.25-21.33.08:945][796]LogSlate: FSceneViewport::OnFocusLost() reason 2
[2019.02.25-21.33.09:062][797]Cmd: MAP CHECK NOTIFYRESULTS
[2019.02.25-21.33.09:063][797]MapCheck: New page: PreAlpha - Feb 25, 2019, 11:33:09 AM
[2019.02.25-21.33.09:227][797]MapCheck: Map check complete: 0 Error(s), 0 Warning(s), took 164.473ms to complete.
[2019.02.25-21.33.13:744][ 58]LogSlate: FSceneViewport::OnFocusLost() reason 0
[2019.02.25-21.33.13:891][ 67]LogSlate: Window 'Message Log' being destroyed
[2019.02.25-21.33.13:900][ 67]LogSlate: Window 'Message Log' being destroyed
[2019.02.25-21.33.16:224][207]LogSlate: FSceneViewport::OnFocusLost() reason 0
[2019.02.25-21.33.16:622][213]LogSavePackage: Moving '../../../../../../Users/jessie lichter/Desktop/spring2019/Game Development 2/MARSHMALLOWS-WOOO/MarshMellow/Saved/PreAlphaA14A73B3474A3A3969F8599B5E02DD0D.tmp' to '../../../../../../Users/jessie lichter/Desktop/spring2019/Game Development 2/MARSHMALLOWS-WOOO/MarshMellow/Content/WorldCompositionLevels/PreAlpha.umap'
[2019.02.25-21.33.16:762][213]LogSavePackage: Moving '../../../../../../Users/jessie lichter/Desktop/spring2019/Game Development 2/MARSHMALLOWS-WOOO/MarshMellow/Saved/PreAlpha_BuiltDataDD728C994C861AE5568BA3ADB3EEF3B0.tmp' to '../../../../../../Users/jessie lichter/Desktop/spring2019/Game Development 2/MARSHMALLOWS-WOOO/MarshMellow/Content/WorldCompositionLevels/PreAlpha_BuiltData.uasset'
[2019.02.25-21.33.28:569][915]LogSlate: FSceneViewport::OnFocusLost() reason 0
[2019.02.25-21.33.28:775][923]LogSlate: Window 'MarshMellow - Unreal Editor' being destroyed
[2019.02.25-21.33.28:776][923]LogWindowsTextInputMethodSystem: Display: IME system now deactivated.
[2019.02.25-21.33.28:916][924]Cmd: QUIT_EDITOR
[2019.02.25-21.33.29:229][924]LogExit: Preparing to exit.
[2019.02.25-21.33.29:882][924]LogExit: Editor shut down
[2019.02.25-21.33.29:883][924]LogExit: Transaction tracking system shut down
[2019.02.25-21.33.30:183][924]LogExit: Object subsystem successfully closed.
[2019.02.25-21.33.30:199][924]LogShaderCompilers: Display: Shaders left to compile 0
[2019.02.25-21.33.30:204][924]LogD3D11RHI: Shutdown
[2019.02.25-21.33.30:204][924]LogD3D11RHI: CleanupD3DDevice
[2019.02.25-21.33.30:206][924]LogD3D11RHI: ~FD3D11DynamicRHI
[2019.02.25-21.33.30:231][924]LogModuleManager: Shutting down and abandoning module HierarchicalLODUtilities (626)
[2019.02.25-21.33.30:231][924]LogModuleManager: Shutting down and abandoning module MovieSceneCapture (624)
[2019.02.25-21.33.30:231][924]LogModuleManager: Shutting down and abandoning module Voice (622)
[2019.02.25-21.33.30:231][924]LogModuleManager: Shutting down and abandoning module HierarchicalLODOutliner (620)
[2019.02.25-21.33.30:231][924]LogModuleManager: Shutting down and abandoning module SceneOutliner (618)
[2019.02.25-21.33.30:231][924]LogModuleManager: Shutting down and abandoning module WorldBrowser (616)
[2019.02.25-21.33.30:232][924]LogModuleManager: Shutting down and abandoning module AddContentDialog (614)
[2019.02.25-21.33.30:232][924]LogModuleManager: Shutting down and abandoning module WidgetCarousel (613)
[2019.02.25-21.33.30:232][924]LogModuleManager: Shutting down and abandoning module EditorWidgets (610)
[2019.02.25-21.33.30:232][924]LogModuleManager: Shutting down and abandoning module CollectionManager (608)
[2019.02.25-21.33.30:232][924]LogModuleManager: Shutting down and abandoning module StatsViewer (606)
[2019.02.25-21.33.30:232][924]LogModuleManager: Shutting down and abandoning module FoliageEdit (604)
[2019.02.25-21.33.30:232][924]LogModuleManager: Shutting down and abandoning module LandscapeEditor (602)
[2019.02.25-21.33.30:232][924]LogModuleManager: Shutting down and abandoning module MeshPaintMode (600)
[2019.02.25-21.33.30:233][924]LogModuleManager: Shutting down and abandoning module SceneDepthPickerMode (598)
[2019.02.25-21.33.30:233][924]LogModuleManager: Shutting down and abandoning module ActorPickerMode (596)
[2019.02.25-21.33.30:233][924]LogModuleManager: Shutting down and abandoning module GeometryMode (594)
[2019.02.25-21.33.30:233][924]LogModuleManager: Shutting down and abandoning module TextureAlignMode (592)
[2019.02.25-21.33.30:233][924]LogModuleManager: Shutting down and abandoning module BspMode (590)
[2019.02.25-21.33.30:233][924]LogModuleManager: Shutting down and abandoning module PIEPreviewDeviceProfileSelector (588)
[2019.02.25-21.33.30:233][924]LogModuleManager: Shutting down and abandoning module SequenceRecorderSections (586)
[2019.02.25-21.33.30:233][924]LogModuleManager: Shutting down and abandoning module AutomationWorker (584)
[2019.02.25-21.33.30:233][924]LogModuleManager: Shutting down and abandoning module AudioCaptureEditor (582)
[2019.02.25-21.33.30:233][924]LogModuleManager: Shutting down and abandoning module SequenceRecorder (581)
[2019.02.25-21.33.30:233][924]LogModuleManager: Shutting down and abandoning module MatineeToLevelSequence (578)
[2019.02.25-21.33.30:233][924]LogModuleManager: Shutting down and abandoning module LevelSequenceEditor (576)
[2019.02.25-21.33.30:233][924]LogModuleManager: Shutting down and abandoning module PlacementMode (575)
[2019.02.25-21.33.30:233][924]LogModuleManager: Shutting down and abandoning module MaterialEditor (574)
[2019.02.25-21.33.30:233][924]LogModuleManager: Shutting down and abandoning module WmfMediaFactory (570)
[2019.02.25-21.33.30:233][924]LogModuleManager: Shutting down and abandoning module WmfMediaEditor (568)
[2019.02.25-21.33.30:233][924]LogModuleManager: Shutting down and abandoning module MediaPlayerEditor (566)
[2019.02.25-21.33.30:233][924]LogModuleManager: Shutting down and abandoning module OpenExrWrapper (564)
[2019.02.25-21.33.30:233][924]LogModuleManager: Shutting down and abandoning module ImgMediaFactory (562)
[2019.02.25-21.33.30:233][924]LogModuleManager: Shutting down and abandoning module ImgMediaEditor (560)
[2019.02.25-21.33.30:233][924]LogModuleManager: Shutting down and abandoning module AvfMediaFactory (558)
[2019.02.25-21.33.30:233][924]LogModuleManager: Shutting down and abandoning module AvfMediaEditor (556)
[2019.02.25-21.33.30:233][924]LogModuleManager: Shutting down and abandoning module AndroidMediaFactory (554)
[2019.02.25-21.33.30:233][924]LogModuleManager: Shutting down and abandoning module AndroidMediaEditor (552)
[2019.02.25-21.33.30:233][924]LogModuleManager: Shutting down and abandoning module MagicLeapCameraPreviewFactory (550)
[2019.02.25-21.33.30:233][924]LogModuleManager: Shutting down and abandoning module MagicLeapMediaFactory (548)
[2019.02.25-21.33.30:233][924]LogModuleManager: Shutting down and abandoning module MagicLeapMediaEditor (546)
[2019.02.25-21.33.30:233][924]LogModuleManager: Shutting down and abandoning module CharacterAI (544)
[2019.02.25-21.33.30:233][924]LogModuleManager: Shutting down and abandoning module SmartSnapping (542)
[2019.02.25-21.33.30:233][924]LogModuleManager: Shutting down and abandoning module SessionServices (540)
[2019.02.25-21.33.30:233][924]LogModuleManager: Shutting down and abandoning module ViewportSnapping (538)
[2019.02.25-21.33.30:233][924]LogModuleManager: Shutting down and abandoning module ViewportInteraction (536)
[2019.02.25-21.33.30:233][924]LogModuleManager: Shutting down and abandoning module ClothPainter (534)
[2019.02.25-21.33.30:233][924]LogModuleManager: Shutting down and abandoning module SkeletalMeshEditor (533)
[2019.02.25-21.33.30:233][924]LogModuleManager: Shutting down and abandoning module LogVisualizer (530)
[2019.02.25-21.33.30:234][924]LogModuleManager: Shutting down and abandoning module IntroTutorials (528)
[2019.02.25-21.33.30:234][924]LogModuleManager: Shutting down and abandoning module GameProjectGeneration (527)
[2019.02.25-21.33.30:234][924]LogModuleManager: Shutting down and abandoning module LuminPlatformEditor (524)
[2019.02.25-21.33.30:234][924]LogModuleManager: Shutting down and abandoning module IOSPlatformEditor (522)
[2019.02.25-21.33.30:234][924]LogModuleManager: Shutting down and abandoning module HTML5PlatformEditor (520)
[2019.02.25-21.33.30:234][924]LogModuleManager: Shutting down and abandoning module AndroidPlatformEditor (518)
[2019.02.25-21.33.30:234][924]LogModuleManager: Shutting down and abandoning module AndroidDeviceDetection (517)
[2019.02.25-21.33.30:489][924]LogModuleManager: Shutting down and abandoning module WindowsPlatformEditor (514)
[2019.02.25-21.33.30:489][924]LogModuleManager: Shutting down and abandoning module LuminRuntimeSettings (512)
[2019.02.25-21.33.30:489][924]LogModuleManager: Shutting down and abandoning module IOSRuntimeSettings (510)
[2019.02.25-21.33.30:489][924]LogModuleManager: Shutting down and abandoning module AndroidRuntimeSettings (508)
[2019.02.25-21.33.30:489][924]LogModuleManager: Shutting down and abandoning module InputBindingEditor (506)
[2019.02.25-21.33.30:489][924]LogModuleManager: Shutting down and abandoning module MergeActors (504)
[2019.02.25-21.33.30:489][924]LogModuleManager: Shutting down and abandoning module LocalizationDashboard (502)
[2019.02.25-21.33.30:489][924]LogModuleManager: Shutting down and abandoning module LocalizationService (501)
[2019.02.25-21.33.30:489][924]LogModuleManager: Shutting down and abandoning module HardwareTargeting (498)
[2019.02.25-21.33.30:489][924]LogModuleManager: Shutting down and abandoning module DeviceProfileEditor (496)
[2019.02.25-21.33.30:489][924]LogModuleManager: Shutting down and abandoning module UndoHistory (494)
[2019.02.25-21.33.30:489][924]LogModuleManager: Shutting down and abandoning module XmlParser (492)
[2019.02.25-21.33.30:489][924]LogModuleManager: Shutting down and abandoning module Blutility (490)
[2019.02.25-21.33.30:489][924]LogModuleManager: Shutting down and abandoning module ProjectSettingsViewer (488)
[2019.02.25-21.33.30:489][924]LogModuleManager: Shutting down and abandoning module ProjectTargetPlatformEditor (487)
[2019.02.25-21.33.30:490][924]LogModuleManager: Shutting down and abandoning module EditorSettingsViewer (484)
[2019.02.25-21.33.30:490][924]LogModuleManager: Shutting down and abandoning module SettingsEditor (482)
[2019.02.25-21.33.30:490][924]LogModuleManager: Shutting down and abandoning module ProjectLauncher (480)
[2019.02.25-21.33.30:490][924]LogModuleManager: Shutting down and abandoning module SessionFrontend (478)
[2019.02.25-21.33.30:490][924]LogModuleManager: Shutting down and abandoning module ProfilerClient (476)
[2019.02.25-21.33.30:490][924]LogModuleManager: Shutting down and abandoning module DeviceManager (474)
[2019.02.25-21.33.30:490][924]LogModuleManager: Shutting down and abandoning module TargetDeviceServices (473)
[2019.02.25-21.33.30:543][924]LogModuleManager: Shutting down and abandoning module AutomationController (470)
[2019.02.25-21.33.30:543][924]LogModuleManager: Shutting down and abandoning module AutomationWindow (468)
[2019.02.25-21.33.30:543][924]LogModuleManager: Shutting down and abandoning module Layers (466)
[2019.02.25-21.33.30:543][924]LogModuleManager: Shutting down and abandoning module ComponentVisualizers (464)
[2019.02.25-21.33.30:543][924]LogModuleManager: Shutting down and abandoning module DetailCustomizations (462)
[2019.02.25-21.33.30:543][924]LogModuleManager: Shutting down and abandoning module PackagesDialog (460)
[2019.02.25-21.33.30:543][924]LogModuleManager: Shutting down and abandoning module Persona (458)
[2019.02.25-21.33.30:544][924]LogModuleManager: Shutting down and abandoning module AdvancedPreviewScene (457)
[2019.02.25-21.33.30:544][924]LogModuleManager: Shutting down and abandoning module AnimGraph (455)
[2019.02.25-21.33.30:544][924]LogModuleManager: Shutting down and abandoning module Kismet (452)
[2019.02.25-21.33.30:545][924]LogModuleManager: Shutting down and abandoning module GraphEditor (450)
[2019.02.25-21.33.30:546][924]LogModuleManager: Shutting down and abandoning module ClassViewer (448)
[2019.02.25-21.33.30:546][924]LogModuleManager: Shutting down and abandoning module Toolbox (446)
[2019.02.25-21.33.30:546][924]LogModuleManager: Shutting down and abandoning module ModuleUI (444)
[2019.02.25-21.33.30:546][924]LogModuleManager: Shutting down and abandoning module MovieSceneTools (442)
[2019.02.25-21.33.30:546][924]LogModuleManager: Shutting down and abandoning module OutputLog (440)
[2019.02.25-21.33.30:546][924]LogModuleManager: Shutting down and abandoning module GammaUI (438)
[2019.02.25-21.33.30:546][924]LogModuleManager: Shutting down and abandoning module Documentation (436)
[2019.02.25-21.33.30:546][924]LogModuleManager: Shutting down and abandoning module MovieSceneTracks (434)
[2019.02.25-21.33.30:546][924]LogModuleManager: Shutting down and abandoning module MovieScene (432)
[2019.02.25-21.33.30:546][924]LogModuleManager: Shutting down and abandoning module StreamingPauseRendering (430)
[2019.02.25-21.33.30:546][924]LogModuleManager: Shutting down and abandoning module LauncherPlatform (428)
[2019.02.25-21.33.30:546][924]LogModuleManager: Shutting down and abandoning module AnalyticsET (426)
[2019.02.25-21.33.30:546][924]LogModuleManager: Shutting down and abandoning module PortalServices (424)
[2019.02.25-21.33.30:546][924]LogModuleManager: Shutting down and abandoning module PortalRpc (422)
[2019.02.25-21.33.30:546][924]LogModuleManager: Shutting down and abandoning module MessagingRpc (420)
[2019.02.25-21.33.30:546][924]LogModuleManager: Shutting down and abandoning module AIModule (418)
[2019.02.25-21.33.30:547][924]LogModuleManager: Shutting down and abandoning module GameplayDebugger (417)
[2019.02.25-21.33.30:547][924]LogModuleManager: Shutting down and abandoning module AITestSuite (415)
[2019.02.25-21.33.30:547][924]LogModuleManager: Shutting down and abandoning module NavigationSystem (413)
[2019.02.25-21.33.30:547][924]LogModuleManager: Shutting down and abandoning module DesktopPlatform (410)
[2019.02.25-21.33.30:547][924]LogModuleManager: Shutting down and abandoning module ProfilerService (408)
[2019.02.25-21.33.30:551][924]LogModuleManager: Shutting down and abandoning module TaskGraph (406)
[2019.02.25-21.33.30:551][924]LogModuleManager: Shutting down and abandoning module SubstanceLiveLink (404)
[2019.02.25-21.33.30:551][924]LogModuleManager: Shutting down and abandoning module SubstanceSource (402)
[2019.02.25-21.33.30:551][924]LogModuleManager: Shutting down and abandoning module SubstanceEditor (400)
[2019.02.25-21.33.30:551][924]LogModuleManager: Shutting down and abandoning module SteamVRController (398)
[2019.02.25-21.33.30:551][924]LogModuleManager: Shutting down and abandoning module ProceduralMeshComponentEditor (396)
[2019.02.25-21.33.30:551][924]LogModuleManager: Shutting down and abandoning module ProceduralMeshComponent (394)
[2019.02.25-21.33.30:551][924]LogModuleManager: Shutting down and abandoning module OculusInput (392)
[2019.02.25-21.33.30:551][924]LogModuleManager: Shutting down and abandoning module MobilePatchingUtils (390)
[2019.02.25-21.33.30:551][924]LogModuleManager: Shutting down and abandoning module EditableMesh (388)
[2019.02.25-21.33.30:551][924]LogModuleManager: Shutting down and abandoning module CustomMeshComponent (386)
[2019.02.25-21.33.30:551][924]LogModuleManager: Shutting down and abandoning module CableComponent (384)
[2019.02.25-21.33.30:551][924]LogModuleManager: Shutting down and abandoning module AudioCapture (382)
[2019.02.25-21.33.30:551][924]LogModuleManager: Shutting down and abandoning module ArchVisCharacter (380)
[2019.02.25-21.33.30:552][924]LogModuleManager: Shutting down and abandoning module AndroidPermission (378)
[2019.02.25-21.33.30:552][924]LogModuleManager: Shutting down and abandoning module NUTUnrealEngine4 (376)
[2019.02.25-21.33.30:552][924]LogModuleManager: Shutting down and abandoning module NetcodeUnitTest (374)
[2019.02.25-21.33.30:552][924]LogModuleManager: Shutting down and abandoning module MediaCompositingEditor (372)
[2019.02.25-21.33.30:552][924]LogModuleManager: Shutting down and abandoning module MediaCompositing (370)
[2019.02.25-21.33.30:552][924]LogModuleManager: Shutting down and abandoning module LinearTimecode (368)
[2019.02.25-21.33.30:552][924]LogModuleManager: Shutting down and abandoning module ImgMedia (366)
[2019.02.25-21.33.30:559][924]LogModuleManager: Shutting down and abandoning module HTML5Networking (364)
[2019.02.25-21.33.30:559][924]LogModuleManager: Shutting down and abandoning module GeometryCacheTracks (362)
[2019.02.25-21.33.30:559][924]LogModuleManager: Shutting down and abandoning module GeometryCacheSequencer (360)
[2019.02.25-21.33.30:559][924]LogModuleManager: Shutting down and abandoning module BackChannel (358)
[2019.02.25-21.33.30:559][924]LogModuleManager: Shutting down and abandoning module AppleVision (356)
[2019.02.25-21.33.30:559][924]LogModuleManager: Shutting down and abandoning module AppleImageUtils (354)
[2019.02.25-21.33.30:559][924]LogModuleManager: Shutting down and abandoning module AlembicImporter (352)
[2019.02.25-21.33.30:559][924]LogModuleManager: Shutting down and abandoning module AlembicLibrary (351)
[2019.02.25-21.33.30:559][924]LogModuleManager: Shutting down and abandoning module GeometryCache (350)
[2019.02.25-21.33.30:559][924]LogModuleManager: Shutting down and abandoning module GeometryCacheEd (349)
[2019.02.25-21.33.30:559][924]LogModuleManager: Shutting down and abandoning module DatasmithContentEditor (344)
[2019.02.25-21.33.30:559][924]LogModuleManager: Shutting down and abandoning module DatasmithContent (342)
[2019.02.25-21.33.30:560][924]LogModuleManager: Shutting down and abandoning module SpeedTreeImporter (340)
[2019.02.25-21.33.30:560][924]LogModuleManager: Shutting down and abandoning module PluginBrowser (338)
[2019.02.25-21.33.30:560][924]LogModuleManager: Shutting down and abandoning module MobileLauncherProfileWizard (336)
[2019.02.25-21.33.30:560][924]LogModuleManager: Shutting down and abandoning module PolygonModeling (334)
[2019.02.25-21.33.30:560][924]LogModuleManager: Shutting down and abandoning module MeshEditor (332)
[2019.02.25-21.33.30:560][924]LogModuleManager: Shutting down and abandoning module CryptoKeysOpenSSL (330)
[2019.02.25-21.33.30:560][924]LogModuleManager: Shutting down and abandoning module CryptoKeys (328)
[2019.02.25-21.33.30:560][924]LogModuleManager: Shutting down and abandoning module VisualStudioSourceCodeAccess (326)
[2019.02.25-21.33.30:560][924]LogModuleManager: Shutting down and abandoning module VisualStudioCodeSourceCodeAccess (324)
[2019.02.25-21.33.30:560][924]LogModuleManager: Shutting down and abandoning module UObjectPlugin (322)
[2019.02.25-21.33.30:560][924]LogModuleManager: Shutting down and abandoning module SubversionSourceControl (320)
[2019.02.25-21.33.30:560][924]LogModuleManager: Shutting down and abandoning module PerforceSourceControl (318)
[2019.02.25-21.33.30:560][924]LogModuleManager: Shutting down and abandoning module GitSourceControl (316)
[2019.02.25-21.33.30:560][924]LogModuleManager: Shutting down and abandoning module SourceControl (315)
[2019.02.25-21.33.30:561][924]LogModuleManager: Shutting down and abandoning module CLionSourceCodeAccess (312)
[2019.02.25-21.33.30:561][924]LogModuleManager: Shutting down and abandoning module LightPropagationVolumeEditor (310)
[2019.02.25-21.33.30:561][924]LogModuleManager: Shutting down and abandoning module PaperTiledImporter (308)
[2019.02.25-21.33.30:561][924]LogModuleManager: Shutting down and abandoning module PaperSpriteSheetImporter (306)
[2019.02.25-21.33.30:561][924]LogModuleManager: Shutting down and abandoning module Paper2DEditor (304)
[2019.02.25-21.33.30:561][924]LogModuleManager: Shutting down and abandoning module MeshPaint (303)
[2019.02.25-21.33.30:561][924]LogModuleManager: Shutting down and abandoning module RuntimePhysXCooking (300)
[2019.02.25-21.33.30:561][924]LogModuleManager: Shutting down and abandoning module PhysXVehiclesEditor (298)
[2019.02.25-21.33.30:561][924]LogModuleManager: Shutting down and abandoning module PhysXVehicles (296)
[2019.02.25-21.33.30:561][924]LogModuleManager: Shutting down and abandoning module OculusEditor (294)
[2019.02.25-21.33.30:561][924]LogModuleManager: Shutting down and abandoning module LocationServicesBPLibrary (292)
[2019.02.25-21.33.30:561][924]LogModuleManager: Shutting down and abandoning module ImmediatePhysicsEditor (290)
[2019.02.25-21.33.30:561][924]LogModuleManager: Shutting down and abandoning module ImmediatePhysics (288)
[2019.02.25-21.33.30:561][924]LogModuleManager: Shutting down and abandoning module ActorSequence (286)
[2019.02.25-21.33.30:561][924]LogModuleManager: Shutting down and abandoning module UdpMessaging (284)
[2019.02.25-21.33.30:661][924]LogModuleManager: Shutting down and abandoning module TcpMessaging (282)
[2019.02.25-21.33.30:763][924]LogModuleManager: Shutting down and abandoning module SubstanceCore (280)
[2019.02.25-21.33.30:763][924]LogModuleManager: Shutting down and abandoning module MagicLeapAudio (278)
[2019.02.25-21.33.30:763][924]LogModuleManager: Shutting down and abandoning module GameplayTagsEditor (276)
[2019.02.25-21.33.30:763][924]LogModuleManager: Shutting down and abandoning module FacialAnimationEditor (274)
[2019.02.25-21.33.30:763][924]LogModuleManager: Shutting down and abandoning module FacialAnimation (272)
[2019.02.25-21.33.30:763][924]LogModuleManager: Shutting down and abandoning module DataValidation (270)
[2019.02.25-21.33.30:763][924]LogModuleManager: Shutting down and abandoning module AssetManagerEditor (268)
[2019.02.25-21.33.30:763][924]LogModuleManager: Shutting down and abandoning module LevelEditor (267)
[2019.02.25-21.33.30:764][924]LogModuleManager: Shutting down and abandoning module PixelInspectorModule (266)
[2019.02.25-21.33.30:764][924]LogModuleManager: Shutting down and abandoning module CommonMenuExtensions (264)
[2019.02.25-21.33.30:764][924]LogModuleManager: Shutting down and abandoning module MainFrame (262)
[2019.02.25-21.33.30:764][924]LogModuleManager: Shutting down and abandoning module HotReload (261)
[2019.02.25-21.33.30:764][924]LogModuleManager: Shutting down and abandoning module ContentBrowser (257)
[2019.02.25-21.33.30:764][924]LogModuleManager: Shutting down and abandoning module TreeMap (255)
[2019.02.25-21.33.30:765][924]LogModuleManager: Shutting down and abandoning module LightPropagationVolumeRuntime (252)
[2019.02.25-21.33.30:765][924]LogModuleManager: Shutting down and abandoning module AISupportModule (250)
[2019.02.25-21.33.30:765][924]LogModuleManager: Shutting down and abandoning module Paper2D (248)
[2019.02.25-21.33.30:765][924]LogModuleManager: Shutting down and abandoning module WindowsMoviePlayer (246)
[2019.02.25-21.33.30:765][924]LogModuleManager: Shutting down and abandoning module WmfMedia (244)
[2019.02.25-21.33.30:766][924]LogModuleManager: Shutting down and abandoning module Media (243)
[2019.02.25-21.33.30:772][924]LogModuleManager: Shutting down and abandoning module PacketHandler (240)
[2019.02.25-21.33.30:772][924]LogModuleManager: Shutting down and abandoning module ClothingSystemEditor (238)
[2019.02.25-21.33.30:772][924]LogModuleManager: Shutting down and abandoning module ClothingSystemRuntime (236)
[2019.02.25-21.33.30:772][924]LogModuleManager: Shutting down and abandoning module MediaAssets (234)
[2019.02.25-21.33.30:772][924]LogModuleManager: Shutting down and abandoning module Overlay (232)
[2019.02.25-21.33.30:772][924]LogModuleManager: Shutting down and abandoning module OverlayEditor (231)
[2019.02.25-21.33.30:772][924]LogModuleManager: Shutting down and abandoning module VREditor (228)
[2019.02.25-21.33.30:772][924]LogModuleManager: Shutting down and abandoning module StringTableEditor (226)
[2019.02.25-21.33.30:772][924]LogModuleManager: Shutting down and abandoning module GameplayTasksEditor (224)
[2019.02.25-21.33.30:773][924]LogModuleManager: Shutting down and abandoning module BehaviorTreeEditor (222)
[2019.02.25-21.33.30:773][924]LogModuleManager: Shutting down and abandoning module FunctionalTesting (220)
[2019.02.25-21.33.30:773][924]LogModuleManager: Shutting down and abandoning module CollisionAnalyzer (218)
[2019.02.25-21.33.30:773][924]LogModuleManager: Shutting down and abandoning module WorkspaceMenuStructure (217)
[2019.02.25-21.33.30:773][924]LogModuleManager: Shutting down and abandoning module UMG (214)
[2019.02.25-21.33.30:773][924]LogModuleManager: Shutting down and abandoning module UMGEditor (213)
[2019.02.25-21.33.30:773][924]LogModuleManager: Shutting down and abandoning module Sequencer (212)
[2019.02.25-21.33.30:773][924]LogModuleManager: Shutting down and abandoning module MessageLog (209)
[2019.02.25-21.33.30:773][924]LogModuleManager: Shutting down and abandoning module SlateReflector (204)
[2019.02.25-21.33.30:773][924]LogModuleManager: Shutting down and abandoning module Slate (202)
[2019.02.25-21.33.30:773][924]LogModuleManager: Shutting down and abandoning module EditorStyle (200)
[2019.02.25-21.33.30:775][924]LogModuleManager: Shutting down and abandoning module MRMesh (198)
[2019.02.25-21.33.30:775][924]LogModuleManager: Shutting down and abandoning module SourceCodeAccess (196)
[2019.02.25-21.33.30:775][924]LogModuleManager: Shutting down and abandoning module HeadMountedDisplay (194)
[2019.02.25-21.33.30:775][924]LogModuleManager: Shutting down and abandoning module XAudio2 (192)
[2019.02.25-21.33.30:775][924]LogModuleManager: Shutting down and abandoning module Networking (190)
[2019.02.25-21.33.30:775][924]LogModuleManager: Shutting down and abandoning module Core (188)
[2019.02.25-21.33.30:775][924]LogModuleManager: Shutting down and abandoning module LevelSequence (186)
[2019.02.25-21.33.30:775][924]LogModuleManager: Shutting down and abandoning module KismetCompiler (184)
[2019.02.25-21.33.30:775][924]LogModuleManager: Shutting down and abandoning module MeshUtilities (182)
[2019.02.25-21.33.30:775][924]LogModuleManager: Shutting down and abandoning module MeshMergeUtilities (181)
[2019.02.25-21.33.30:775][924]LogModuleManager: Shutting down and abandoning module MeshReductionInterface (180)
[2019.02.25-21.33.30:775][924]LogModuleManager: Shutting down and abandoning module SimplygonSwarm (179)
[2019.02.25-21.33.30:775][924]LogModuleManager: Shutting down and abandoning module ProxyLODMeshReduction (177)
[2019.02.25-21.33.30:775][924]LogModuleManager: Shutting down and abandoning module SimplygonMeshReduction (175)
[2019.02.25-21.33.30:775][924]LogModuleManager: Shutting down and abandoning module QuadricMeshReduction (173)
[2019.02.25-21.33.30:775][924]LogModuleManager: Shutting down and abandoning module MaterialBaking (169)
[2019.02.25-21.33.30:775][924]LogModuleManager: Shutting down and abandoning module DirectoryWatcher (165)
[2019.02.25-21.33.30:775][924]LogModuleManager: Shutting down and abandoning module DerivedDataCache (162)
[2019.02.25-21.33.30:852][924]LogDerivedDataCache: Shutdown
[2019.02.25-21.33.30:852][924]LogModuleManager: Shutting down and abandoning module XGEController (160)
[2019.02.25-21.33.30:852][924]LogModuleManager: Shutting down and abandoning module TargetPlatform (158)
[2019.02.25-21.33.30:852][924]LogModuleManager: Shutting down and abandoning module VulkanShaderFormat (157)
[2019.02.25-21.33.30:852][924]LogModuleManager: Shutting down and abandoning module ShaderFormatVectorVM (155)
[2019.02.25-21.33.30:852][924]LogModuleManager: Shutting down and abandoning module ShaderFormatOpenGL (153)
[2019.02.25-21.33.30:852][924]LogModuleManager: Shutting down and abandoning module ShaderFormatD3D (151)
[2019.02.25-21.33.30:853][924]LogModuleManager: Shutting down and abandoning module MetalShaderFormat (149)
[2019.02.25-21.33.30:853][924]LogModuleManager: Shutting down and abandoning module TextureFormatUncompressed (147)
[2019.02.25-21.33.30:853][924]LogModuleManager: Shutting down and abandoning module TextureFormatPVR (145)
[2019.02.25-21.33.30:853][924]LogModuleManager: Shutting down and abandoning module TextureFormatDXT (143)
[2019.02.25-21.33.30:853][924]LogModuleManager: Shutting down and abandoning module TextureFormatIntelISPCTexComp (141)
[2019.02.25-21.33.30:853][924]LogModuleManager: Shutting down and abandoning module TextureFormatASTC (139)
[2019.02.25-21.33.30:853][924]LogModuleManager: Shutting down and abandoning module ImageWrapper (138)
[2019.02.25-21.33.30:853][924]LogModuleManager: Shutting down and abandoning module TextureFormatAndroid (135)
[2019.02.25-21.33.30:853][924]LogModuleManager: Shutting down and abandoning module AudioFormatOpus (133)
[2019.02.25-21.33.30:853][924]LogModuleManager: Shutting down and abandoning module AudioFormatOgg (131)
[2019.02.25-21.33.30:853][924]LogModuleManager: Shutting down and abandoning module AudioFormatADPCM (129)
[2019.02.25-21.33.30:853][924]LogModuleManager: Shutting down and abandoning module LuminTargetPlatform (127)
[2019.02.25-21.33.30:853][924]LogModuleManager: Shutting down and abandoning module LinuxTargetPlatform (125)
[2019.02.25-21.33.30:853][924]LogModuleManager: Shutting down and abandoning module LinuxServerTargetPlatform (123)
[2019.02.25-21.33.30:853][924]LogModuleManager: Shutting down and abandoning module LinuxNoEditorTargetPlatform (121)
[2019.02.25-21.33.30:853][924]LogModuleManager: Shutting down and abandoning module LinuxClientTargetPlatform (119)
[2019.02.25-21.33.30:853][924]LogModuleManager: Shutting down and abandoning module TVOSTargetPlatform (117)
[2019.02.25-21.33.30:854][924]LogModuleManager: Shutting down and abandoning module Messaging (115)
[2019.02.25-21.33.30:854][924]LogModuleManager: Shutting down and abandoning module IOSTargetPlatform (113)
[2019.02.25-21.33.30:855][924]LogModuleManager: Shutting down and abandoning module HTML5TargetPlatform (111)
[2019.02.25-21.33.30:855][924]LogModuleManager: Shutting down and abandoning module AndroidTargetPlatform (109)
[2019.02.25-21.33.30:861][924]LogModuleManager: Shutting down and abandoning module WindowsTargetPlatform (107)
[2019.02.25-21.33.30:861][924]LogModuleManager: Shutting down and abandoning module WindowsServerTargetPlatform (105)
[2019.02.25-21.33.30:861][924]LogModuleManager: Shutting down and abandoning module WindowsNoEditorTargetPlatform (103)
[2019.02.25-21.33.30:861][924]LogModuleManager: Shutting down and abandoning module WindowsClientTargetPlatform (101)
[2019.02.25-21.33.30:861][924]LogModuleManager: Shutting down and abandoning module MacTargetPlatform (99)
[2019.02.25-21.33.30:861][924]LogModuleManager: Shutting down and abandoning module MacServerTargetPlatform (97)
[2019.02.25-21.33.30:861][924]LogModuleManager: Shutting down and abandoning module MacNoEditorTargetPlatform (95)
[2019.02.25-21.33.30:861][924]LogModuleManager: Shutting down and abandoning module MacClientTargetPlatform (93)
[2019.02.25-21.33.30:861][924]LogModuleManager: Shutting down and abandoning module AllDesktopTargetPlatform (91)
[2019.02.25-21.33.30:861][924]LogModuleManager: Shutting down and abandoning module InputCore (88)
[2019.02.25-21.33.30:861][924]LogModuleManager: Shutting down and abandoning module Settings (86)
[2019.02.25-21.33.30:861][924]LogModuleManager: Shutting down and abandoning module PhysXCooking (84)
[2019.02.25-21.33.30:861][924]LogModuleManager: Shutting down and abandoning module SteamVR (82)
[2019.02.25-21.33.30:861][924]LogModuleManager: Shutting down and abandoning module OculusHMD (80)
[2019.02.25-21.33.30:861][924]LogModuleManager: Shutting down and abandoning module ExampleDeviceProfileSelector (78)
[2019.02.25-21.33.30:861][924]LogModuleManager: Shutting down and abandoning module LauncherChunkInstaller (76)
[2019.02.25-21.33.30:861][924]LogModuleManager: Shutting down and abandoning module OnlineBlueprintSupport (74)
[2019.02.25-21.33.30:861][924]LogModuleManager: Shutting down and abandoning module OnlineSubsystem (70)
[2019.02.25-21.33.30:863][924]LogModuleManager: Shutting down and abandoning module XMPP (65)
[2019.02.25-21.33.30:863][924]LogModuleManager: Shutting down and abandoning module WebSockets (64)
[2019.02.25-21.33.30:880][924]LogModuleManager: Shutting down and abandoning module HTTP (61)
[2019.02.25-21.33.30:880][924]LogHttp: Display: Http module shutting down, but needs to wait on 1 outstanding Http requests:
[2019.02.25-21.33.30:880][924]LogHttp: Display: 	verb=[POST] url=[https://datarouter.ol.epicgames.com/datarouter/api/v1/public/data?SessionID=%7B7EB09FF8-4416-38FD-28AA-7D9228D1A0E8%7D&AppID=UEEditor.Rocket.Release&AppVersion=4.20.3-4369336%2B%2B%2BUE4%2BRelease-4.20&UserID=52c8d69c47c3b558f96bdeaad69b44a8%7C1e4490187f7d4590821fe5ea33366920%7Ca0ac2db9-04c3-40ba-9c12-a7ac0bed75b1&AppEnvironment=datacollector-binary&UploadType=eteventstream] status=Processing
[2019.02.25-21.33.30:908][924]LogModuleManager: Shutting down and abandoning module SSL (60)
[2019.02.25-21.33.30:909][924]LogModuleManager: Shutting down and abandoning module MagicLeapEmulator (56)
[2019.02.25-21.33.30:909][924]LogModuleManager: Shutting down and abandoning module MagicLeapPrivileges (54)
[2019.02.25-21.33.30:909][924]LogModuleManager: Shutting down and abandoning module MagicLeapIdentity (52)
[2019.02.25-21.33.30:909][924]LogModuleManager: Shutting down and abandoning module MagicLeapHelperVulkan (50)
[2019.02.25-21.33.30:909][924]LogModuleManager: Shutting down and abandoning module MagicLeapHelperOpenGL (48)
[2019.02.25-21.33.30:909][924]LogModuleManager: Shutting down and abandoning module MagicLeapSecureStorage (46)
[2019.02.25-21.33.30:909][924]LogModuleManager: Shutting down and abandoning module MagicLeapGestures (44)
[2019.02.25-21.33.30:909][924]LogModuleManager: Shutting down and abandoning module MagicLeapEyeTracker (42)
[2019.02.25-21.33.30:909][924]LogModuleManager: Shutting down and abandoning module MagicLeapController (40)
[2019.02.25-21.33.30:909][924]LogSlate: Slate User Destroyed.  User Index 0, Is Virtual User: 0
[2019.02.25-21.33.30:909][924]LogModuleManager: Shutting down and abandoning module MagicLeap (38)
[2019.02.25-21.33.30:909][924]LogModuleManager: Shutting down and abandoning module AnimationModifiers (36)
[2019.02.25-21.33.30:909][924]LogModuleManager: Shutting down and abandoning module PropertyEditor (35)
[2019.02.25-21.33.30:909][924]LogModuleManager: Shutting down and abandoning module AudioEditor (32)
[2019.02.25-21.33.30:909][924]LogModuleManager: Shutting down and abandoning module TextureCompressor (30)
[2019.02.25-21.33.30:909][924]LogModuleManager: Shutting down and abandoning module ShaderCore (28)
[2019.02.25-21.33.30:909][924]LogModuleManager: Shutting down and abandoning module Landscape (26)
[2019.02.25-21.33.30:909][924]LogModuleManager: Shutting down and abandoning module SlateRHIRenderer (24)
[2019.02.25-21.33.30:910][924]LogModuleManager: Shutting down and abandoning module OpenGLDrv (22)
[2019.02.25-21.33.30:910][924]LogModuleManager: Shutting down and abandoning module D3D11RHI (20)
[2019.02.25-21.33.30:910][924]LogModuleManager: Shutting down and abandoning module AnimGraphRuntime (18)
[2019.02.25-21.33.30:910][924]LogModuleManager: Shutting down and abandoning module Renderer (16)
[2019.02.25-21.33.30:910][924]LogModuleManager: Shutting down and abandoning module Engine (14)
[2019.02.25-21.33.30:910][924]LogModuleManager: Shutting down and abandoning module CoreUObject (12)
[2019.02.25-21.33.30:910][924]LogModuleManager: Shutting down and abandoning module NetworkFile (10)
[2019.02.25-21.33.30:910][924]LogModuleManager: Shutting down and abandoning module CookedIterativeFile (8)
[2019.02.25-21.33.30:910][924]LogModuleManager: Shutting down and abandoning module StreamingFile (6)
[2019.02.25-21.33.30:910][924]LogModuleManager: Shutting down and abandoning module SandboxFile (4)
[2019.02.25-21.33.30:910][924]LogModuleManager: Shutting down and abandoning module PakFile (2)
[2019.02.25-21.33.30:918][924]LogExit: Exiting.
[2019.02.25-21.33.30:921][924]Log file closed, 02/25/19 16:33:30
