Log file open, 03/11/19 20:20:35
LogWindows: Failed to load 'aqProf.dll' (GetLastError=126)
LogWindows: File 'aqProf.dll' does not exist
LogWindows: Failed to load 'VtuneApi.dll' (GetLastError=126)
LogWindows: File 'VtuneApi.dll' does not exist
LogWindows: Failed to load 'VtuneApi32e.dll' (GetLastError=126)
LogWindows: File 'VtuneApi32e.dll' does not exist
LogInit: Display: Running engine for game: MarshMellow
LogPlatformFile: Not using cached read wrapper
LogTaskGraph: Started task graph with 5 named threads and 23 total threads with 3 sets of task threads.
LogStats: Stats thread started at 0.308763
LogD3D11RHI: Loaded GFSDK_Aftermath_Lib.x64.dll
LogICUInternationalization: Display: ICU TimeZone Detection - Raw Offset: -5:00, Platform Override: ''
LogPluginManager: Mounting plugin Paper2D
LogPluginManager: Mounting plugin AISupport
LogPluginManager: Mounting plugin LightPropagationVolume
LogPluginManager: Mounting plugin CLionSourceCodeAccess
LogPluginManager: Mounting plugin CodeLiteSourceCodeAccess
LogPluginManager: Mounting plugin GitSourceControl
LogPluginManager: Mounting plugin KDevelopSourceCodeAccess
LogPluginManager: Mounting plugin NullSourceCodeAccess
LogPluginManager: Mounting plugin PerforceSourceControl
LogPluginManager: Mounting plugin SubversionSourceControl
LogPluginManager: Mounting plugin UObjectPlugin
LogPluginManager: Mounting plugin VisualStudioCodeSourceCodeAccess
LogPluginManager: Mounting plugin VisualStudioSourceCodeAccess
LogPluginManager: Mounting plugin XCodeSourceCodeAccess
LogPluginManager: Mounting plugin AssetManagerEditor
LogPluginManager: Mounting plugin CryptoKeys
LogPluginManager: Mounting plugin DataValidation
LogPluginManager: Mounting plugin FacialAnimation
LogPluginManager: Mounting plugin GameplayTagsEditor
LogPluginManager: Mounting plugin MacGraphicsSwitching
LogPluginManager: Mounting plugin MeshEditor
LogPluginManager: Mounting plugin MobileLauncherProfileWizard
LogPluginManager: Mounting plugin PluginBrowser
LogPluginManager: Mounting plugin SpeedTreeImporter
LogPluginManager: Mounting plugin DatasmithContent
LogPluginManager: Mounting plugin AlembicImporter
LogPluginManager: Mounting plugin AppleImageUtils
LogPluginManager: Mounting plugin AppleVision
LogPluginManager: Mounting plugin BackChannel
LogPluginManager: Mounting plugin CharacterAI
LogPluginManager: Mounting plugin GeometryCache
LogPluginManager: Mounting plugin HTML5Networking
LogPluginManager: Mounting plugin ProxyLODPlugin
LogPluginManager: Mounting plugin MagicLeap
LogPluginManager: Mounting plugin MagicLeapEmulator
LogPluginManager: Mounting plugin MagicLeapMedia
LogPluginManager: Mounting plugin AndroidMedia
LogPluginManager: Mounting plugin AvfMedia
LogPluginManager: Mounting plugin ImgMedia
LogPluginManager: Mounting plugin LinearTimecode
LogPluginManager: Mounting plugin MediaCompositing
LogPluginManager: Mounting plugin MediaPlayerEditor
LogPluginManager: Mounting plugin WmfMedia
LogPluginManager: Mounting plugin TcpMessaging
LogPluginManager: Mounting plugin UdpMessaging
LogPluginManager: Mounting plugin ActorSequence
LogPluginManager: Mounting plugin LevelSequenceEditor
LogPluginManager: Mounting plugin MatineeToLevelSequence
LogPluginManager: Mounting plugin NetcodeUnitTest
LogPluginManager: Mounting plugin NUTUnrealEngine4
LogPluginManager: Mounting plugin OnlineSubsystemGooglePlay
LogPluginManager: Mounting plugin OnlineSubsystemIOS
LogPluginManager: Mounting plugin OnlineSubsystem
LogPluginManager: Mounting plugin OnlineSubsystemNull
LogPluginManager: Mounting plugin OnlineSubsystemUtils
LogPluginManager: Mounting plugin LauncherChunkInstaller
LogPluginManager: Mounting plugin AndroidDeviceProfileSelector
LogPluginManager: Mounting plugin AndroidMoviePlayer
LogPluginManager: Mounting plugin AndroidPermission
LogPluginManager: Mounting plugin AppleMoviePlayer
LogPluginManager: Mounting plugin ArchVisCharacter
LogPluginManager: Mounting plugin AudioCapture
LogPluginManager: Mounting plugin CableComponent
LogPluginManager: Mounting plugin CustomMeshComponent
LogPluginManager: Mounting plugin EditableMesh
LogPluginManager: Mounting plugin ExampleDeviceProfileSelector
LogPluginManager: Mounting plugin GoogleCloudMessaging
LogPluginManager: Mounting plugin ImmediatePhysics
LogPluginManager: Mounting plugin IOSDeviceProfileSelector
LogPluginManager: Mounting plugin LinuxDeviceProfileSelector
LogPluginManager: Mounting plugin LocationServicesBPLibrary
LogPluginManager: Mounting plugin MobilePatchingUtils
LogPluginManager: Mounting plugin OculusVR
LogPluginManager: Plugin shader directory ../../../Engine/Plugins/Runtime/Oculus/OculusVR/Shaders found
LogPluginManager: Mapping shader source directory ../../../Engine/Plugins/Runtime/Oculus/OculusVR/Shaders to virtual directory /Plugin/OculusVR
LogPluginManager: Mounting plugin PhysXVehicles
LogPluginManager: Mounting plugin ProceduralMeshComponent
LogPluginManager: Mounting plugin RuntimePhysXCooking
LogPluginManager: Mounting plugin SteamVR
LogPluginManager: Mounting plugin WindowsMoviePlayer
LogStreaming: Display: Took  0.495s to configure plugins.
LogInit: Using libcurl 7.55.1-DEV
LogInit:  - built for x86_64-pc-win32
LogInit:  - supports SSL with OpenSSL/1.0.2h
LogInit:  - supports HTTP deflate (compression) using libz 1.2.8
LogInit:  - other features:
LogInit:      CURL_VERSION_SSL
LogInit:      CURL_VERSION_LIBZ
LogInit:      CURL_VERSION_IPV6
LogInit:      CURL_VERSION_ASYNCHDNS
LogInit:      CURL_VERSION_LARGEFILE
LogInit:      CURL_VERSION_IDN
LogInit:  CurlRequestOptions (configurable via config and command line):
LogInit:  - bVerifyPeer = false  - Libcurl will NOT verify peer certificate
LogInit:  - bUseHttpProxy = false  - Libcurl will NOT use HTTP proxy
LogInit:  - bDontReuseConnections = false  - Libcurl will reuse connections
LogInit:  - CertBundlePath = nullptr  - Libcurl will use whatever was configured at build time.
LogInit:  - MaxHostConnections = 16  - Libcurl will limit the number of connections to a host
LogInit:  - LocalHostAddr = Default
LogInit:  - BufferSize = 65536
LogInit: WinSock: version 1.1 (2.2), MaxSocks=32767, MaxUdp=65467
LogInit: Build: ++UE4+Release-4.20-CL-4369336
LogInit: Engine Version: 4.20.3-4369336+++UE4+Release-4.20
LogInit: Compatible Engine Version: 4.20.0-4212847+++UE4+Release-4.20
LogInit: Net CL: 4212847
LogInit: OS: Windows 10 (), CPU: Intel(R) Core(TM) i7-6700HQ CPU @ 2.60GHz, GPU: Intel(R) HD Graphics 530
LogInit: Compiled (64-bit): Sep 17 2018 12:26:19
LogInit: Compiled with Visual C++: 19.13.26129.00
LogInit: Build Configuration: Development
LogInit: Branch Name: ++UE4+Release-4.20
LogInit: Command Line: 
LogInit: Base Directory: C:/Program Files/Epic Games/UE_4.20/Engine/Binaries/Win64/
LogInit: Installed Engine Build: 1
LogDevObjectVersion: Number of dev versions registered: 20
LogDevObjectVersion:   Dev-Blueprints (B0D832E4-1F89-4F0D-ACCF-7EB736FD4AA2): 10
LogDevObjectVersion:   Dev-Build (E1C64328-A22C-4D53-A36C-8E866417BD8C): 0
LogDevObjectVersion:   Dev-Core (375EC13C-06E4-48FB-B500-84F0262A717E): 2
LogDevObjectVersion:   Dev-Editor (E4B068ED-F494-42E9-A231-DA0B2E46BB41): 24
LogDevObjectVersion:   Dev-Framework (CFFC743F-43B0-4480-9391-14DF171D2073): 34
LogDevObjectVersion:   Dev-Mobile (B02B49B5-BB20-44E9-A304-32B752E40360): 2
LogDevObjectVersion:   Dev-Networking (A4E4105C-59A1-49B5-A7C5-40C4547EDFEE): 0
LogDevObjectVersion:   Dev-Online (39C831C9-5AE6-47DC-9A44-9C173E1C8E7C): 0
LogDevObjectVersion:   Dev-Physics (78F01B33-EBEA-4F98-B9B4-84EACCB95AA2): 0
LogDevObjectVersion:   Dev-Platform (6631380F-2D4D-43E0-8009-CF276956A95A): 0
LogDevObjectVersion:   Dev-Rendering (12F88B9F-8875-4AFC-A67C-D90C383ABD29): 26
LogDevObjectVersion:   Dev-Sequencer (7B5AE74C-D270-4C10-A958-57980B212A5A): 9
LogDevObjectVersion:   Dev-VR (D7296918-1DD6-4BDD-9DE2-64A83CC13884): 2
LogDevObjectVersion:   Dev-LoadTimes (C2A15278-BFE7-4AFE-6C17-90FF531DF755): 1
LogDevObjectVersion:   Private-Geometry (6EACA3D4-40EC-4CC1-B786-8BED09428FC5): 3
LogDevObjectVersion:   Dev-AnimPhys (29E575DD-E0A3-4627-9D10-D276232CDCEA): 17
LogDevObjectVersion:   Dev-ReflectionCapture (6B266CEC-1EC7-4B8F-A30B-E4D90942FC07): 1
LogDevObjectVersion:   Dev-Automation (0DF73D61-A23F-47EA-B727-89E90C41499A): 1
LogDevObjectVersion:   FortniteMain (601D1886-AC64-4F84-AA16-D3DE0DEAC7D6): 12
LogDevObjectVersion:   Dev-Enterprise (9DFFBCD6-494F-0158-E221-12823C92A888): 1
LogStreaming: Display: Took  0.007s to delete old logs.
LogInit: Presizing for max 8388607 objects, including 0 objects not considered by GC, pre-allocating 0 bytes for permanent pool.
LogInit: Object subsystem initialized
[2019.03.12-00.20.36:687][  0]LogInit: Selected Device Profile: [Windows]
[2019.03.12-00.20.36:687][  0]LogInit: Applying CVar settings loaded from the selected device profile: [Windows]
[2019.03.12-00.20.36:702][  0]LogHAL: Display: Platform has ~ 16 GB [16918298624 / 17179869184 / 16], which maps to Larger [LargestMinGB=32, LargerMinGB=12, DefaultMinGB=8, SmallerMinGB=6, SmallestMinGB=0)
[2019.03.12-00.20.36:702][  0]LogInit: Setting Device Profile CVar: [[r.Vulkan.UseRealUBs:1]]
[2019.03.12-00.20.36:702][  0]LogInit: Going up to parent DeviceProfile []
[2019.03.12-00.20.36:703][  0]LogInit: Computer: DESKTOP-N2EB70C
[2019.03.12-00.20.36:703][  0]LogInit: User: cheny43
[2019.03.12-00.20.36:703][  0]LogInit: CPU Page size=4096, Cores=4
[2019.03.12-00.20.36:703][  0]LogInit: High frequency timer resolution =2.531251 MHz
[2019.03.12-00.20.36:703][  0]LogMemory: Memory total: Physical=15.8GB (16GB approx)
[2019.03.12-00.20.36:703][  0]LogMemory: Platform Memory Stats for Windows
[2019.03.12-00.20.36:703][  0]LogMemory: Process Physical Memory: 102.32 MB used, 102.32 MB peak
[2019.03.12-00.20.36:703][  0]LogMemory: Process Virtual Memory: 101.45 MB used, 101.45 MB peak
[2019.03.12-00.20.36:703][  0]LogMemory: Physical Memory: 5890.13 MB used,  10244.41 MB free, 16134.55 MB total
[2019.03.12-00.20.36:703][  0]LogMemory: Virtual Memory: 4651.34 MB used,  10244.41 MB free, 134217728.00 MB total
[2019.03.12-00.20.36:726][  0]LogInit: Using OS detected language (en-US).
[2019.03.12-00.20.36:726][  0]LogInit: Using OS detected locale (en-US).
[2019.03.12-00.20.36:727][  0]LogTextLocalizationManager: No specific localization for 'en-US' exists, so the 'en' localization will be used.
[2019.03.12-00.20.37:150][  0]LogStreaming: Display: Took  0.424s to InitEngineTextLocalization.
[2019.03.12-00.20.37:150][  0]LogInit: Setting process to per monitor DPI aware
[2019.03.12-00.20.37:200][  0]LogSlate: New Slate User Created.  User Index 0, Is Virtual User: 0
[2019.03.12-00.20.37:200][  0]LogSlate: Slate User Registered.  User Index 0, Is Virtual User: 0
[2019.03.12-00.20.37:474][  0]LogHMD: Failed to initialize OpenVR with code 110
[2019.03.12-00.20.37:474][  0]LogD3D11RHI: D3D11 adapters:
[2019.03.12-00.20.37:538][  0]LogD3D11RHI:    0. 'NVIDIA GeForce GTX 960M' (Feature Level 11_0)
[2019.03.12-00.20.37:538][  0]LogD3D11RHI:       2010/0/8067 MB DedicatedVideo/DedicatedSystem/SharedSystem, Outputs:1, VendorId:0x10de
[2019.03.12-00.20.37:547][  0]LogD3D11RHI:    1. 'Intel(R) HD Graphics 530' (Feature Level 11_0)
[2019.03.12-00.20.37:547][  0]LogD3D11RHI:       128/0/8067 MB DedicatedVideo/DedicatedSystem/SharedSystem, Outputs:0, VendorId:0x8086
[2019.03.12-00.20.37:550][  0]LogD3D11RHI:    2. 'Microsoft Basic Render Driver' (Feature Level 11_0)
[2019.03.12-00.20.37:550][  0]LogD3D11RHI:       0/0/8067 MB DedicatedVideo/DedicatedSystem/SharedSystem, Outputs:0, VendorId:0x1414
[2019.03.12-00.20.37:550][  0]LogD3D11RHI: Chosen D3D11 Adapter: 0
[2019.03.12-00.20.37:594][  0]LogD3D11RHI: Creating new Direct3DDevice
[2019.03.12-00.20.37:595][  0]LogD3D11RHI:     GPU DeviceId: 0x139b (for the marketing name, search the web for "GPU Device Id")
[2019.03.12-00.20.37:595][  0]LogWindows: EnumDisplayDevices:
[2019.03.12-00.20.37:595][  0]LogWindows:    0. 'Intel(R) HD Graphics 530' (P:1 D:1)
[2019.03.12-00.20.37:595][  0]LogWindows:    1. 'Intel(R) HD Graphics 530' (P:0 D:0)
[2019.03.12-00.20.37:595][  0]LogWindows:    2. 'Intel(R) HD Graphics 530' (P:0 D:0)
[2019.03.12-00.20.37:595][  0]LogWindows: DebugString: PrimaryIsNotTheChoosenAdapter PrimaryIsNotTheChoosenAdapter PrimaryIsNotTheChoosenAdapter FoundDriverCount:0 
[2019.03.12-00.20.37:595][  0]LogD3D11RHI:     Adapter Name: NVIDIA GeForce GTX 960M
[2019.03.12-00.20.37:595][  0]LogD3D11RHI:   Driver Version: Unknown (internal:Unknown, unified:Unknown)
[2019.03.12-00.20.37:595][  0]LogD3D11RHI:      Driver Date: Unknown
[2019.03.12-00.20.37:596][  0]LogRHI: Texture pool is 1407 MB (70% of 2010 MB)
[2019.03.12-00.20.37:642][  0]LogD3D11RHI: Async texture creation enabled
[2019.03.12-00.20.37:660][  0]LogD3D11RHI: GPU Timing Frequency: 1000.000000 (Debug: 2 2)
[2019.03.12-00.20.37:661][  0]LogShaderCompilers: Guid format shader working directory is 1 characters bigger than the processId version (../../../../../../MARSHMALLOWS-WOOO/Marshmellow/Intermediate/Shaders/WorkingDirectory/9768/).
[2019.03.12-00.20.37:661][  0]LogShaderCompilers: Cleaned the shader compiler working directory 'C:/Users/cheny43/AppData/Local/Temp/UnrealShaderWorkingDir/D16470974F4DFD8718862A84E6FA184E/'.
[2019.03.12-00.20.38:011][  0]LogTemp: Display: Loaded TP AllDesktopTargetPlatform
[2019.03.12-00.20.38:029][  0]LogTemp: Display: Loaded TP MacClientTargetPlatform
[2019.03.12-00.20.38:048][  0]LogTemp: Display: Loaded TP MacNoEditorTargetPlatform
[2019.03.12-00.20.38:064][  0]LogTemp: Display: Loaded TP MacServerTargetPlatform
[2019.03.12-00.20.38:079][  0]LogTemp: Display: Loaded TP MacTargetPlatform
[2019.03.12-00.20.38:098][  0]LogTemp: Display: Loaded TP WindowsClientTargetPlatform
[2019.03.12-00.20.38:115][  0]LogTemp: Display: Loaded TP WindowsNoEditorTargetPlatform
[2019.03.12-00.20.38:136][  0]LogTemp: Display: Loaded TP WindowsServerTargetPlatform
[2019.03.12-00.20.38:145][  0]LogTemp: Display: Loaded TP WindowsTargetPlatform
[2019.03.12-00.20.38:256][  0]LogTemp: Display: Loaded TP AndroidTargetPlatform
[2019.03.12-00.20.38:256][  0]LogTemp: Display: Loaded TP AndroidTargetPlatform
[2019.03.12-00.20.38:256][  0]LogTemp: Display: Loaded TP AndroidTargetPlatform
[2019.03.12-00.20.38:256][  0]LogTemp: Display: Loaded TP AndroidTargetPlatform
[2019.03.12-00.20.38:256][  0]LogTemp: Display: Loaded TP AndroidTargetPlatform
[2019.03.12-00.20.38:256][  0]LogTemp: Display: Loaded TP AndroidTargetPlatform
[2019.03.12-00.20.38:256][  0]LogTemp: Display: Loaded TP AndroidTargetPlatform
[2019.03.12-00.20.38:256][  0]LogTemp: Display: Loaded TP AndroidTargetPlatform
[2019.03.12-00.20.38:256][  0]LogTemp: Display: Loaded TP AndroidTargetPlatform
[2019.03.12-00.20.38:256][  0]LogTemp: Display: Loaded TP AndroidTargetPlatform
[2019.03.12-00.20.38:256][  0]LogTemp: Display: Loaded TP AndroidTargetPlatform
[2019.03.12-00.20.38:256][  0]LogTemp: Display: Loaded TP AndroidTargetPlatform
[2019.03.12-00.20.38:256][  0]LogTemp: Display: Loaded TP AndroidTargetPlatform
[2019.03.12-00.20.38:256][  0]LogTemp: Display: Loaded TP AndroidTargetPlatform
[2019.03.12-00.20.38:256][  0]LogTemp: Display: Loaded TP AndroidTargetPlatform
[2019.03.12-00.20.38:256][  0]LogTemp: Display: Loaded TP AndroidTargetPlatform
[2019.03.12-00.20.38:256][  0]LogTemp: Display: Loaded TP AndroidTargetPlatform
[2019.03.12-00.20.38:256][  0]LogTemp: Display: Loaded TP AndroidTargetPlatform
[2019.03.12-00.20.38:258][  0]LogTemp: Display: Loaded TP HTML5TargetPlatform
[2019.03.12-00.20.38:324][  0]LogTemp: Display: Loaded TP IOSTargetPlatform
[2019.03.12-00.20.38:324][  0]LogTemp: Display: Loaded TP IOSTargetPlatform
[2019.03.12-00.20.38:355][  0]LogTemp: Display: Loaded TP TVOSTargetPlatform
[2019.03.12-00.20.38:355][  0]LogTemp: Display: Loaded TP TVOSTargetPlatform
[2019.03.12-00.20.38:370][  0]LogTemp: Display: Loaded TP LinuxClientTargetPlatform
[2019.03.12-00.20.38:391][  0]LogTemp: Display: Loaded TP LinuxNoEditorTargetPlatform
[2019.03.12-00.20.38:404][  0]LogTemp: Display: Loaded TP LinuxServerTargetPlatform
[2019.03.12-00.20.38:419][  0]LogTemp: Display: Loaded TP LinuxTargetPlatform
[2019.03.12-00.20.38:433][  0]LogTemp: Display: Loaded TP LuminTargetPlatform
[2019.03.12-00.20.38:433][  0]LogTargetPlatformManager: Display: Building Assets For Windows
[2019.03.12-00.20.38:512][  0]LogXGEController: Cannot use XGE Controller as Incredibuild is not installed on this machine.
[2019.03.12-00.20.38:512][  0]LogShaderCompilers: Cannot use XGE Shader Compiler as Incredibuild is not installed on this machine.
[2019.03.12-00.20.38:512][  0]LogShaderCompilers: Display: Using Local Shader Compiler.
[2019.03.12-00.20.39:440][  0]LogDerivedDataCache: Display: Max Cache Size: 512 MB
[2019.03.12-00.20.39:509][  0]LogDerivedDataCache: Loaded boot cache 0.07s 71MB C:/Users/cheny43/AppData/Local/UnrealEngine/4.20/DerivedDataCache/Boot.ddc.
[2019.03.12-00.20.39:510][  0]LogDerivedDataCache: Display: Loaded Boot cache: C:/Users/cheny43/AppData/Local/UnrealEngine/4.20/DerivedDataCache/Boot.ddc
[2019.03.12-00.20.39:510][  0]LogDerivedDataCache: FDerivedDataBackendGraph:  Pak pak cache file ../../../../../../MARSHMALLOWS-WOOO/Marshmellow/DerivedDataCache/DDC.ddp not found, will not use a pak cache.
[2019.03.12-00.20.39:510][  0]LogDerivedDataCache: Unable to find inner node Pak for hierarchical cache Hierarchy.
[2019.03.12-00.20.39:510][  0]LogDerivedDataCache: FDerivedDataBackendGraph:  CompressedPak pak cache file ../../../../../../MARSHMALLOWS-WOOO/Marshmellow/DerivedDataCache/Compressed.ddp not found, will not use a pak cache.
[2019.03.12-00.20.39:510][  0]LogDerivedDataCache: Unable to find inner node CompressedPak for hierarchical cache Hierarchy.
[2019.03.12-00.20.39:528][  0]LogDerivedDataCache: Display: Pak cache opened for reading ../../../Engine/DerivedDataCache/Compressed.ddp.
[2019.03.12-00.20.39:541][  0]LogDerivedDataCache: Using Local data cache path C:/Users/cheny43/AppData/Local/UnrealEngine/Common/DerivedDataCache: Writable
[2019.03.12-00.20.39:541][  0]LogDerivedDataCache: Shared data cache path not found in *engine.ini, will not use an Shared cache.
[2019.03.12-00.20.39:541][  0]LogDerivedDataCache: Unable to find inner node Shared for hierarchical cache Hierarchy.
[2019.03.12-00.20.39:571][  0]LogMaterial: Verifying Global Shaders for PCD3D_SM5
[2019.03.12-00.20.39:572][  0]LogSlate: Using FreeType 2.6.0
[2019.03.12-00.20.39:573][  0]LogSlate: SlateFontServices - WITH_FREETYPE: 1, WITH_HARFBUZZ: 1
[2019.03.12-00.20.39:664][  0]LogAssetRegistry: FAssetRegistry took 0.0273 seconds to start up
[2019.03.12-00.20.40:109][  0]LogInit: Selected Device Profile: [Windows]
[2019.03.12-00.20.40:293][  0]LogSimplygon: Simplygon DLL not present - disabling.
[2019.03.12-00.20.40:300][  0]LogMeshReduction: Using SimplygonSwarm for distributed automatic mesh merging
[2019.03.12-00.20.40:300][  0]LogMeshReduction: Using ProxyLODMeshReduction for automatic mesh merging
[2019.03.12-00.20.40:300][  0]LogMeshReduction: Using QuadricMeshReduction for automatic static mesh reduction
[2019.03.12-00.20.40:300][  0]LogMeshReduction: No automatic skeletal mesh reduction module available
[2019.03.12-00.20.40:318][  0]LogNetVersion: MarshMellow 1.0.0, NetCL: 4212847, EngineNetVer: 5, GameNetVer: 0 (Checksum: 3750370364)
[2019.03.12-00.20.41:075][  0]LogPackageLocalizationCache: Processed 11 localized package path(s) for 2 prioritized culture(s) in 0.194383 seconds
[2019.03.12-00.20.41:083][  0]LogUObjectArray: 38425 objects as part of root set at end of initial load.
[2019.03.12-00.20.41:083][  0]LogUObjectAllocator: 6690864 out of 0 bytes used by permanent object pool.
[2019.03.12-00.20.41:083][  0]LogUObjectArray: CloseDisregardForGC: 0/0 objects in disregard for GC pool
[2019.03.12-00.20.42:156][  0]LogTcpMessaging: Initializing TcpMessaging bridge
[2019.03.12-00.20.42:169][  0]LogUdpMessaging: Initializing bridge on interface 0.0.0.0:0 to multicast group 230.0.0.1:6666.
[2019.03.12-00.20.42:337][  0]SourceControl: Source control is disabled
[2019.03.12-00.20.42:337][  0]SourceControl: Source control is disabled
[2019.03.12-00.20.42:339][  0]SourceControl: Source control is disabled
[2019.03.12-00.20.42:340][  0]SourceControl: Source control is disabled
[2019.03.12-00.20.42:525][  0]LogAndroidPermission: UAndroidPermissionCallbackProxy::GetInstance
[2019.03.12-00.20.42:607][  0]LogOcInput: OculusInput pre-init called
[2019.03.12-00.20.42:685][  0]LogEngine: Initializing Engine...
[2019.03.12-00.20.42:687][  0]LogHMD: Failed to initialize OpenVR with code 110
[2019.03.12-00.20.42:688][  0]LogStats: UGameplayTagsManager::ConstructGameplayTagTree: ImportINI prefixes -  0.000 s
[2019.03.12-00.20.42:689][  0]LogStats: UGameplayTagsManager::ConstructGameplayTagTree: Construct from data asset -  0.000 s
[2019.03.12-00.20.42:689][  0]LogStats: UGameplayTagsManager::ConstructGameplayTagTree: ImportINI -  0.000 s
[2019.03.12-00.20.42:689][  0]LogStats: UGameplayTagsManager::ConstructGameplayTagTree: GameplayTagTreeChangedEvent.Broadcast -  0.000 s
[2019.03.12-00.20.42:956][  0]LogInit: Initializing FReadOnlyCVARCache
[2019.03.12-00.20.42:985][  0]LogAIModule: Creating AISystem for world Untitled
[2019.03.12-00.20.43:010][  0]LogInit: XAudio2 using 'Speakers / Headphones (Realtek Audio)' : 2 channels at 48 kHz using 32 bits per sample (channel mask 0x3)
[2019.03.12-00.20.43:207][  0]LogInit: FAudioDevice initialized.
[2019.03.12-00.20.43:207][  0]LogNetVersion: Set ProjectVersion to 1.0.0.0. Version Checksum will be recalculated on next use.
[2019.03.12-00.20.43:264][  0]LogDerivedDataCache: Saved boot cache 0.06s 71MB C:/Users/cheny43/AppData/Local/UnrealEngine/4.20/DerivedDataCache/Boot.ddc.
[2019.03.12-00.20.43:276][  0]LogInit: Texture streaming: Enabled
[2019.03.12-00.20.43:301][  0]LogEngineSessionManager: EngineSessionManager initialized
[2019.03.12-00.20.43:327][  0]LogInit: Transaction tracking system initialized
[2019.03.12-00.20.43:363][  0]BlueprintLog: New page: Editor Load
[2019.03.12-00.20.43:488][  0]LocalizationService: Localization service is disabled
[2019.03.12-00.20.43:551][  0]LogLinker: Warning: Can't find file '/Game/FirstPersonBP/FirstPersonOverview'
[2019.03.12-00.20.43:551][  0]LogLinker: Warning: Can't find file '/Game/FirstPersonBP/FirstPersonOverview'
[2019.03.12-00.20.43:551][  0]LogUObjectGlobals: Warning: Failed to find object 'Class /Game/FirstPersonBP/FirstPersonOverview.FirstPersonOverview_C'
[2019.03.12-00.20.43:806][  0]LogCook: Display: Max memory allowance for cook 16384mb min free memory 0mb
[2019.03.12-00.20.43:806][  0]LogCook: Display: Mobile HDR setting 1
[2019.03.12-00.20.43:806][  0]LogGameplayTags: Display: UGameplayTagsManager::DoneAddingNativeTags. DelegateIsBound: 0
[2019.03.12-00.20.43:806][  0]LogStats: UGameplayTagsManager::ConstructGameplayTagTree: ImportINI prefixes -  0.000 s
[2019.03.12-00.20.43:806][  0]LogStats: UGameplayTagsManager::ConstructGameplayTagTree: Construct from data asset -  0.000 s
[2019.03.12-00.20.43:806][  0]LogStats: UGameplayTagsManager::ConstructGameplayTagTree: ImportINI -  0.000 s
[2019.03.12-00.20.43:806][  0]LogStats: UGameplayTagsManager::ConstructGameplayTagTree: GameplayTagTreeChangedEvent.Broadcast -  0.000 s
[2019.03.12-00.20.43:967][  0]LogFileCache: Scanning file cache for directory 'C:/MARSHMALLOWS-WOOO/Marshmellow/Content/' took 0.05s
[2019.03.12-00.20.43:968][  0]SourceControl: Source control is disabled
[2019.03.12-00.20.43:968][  0]Cmd: MAP LOAD FILE="../../../../../../MARSHMALLOWS-WOOO/Marshmellow/Content/StarterContent/Maps/Minimal_Default.umap" TEMPLATE=0 SHOWPROGRESS=1 FEATURELEVEL=3
[2019.03.12-00.20.43:974][  0]LightingResults: New page: Lighting Build
[2019.03.12-00.20.43:978][  0]MapCheck: New page: Map Check
[2019.03.12-00.20.43:978][  0]LightingResults: New page: Lighting Build
[2019.03.12-00.20.44:155][  0]LogLinker: Warning: Can't find file '/Game/StarterContent/Maps/Minimal_Default_BuiltData'
[2019.03.12-00.20.44:155][  0]LogLinker: Warning: Can't find file for asset '/Game/StarterContent/Maps/Minimal_Default_BuiltData' while loading ../../../../../../MARSHMALLOWS-WOOO/Marshmellow/Content/StarterContent/Maps/Minimal_Default.umap.
[2019.03.12-00.20.44:155][  0]LoadErrors: Error: /Game/StarterContent/Maps/Minimal_Default : Can't find file for asset. /Game/StarterContent/Maps/Minimal_Default_BuiltData
[2019.03.12-00.20.44:309][  0]LogLinker: Warning: Can't find file '/Game/StarterContent/Maps/Minimal_Default_BuiltData'
[2019.03.12-00.20.44:309][  0]LogLinker: Warning: Can't find file for asset '/Game/StarterContent/Maps/Minimal_Default_BuiltData' while loading ../../../../../../MARSHMALLOWS-WOOO/Marshmellow/Content/StarterContent/Maps/Minimal_Default.umap.
[2019.03.12-00.20.44:309][  0]LoadErrors: Error: /Game/StarterContent/Maps/Minimal_Default : Can't find file for asset. /Game/StarterContent/Maps/Minimal_Default_BuiltData
[2019.03.12-00.20.44:410][  0]LogLinker: Warning: Can't find file '/Game/StarterContent/Maps/Minimal_Default_BuiltData'
[2019.03.12-00.20.44:410][  0]LogLinker: Warning: Can't find file for asset '/Game/StarterContent/Maps/Minimal_Default_BuiltData' while loading NULL.
[2019.03.12-00.20.44:410][  0]LogLinker: Warning: Can't find file '/Game/StarterContent/Maps/Minimal_Default_BuiltData'
[2019.03.12-00.20.44:410][  0]LogLinker: Warning: Can't find file for asset '/Game/StarterContent/Maps/Minimal_Default_BuiltData' while loading NULL.
[2019.03.12-00.20.44:424][  0]LogLinker: Warning: Can't find file '/Game/StarterContent/Maps/Minimal_Default_BuiltData'
[2019.03.12-00.20.44:424][  0]LoadErrors: Failed to load /Game/StarterContent/Maps/Minimal_Default_BuiltData.Minimal_Default_BuiltData Referenced by PersistentLevel
[2019.03.12-00.20.44:424][  0]LogLinker: Warning: Can't find file for asset '/Game/StarterContent/Maps/Minimal_Default_BuiltData' while loading NULL.
[2019.03.12-00.20.44:425][  0]LoadErrors: Failed to load /Game/StarterContent/Maps/Minimal_Default_BuiltData.Minimal_Default_BuiltData Referenced by PersistentLevel
[2019.03.12-00.20.44:688][  0]LogAIModule: Creating AISystem for world Minimal_Default
[2019.03.12-00.20.44:700][  0]LogEditorServer: Finished looking for orphan Actors (0.000 secs)
[2019.03.12-00.20.44:727][  0]Cmd: MAP CHECKDEP NOCLEARLOG
[2019.03.12-00.20.44:819][  0]MapCheck: Map check complete: 0 Error(s), 0 Warning(s), took 92.068ms to complete.
[2019.03.12-00.20.44:819][  0]LogFileHelpers: Loading map 'Minimal_Default' took 0.852
[2019.03.12-00.20.44:960][  0]LogSlate: Updating window title bar state: overlay mode, drag disabled, window buttons hidden, title bar hidden
[2019.03.12-00.20.44:980][  0]LogCollectionManager: Loaded 0 collections in 0.003627 seconds
[2019.03.12-00.20.45:071][  0]LogFileCache: Scanning file cache for directory 'C:/MARSHMALLOWS-WOOO/Marshmellow/Saved/Collections/' took 0.01s
[2019.03.12-00.20.45:071][  0]LogFileCache: Scanning file cache for directory 'C:/MARSHMALLOWS-WOOO/Marshmellow/Content/Developers/cheny43/Collections/' took 0.01s
[2019.03.12-00.20.45:071][  0]LogFileCache: Scanning file cache for directory 'C:/MARSHMALLOWS-WOOO/Marshmellow/Content/Collections/' took 0.01s
[2019.03.12-00.20.45:071][  0]LogCollectionManager: Rebuilt the GUID cache for 0 collections in 0.000001 seconds
[2019.03.12-00.20.45:091][  0]LogContentBrowser: Native class hierarchy populated in 0.0188 seconds. Added 2572 classes and 603 folders.
[2019.03.12-00.20.45:105][  0]LogContentBrowser: Native class hierarchy updated for 'WidgetCarousel' in 0.0004 seconds. Added 0 classes and 0 folders.
[2019.03.12-00.20.45:593][  0]LogContentBrowser: Native class hierarchy updated for 'AddContentDialog' in 0.0003 seconds. Added 0 classes and 0 folders.
[2019.03.12-00.20.45:606][  0]LogContentBrowser: Native class hierarchy updated for 'SceneOutliner' in 0.0003 seconds. Added 1 classes and 2 folders.
[2019.03.12-00.20.45:747][  0]LogSlate: Took 0.000434 seconds to synchronously load lazily loaded font '../../../Engine/Content/Slate/Fonts/Roboto-Regular.ttf' (155K)
[2019.03.12-00.20.45:752][  0]LogSlate: Took 0.000253 seconds to synchronously load lazily loaded font '../../../Engine/Content/Slate/Fonts/Roboto-Bold.ttf' (160K)
[2019.03.12-00.20.45:768][  0]LogSlate: Took 0.006857 seconds to synchronously load lazily loaded font '../../../Engine/Content/Editor/Slate/Fonts/FontAwesome.ttf' (139K)
[2019.03.12-00.20.45:905][  0]LogRenderer: Reallocating scene render targets to support 964x436 Format 10 NumSamples 1 (Frame:1).
[2019.03.12-00.20.46:098][  0]LogContentBrowser: Native class hierarchy updated for 'HierarchicalLODOutliner' in 0.0002 seconds. Added 0 classes and 0 folders.
[2019.03.12-00.20.46:098][  0]LogLoad: (Engine Initialization) Total time: 12.85 seconds
[2019.03.12-00.20.46:098][  0]LogLoad: (Engine Initialization) Total Blueprint compile time: 0.00 seconds
[2019.03.12-00.20.46:116][  0]LogWindowsTextInputMethodSystem: Display: IME system now deactivated.
[2019.03.12-00.20.46:139][  0]LogContentStreaming: Texture pool size now 1000 MB
[2019.03.12-00.20.46:143][  0]LogSlate: FSceneViewport::OnFocusLost() reason 2
[2019.03.12-00.20.46:225][  0]LogSlate: Took 0.005760 seconds to synchronously load lazily loaded font '../../../Engine/Content/Slate/Fonts/Roboto-Light.ttf' (167K)
[2019.03.12-00.20.48:460][117]LogSlate: Window 'Message Log' being destroyed
[2019.03.12-00.20.48:464][117]LogSlate: Window 'Message Log' being destroyed
[2019.03.12-00.20.50:240][223]LogCollectionManager: Rebuilt the object cache for 0 collections in 0.000000 seconds (found 0 objects)
[2019.03.12-00.21.03:763][ 33]LogAssetRegistry: Asset discovery search completed in 24.1213 seconds
[2019.03.12-00.21.03:765][ 33]LogCollectionManager: Fixed up redirectors for 0 collections in 0.000007 seconds (updated 0 objects)
[2019.03.12-00.21.09:780][393]LogSlate: FSceneViewport::OnFocusLost() reason 0
[2019.03.12-00.21.13:152][595]LogSlate: Took 0.000235 seconds to synchronously load lazily loaded font '../../../Engine/Content/Slate/Fonts/Roboto-Light.ttf' (167K)
[2019.03.12-00.21.15:295][595]LogAIModule: Creating AISystem for world MovementTest
[2019.03.12-00.21.15:301][595]LogAssetEditorManager: Opening Asset editor for World /Game/Levels/MovementTest.MovementTest
[2019.03.12-00.21.15:339][595]Cmd: MAP LOAD FILE="../../../../../../MARSHMALLOWS-WOOO/Marshmellow/Content/Levels/MovementTest.umap" TEMPLATE=0 SHOWPROGRESS=1 FEATURELEVEL=3
[2019.03.12-00.21.15:339][595]LightingResults: New page: Lighting Build
[2019.03.12-00.21.15:340][595]LoadErrors: New page: Loading map: MovementTest.umap
[2019.03.12-00.21.15:341][595]MapCheck: New page: Map Check
[2019.03.12-00.21.15:341][595]LightingResults: New page: Lighting Build
[2019.03.12-00.21.15:505][595]LogEditorServer: Finished looking for orphan Actors (0.000 secs)
[2019.03.12-00.21.15:575][595]Cmd: MAP CHECKDEP NOCLEARLOG
[2019.03.12-00.21.15:730][595]MapCheck: Map check complete: 0 Error(s), 0 Warning(s), took 154.616ms to complete.
[2019.03.12-00.21.15:731][595]LogFileHelpers: Loading map 'MovementTest' took 0.393
[2019.03.12-00.21.20:212][854]LogTemp: Repeating last play command: Selected Viewport
[2019.03.12-00.21.20:235][854]LogBlueprintUserMessages: Early PlayInEditor Detection: Level '/Game/Levels/MovementTest.MovementTest:PersistentLevel' has LevelScriptBlueprint '/Game/Levels/MovementTest.MovementTest:PersistentLevel.MovementTest' with GeneratedClass '/Game/Levels/MovementTest.MovementTest_C' with ClassGeneratedBy '/Game/Levels/MovementTest.MovementTest:PersistentLevel.MovementTest'
[2019.03.12-00.21.20:235][854]LogPlayLevel: PlayLevel: No blueprints needed recompiling
[2019.03.12-00.21.20:248][854]PIE: New page: PIE session: MovementTest (Mar 11, 2019, 4:21:20 PM)
[2019.03.12-00.21.20:248][854]LogPlayLevel: Creating play world package: /Game/Levels/UEDPIE_0_MovementTest
[2019.03.12-00.21.20:251][854]LogPlayLevel: PIE: StaticDuplicateObject took: (0.002708s)
[2019.03.12-00.21.20:252][854]LogAIModule: Creating AISystem for world MovementTest
[2019.03.12-00.21.20:252][854]LogPlayLevel: PIE: World Init took: (0.000910s)
[2019.03.12-00.21.20:252][854]LogPlayLevel: PIE: Created PIE world by copying editor world from /Game/Levels/MovementTest.MovementTest to /Game/Levels/UEDPIE_0_MovementTest.MovementTest (0.003819s)
[2019.03.12-00.21.20:280][854]LogInit: XAudio2 using 'Speakers / Headphones (Realtek Audio)' : 2 channels at 48 kHz using 32 bits per sample (channel mask 0x3)
[2019.03.12-00.21.20:307][854]LogInit: FAudioDevice initialized.
[2019.03.12-00.21.20:351][854]LogLoad: Game class is 'ThirdPersonGameMode_C'
[2019.03.12-00.21.20:354][854]LogWorld: Bringing World /Game/Levels/UEDPIE_0_MovementTest.MovementTest up for play (max tick rate 60) at 2019.03.11-20.21.20
[2019.03.12-00.21.20:356][854]LogWorld: Bringing up level for play took: 0.002605
[2019.03.12-00.21.20:376][854]LogContentBrowser: Native class hierarchy updated for 'MovieSceneCapture' in 0.0003 seconds. Added 10 classes and 0 folders.
[2019.03.12-00.21.20:382][854]LogScript: Warning: Script Msg: Divide by zero detected: 71.517822 / 0
Script call stack:
	Function /Game/ParagonRevenant/Characters/Heroes/Revenant/Revenant_AnimBlueprint.Revenant_AnimBlueprint_C:BlueprintUpdateAnimation
	Function /Game/ParagonRevenant/Characters/Heroes/Revenant/Revenant_AnimBlueprint.Revenant_AnimBlueprint_C:ExecuteUbergraph_Revenant_AnimBlueprint

[2019.03.12-00.21.20:399][854]PIE: Play in editor start time for /Game/Levels/UEDPIE_0_MovementTest -0.124
[2019.03.12-00.21.20:400][854]LogBlueprintUserMessages: Late PlayInEditor Detection: Level '/Game/Levels/MovementTest.MovementTest:PersistentLevel' has LevelScriptBlueprint '/Game/Levels/MovementTest.MovementTest:PersistentLevel.MovementTest' with GeneratedClass '/Game/Levels/MovementTest.MovementTest_C' with ClassGeneratedBy '/Game/Levels/MovementTest.MovementTest:PersistentLevel.MovementTest'
[2019.03.12-00.22.01:489][305]LogBlueprintUserMessages: [RevenantPlayerCharacter_C_0] KeyItem_3
[2019.03.12-00.22.02:207][348]LogBlueprintUserMessages: [RevenantPlayerCharacter_C_0] KeyItem_3
[2019.03.12-00.22.02:456][363]LogBlueprintUserMessages: [RevenantPlayerCharacter_C_0] KeyItem_3
[2019.03.12-00.22.02:856][387]LogBlueprintUserMessages: [RevenantPlayerCharacter_C_0] KeyItem_3
[2019.03.12-00.22.02:974][394]LogBlueprintUserMessages: [RevenantPlayerCharacter_C_0] KeyItem_3
[2019.03.12-00.22.04:240][470]LogBlueprintUserMessages: [RevenantPlayerCharacter_C_0] KeyItem_3
[2019.03.12-00.22.10:440][842]LogBlueprintUserMessages: [RevenantPlayerCharacter_C_0] KeyItem_3
[2019.03.12-00.22.13:057][999]LogBlueprintUserMessages: [RevenantPlayerCharacter_C_0] KeyItem_4
[2019.03.12-00.22.17:509][266]LogBlueprintUserMessages: [RevenantPlayerCharacter_C_0] KeyItem_4
[2019.03.12-00.22.18:075][300]LogBlueprintUserMessages: [RevenantPlayerCharacter_C_0] KeyItem_4
[2019.03.12-00.22.18:108][302]LogBlueprintUserMessages: [RevenantPlayerCharacter_C_0] Picked Up
[2019.03.12-00.22.18:108][302]LogBlueprintUserMessages: [KeyItem_4] Hello
[2019.03.12-00.22.20:008][416]LogBlueprintUserMessages: [RevenantPlayerCharacter_C_0] KeyItem_1
[2019.03.12-00.22.20:224][429]LogBlueprintUserMessages: [RevenantPlayerCharacter_C_0] Picked Up
[2019.03.12-00.22.20:224][429]LogBlueprintUserMessages: [KeyItem_1] Hello
[2019.03.12-00.22.21:678][515]LogBlueprintUserMessages: [RevenantPlayerCharacter_C_0] KeyItem_2
[2019.03.12-00.22.21:896][528]LogBlueprintUserMessages: [RevenantPlayerCharacter_C_0] Picked Up
[2019.03.12-00.22.21:897][528]LogBlueprintUserMessages: [KeyItem_2] Hello
[2019.03.12-00.22.24:696][696]LogBlueprintUserMessages: [RevenantPlayerCharacter_C_0] KeyItem_3
[2019.03.12-00.22.24:896][708]LogBlueprintUserMessages: [RevenantPlayerCharacter_C_0] Picked Up
[2019.03.12-00.22.24:896][708]LogBlueprintUserMessages: [KeyItem_3] Hello
[2019.03.12-00.22.30:396][ 38]LogSlate: FSceneViewport::OnFocusLost() reason 0
[2019.03.12-00.22.30:529][ 46]LogBlueprintUserMessages: [BackPack_C_0] Receiver doesn't accept this key item
[2019.03.12-00.22.34:329][274]LogBlueprintUserMessages: [BackPack_C_0] Receiver doesn't accept this key item
[2019.03.12-00.22.39:064][558]LogBlueprintUserMessages: [Button_C_1] KeyItem_1
[2019.03.12-00.22.39:064][558]LogBlueprintUserMessages: [Button_C_1] is removed
[2019.03.12-00.22.43:048][797]LogBlueprintUserMessages: [Button_C_2] KeyItem_2
[2019.03.12-00.22.43:048][797]LogBlueprintUserMessages: [Button_C_2] is removed
[2019.03.12-00.23.04:470][ 82]LogBlueprintUserMessages: [Receiver] Receiverd Every KeyItem
[2019.03.12-00.23.18:788][941]LogBlueprintUserMessages: [Enemy] Enemy is dead now
[2019.03.12-00.24.24:783][893]LogBlueprintUserMessages: Early EndPlayMap Detection: Level '/Game/Levels/MovementTest.MovementTest:PersistentLevel' has LevelScriptBlueprint '/Game/Levels/MovementTest.MovementTest:PersistentLevel.MovementTest' with GeneratedClass '/Game/Levels/MovementTest.MovementTest_C' with ClassGeneratedBy '/Game/Levels/MovementTest.MovementTest:PersistentLevel.MovementTest'
[2019.03.12-00.24.24:784][893]LogSlate: Updating window title bar state: overlay mode, drag disabled, window buttons hidden, title bar hidden
[2019.03.12-00.24.24:822][893]LogPlayLevel: Display: Shutting down PIE online subsystems
[2019.03.12-00.24.24:823][893]LogBlueprintUserMessages: Late EndPlayMap Detection: Level '/Game/Levels/MovementTest.MovementTest:PersistentLevel' has LevelScriptBlueprint '/Game/Levels/MovementTest.MovementTest:PersistentLevel.MovementTest' with GeneratedClass '/Game/Levels/MovementTest.MovementTest_C' with ClassGeneratedBy '/Game/Levels/MovementTest.MovementTest:PersistentLevel.MovementTest'
[2019.03.12-00.24.24:884][893]LogSlate: Updating window title bar state: overlay mode, drag disabled, window buttons hidden, title bar hidden
[2019.03.12-00.24.24:943][894]LogPlayLevel: Display: Destroying online subsystem :Context_1
[2019.03.12-00.25.07:878][461]LogSlate: FSceneViewport::OnFocusLost() reason 0
[2019.03.12-00.25.16:493][976]LogScript: Warning: Script Msg: Divide by zero detected: 0.000000 / 0
Script call stack:
	Function /Game/ParagonRevenant/Characters/Heroes/Revenant/Revenant_AnimBlueprint.Revenant_AnimBlueprint_C:BlueprintUpdateAnimation
	Function /Game/ParagonRevenant/Characters/Heroes/Revenant/Revenant_AnimBlueprint.Revenant_AnimBlueprint_C:ExecuteUbergraph_Revenant_AnimBlueprint

[2019.03.12-00.25.17:808][ 49]LogAssetEditorManager: Opening Asset editor for Blueprint /Game/ParagonRevenant/Characters/Heroes/Revenant/RevenantPlayerCharacter.RevenantPlayerCharacter
[2019.03.12-00.25.18:524][ 49]LogContentBrowser: Native class hierarchy updated for 'BlueprintGraph' in 0.0006 seconds. Added 116 classes and 0 folders.
[2019.03.12-00.25.19:495][ 49]LogScript: Warning: Script Msg: Divide by zero detected: 0.000000 / 0
Script call stack:
	Function /Game/ParagonRevenant/Characters/Heroes/Revenant/Revenant_AnimBlueprint.Revenant_AnimBlueprint_C:BlueprintUpdateAnimation
	Function /Game/ParagonRevenant/Characters/Heroes/Revenant/Revenant_AnimBlueprint.Revenant_AnimBlueprint_C:ExecuteUbergraph_Revenant_AnimBlueprint

[2019.03.12-00.25.19:507][ 49]LogSlate: Took 0.004484 seconds to synchronously load lazily loaded font '../../../Engine/Content/Slate/Fonts/Roboto-BoldCondensed.ttf' (158K)
[2019.03.12-00.25.19:961][ 50]LogSlate: Took 0.005680 seconds to synchronously load lazily loaded font '../../../Engine/Content/Slate/Fonts/Roboto-Italic.ttf' (157K)
[2019.03.12-00.25.57:468][204]BlueprintLog: New page: Compile RevenantPlayerCharacter
[2019.03.12-00.25.57:597][204]LogScript: Warning: Script Msg: Divide by zero detected: 0.000000 / 0
Script call stack:
	Function /Game/ParagonRevenant/Characters/Heroes/Revenant/Revenant_AnimBlueprint.Revenant_AnimBlueprint_C:BlueprintUpdateAnimation
	Function /Game/ParagonRevenant/Characters/Heroes/Revenant/Revenant_AnimBlueprint.Revenant_AnimBlueprint_C:ExecuteUbergraph_Revenant_AnimBlueprint

[2019.03.12-00.25.57:599][204]LogScript: Warning: Script Msg: Divide by zero detected: 0.000000 / 0
Script call stack:
	Function /Game/ParagonRevenant/Characters/Heroes/Revenant/Revenant_AnimBlueprint.Revenant_AnimBlueprint_C:BlueprintUpdateAnimation
	Function /Game/ParagonRevenant/Characters/Heroes/Revenant/Revenant_AnimBlueprint.Revenant_AnimBlueprint_C:ExecuteUbergraph_Revenant_AnimBlueprint

[2019.03.12-00.25.57:602][204]LogScript: Warning: Script Msg: Divide by zero detected: 0.000000 / 0
Script call stack:
	Function /Game/ParagonRevenant/Characters/Heroes/Revenant/Revenant_AnimBlueprint.Revenant_AnimBlueprint_C:BlueprintUpdateAnimation
	Function /Game/ParagonRevenant/Characters/Heroes/Revenant/Revenant_AnimBlueprint.Revenant_AnimBlueprint_C:ExecuteUbergraph_Revenant_AnimBlueprint

[2019.03.12-00.25.57:604][204]LogScript: Warning: Script Msg: Divide by zero detected: 0.000000 / 0
Script call stack:
	Function /Game/ParagonRevenant/Characters/Heroes/Revenant/Revenant_AnimBlueprint.Revenant_AnimBlueprint_C:BlueprintUpdateAnimation
	Function /Game/ParagonRevenant/Characters/Heroes/Revenant/Revenant_AnimBlueprint.Revenant_AnimBlueprint_C:ExecuteUbergraph_Revenant_AnimBlueprint

[2019.03.12-00.25.57:816][204]LogScript: Warning: Script Msg: Divide by zero detected: 0.000000 / 0
Script call stack:
	Function /Game/ParagonRevenant/Characters/Heroes/Revenant/Revenant_AnimBlueprint.Revenant_AnimBlueprint_C:BlueprintUpdateAnimation
	Function /Game/ParagonRevenant/Characters/Heroes/Revenant/Revenant_AnimBlueprint.Revenant_AnimBlueprint_C:ExecuteUbergraph_Revenant_AnimBlueprint

[2019.03.12-00.25.57:818][204]LogScript: Warning: Script Msg: Divide by zero detected: 0.000000 / 0
Script call stack:
	Function /Game/ParagonRevenant/Characters/Heroes/Revenant/Revenant_AnimBlueprint.Revenant_AnimBlueprint_C:BlueprintUpdateAnimation
	Function /Game/ParagonRevenant/Characters/Heroes/Revenant/Revenant_AnimBlueprint.Revenant_AnimBlueprint_C:ExecuteUbergraph_Revenant_AnimBlueprint

[2019.03.12-00.25.57:820][204]LogScript: Warning: Script Msg: Divide by zero detected: 0.000000 / 0
Script call stack:
	Function /Game/ParagonRevenant/Characters/Heroes/Revenant/Revenant_AnimBlueprint.Revenant_AnimBlueprint_C:BlueprintUpdateAnimation
	Function /Game/ParagonRevenant/Characters/Heroes/Revenant/Revenant_AnimBlueprint.Revenant_AnimBlueprint_C:ExecuteUbergraph_Revenant_AnimBlueprint

[2019.03.12-00.25.57:822][204]LogScript: Warning: Script Msg: Divide by zero detected: 0.000000 / 0
Script call stack:
	Function /Game/ParagonRevenant/Characters/Heroes/Revenant/Revenant_AnimBlueprint.Revenant_AnimBlueprint_C:BlueprintUpdateAnimation
	Function /Game/ParagonRevenant/Characters/Heroes/Revenant/Revenant_AnimBlueprint.Revenant_AnimBlueprint_C:ExecuteUbergraph_Revenant_AnimBlueprint

[2019.03.12-00.25.57:825][204]LogScript: Warning: Script Msg: Divide by zero detected: 0.000000 / 0
Script call stack:
	Function /Game/ParagonRevenant/Characters/Heroes/Revenant/Revenant_AnimBlueprint.Revenant_AnimBlueprint_C:BlueprintUpdateAnimation
	Function /Game/ParagonRevenant/Characters/Heroes/Revenant/Revenant_AnimBlueprint.Revenant_AnimBlueprint_C:ExecuteUbergraph_Revenant_AnimBlueprint

[2019.03.12-00.25.57:857][204]LogScript: Warning: Script Msg: Divide by zero detected: 0.000000 / 0
Script call stack:
	Function /Game/ParagonRevenant/Characters/Heroes/Revenant/Revenant_AnimBlueprint.Revenant_AnimBlueprint_C:BlueprintUpdateAnimation
	Function /Game/ParagonRevenant/Characters/Heroes/Revenant/Revenant_AnimBlueprint.Revenant_AnimBlueprint_C:ExecuteUbergraph_Revenant_AnimBlueprint

[2019.03.12-00.25.57:859][204]LogScript: Warning: Script Msg: Divide by zero detected: 0.000000 / 0
Script call stack:
	Function /Game/ParagonRevenant/Characters/Heroes/Revenant/Revenant_AnimBlueprint.Revenant_AnimBlueprint_C:BlueprintUpdateAnimation
	Function /Game/ParagonRevenant/Characters/Heroes/Revenant/Revenant_AnimBlueprint.Revenant_AnimBlueprint_C:ExecuteUbergraph_Revenant_AnimBlueprint

[2019.03.12-00.25.57:862][204]LogScript: Warning: Script Msg: Divide by zero detected: 0.000000 / 0
Script call stack:
	Function /Game/ParagonRevenant/Characters/Heroes/Revenant/Revenant_AnimBlueprint.Revenant_AnimBlueprint_C:BlueprintUpdateAnimation
	Function /Game/ParagonRevenant/Characters/Heroes/Revenant/Revenant_AnimBlueprint.Revenant_AnimBlueprint_C:ExecuteUbergraph_Revenant_AnimBlueprint

[2019.03.12-00.25.57:863][204]LogScript: Warning: Script Msg: Divide by zero detected: 0.000000 / 0
Script call stack:
	Function /Game/ParagonRevenant/Characters/Heroes/Revenant/Revenant_AnimBlueprint.Revenant_AnimBlueprint_C:BlueprintUpdateAnimation
	Function /Game/ParagonRevenant/Characters/Heroes/Revenant/Revenant_AnimBlueprint.Revenant_AnimBlueprint_C:ExecuteUbergraph_Revenant_AnimBlueprint

[2019.03.12-00.25.58:211][204]LogSavePackage: Moving '../../../../../../MARSHMALLOWS-WOOO/Marshmellow/Saved/RevenantPlayerCharacter91BBA226472F02D3CB811DB857958E01.tmp' to '../../../../../../MARSHMALLOWS-WOOO/Marshmellow/Content/ParagonRevenant/Characters/Heroes/Revenant/RevenantPlayerCharacter.uasset'
[2019.03.12-00.28.09:672][877]LogSlate: FSceneViewport::OnFocusLost() reason 0
[2019.03.12-00.28.47:014][ 46]LogSlate: FSceneViewport::OnFocusLost() reason 0
[2019.03.12-00.28.58:335][714]LogSlate: FSceneViewport::OnFocusLost() reason 0
[2019.03.12-00.29.56:867][211]LogEditorViewport: Clicking on Actor (LMB): KeyItem_Blueprint_C (KeyItem_4)
[2019.03.12-00.29.58:482][305]LogEditorViewport: Clicking on Actor (LMB): KeyItem_Blueprint_C (KeyItem_5)
[2019.03.12-00.30.00:994][453]LogEditorViewport: Clicking on Actor (LMB): KeyItem_Blueprint_C (KeyItem_4)
[2019.03.12-00.30.07:035][799]LogSlate: FSceneViewport::OnFocusLost() reason 0
[2019.03.12-00.30.07:217][807]LogAssetEditorManager: Opening Asset editor for Blueprint /Game/BluePrints/KeyItem_Blueprint.KeyItem_Blueprint
[2019.03.12-00.30.09:212][889]LogRenderer: Reallocating scene render targets to support 964x540 Format 10 NumSamples 1 (Frame:1).
[2019.03.12-00.30.14:862][220]LogSlate: FSceneViewport::OnFocusLost() reason 0
[2019.03.12-00.30.18:155][406]LogSlate: FSceneViewport::OnFocusLost() reason 0
[2019.03.12-00.31.46:772][678]LogAssetEditorManager: Opening Asset editor for StaticMesh /Engine/BasicShapes/Cube.Cube
[2019.03.12-00.31.47:559][679]LogRenderer: Reallocating scene render targets to support 1144x708 Format 10 NumSamples 1 (Frame:1).
[2019.03.12-00.34.20:286][236]LogSavePackage: Moving '../../../../../../MARSHMALLOWS-WOOO/Marshmellow/Saved/MovementTest_Auto1713E32354AD861B7113B5F898F7B4650.tmp' to '../../../../../../MARSHMALLOWS-WOOO/Marshmellow/Saved/Autosaves/Game/Levels/MovementTest_Auto1.umap'
[2019.03.12-00.34.20:297][236]LogFileHelpers: Editor autosave (incl. sublevels) for '/Game/Levels/MovementTest' took 0.324
[2019.03.12-00.34.20:297][236]LogFileHelpers: Editor autosave (incl. sublevels) for all levels took 0.324
[2019.03.12-00.34.38:255][188]LogEditorViewport: Clicking on Actor (LMB): Receiver_Blueprint_C (Receiver)
[2019.03.12-00.34.44:494][524]LogSlate: FSceneViewport::OnFocusLost() reason 0
[2019.03.12-00.34.44:675][532]LogAssetEditorManager: Opening Asset editor for Blueprint /Game/BluePrints/Receiver_Blueprint.Receiver_Blueprint
[2019.03.12-00.35.52:491][ 67]BlueprintLog: New page: Compile Receiver_Blueprint
[2019.03.12-00.35.52:937][ 67]Cmd: OBJ SAVEPACKAGE PACKAGE="/Game/BluePrints/Receiver_Blueprint" FILE="../../../../../../MARSHMALLOWS-WOOO/Marshmellow/Content/BluePrints/Receiver_Blueprint.uasset" SILENT=true
[2019.03.12-00.35.53:068][ 67]LogSavePackage: Moving '../../../../../../MARSHMALLOWS-WOOO/Marshmellow/Saved/Receiver_Blueprint1A9443E9448961F80E46B98D62EE8406.tmp' to '../../../../../../MARSHMALLOWS-WOOO/Marshmellow/Content/BluePrints/Receiver_Blueprint.uasset'
[2019.03.12-00.37.27:038][666]LogSlate: FSceneViewport::OnFocusLost() reason 0
[2019.03.12-00.37.42:493][560]LogSlate: FSceneViewport::OnFocusLost() reason 2
[2019.03.12-00.40.10:793][430]LogEditorViewport: Clicking on Actor (LMB): Receiver_Blueprint_C (Receiver_2)
[2019.03.12-00.40.12:903][554]LogSlate: FSceneViewport::OnFocusLost() reason 0
[2019.03.12-00.40.13:036][562]LogTemp: Repeating last play command: Selected Viewport
[2019.03.12-00.40.13:072][562]LogBlueprintUserMessages: Early PlayInEditor Detection: Level '/Game/Levels/MovementTest.MovementTest:PersistentLevel' has LevelScriptBlueprint '/Game/Levels/MovementTest.MovementTest:PersistentLevel.MovementTest' with GeneratedClass '/Game/Levels/MovementTest.MovementTest_C' with ClassGeneratedBy '/Game/Levels/MovementTest.MovementTest:PersistentLevel.MovementTest'
[2019.03.12-00.40.13:072][562]LogPlayLevel: PlayLevel: No blueprints needed recompiling
[2019.03.12-00.40.13:072][562]PIE: New page: PIE session: MovementTest (Mar 11, 2019, 4:40:13 PM)
[2019.03.12-00.40.13:072][562]LogPlayLevel: Creating play world package: /Game/Levels/UEDPIE_0_MovementTest
[2019.03.12-00.40.13:075][562]LogPlayLevel: PIE: StaticDuplicateObject took: (0.002477s)
[2019.03.12-00.40.13:075][562]LogAIModule: Creating AISystem for world MovementTest
[2019.03.12-00.40.13:076][562]LogPlayLevel: PIE: World Init took: (0.000834s)
[2019.03.12-00.40.13:076][562]LogPlayLevel: PIE: Created PIE world by copying editor world from /Game/Levels/MovementTest.MovementTest to /Game/Levels/UEDPIE_0_MovementTest.MovementTest (0.003462s)
[2019.03.12-00.40.13:114][562]LogInit: XAudio2 using 'Speakers / Headphones (Realtek Audio)' : 2 channels at 48 kHz using 32 bits per sample (channel mask 0x3)
[2019.03.12-00.40.13:142][562]LogInit: FAudioDevice initialized.
[2019.03.12-00.40.13:171][562]LogLoad: Game class is 'ThirdPersonGameMode_C'
[2019.03.12-00.40.13:174][562]LogWorld: Bringing World /Game/Levels/UEDPIE_0_MovementTest.MovementTest up for play (max tick rate 60) at 2019.03.11-20.40.13
[2019.03.12-00.40.13:174][562]LogWorld: Bringing up level for play took: 0.001411
[2019.03.12-00.40.13:187][562]LogScript: Warning: Script Msg: Divide by zero detected: 159.507584 / 0
Script call stack:
	Function /Game/ParagonRevenant/Characters/Heroes/Revenant/Revenant_AnimBlueprint.Revenant_AnimBlueprint_C:BlueprintUpdateAnimation
	Function /Game/ParagonRevenant/Characters/Heroes/Revenant/Revenant_AnimBlueprint.Revenant_AnimBlueprint_C:ExecuteUbergraph_Revenant_AnimBlueprint

[2019.03.12-00.40.13:200][562]PIE: Play in editor start time for /Game/Levels/UEDPIE_0_MovementTest 0.676
[2019.03.12-00.40.13:200][562]LogBlueprintUserMessages: Late PlayInEditor Detection: Level '/Game/Levels/MovementTest.MovementTest:PersistentLevel' has LevelScriptBlueprint '/Game/Levels/MovementTest.MovementTest:PersistentLevel.MovementTest' with GeneratedClass '/Game/Levels/MovementTest.MovementTest_C' with ClassGeneratedBy '/Game/Levels/MovementTest.MovementTest:PersistentLevel.MovementTest'
[2019.03.12-00.40.15:390][693]LogParticles: Warning: Particle Notify: Particle system is null for particle notify 'PlayParticleEffect' in anim: '/Game/ParagonRevenant/Characters/Heroes/Revenant/Animations/LevelStart_Montage.LevelStart_Montage'
[2019.03.12-00.40.16:211][742]LogBlueprintUserMessages: [RevenantPlayerCharacter_C_0] KeyItem_5
[2019.03.12-00.40.20:413][994]LogBlueprintUserMessages: [RevenantPlayerCharacter_C_0] Picked Up
[2019.03.12-00.40.20:413][994]LogBlueprintUserMessages: [KeyItem_5] Hello
[2019.03.12-00.40.21:462][ 57]LogBlueprintUserMessages: [RevenantPlayerCharacter_C_0] KeyItem_4
[2019.03.12-00.40.21:678][ 70]LogBlueprintUserMessages: [RevenantPlayerCharacter_C_0] Picked Up
[2019.03.12-00.40.21:678][ 70]LogBlueprintUserMessages: [KeyItem_4] Hello
[2019.03.12-00.40.22:713][132]LogBlueprintUserMessages: [RevenantPlayerCharacter_C_0] KeyItem_3
[2019.03.12-00.40.22:929][145]LogBlueprintUserMessages: [RevenantPlayerCharacter_C_0] Picked Up
[2019.03.12-00.40.22:929][145]LogBlueprintUserMessages: [KeyItem_3] Hello
[2019.03.12-00.40.24:379][232]LogBlueprintUserMessages: [RevenantPlayerCharacter_C_0] KeyItem_2
[2019.03.12-00.40.24:679][250]LogBlueprintUserMessages: [RevenantPlayerCharacter_C_0] Picked Up
[2019.03.12-00.40.24:679][250]LogBlueprintUserMessages: [KeyItem_2] Hello
[2019.03.12-00.40.25:847][320]LogBlueprintUserMessages: [RevenantPlayerCharacter_C_0] KeyItem_1
[2019.03.12-00.40.26:163][339]LogBlueprintUserMessages: [RevenantPlayerCharacter_C_0] Picked Up
[2019.03.12-00.40.26:163][339]LogBlueprintUserMessages: [KeyItem_1] Hello
[2019.03.12-00.40.29:035][511]LogSlate: FSceneViewport::OnFocusLost() reason 0
[2019.03.12-00.40.29:135][517]LogBlueprintUserMessages: [BackPack_C_0] Receiver doesn't accept this key item
[2019.03.12-00.40.35:837][919]LogBlueprintUserMessages: [BackPack_C_0] Receiver doesn't accept this key item
[2019.03.12-00.40.42:082][293]LogSlate: FSceneViewport::OnFocusLost() reason 0
[2019.03.12-00.40.47:049][591]LogSlate: FSceneViewport::OnFocusLost() reason 0
[2019.03.12-00.40.47:132][596]LogBlueprintUserMessages: [BackPack_C_0] Receiver doesn't accept this key item
[2019.03.12-00.40.47:916][643]LogBlueprintUserMessages: [BackPack_C_0] Receiver doesn't accept this key item
[2019.03.12-00.40.49:066][712]LogBlueprintUserMessages: [BackPack_C_0] Receiver doesn't accept this key item
[2019.03.12-00.40.50:716][811]LogBlueprintUserMessages: [BackPack_C_0] Receiver doesn't accept this key item
[2019.03.12-00.40.51:316][847]LogBlueprintUserMessages: [BackPack_C_0] Receiver doesn't accept this key item
[2019.03.12-00.40.56:367][150]LogBlueprintUserMessages: [BackPack_C_0] Receiver doesn't accept this key item
[2019.03.12-00.40.57:084][193]LogBlueprintUserMessages: [Button_C_3] KeyItem_2
[2019.03.12-00.40.57:084][193]LogBlueprintUserMessages: [Button_C_3] is removed
[2019.03.12-00.40.57:684][229]LogBlueprintUserMessages: [Button_C_4] KeyItem_1
[2019.03.12-00.40.57:684][229]LogBlueprintUserMessages: [Button_C_4] is removed
[2019.03.12-00.40.58:885][301]LogBlueprintUserMessages: [Receiver] Receiverd Every KeyItem
[2019.03.12-00.41.02:725][531]LogSlate: FSceneViewport::OnFocusLost() reason 0
[2019.03.12-00.41.02:841][538]LogBlueprintUserMessages: [Button_C_1] KeyItem_4
[2019.03.12-00.41.02:841][538]LogBlueprintUserMessages: [Button_C_1] is removed
[2019.03.12-00.41.03:291][565]LogBlueprintUserMessages: [Button_C_2] KeyItem_3
[2019.03.12-00.41.03:291][565]LogBlueprintUserMessages: [Button_C_2] is removed
[2019.03.12-00.41.04:042][610]LogBlueprintUserMessages: [Receiver_2] Receiverd Every KeyItem
[2019.03.12-00.41.04:627][645]LogBlueprintUserMessages: Early EndPlayMap Detection: Level '/Game/Levels/MovementTest.MovementTest:PersistentLevel' has LevelScriptBlueprint '/Game/Levels/MovementTest.MovementTest:PersistentLevel.MovementTest' with GeneratedClass '/Game/Levels/MovementTest.MovementTest_C' with ClassGeneratedBy '/Game/Levels/MovementTest.MovementTest:PersistentLevel.MovementTest'
[2019.03.12-00.41.04:628][645]LogSlate: Updating window title bar state: overlay mode, drag disabled, window buttons hidden, title bar hidden
[2019.03.12-00.41.04:674][645]LogPlayLevel: Display: Shutting down PIE online subsystems
[2019.03.12-00.41.04:674][645]LogBlueprintUserMessages: Late EndPlayMap Detection: Level '/Game/Levels/MovementTest.MovementTest:PersistentLevel' has LevelScriptBlueprint '/Game/Levels/MovementTest.MovementTest:PersistentLevel.MovementTest' with GeneratedClass '/Game/Levels/MovementTest.MovementTest_C' with ClassGeneratedBy '/Game/Levels/MovementTest.MovementTest:PersistentLevel.MovementTest'
[2019.03.12-00.41.04:727][645]LogSlate: Updating window title bar state: overlay mode, drag disabled, window buttons hidden, title bar hidden
[2019.03.12-00.41.04:803][646]LogPlayLevel: Display: Destroying online subsystem :Context_13
[2019.03.12-00.43.24:706][151]LogSlate: FSceneViewport::OnFocusLost() reason 2
[2019.03.12-00.44.14:941][146]LogTemp: Repeating last play command: Selected Viewport
[2019.03.12-00.44.14:979][146]LogBlueprintUserMessages: Early PlayInEditor Detection: Level '/Game/Levels/MovementTest.MovementTest:PersistentLevel' has LevelScriptBlueprint '/Game/Levels/MovementTest.MovementTest:PersistentLevel.MovementTest' with GeneratedClass '/Game/Levels/MovementTest.MovementTest_C' with ClassGeneratedBy '/Game/Levels/MovementTest.MovementTest:PersistentLevel.MovementTest'
[2019.03.12-00.44.14:979][146]LogPlayLevel: PlayLevel: No blueprints needed recompiling
[2019.03.12-00.44.14:979][146]PIE: New page: PIE session: MovementTest (Mar 11, 2019, 4:44:14 PM)
[2019.03.12-00.44.14:979][146]LogPlayLevel: Creating play world package: /Game/Levels/UEDPIE_0_MovementTest
[2019.03.12-00.44.14:982][146]LogPlayLevel: PIE: StaticDuplicateObject took: (0.002323s)
[2019.03.12-00.44.14:982][146]LogAIModule: Creating AISystem for world MovementTest
[2019.03.12-00.44.14:983][146]LogPlayLevel: PIE: World Init took: (0.000727s)
[2019.03.12-00.44.14:983][146]LogPlayLevel: PIE: Created PIE world by copying editor world from /Game/Levels/MovementTest.MovementTest to /Game/Levels/UEDPIE_0_MovementTest.MovementTest (0.003183s)
[2019.03.12-00.44.15:019][146]LogInit: XAudio2 using 'Speakers / Headphones (Realtek Audio)' : 2 channels at 48 kHz using 32 bits per sample (channel mask 0x3)
[2019.03.12-00.44.15:048][146]LogInit: FAudioDevice initialized.
[2019.03.12-00.44.15:077][146]LogLoad: Game class is 'ThirdPersonGameMode_C'
[2019.03.12-00.44.15:079][146]LogWorld: Bringing World /Game/Levels/UEDPIE_0_MovementTest.MovementTest up for play (max tick rate 60) at 2019.03.11-20.44.15
[2019.03.12-00.44.15:079][146]LogWorld: Bringing up level for play took: 0.001275
[2019.03.12-00.44.15:091][146]LogScript: Warning: Script Msg: Divide by zero detected: 17.516001 / 0
Script call stack:
	Function /Game/ParagonRevenant/Characters/Heroes/Revenant/Revenant_AnimBlueprint.Revenant_AnimBlueprint_C:BlueprintUpdateAnimation
	Function /Game/ParagonRevenant/Characters/Heroes/Revenant/Revenant_AnimBlueprint.Revenant_AnimBlueprint_C:ExecuteUbergraph_Revenant_AnimBlueprint

[2019.03.12-00.44.15:104][146]PIE: Play in editor start time for /Game/Levels/UEDPIE_0_MovementTest 0.58
[2019.03.12-00.44.15:104][146]LogBlueprintUserMessages: Late PlayInEditor Detection: Level '/Game/Levels/MovementTest.MovementTest:PersistentLevel' has LevelScriptBlueprint '/Game/Levels/MovementTest.MovementTest:PersistentLevel.MovementTest' with GeneratedClass '/Game/Levels/MovementTest.MovementTest_C' with ClassGeneratedBy '/Game/Levels/MovementTest.MovementTest:PersistentLevel.MovementTest'
[2019.03.12-00.44.17:296][277]LogParticles: Warning: Particle Notify: Particle system is null for particle notify 'PlayParticleEffect' in anim: '/Game/ParagonRevenant/Characters/Heroes/Revenant/Animations/LevelStart_Montage.LevelStart_Montage'
[2019.03.12-00.44.28:909][971]LogBlueprintUserMessages: [RevenantPlayerCharacter_C_0] KeyItem_5
[2019.03.12-00.44.35:242][351]LogBlueprintUserMessages: [RevenantPlayerCharacter_C_0] KeyItem_5
[2019.03.12-00.44.37:044][459]LogBlueprintUserMessages: [RevenantPlayerCharacter_C_0] KeyItem_5
[2019.03.12-00.44.39:229][590]LogBlueprintUserMessages: [RevenantPlayerCharacter_C_0] KeyItem_4
[2019.03.12-00.45.11:329][513]LogBlueprintUserMessages: [RevenantPlayerCharacter_C_0] KeyItem_3
[2019.03.12-00.45.11:945][550]LogBlueprintUserMessages: [RevenantPlayerCharacter_C_0] KeyItem_4
[2019.03.12-00.45.15:433][759]LogBlueprintUserMessages: Early EndPlayMap Detection: Level '/Game/Levels/MovementTest.MovementTest:PersistentLevel' has LevelScriptBlueprint '/Game/Levels/MovementTest.MovementTest:PersistentLevel.MovementTest' with GeneratedClass '/Game/Levels/MovementTest.MovementTest_C' with ClassGeneratedBy '/Game/Levels/MovementTest.MovementTest:PersistentLevel.MovementTest'
[2019.03.12-00.45.15:434][759]LogSlate: Updating window title bar state: overlay mode, drag disabled, window buttons hidden, title bar hidden
[2019.03.12-00.45.15:493][759]LogPlayLevel: Display: Shutting down PIE online subsystems
[2019.03.12-00.45.15:494][759]LogBlueprintUserMessages: Late EndPlayMap Detection: Level '/Game/Levels/MovementTest.MovementTest:PersistentLevel' has LevelScriptBlueprint '/Game/Levels/MovementTest.MovementTest:PersistentLevel.MovementTest' with GeneratedClass '/Game/Levels/MovementTest.MovementTest_C' with ClassGeneratedBy '/Game/Levels/MovementTest.MovementTest:PersistentLevel.MovementTest'
[2019.03.12-00.45.15:558][759]LogSlate: Updating window title bar state: overlay mode, drag disabled, window buttons hidden, title bar hidden
[2019.03.12-00.45.15:623][760]LogPlayLevel: Display: Destroying online subsystem :Context_14
[2019.03.12-00.46.14:616][207]LogSlate: FSceneViewport::OnFocusLost() reason 2
[2019.03.12-00.46.15:088][207]LogSavePackage: Moving '../../../../../../MARSHMALLOWS-WOOO/Marshmellow/Saved/MovementTest_Auto275C9C5864DB5D09B55DDD7804CFB84A6.tmp' to '../../../../../../MARSHMALLOWS-WOOO/Marshmellow/Saved/Autosaves/Game/Levels/MovementTest_Auto2.umap'
[2019.03.12-00.46.15:097][207]LogFileHelpers: Editor autosave (incl. sublevels) for '/Game/Levels/MovementTest' took 0.457
[2019.03.12-00.46.15:097][207]LogFileHelpers: Editor autosave (incl. sublevels) for all levels took 0.457
[2019.03.12-00.52.28:803][465]LogSlate: Window 'Receiver_Blueprint' being destroyed
[2019.03.12-00.52.28:808][465]LogSlate: Window 'Receiver_Blueprint' being destroyed
[2019.03.12-00.52.28:916][465]LogActorComponent: UnregisterComponent: (/Engine/Transient.EditorFloorComp) Not registered. Aborting.
[2019.03.12-00.52.29:011][465]LogActorComponent: UnregisterComponent: (/Engine/Transient.EditorFloorComp) Not registered. Aborting.
[2019.03.12-00.52.32:380][563]LogSlate: Window 'Save Content' being destroyed
[2019.03.12-00.52.34:868][563]Cmd: OBJ SAVEPACKAGE PACKAGE="/Game/Levels/MovementTest" FILE="../../../../../../MARSHMALLOWS-WOOO/Marshmellow/Content/Levels/MovementTest.umap" SILENT=true AUTOSAVING=false KEEPDIRTY=false
[2019.03.12-00.52.35:128][563]LogSavePackage: Moving '../../../../../../MARSHMALLOWS-WOOO/Marshmellow/Saved/MovementTest679110104AAEA67F6E4E8E96BDEB29F8.tmp' to '../../../../../../MARSHMALLOWS-WOOO/Marshmellow/Content/Levels/MovementTest.umap'
[2019.03.12-00.52.35:182][563]LogFileHelpers: Saving map 'MovementTest' took 2.777
[2019.03.12-00.52.35:237][563]LogSlate: Window 'MarshMellow - Unreal Editor' being destroyed
[2019.03.12-00.52.35:238][563]LogWindowsTextInputMethodSystem: Display: IME system now deactivated.
[2019.03.12-00.52.35:365][564]Cmd: QUIT_EDITOR
[2019.03.12-00.52.36:335][564]LogExit: Preparing to exit.
[2019.03.12-00.52.37:118][564]LogExit: Editor shut down
[2019.03.12-00.52.37:118][564]LogExit: Transaction tracking system shut down
[2019.03.12-00.52.37:904][564]LogExit: Object subsystem successfully closed.
[2019.03.12-00.52.37:938][564]LogShaderCompilers: Display: Shaders left to compile 0
[2019.03.12-00.52.37:950][564]LogD3D11RHI: Shutdown
[2019.03.12-00.52.37:950][564]LogD3D11RHI: CleanupD3DDevice
[2019.03.12-00.52.37:955][564]LogD3D11RHI: ~FD3D11DynamicRHI
[2019.03.12-00.52.38:022][564]LogModuleManager: Shutting down and abandoning module StaticMeshEditor (618)
[2019.03.12-00.52.38:022][564]LogModuleManager: Shutting down and abandoning module BlueprintGraph (616)
[2019.03.12-00.52.38:022][564]LogModuleManager: Shutting down and abandoning module MovieSceneCapture (614)
[2019.03.12-00.52.38:022][564]LogModuleManager: Shutting down and abandoning module Voice (612)
[2019.03.12-00.52.38:022][564]LogModuleManager: Shutting down and abandoning module HierarchicalLODOutliner (610)
[2019.03.12-00.52.38:022][564]LogModuleManager: Shutting down and abandoning module SceneOutliner (608)
[2019.03.12-00.52.38:022][564]LogModuleManager: Shutting down and abandoning module AddContentDialog (606)
[2019.03.12-00.52.38:022][564]LogModuleManager: Shutting down and abandoning module WidgetCarousel (605)
[2019.03.12-00.52.38:022][564]LogModuleManager: Shutting down and abandoning module EditorWidgets (602)
[2019.03.12-00.52.38:023][564]LogModuleManager: Shutting down and abandoning module CollectionManager (600)
[2019.03.12-00.52.38:023][564]LogModuleManager: Shutting down and abandoning module StatsViewer (598)
[2019.03.12-00.52.38:023][564]LogModuleManager: Shutting down and abandoning module FoliageEdit (596)
[2019.03.12-00.52.38:023][564]LogModuleManager: Shutting down and abandoning module LandscapeEditor (594)
[2019.03.12-00.52.38:023][564]LogModuleManager: Shutting down and abandoning module MeshPaintMode (592)
[2019.03.12-00.52.38:023][564]LogModuleManager: Shutting down and abandoning module SceneDepthPickerMode (590)
[2019.03.12-00.52.38:023][564]LogModuleManager: Shutting down and abandoning module ActorPickerMode (588)
[2019.03.12-00.52.38:023][564]LogModuleManager: Shutting down and abandoning module GeometryMode (586)
[2019.03.12-00.52.38:023][564]LogModuleManager: Shutting down and abandoning module TextureAlignMode (584)
[2019.03.12-00.52.38:023][564]LogModuleManager: Shutting down and abandoning module BspMode (582)
[2019.03.12-00.52.38:023][564]LogModuleManager: Shutting down and abandoning module PIEPreviewDeviceProfileSelector (580)
[2019.03.12-00.52.38:023][564]LogModuleManager: Shutting down and abandoning module SequenceRecorderSections (578)
[2019.03.12-00.52.38:023][564]LogModuleManager: Shutting down and abandoning module AutomationWorker (576)
[2019.03.12-00.52.38:023][564]LogModuleManager: Shutting down and abandoning module AudioCaptureEditor (574)
[2019.03.12-00.52.38:023][564]LogModuleManager: Shutting down and abandoning module SequenceRecorder (573)
[2019.03.12-00.52.38:023][564]LogModuleManager: Shutting down and abandoning module MatineeToLevelSequence (570)
[2019.03.12-00.52.38:023][564]LogModuleManager: Shutting down and abandoning module LevelSequenceEditor (568)
[2019.03.12-00.52.38:023][564]LogModuleManager: Shutting down and abandoning module PlacementMode (567)
[2019.03.12-00.52.38:023][564]LogModuleManager: Shutting down and abandoning module MaterialEditor (566)
[2019.03.12-00.52.38:024][564]LogModuleManager: Shutting down and abandoning module WmfMediaFactory (562)
[2019.03.12-00.52.38:024][564]LogModuleManager: Shutting down and abandoning module WmfMediaEditor (560)
[2019.03.12-00.52.38:024][564]LogModuleManager: Shutting down and abandoning module MediaPlayerEditor (558)
[2019.03.12-00.52.38:024][564]LogModuleManager: Shutting down and abandoning module OpenExrWrapper (556)
[2019.03.12-00.52.38:024][564]LogModuleManager: Shutting down and abandoning module ImgMediaFactory (554)
[2019.03.12-00.52.38:024][564]LogModuleManager: Shutting down and abandoning module ImgMediaEditor (552)
[2019.03.12-00.52.38:024][564]LogModuleManager: Shutting down and abandoning module AvfMediaFactory (550)
[2019.03.12-00.52.38:024][564]LogModuleManager: Shutting down and abandoning module AvfMediaEditor (548)
[2019.03.12-00.52.38:024][564]LogModuleManager: Shutting down and abandoning module AndroidMediaFactory (546)
[2019.03.12-00.52.38:024][564]LogModuleManager: Shutting down and abandoning module AndroidMediaEditor (544)
[2019.03.12-00.52.38:024][564]LogModuleManager: Shutting down and abandoning module MagicLeapCameraPreviewFactory (542)
[2019.03.12-00.52.38:024][564]LogModuleManager: Shutting down and abandoning module MagicLeapMediaFactory (540)
[2019.03.12-00.52.38:024][564]LogModuleManager: Shutting down and abandoning module MagicLeapMediaEditor (538)
[2019.03.12-00.52.38:024][564]LogModuleManager: Shutting down and abandoning module CharacterAI (536)
[2019.03.12-00.52.38:024][564]LogModuleManager: Shutting down and abandoning module SmartSnapping (534)
[2019.03.12-00.52.38:024][564]LogModuleManager: Shutting down and abandoning module SessionServices (532)
[2019.03.12-00.52.38:024][564]LogModuleManager: Shutting down and abandoning module ViewportSnapping (530)
[2019.03.12-00.52.38:024][564]LogModuleManager: Shutting down and abandoning module ViewportInteraction (528)
[2019.03.12-00.52.38:024][564]LogModuleManager: Shutting down and abandoning module ClothPainter (526)
[2019.03.12-00.52.38:024][564]LogModuleManager: Shutting down and abandoning module SkeletalMeshEditor (525)
[2019.03.12-00.52.38:024][564]LogModuleManager: Shutting down and abandoning module LogVisualizer (522)
[2019.03.12-00.52.38:024][564]LogModuleManager: Shutting down and abandoning module IntroTutorials (520)
[2019.03.12-00.52.38:024][564]LogModuleManager: Shutting down and abandoning module GameProjectGeneration (519)
[2019.03.12-00.52.38:024][564]LogModuleManager: Shutting down and abandoning module LuminPlatformEditor (516)
[2019.03.12-00.52.38:024][564]LogModuleManager: Shutting down and abandoning module IOSPlatformEditor (514)
[2019.03.12-00.52.38:025][564]LogModuleManager: Shutting down and abandoning module HTML5PlatformEditor (512)
[2019.03.12-00.52.38:025][564]LogModuleManager: Shutting down and abandoning module AndroidPlatformEditor (510)
[2019.03.12-00.52.38:025][564]LogModuleManager: Shutting down and abandoning module AndroidDeviceDetection (509)
[2019.03.12-00.52.38:454][564]LogModuleManager: Shutting down and abandoning module WindowsPlatformEditor (506)
[2019.03.12-00.52.38:454][564]LogModuleManager: Shutting down and abandoning module LuminRuntimeSettings (504)
[2019.03.12-00.52.38:454][564]LogModuleManager: Shutting down and abandoning module IOSRuntimeSettings (502)
[2019.03.12-00.52.38:454][564]LogModuleManager: Shutting down and abandoning module AndroidRuntimeSettings (500)
[2019.03.12-00.52.38:454][564]LogModuleManager: Shutting down and abandoning module InputBindingEditor (498)
[2019.03.12-00.52.38:454][564]LogModuleManager: Shutting down and abandoning module MergeActors (496)
[2019.03.12-00.52.38:454][564]LogModuleManager: Shutting down and abandoning module LocalizationDashboard (494)
[2019.03.12-00.52.38:454][564]LogModuleManager: Shutting down and abandoning module LocalizationService (493)
[2019.03.12-00.52.38:454][564]LogModuleManager: Shutting down and abandoning module HardwareTargeting (490)
[2019.03.12-00.52.38:454][564]LogModuleManager: Shutting down and abandoning module DeviceProfileEditor (488)
[2019.03.12-00.52.38:455][564]LogModuleManager: Shutting down and abandoning module UndoHistory (486)
[2019.03.12-00.52.38:455][564]LogModuleManager: Shutting down and abandoning module XmlParser (484)
[2019.03.12-00.52.38:455][564]LogModuleManager: Shutting down and abandoning module Blutility (482)
[2019.03.12-00.52.38:455][564]LogModuleManager: Shutting down and abandoning module ProjectSettingsViewer (480)
[2019.03.12-00.52.38:455][564]LogModuleManager: Shutting down and abandoning module ProjectTargetPlatformEditor (479)
[2019.03.12-00.52.38:455][564]LogModuleManager: Shutting down and abandoning module EditorSettingsViewer (476)
[2019.03.12-00.52.38:455][564]LogModuleManager: Shutting down and abandoning module SettingsEditor (474)
[2019.03.12-00.52.38:456][564]LogModuleManager: Shutting down and abandoning module ProjectLauncher (472)
[2019.03.12-00.52.38:456][564]LogModuleManager: Shutting down and abandoning module SessionFrontend (470)
[2019.03.12-00.52.38:456][564]LogModuleManager: Shutting down and abandoning module ProfilerClient (468)
[2019.03.12-00.52.38:456][564]LogModuleManager: Shutting down and abandoning module DeviceManager (466)
[2019.03.12-00.52.38:456][564]LogModuleManager: Shutting down and abandoning module TargetDeviceServices (465)
[2019.03.12-00.52.38:508][564]LogModuleManager: Shutting down and abandoning module AutomationController (462)
[2019.03.12-00.52.38:508][564]LogModuleManager: Shutting down and abandoning module AutomationWindow (460)
[2019.03.12-00.52.38:508][564]LogModuleManager: Shutting down and abandoning module Layers (458)
[2019.03.12-00.52.38:509][564]LogModuleManager: Shutting down and abandoning module ComponentVisualizers (456)
[2019.03.12-00.52.38:509][564]LogModuleManager: Shutting down and abandoning module DetailCustomizations (454)
[2019.03.12-00.52.38:509][564]LogModuleManager: Shutting down and abandoning module PackagesDialog (452)
[2019.03.12-00.52.38:509][564]LogModuleManager: Shutting down and abandoning module Persona (450)
[2019.03.12-00.52.38:509][564]LogModuleManager: Shutting down and abandoning module AdvancedPreviewScene (449)
[2019.03.12-00.52.38:510][564]LogModuleManager: Shutting down and abandoning module AnimGraph (447)
[2019.03.12-00.52.38:510][564]LogModuleManager: Shutting down and abandoning module Kismet (444)
[2019.03.12-00.52.38:525][564]LogModuleManager: Shutting down and abandoning module GraphEditor (442)
[2019.03.12-00.52.38:525][564]LogModuleManager: Shutting down and abandoning module ClassViewer (440)
[2019.03.12-00.52.38:525][564]LogModuleManager: Shutting down and abandoning module Toolbox (438)
[2019.03.12-00.52.38:525][564]LogModuleManager: Shutting down and abandoning module ModuleUI (436)
[2019.03.12-00.52.38:526][564]LogModuleManager: Shutting down and abandoning module MovieSceneTools (434)
[2019.03.12-00.52.38:526][564]LogModuleManager: Shutting down and abandoning module OutputLog (432)
[2019.03.12-00.52.38:526][564]LogModuleManager: Shutting down and abandoning module GammaUI (430)
[2019.03.12-00.52.38:526][564]LogModuleManager: Shutting down and abandoning module Documentation (428)
[2019.03.12-00.52.38:526][564]LogModuleManager: Shutting down and abandoning module MovieSceneTracks (426)
[2019.03.12-00.52.38:526][564]LogModuleManager: Shutting down and abandoning module MovieScene (424)
[2019.03.12-00.52.38:526][564]LogModuleManager: Shutting down and abandoning module StreamingPauseRendering (422)
[2019.03.12-00.52.38:526][564]LogModuleManager: Shutting down and abandoning module LauncherPlatform (420)
[2019.03.12-00.52.38:526][564]LogModuleManager: Shutting down and abandoning module AnalyticsET (418)
[2019.03.12-00.52.38:526][564]LogModuleManager: Shutting down and abandoning module PortalServices (416)
[2019.03.12-00.52.38:526][564]LogModuleManager: Shutting down and abandoning module PortalRpc (414)
[2019.03.12-00.52.38:527][564]LogModuleManager: Shutting down and abandoning module MessagingRpc (412)
[2019.03.12-00.52.38:527][564]LogModuleManager: Shutting down and abandoning module AIModule (410)
[2019.03.12-00.52.38:527][564]LogModuleManager: Shutting down and abandoning module GameplayDebugger (409)
[2019.03.12-00.52.38:527][564]LogModuleManager: Shutting down and abandoning module AITestSuite (407)
[2019.03.12-00.52.38:527][564]LogModuleManager: Shutting down and abandoning module NavigationSystem (405)
[2019.03.12-00.52.38:527][564]LogModuleManager: Shutting down and abandoning module DesktopPlatform (402)
[2019.03.12-00.52.38:527][564]LogModuleManager: Shutting down and abandoning module ProfilerService (400)
[2019.03.12-00.52.38:575][564]LogModuleManager: Shutting down and abandoning module TaskGraph (398)
[2019.03.12-00.52.38:575][564]LogModuleManager: Shutting down and abandoning module SteamVRController (396)
[2019.03.12-00.52.38:575][564]LogModuleManager: Shutting down and abandoning module ProceduralMeshComponentEditor (394)
[2019.03.12-00.52.38:575][564]LogModuleManager: Shutting down and abandoning module ProceduralMeshComponent (392)
[2019.03.12-00.52.38:575][564]LogModuleManager: Shutting down and abandoning module OculusInput (390)
[2019.03.12-00.52.38:575][564]LogModuleManager: Shutting down and abandoning module MobilePatchingUtils (388)
[2019.03.12-00.52.38:575][564]LogModuleManager: Shutting down and abandoning module EditableMesh (386)
[2019.03.12-00.52.38:575][564]LogModuleManager: Shutting down and abandoning module CustomMeshComponent (384)
[2019.03.12-00.52.38:575][564]LogModuleManager: Shutting down and abandoning module CableComponent (382)
[2019.03.12-00.52.38:576][564]LogModuleManager: Shutting down and abandoning module AudioCapture (380)
[2019.03.12-00.52.38:576][564]LogModuleManager: Shutting down and abandoning module ArchVisCharacter (378)
[2019.03.12-00.52.38:576][564]LogModuleManager: Shutting down and abandoning module AndroidPermission (376)
[2019.03.12-00.52.38:576][564]LogModuleManager: Shutting down and abandoning module NUTUnrealEngine4 (374)
[2019.03.12-00.52.38:576][564]LogModuleManager: Shutting down and abandoning module NetcodeUnitTest (372)
[2019.03.12-00.52.38:576][564]LogModuleManager: Shutting down and abandoning module MediaCompositingEditor (370)
[2019.03.12-00.52.38:576][564]LogModuleManager: Shutting down and abandoning module MediaCompositing (368)
[2019.03.12-00.52.38:576][564]LogModuleManager: Shutting down and abandoning module LinearTimecode (366)
[2019.03.12-00.52.38:576][564]LogModuleManager: Shutting down and abandoning module ImgMedia (364)
[2019.03.12-00.52.38:586][564]LogModuleManager: Shutting down and abandoning module HTML5Networking (362)
[2019.03.12-00.52.38:586][564]LogModuleManager: Shutting down and abandoning module GeometryCacheTracks (360)
[2019.03.12-00.52.38:586][564]LogModuleManager: Shutting down and abandoning module GeometryCacheSequencer (358)
[2019.03.12-00.52.38:586][564]LogModuleManager: Shutting down and abandoning module BackChannel (356)
[2019.03.12-00.52.38:586][564]LogModuleManager: Shutting down and abandoning module AppleVision (354)
[2019.03.12-00.52.38:587][564]LogModuleManager: Shutting down and abandoning module AppleImageUtils (352)
[2019.03.12-00.52.38:587][564]LogModuleManager: Shutting down and abandoning module AlembicImporter (350)
[2019.03.12-00.52.38:587][564]LogModuleManager: Shutting down and abandoning module AlembicLibrary (349)
[2019.03.12-00.52.38:587][564]LogModuleManager: Shutting down and abandoning module GeometryCache (348)
[2019.03.12-00.52.38:587][564]LogModuleManager: Shutting down and abandoning module GeometryCacheEd (347)
[2019.03.12-00.52.38:587][564]LogModuleManager: Shutting down and abandoning module DatasmithContentEditor (342)
[2019.03.12-00.52.38:587][564]LogModuleManager: Shutting down and abandoning module DatasmithContent (340)
[2019.03.12-00.52.38:589][564]LogModuleManager: Shutting down and abandoning module SpeedTreeImporter (338)
[2019.03.12-00.52.38:589][564]LogModuleManager: Shutting down and abandoning module PluginBrowser (336)
[2019.03.12-00.52.38:589][564]LogModuleManager: Shutting down and abandoning module MobileLauncherProfileWizard (334)
[2019.03.12-00.52.38:590][564]LogModuleManager: Shutting down and abandoning module PolygonModeling (332)
[2019.03.12-00.52.38:590][564]LogModuleManager: Shutting down and abandoning module MeshEditor (330)
[2019.03.12-00.52.38:590][564]LogModuleManager: Shutting down and abandoning module CryptoKeysOpenSSL (328)
[2019.03.12-00.52.38:590][564]LogModuleManager: Shutting down and abandoning module CryptoKeys (326)
[2019.03.12-00.52.38:590][564]LogModuleManager: Shutting down and abandoning module VisualStudioSourceCodeAccess (324)
[2019.03.12-00.52.38:590][564]LogModuleManager: Shutting down and abandoning module VisualStudioCodeSourceCodeAccess (322)
[2019.03.12-00.52.38:590][564]LogModuleManager: Shutting down and abandoning module UObjectPlugin (320)
[2019.03.12-00.52.38:590][564]LogModuleManager: Shutting down and abandoning module SubversionSourceControl (318)
[2019.03.12-00.52.38:590][564]LogModuleManager: Shutting down and abandoning module PerforceSourceControl (316)
[2019.03.12-00.52.38:591][564]LogModuleManager: Shutting down and abandoning module GitSourceControl (314)
[2019.03.12-00.52.38:591][564]LogModuleManager: Shutting down and abandoning module SourceControl (313)
[2019.03.12-00.52.38:591][564]LogModuleManager: Shutting down and abandoning module CLionSourceCodeAccess (310)
[2019.03.12-00.52.38:591][564]LogModuleManager: Shutting down and abandoning module LightPropagationVolumeEditor (308)
[2019.03.12-00.52.38:591][564]LogModuleManager: Shutting down and abandoning module PaperTiledImporter (306)
[2019.03.12-00.52.38:591][564]LogModuleManager: Shutting down and abandoning module PaperSpriteSheetImporter (304)
[2019.03.12-00.52.38:591][564]LogModuleManager: Shutting down and abandoning module Paper2DEditor (302)
[2019.03.12-00.52.38:591][564]LogModuleManager: Shutting down and abandoning module MeshPaint (301)
[2019.03.12-00.52.38:592][564]LogModuleManager: Shutting down and abandoning module RuntimePhysXCooking (298)
[2019.03.12-00.52.38:592][564]LogModuleManager: Shutting down and abandoning module PhysXVehiclesEditor (296)
[2019.03.12-00.52.38:592][564]LogModuleManager: Shutting down and abandoning module PhysXVehicles (294)
[2019.03.12-00.52.38:592][564]LogModuleManager: Shutting down and abandoning module OculusEditor (292)
[2019.03.12-00.52.38:592][564]LogModuleManager: Shutting down and abandoning module LocationServicesBPLibrary (290)
[2019.03.12-00.52.38:592][564]LogModuleManager: Shutting down and abandoning module ImmediatePhysicsEditor (288)
[2019.03.12-00.52.38:592][564]LogModuleManager: Shutting down and abandoning module ImmediatePhysics (286)
[2019.03.12-00.52.38:592][564]LogModuleManager: Shutting down and abandoning module ActorSequence (284)
[2019.03.12-00.52.38:592][564]LogModuleManager: Shutting down and abandoning module UdpMessaging (282)
[2019.03.12-00.52.38:693][564]LogModuleManager: Shutting down and abandoning module TcpMessaging (280)
[2019.03.12-00.52.38:794][564]LogModuleManager: Shutting down and abandoning module MagicLeapAudio (278)
[2019.03.12-00.52.38:794][564]LogModuleManager: Shutting down and abandoning module GameplayTagsEditor (276)
[2019.03.12-00.52.38:795][564]LogModuleManager: Shutting down and abandoning module FacialAnimationEditor (274)
[2019.03.12-00.52.38:795][564]LogModuleManager: Shutting down and abandoning module FacialAnimation (272)
[2019.03.12-00.52.38:795][564]LogModuleManager: Shutting down and abandoning module DataValidation (270)
[2019.03.12-00.52.38:795][564]LogModuleManager: Shutting down and abandoning module AssetManagerEditor (268)
[2019.03.12-00.52.38:795][564]LogModuleManager: Shutting down and abandoning module LevelEditor (267)
[2019.03.12-00.52.38:797][564]LogModuleManager: Shutting down and abandoning module PixelInspectorModule (266)
[2019.03.12-00.52.38:797][564]LogModuleManager: Shutting down and abandoning module CommonMenuExtensions (264)
[2019.03.12-00.52.38:798][564]LogModuleManager: Shutting down and abandoning module MainFrame (262)
[2019.03.12-00.52.38:798][564]LogModuleManager: Shutting down and abandoning module HotReload (261)
[2019.03.12-00.52.38:799][564]LogModuleManager: Shutting down and abandoning module ContentBrowser (257)
[2019.03.12-00.52.38:802][564]LogModuleManager: Shutting down and abandoning module TreeMap (255)
[2019.03.12-00.52.38:802][564]LogModuleManager: Shutting down and abandoning module LightPropagationVolumeRuntime (252)
[2019.03.12-00.52.38:802][564]LogModuleManager: Shutting down and abandoning module AISupportModule (250)
[2019.03.12-00.52.38:802][564]LogModuleManager: Shutting down and abandoning module Paper2D (248)
[2019.03.12-00.52.38:802][564]LogModuleManager: Shutting down and abandoning module WindowsMoviePlayer (246)
[2019.03.12-00.52.38:802][564]LogModuleManager: Shutting down and abandoning module WmfMedia (244)
[2019.03.12-00.52.38:806][564]LogModuleManager: Shutting down and abandoning module Media (243)
[2019.03.12-00.52.38:813][564]LogModuleManager: Shutting down and abandoning module PacketHandler (240)
[2019.03.12-00.52.38:813][564]LogModuleManager: Shutting down and abandoning module ClothingSystemEditor (238)
[2019.03.12-00.52.38:813][564]LogModuleManager: Shutting down and abandoning module ClothingSystemRuntime (236)
[2019.03.12-00.52.38:813][564]LogModuleManager: Shutting down and abandoning module MediaAssets (234)
[2019.03.12-00.52.38:813][564]LogModuleManager: Shutting down and abandoning module Overlay (232)
[2019.03.12-00.52.38:813][564]LogModuleManager: Shutting down and abandoning module OverlayEditor (231)
[2019.03.12-00.52.38:813][564]LogModuleManager: Shutting down and abandoning module VREditor (228)
[2019.03.12-00.52.38:813][564]LogModuleManager: Shutting down and abandoning module StringTableEditor (226)
[2019.03.12-00.52.38:813][564]LogModuleManager: Shutting down and abandoning module GameplayTasksEditor (224)
[2019.03.12-00.52.38:813][564]LogModuleManager: Shutting down and abandoning module BehaviorTreeEditor (222)
[2019.03.12-00.52.38:814][564]LogModuleManager: Shutting down and abandoning module FunctionalTesting (220)
[2019.03.12-00.52.38:814][564]LogModuleManager: Shutting down and abandoning module CollisionAnalyzer (218)
[2019.03.12-00.52.38:814][564]LogModuleManager: Shutting down and abandoning module WorkspaceMenuStructure (217)
[2019.03.12-00.52.38:814][564]LogModuleManager: Shutting down and abandoning module UMG (214)
[2019.03.12-00.52.38:814][564]LogModuleManager: Shutting down and abandoning module UMGEditor (213)
[2019.03.12-00.52.38:814][564]LogModuleManager: Shutting down and abandoning module Sequencer (212)
[2019.03.12-00.52.38:815][564]LogModuleManager: Shutting down and abandoning module MessageLog (209)
[2019.03.12-00.52.38:815][564]LogModuleManager: Shutting down and abandoning module SlateReflector (204)
[2019.03.12-00.52.38:815][564]LogModuleManager: Shutting down and abandoning module Slate (202)
[2019.03.12-00.52.38:815][564]LogModuleManager: Shutting down and abandoning module EditorStyle (200)
[2019.03.12-00.52.38:820][564]LogModuleManager: Shutting down and abandoning module MRMesh (198)
[2019.03.12-00.52.38:820][564]LogModuleManager: Shutting down and abandoning module SourceCodeAccess (196)
[2019.03.12-00.52.38:820][564]LogModuleManager: Shutting down and abandoning module HeadMountedDisplay (194)
[2019.03.12-00.52.38:821][564]LogModuleManager: Shutting down and abandoning module XAudio2 (192)
[2019.03.12-00.52.38:821][564]LogModuleManager: Shutting down and abandoning module Networking (190)
[2019.03.12-00.52.38:821][564]LogModuleManager: Shutting down and abandoning module Core (188)
[2019.03.12-00.52.38:821][564]LogModuleManager: Shutting down and abandoning module LevelSequence (186)
[2019.03.12-00.52.38:821][564]LogModuleManager: Shutting down and abandoning module KismetCompiler (184)
[2019.03.12-00.52.38:821][564]LogModuleManager: Shutting down and abandoning module MeshUtilities (182)
[2019.03.12-00.52.38:821][564]LogModuleManager: Shutting down and abandoning module MeshMergeUtilities (181)
[2019.03.12-00.52.38:821][564]LogModuleManager: Shutting down and abandoning module MeshReductionInterface (180)
[2019.03.12-00.52.38:821][564]LogModuleManager: Shutting down and abandoning module SimplygonSwarm (179)
[2019.03.12-00.52.38:821][564]LogModuleManager: Shutting down and abandoning module ProxyLODMeshReduction (177)
[2019.03.12-00.52.38:821][564]LogModuleManager: Shutting down and abandoning module SimplygonMeshReduction (175)
[2019.03.12-00.52.38:822][564]LogModuleManager: Shutting down and abandoning module QuadricMeshReduction (173)
[2019.03.12-00.52.38:822][564]LogModuleManager: Shutting down and abandoning module MaterialBaking (169)
[2019.03.12-00.52.38:822][564]LogModuleManager: Shutting down and abandoning module DirectoryWatcher (165)
[2019.03.12-00.52.38:822][564]LogModuleManager: Shutting down and abandoning module DerivedDataCache (162)
[2019.03.12-00.52.38:894][564]LogDerivedDataCache: Shutdown
[2019.03.12-00.52.38:894][564]LogModuleManager: Shutting down and abandoning module XGEController (160)
[2019.03.12-00.52.38:895][564]LogModuleManager: Shutting down and abandoning module TargetPlatform (158)
[2019.03.12-00.52.38:895][564]LogModuleManager: Shutting down and abandoning module VulkanShaderFormat (157)
[2019.03.12-00.52.38:895][564]LogModuleManager: Shutting down and abandoning module ShaderFormatVectorVM (155)
[2019.03.12-00.52.38:895][564]LogModuleManager: Shutting down and abandoning module ShaderFormatOpenGL (153)
[2019.03.12-00.52.38:895][564]LogModuleManager: Shutting down and abandoning module ShaderFormatD3D (151)
[2019.03.12-00.52.38:895][564]LogModuleManager: Shutting down and abandoning module MetalShaderFormat (149)
[2019.03.12-00.52.38:895][564]LogModuleManager: Shutting down and abandoning module TextureFormatUncompressed (147)
[2019.03.12-00.52.38:895][564]LogModuleManager: Shutting down and abandoning module TextureFormatPVR (145)
[2019.03.12-00.52.38:895][564]LogModuleManager: Shutting down and abandoning module TextureFormatDXT (143)
[2019.03.12-00.52.38:895][564]LogModuleManager: Shutting down and abandoning module TextureFormatIntelISPCTexComp (141)
[2019.03.12-00.52.38:896][564]LogModuleManager: Shutting down and abandoning module TextureFormatASTC (139)
[2019.03.12-00.52.38:896][564]LogModuleManager: Shutting down and abandoning module ImageWrapper (138)
[2019.03.12-00.52.38:896][564]LogModuleManager: Shutting down and abandoning module TextureFormatAndroid (135)
[2019.03.12-00.52.38:896][564]LogModuleManager: Shutting down and abandoning module AudioFormatOpus (133)
[2019.03.12-00.52.38:896][564]LogModuleManager: Shutting down and abandoning module AudioFormatOgg (131)
[2019.03.12-00.52.38:896][564]LogModuleManager: Shutting down and abandoning module AudioFormatADPCM (129)
[2019.03.12-00.52.38:896][564]LogModuleManager: Shutting down and abandoning module LuminTargetPlatform (127)
[2019.03.12-00.52.38:896][564]LogModuleManager: Shutting down and abandoning module LinuxTargetPlatform (125)
[2019.03.12-00.52.38:896][564]LogModuleManager: Shutting down and abandoning module LinuxServerTargetPlatform (123)
[2019.03.12-00.52.38:896][564]LogModuleManager: Shutting down and abandoning module LinuxNoEditorTargetPlatform (121)
[2019.03.12-00.52.38:896][564]LogModuleManager: Shutting down and abandoning module LinuxClientTargetPlatform (119)
[2019.03.12-00.52.38:897][564]LogModuleManager: Shutting down and abandoning module TVOSTargetPlatform (117)
[2019.03.12-00.52.38:899][564]LogModuleManager: Shutting down and abandoning module Messaging (115)
[2019.03.12-00.52.38:899][564]LogModuleManager: Shutting down and abandoning module IOSTargetPlatform (113)
[2019.03.12-00.52.38:901][564]LogModuleManager: Shutting down and abandoning module HTML5TargetPlatform (111)
[2019.03.12-00.52.38:901][564]LogModuleManager: Shutting down and abandoning module AndroidTargetPlatform (109)
[2019.03.12-00.52.38:917][564]LogModuleManager: Shutting down and abandoning module WindowsTargetPlatform (107)
[2019.03.12-00.52.38:918][564]LogModuleManager: Shutting down and abandoning module WindowsServerTargetPlatform (105)
[2019.03.12-00.52.38:918][564]LogModuleManager: Shutting down and abandoning module WindowsNoEditorTargetPlatform (103)
[2019.03.12-00.52.38:918][564]LogModuleManager: Shutting down and abandoning module WindowsClientTargetPlatform (101)
[2019.03.12-00.52.38:918][564]LogModuleManager: Shutting down and abandoning module MacTargetPlatform (99)
[2019.03.12-00.52.38:918][564]LogModuleManager: Shutting down and abandoning module MacServerTargetPlatform (97)
[2019.03.12-00.52.38:919][564]LogModuleManager: Shutting down and abandoning module MacNoEditorTargetPlatform (95)
[2019.03.12-00.52.38:919][564]LogModuleManager: Shutting down and abandoning module MacClientTargetPlatform (93)
[2019.03.12-00.52.38:919][564]LogModuleManager: Shutting down and abandoning module AllDesktopTargetPlatform (91)
[2019.03.12-00.52.38:919][564]LogModuleManager: Shutting down and abandoning module InputCore (88)
[2019.03.12-00.52.38:919][564]LogModuleManager: Shutting down and abandoning module Settings (86)
[2019.03.12-00.52.38:919][564]LogModuleManager: Shutting down and abandoning module PhysXCooking (84)
[2019.03.12-00.52.38:919][564]LogModuleManager: Shutting down and abandoning module SteamVR (82)
[2019.03.12-00.52.38:920][564]LogModuleManager: Shutting down and abandoning module OculusHMD (80)
[2019.03.12-00.52.38:920][564]LogModuleManager: Shutting down and abandoning module ExampleDeviceProfileSelector (78)
[2019.03.12-00.52.38:920][564]LogModuleManager: Shutting down and abandoning module LauncherChunkInstaller (76)
[2019.03.12-00.52.38:920][564]LogModuleManager: Shutting down and abandoning module OnlineBlueprintSupport (74)
[2019.03.12-00.52.38:920][564]LogModuleManager: Shutting down and abandoning module OnlineSubsystem (70)
[2019.03.12-00.52.38:922][564]LogModuleManager: Shutting down and abandoning module XMPP (65)
[2019.03.12-00.52.38:922][564]LogModuleManager: Shutting down and abandoning module WebSockets (64)
[2019.03.12-00.52.38:933][564]LogModuleManager: Shutting down and abandoning module HTTP (61)
[2019.03.12-00.52.38:934][564]LogHttp: Display: Http module shutting down, but needs to wait on 1 outstanding Http requests:
[2019.03.12-00.52.38:934][564]LogHttp: Display: 	verb=[POST] url=[https://datarouter.ol.epicgames.com/datarouter/api/v1/public/data?SessionID=%7B7F988B33-49D7-ACE7-593B-7B84997B7F5A%7D&AppID=UEEditor.Rocket.Release&AppVersion=4.20.3-4369336%2B%2B%2BUE4%2BRelease-4.20&UserID=5daf7007485157734fd6609592f24272%7C20079c831a694bbd86d6153fd97feacd%7Cdeb1e550-3146-4fda-bbf6-54b74a37cfb1&AppEnvironment=datacollector-binary&UploadType=eteventstream] status=Processing
[2019.03.12-00.52.38:955][564]LogModuleManager: Shutting down and abandoning module SSL (60)
[2019.03.12-00.52.38:957][564]LogModuleManager: Shutting down and abandoning module MagicLeapEmulator (56)
[2019.03.12-00.52.38:957][564]LogModuleManager: Shutting down and abandoning module MagicLeapPrivileges (54)
[2019.03.12-00.52.38:958][564]LogModuleManager: Shutting down and abandoning module MagicLeapIdentity (52)
[2019.03.12-00.52.38:958][564]LogModuleManager: Shutting down and abandoning module MagicLeapHelperVulkan (50)
[2019.03.12-00.52.38:958][564]LogModuleManager: Shutting down and abandoning module MagicLeapHelperOpenGL (48)
[2019.03.12-00.52.38:958][564]LogModuleManager: Shutting down and abandoning module MagicLeapSecureStorage (46)
[2019.03.12-00.52.38:958][564]LogModuleManager: Shutting down and abandoning module MagicLeapGestures (44)
[2019.03.12-00.52.38:958][564]LogModuleManager: Shutting down and abandoning module MagicLeapEyeTracker (42)
[2019.03.12-00.52.38:958][564]LogModuleManager: Shutting down and abandoning module MagicLeapController (40)
[2019.03.12-00.52.38:958][564]LogSlate: Slate User Destroyed.  User Index 0, Is Virtual User: 0
[2019.03.12-00.52.38:958][564]LogModuleManager: Shutting down and abandoning module MagicLeap (38)
[2019.03.12-00.52.38:959][564]LogModuleManager: Shutting down and abandoning module AnimationModifiers (36)
[2019.03.12-00.52.38:959][564]LogModuleManager: Shutting down and abandoning module PropertyEditor (35)
[2019.03.12-00.52.38:959][564]LogModuleManager: Shutting down and abandoning module AudioEditor (32)
[2019.03.12-00.52.38:959][564]LogModuleManager: Shutting down and abandoning module TextureCompressor (30)
[2019.03.12-00.52.38:960][564]LogModuleManager: Shutting down and abandoning module ShaderCore (28)
[2019.03.12-00.52.38:960][564]LogModuleManager: Shutting down and abandoning module Landscape (26)
[2019.03.12-00.52.38:960][564]LogModuleManager: Shutting down and abandoning module SlateRHIRenderer (24)
[2019.03.12-00.52.38:962][564]LogModuleManager: Shutting down and abandoning module OpenGLDrv (22)
[2019.03.12-00.52.38:962][564]LogModuleManager: Shutting down and abandoning module D3D11RHI (20)
[2019.03.12-00.52.38:962][564]LogModuleManager: Shutting down and abandoning module AnimGraphRuntime (18)
[2019.03.12-00.52.38:962][564]LogModuleManager: Shutting down and abandoning module Renderer (16)
[2019.03.12-00.52.38:962][564]LogModuleManager: Shutting down and abandoning module Engine (14)
[2019.03.12-00.52.38:962][564]LogModuleManager: Shutting down and abandoning module CoreUObject (12)
[2019.03.12-00.52.38:962][564]LogModuleManager: Shutting down and abandoning module NetworkFile (10)
[2019.03.12-00.52.38:962][564]LogModuleManager: Shutting down and abandoning module CookedIterativeFile (8)
[2019.03.12-00.52.38:962][564]LogModuleManager: Shutting down and abandoning module StreamingFile (6)
[2019.03.12-00.52.38:962][564]LogModuleManager: Shutting down and abandoning module SandboxFile (4)
[2019.03.12-00.52.38:962][564]LogModuleManager: Shutting down and abandoning module PakFile (2)
[2019.03.12-00.52.38:981][564]LogExit: Exiting.
[2019.03.12-00.52.39:036][564]Log file closed, 03/11/19 20:52:39
