Log file open, 02/11/19 16:56:54
LogWindows: Failed to load 'aqProf.dll' (GetLastError=126)
LogWindows: File 'aqProf.dll' does not exist
LogWindows: Failed to load 'VtuneApi.dll' (GetLastError=126)
LogWindows: File 'VtuneApi.dll' does not exist
LogWindows: Failed to load 'VtuneApi32e.dll' (GetLastError=126)
LogWindows: File 'VtuneApi32e.dll' does not exist
LogInit: Display: Running engine for game: MarshMellow
LogPlatformFile: Not using cached read wrapper
LogTaskGraph: Started task graph with 5 named threads and 23 total threads with 3 sets of task threads.
LogStats: Stats thread started at 0.278382
LogD3D11RHI: Loaded GFSDK_Aftermath_Lib.x64.dll
LogICUInternationalization: Display: ICU TimeZone Detection - Raw Offset: -5:00, Platform Override: ''
LogPluginManager: Mounting plugin Paper2D
LogPluginManager: Mounting plugin AISupport
LogPluginManager: Mounting plugin LightPropagationVolume
LogPluginManager: Mounting plugin CLionSourceCodeAccess
LogPluginManager: Mounting plugin CodeLiteSourceCodeAccess
LogPluginManager: Mounting plugin GitSourceControl
LogPluginManager: Mounting plugin KDevelopSourceCodeAccess
LogPluginManager: Mounting plugin NullSourceCodeAccess
LogPluginManager: Mounting plugin PerforceSourceControl
LogPluginManager: Mounting plugin SubversionSourceControl
LogPluginManager: Mounting plugin UObjectPlugin
LogPluginManager: Mounting plugin VisualStudioCodeSourceCodeAccess
LogPluginManager: Mounting plugin VisualStudioSourceCodeAccess
LogPluginManager: Mounting plugin XCodeSourceCodeAccess
LogPluginManager: Mounting plugin AssetManagerEditor
LogPluginManager: Mounting plugin CryptoKeys
LogPluginManager: Mounting plugin DataValidation
LogPluginManager: Mounting plugin FacialAnimation
LogPluginManager: Mounting plugin GameplayTagsEditor
LogPluginManager: Mounting plugin MacGraphicsSwitching
LogPluginManager: Mounting plugin MeshEditor
LogPluginManager: Mounting plugin MobileLauncherProfileWizard
LogPluginManager: Mounting plugin PluginBrowser
LogPluginManager: Mounting plugin SpeedTreeImporter
LogPluginManager: Mounting plugin DatasmithContent
LogPluginManager: Mounting plugin AlembicImporter
LogPluginManager: Mounting plugin AppleImageUtils
LogPluginManager: Mounting plugin AppleVision
LogPluginManager: Mounting plugin BackChannel
LogPluginManager: Mounting plugin CharacterAI
LogPluginManager: Mounting plugin GeometryCache
LogPluginManager: Mounting plugin HTML5Networking
LogPluginManager: Mounting plugin ProxyLODPlugin
LogPluginManager: Mounting plugin MagicLeap
LogPluginManager: Mounting plugin MagicLeapEmulator
LogPluginManager: Mounting plugin MagicLeapMedia
LogPluginManager: Mounting plugin AndroidMedia
LogPluginManager: Mounting plugin AvfMedia
LogPluginManager: Mounting plugin ImgMedia
LogPluginManager: Mounting plugin LinearTimecode
LogPluginManager: Mounting plugin MediaCompositing
LogPluginManager: Mounting plugin MediaPlayerEditor
LogPluginManager: Mounting plugin WmfMedia
LogPluginManager: Mounting plugin TcpMessaging
LogPluginManager: Mounting plugin UdpMessaging
LogPluginManager: Mounting plugin ActorSequence
LogPluginManager: Mounting plugin LevelSequenceEditor
LogPluginManager: Mounting plugin MatineeToLevelSequence
LogPluginManager: Mounting plugin NetcodeUnitTest
LogPluginManager: Mounting plugin NUTUnrealEngine4
LogPluginManager: Mounting plugin OnlineSubsystemGooglePlay
LogPluginManager: Mounting plugin OnlineSubsystemIOS
LogPluginManager: Mounting plugin OnlineSubsystem
LogPluginManager: Mounting plugin OnlineSubsystemNull
LogPluginManager: Mounting plugin OnlineSubsystemUtils
LogPluginManager: Mounting plugin LauncherChunkInstaller
LogPluginManager: Mounting plugin AndroidDeviceProfileSelector
LogPluginManager: Mounting plugin AndroidMoviePlayer
LogPluginManager: Mounting plugin AndroidPermission
LogPluginManager: Mounting plugin AppleMoviePlayer
LogPluginManager: Mounting plugin ArchVisCharacter
LogPluginManager: Mounting plugin AudioCapture
LogPluginManager: Mounting plugin CableComponent
LogPluginManager: Mounting plugin CustomMeshComponent
LogPluginManager: Mounting plugin EditableMesh
LogPluginManager: Mounting plugin ExampleDeviceProfileSelector
LogPluginManager: Mounting plugin GoogleCloudMessaging
LogPluginManager: Mounting plugin ImmediatePhysics
LogPluginManager: Mounting plugin IOSDeviceProfileSelector
LogPluginManager: Mounting plugin LinuxDeviceProfileSelector
LogPluginManager: Mounting plugin LocationServicesBPLibrary
LogPluginManager: Mounting plugin MobilePatchingUtils
LogPluginManager: Mounting plugin OculusVR
LogPluginManager: Plugin shader directory ../../../Engine/Plugins/Runtime/Oculus/OculusVR/Shaders found
LogPluginManager: Mapping shader source directory ../../../Engine/Plugins/Runtime/Oculus/OculusVR/Shaders to virtual directory /Plugin/OculusVR
LogPluginManager: Mounting plugin PhysXVehicles
LogPluginManager: Mounting plugin ProceduralMeshComponent
LogPluginManager: Mounting plugin RuntimePhysXCooking
LogPluginManager: Mounting plugin SteamVR
LogPluginManager: Mounting plugin WindowsMoviePlayer
LogStreaming: Display: Took  0.115s to configure plugins.
LogInit: Using libcurl 7.55.1-DEV
LogInit:  - built for x86_64-pc-win32
LogInit:  - supports SSL with OpenSSL/1.0.2h
LogInit:  - supports HTTP deflate (compression) using libz 1.2.8
LogInit:  - other features:
LogInit:      CURL_VERSION_SSL
LogInit:      CURL_VERSION_LIBZ
LogInit:      CURL_VERSION_IPV6
LogInit:      CURL_VERSION_ASYNCHDNS
LogInit:      CURL_VERSION_LARGEFILE
LogInit:      CURL_VERSION_IDN
LogInit:  CurlRequestOptions (configurable via config and command line):
LogInit:  - bVerifyPeer = false  - Libcurl will NOT verify peer certificate
LogInit:  - bUseHttpProxy = false  - Libcurl will NOT use HTTP proxy
LogInit:  - bDontReuseConnections = false  - Libcurl will reuse connections
LogInit:  - CertBundlePath = nullptr  - Libcurl will use whatever was configured at build time.
LogInit:  - MaxHostConnections = 16  - Libcurl will limit the number of connections to a host
LogInit:  - LocalHostAddr = Default
LogInit:  - BufferSize = 65536
LogInit: WinSock: version 1.1 (2.2), MaxSocks=32767, MaxUdp=65467
LogInit: Build: ++UE4+Release-4.20-CL-4369336
LogInit: Engine Version: 4.20.3-4369336+++UE4+Release-4.20
LogInit: Compatible Engine Version: 4.20.0-4212847+++UE4+Release-4.20
LogInit: Net CL: 4212847
LogInit: OS: Windows 10 (), CPU: Intel(R) Core(TM) i7-6700K CPU @ 4.00GHz, GPU: NVIDIA TITAN X (Pascal)
LogInit: Compiled (64-bit): Sep 17 2018 12:26:19
LogInit: Compiled with Visual C++: 19.13.26129.00
LogInit: Build Configuration: Development
LogInit: Branch Name: ++UE4+Release-4.20
LogInit: Command Line: 
LogInit: Base Directory: C:/Program Files/Epic Games/UE_4.20/Engine/Binaries/Win64/
LogInit: Installed Engine Build: 1
LogDevObjectVersion: Number of dev versions registered: 20
LogDevObjectVersion:   Dev-Blueprints (B0D832E4-1F89-4F0D-ACCF-7EB736FD4AA2): 10
LogDevObjectVersion:   Dev-Build (E1C64328-A22C-4D53-A36C-8E866417BD8C): 0
LogDevObjectVersion:   Dev-Core (375EC13C-06E4-48FB-B500-84F0262A717E): 2
LogDevObjectVersion:   Dev-Editor (E4B068ED-F494-42E9-A231-DA0B2E46BB41): 24
LogDevObjectVersion:   Dev-Framework (CFFC743F-43B0-4480-9391-14DF171D2073): 34
LogDevObjectVersion:   Dev-Mobile (B02B49B5-BB20-44E9-A304-32B752E40360): 2
LogDevObjectVersion:   Dev-Networking (A4E4105C-59A1-49B5-A7C5-40C4547EDFEE): 0
LogDevObjectVersion:   Dev-Online (39C831C9-5AE6-47DC-9A44-9C173E1C8E7C): 0
LogDevObjectVersion:   Dev-Physics (78F01B33-EBEA-4F98-B9B4-84EACCB95AA2): 0
LogDevObjectVersion:   Dev-Platform (6631380F-2D4D-43E0-8009-CF276956A95A): 0
LogDevObjectVersion:   Dev-Rendering (12F88B9F-8875-4AFC-A67C-D90C383ABD29): 26
LogDevObjectVersion:   Dev-Sequencer (7B5AE74C-D270-4C10-A958-57980B212A5A): 9
LogDevObjectVersion:   Dev-VR (D7296918-1DD6-4BDD-9DE2-64A83CC13884): 2
LogDevObjectVersion:   Dev-LoadTimes (C2A15278-BFE7-4AFE-6C17-90FF531DF755): 1
LogDevObjectVersion:   Private-Geometry (6EACA3D4-40EC-4CC1-B786-8BED09428FC5): 3
LogDevObjectVersion:   Dev-AnimPhys (29E575DD-E0A3-4627-9D10-D276232CDCEA): 17
LogDevObjectVersion:   Dev-ReflectionCapture (6B266CEC-1EC7-4B8F-A30B-E4D90942FC07): 1
LogDevObjectVersion:   Dev-Automation (0DF73D61-A23F-47EA-B727-89E90C41499A): 1
LogDevObjectVersion:   FortniteMain (601D1886-AC64-4F84-AA16-D3DE0DEAC7D6): 12
LogDevObjectVersion:   Dev-Enterprise (9DFFBCD6-494F-0158-E221-12823C92A888): 1
LogStreaming: Display: Took  0.001s to delete old logs.
LogInit: Presizing for max 8388607 objects, including 0 objects not considered by GC, pre-allocating 0 bytes for permanent pool.
LogInit: Object subsystem initialized
[2019.02.11-21.56.55:286][  0]LogInit: Selected Device Profile: [Windows]
[2019.02.11-21.56.55:286][  0]LogInit: Applying CVar settings loaded from the selected device profile: [Windows]
[2019.02.11-21.56.55:335][  0]LogHAL: Display: Platform has ~ 32 GB [34300579840 / 34359738368 / 32], which maps to Largest [LargestMinGB=32, LargerMinGB=12, DefaultMinGB=8, SmallerMinGB=6, SmallestMinGB=0)
[2019.02.11-21.56.55:335][  0]LogInit: Setting Device Profile CVar: [[r.Vulkan.UseRealUBs:1]]
[2019.02.11-21.56.55:335][  0]LogInit: Going up to parent DeviceProfile []
[2019.02.11-21.56.55:337][  0]LogInit: Computer: DESKTOP-I0Q4SH2
[2019.02.11-21.56.55:337][  0]LogInit: User: LohasKevin
[2019.02.11-21.56.55:337][  0]LogInit: CPU Page size=4096, Cores=4
[2019.02.11-21.56.55:337][  0]LogInit: High frequency timer resolution =10.000000 MHz
[2019.02.11-21.56.55:338][  0]LogMemory: Memory total: Physical=31.9GB (32GB approx)
[2019.02.11-21.56.55:338][  0]LogMemory: Platform Memory Stats for Windows
[2019.02.11-21.56.55:338][  0]LogMemory: Process Physical Memory: 100.45 MB used, 100.46 MB peak
[2019.02.11-21.56.55:338][  0]LogMemory: Process Virtual Memory: 91.06 MB used, 91.06 MB peak
[2019.02.11-21.56.55:338][  0]LogMemory: Physical Memory: 18532.78 MB used,  14178.80 MB free, 32711.58 MB total
[2019.02.11-21.56.55:338][  0]LogMemory: Virtual Memory: 4643.03 MB used,  14178.80 MB free, 134217728.00 MB total
[2019.02.11-21.56.55:380][  0]LogInit: Using OS detected language (en-US).
[2019.02.11-21.56.55:380][  0]LogInit: Using OS detected locale (en-US).
[2019.02.11-21.56.55:382][  0]LogTextLocalizationManager: No specific localization for 'en-US' exists, so the 'en' localization will be used.
[2019.02.11-21.56.55:667][  0]LogStreaming: Display: Took  0.287s to InitEngineTextLocalization.
[2019.02.11-21.56.55:668][  0]LogInit: Setting process to per monitor DPI aware
[2019.02.11-21.56.55:695][  0]LogSlate: New Slate User Created.  User Index 0, Is Virtual User: 0
[2019.02.11-21.56.55:695][  0]LogSlate: Slate User Registered.  User Index 0, Is Virtual User: 0
[2019.02.11-21.56.55:844][  0]LogHMD: Failed to initialize OpenVR with code 110
[2019.02.11-21.56.55:844][  0]LogD3D11RHI: D3D11 adapters:
[2019.02.11-21.56.55:901][  0]LogD3D11RHI:    0. 'NVIDIA TITAN X (Pascal)' (Feature Level 11_0)
[2019.02.11-21.56.55:901][  0]LogD3D11RHI:       12147/0/16355 MB DedicatedVideo/DedicatedSystem/SharedSystem, Outputs:1, VendorId:0x10de
[2019.02.11-21.56.55:903][  0]LogD3D11RHI:    1. 'Microsoft Basic Render Driver' (Feature Level 11_0)
[2019.02.11-21.56.55:903][  0]LogD3D11RHI:       0/0/16355 MB DedicatedVideo/DedicatedSystem/SharedSystem, Outputs:0, VendorId:0x1414
[2019.02.11-21.56.55:903][  0]LogD3D11RHI: Chosen D3D11 Adapter: 0
[2019.02.11-21.56.55:910][  0]LogD3D11RHI: Creating new Direct3DDevice
[2019.02.11-21.56.55:910][  0]LogD3D11RHI:     GPU DeviceId: 0x1b00 (for the marketing name, search the web for "GPU Device Id")
[2019.02.11-21.56.55:910][  0]LogWindows: EnumDisplayDevices:
[2019.02.11-21.56.55:910][  0]LogWindows:    0. 'NVIDIA TITAN X (Pascal)' (P:1 D:1)
[2019.02.11-21.56.55:911][  0]LogWindows:    1. 'NVIDIA TITAN X (Pascal)' (P:0 D:0)
[2019.02.11-21.56.55:911][  0]LogWindows:    2. 'NVIDIA TITAN X (Pascal)' (P:0 D:0)
[2019.02.11-21.56.55:911][  0]LogWindows:    3. 'NVIDIA TITAN X (Pascal)' (P:0 D:0)
[2019.02.11-21.56.55:911][  0]LogWindows: DebugString: FoundDriverCount:4 
[2019.02.11-21.56.55:911][  0]LogD3D11RHI:     Adapter Name: NVIDIA TITAN X (Pascal)
[2019.02.11-21.56.55:911][  0]LogD3D11RHI:   Driver Version: 417.35 (internal:25.21.14.1735, unified:417.35)
[2019.02.11-21.56.55:911][  0]LogD3D11RHI:      Driver Date: 12-11-2018
[2019.02.11-21.56.55:911][  0]LogRHI: Texture pool is 8502 MB (70% of 12147 MB)
[2019.02.11-21.56.55:946][  0]LogD3D11RHI: Async texture creation enabled
[2019.02.11-21.56.55:981][  0]LogD3D11RHI: GPU Timing Frequency: 1000.000000 (Debug: 2 2)
[2019.02.11-21.56.56:023][  0]LogShaderCompilers: Guid format shader working directory is 20 characters bigger than the processId version (E:/MARSHMALLOWS-WOOO/MarshMellow/Intermediate/Shaders/WorkingDirectory/8012/).
[2019.02.11-21.56.56:023][  0]LogShaderCompilers: Cleaned the shader compiler working directory 'C:/Users/Lohas_Kevin/AppData/Local/Temp/UnrealShaderWorkingDir/3A358B4944BFE4F8B4C15F8D44CBA721/'.
[2019.02.11-21.56.56:240][  0]LogTemp: Display: Loaded TP AllDesktopTargetPlatform
[2019.02.11-21.56.56:250][  0]LogTemp: Display: Loaded TP MacClientTargetPlatform
[2019.02.11-21.56.56:261][  0]LogTemp: Display: Loaded TP MacNoEditorTargetPlatform
[2019.02.11-21.56.56:272][  0]LogTemp: Display: Loaded TP MacServerTargetPlatform
[2019.02.11-21.56.56:283][  0]LogTemp: Display: Loaded TP MacTargetPlatform
[2019.02.11-21.56.56:294][  0]LogTemp: Display: Loaded TP WindowsClientTargetPlatform
[2019.02.11-21.56.56:304][  0]LogTemp: Display: Loaded TP WindowsNoEditorTargetPlatform
[2019.02.11-21.56.56:315][  0]LogTemp: Display: Loaded TP WindowsServerTargetPlatform
[2019.02.11-21.56.56:320][  0]LogTemp: Display: Loaded TP WindowsTargetPlatform
[2019.02.11-21.56.56:402][  0]LogTemp: Display: Loaded TP AndroidTargetPlatform
[2019.02.11-21.56.56:402][  0]LogTemp: Display: Loaded TP AndroidTargetPlatform
[2019.02.11-21.56.56:402][  0]LogTemp: Display: Loaded TP AndroidTargetPlatform
[2019.02.11-21.56.56:402][  0]LogTemp: Display: Loaded TP AndroidTargetPlatform
[2019.02.11-21.56.56:402][  0]LogTemp: Display: Loaded TP AndroidTargetPlatform
[2019.02.11-21.56.56:402][  0]LogTemp: Display: Loaded TP AndroidTargetPlatform
[2019.02.11-21.56.56:402][  0]LogTemp: Display: Loaded TP AndroidTargetPlatform
[2019.02.11-21.56.56:402][  0]LogTemp: Display: Loaded TP AndroidTargetPlatform
[2019.02.11-21.56.56:403][  0]LogTemp: Display: Loaded TP AndroidTargetPlatform
[2019.02.11-21.56.56:403][  0]LogTemp: Display: Loaded TP AndroidTargetPlatform
[2019.02.11-21.56.56:403][  0]LogTemp: Display: Loaded TP AndroidTargetPlatform
[2019.02.11-21.56.56:403][  0]LogTemp: Display: Loaded TP AndroidTargetPlatform
[2019.02.11-21.56.56:403][  0]LogTemp: Display: Loaded TP AndroidTargetPlatform
[2019.02.11-21.56.56:403][  0]LogTemp: Display: Loaded TP AndroidTargetPlatform
[2019.02.11-21.56.56:403][  0]LogTemp: Display: Loaded TP AndroidTargetPlatform
[2019.02.11-21.56.56:403][  0]LogTemp: Display: Loaded TP AndroidTargetPlatform
[2019.02.11-21.56.56:403][  0]LogTemp: Display: Loaded TP AndroidTargetPlatform
[2019.02.11-21.56.56:403][  0]LogTemp: Display: Loaded TP AndroidTargetPlatform
[2019.02.11-21.56.56:405][  0]LogTemp: Display: Loaded TP HTML5TargetPlatform
[2019.02.11-21.56.56:466][  0]LogTemp: Display: Loaded TP IOSTargetPlatform
[2019.02.11-21.56.56:466][  0]LogTemp: Display: Loaded TP IOSTargetPlatform
[2019.02.11-21.56.56:507][  0]LogTemp: Display: Loaded TP TVOSTargetPlatform
[2019.02.11-21.56.56:507][  0]LogTemp: Display: Loaded TP TVOSTargetPlatform
[2019.02.11-21.56.56:519][  0]LogTemp: Display: Loaded TP LinuxClientTargetPlatform
[2019.02.11-21.56.56:529][  0]LogTemp: Display: Loaded TP LinuxNoEditorTargetPlatform
[2019.02.11-21.56.56:539][  0]LogTemp: Display: Loaded TP LinuxServerTargetPlatform
[2019.02.11-21.56.56:550][  0]LogTemp: Display: Loaded TP LinuxTargetPlatform
[2019.02.11-21.56.56:557][  0]LogTemp: Display: Loaded TP LuminTargetPlatform
[2019.02.11-21.56.56:557][  0]LogTargetPlatformManager: Display: Building Assets For Windows
[2019.02.11-21.56.56:605][  0]LogXGEController: Cannot use XGE Controller as Incredibuild is not installed on this machine.
[2019.02.11-21.56.56:605][  0]LogShaderCompilers: Cannot use XGE Shader Compiler as Incredibuild is not installed on this machine.
[2019.02.11-21.56.56:605][  0]LogShaderCompilers: Display: Using Local Shader Compiler.
[2019.02.11-21.56.57:274][  0]LogDerivedDataCache: Display: Max Cache Size: 512 MB
[2019.02.11-21.56.57:317][  0]LogDerivedDataCache: Loaded boot cache 0.04s 71MB C:/Users/Lohas_Kevin/AppData/Local/UnrealEngine/4.20/DerivedDataCache/Boot.ddc.
[2019.02.11-21.56.57:318][  0]LogDerivedDataCache: Display: Loaded Boot cache: C:/Users/Lohas_Kevin/AppData/Local/UnrealEngine/4.20/DerivedDataCache/Boot.ddc
[2019.02.11-21.56.57:318][  0]LogDerivedDataCache: FDerivedDataBackendGraph:  Pak pak cache file E:/MARSHMALLOWS-WOOO/MarshMellow/DerivedDataCache/DDC.ddp not found, will not use a pak cache.
[2019.02.11-21.56.57:318][  0]LogDerivedDataCache: Unable to find inner node Pak for hierarchical cache Hierarchy.
[2019.02.11-21.56.57:318][  0]LogDerivedDataCache: FDerivedDataBackendGraph:  CompressedPak pak cache file E:/MARSHMALLOWS-WOOO/MarshMellow/DerivedDataCache/Compressed.ddp not found, will not use a pak cache.
[2019.02.11-21.56.57:318][  0]LogDerivedDataCache: Unable to find inner node CompressedPak for hierarchical cache Hierarchy.
[2019.02.11-21.56.57:328][  0]LogDerivedDataCache: Display: Pak cache opened for reading ../../../Engine/DerivedDataCache/Compressed.ddp.
[2019.02.11-21.56.57:340][  0]LogDerivedDataCache: Using Local data cache path C:/Users/Lohas_Kevin/AppData/Local/UnrealEngine/Common/DerivedDataCache: Writable
[2019.02.11-21.56.57:340][  0]LogDerivedDataCache: Shared data cache path not found in *engine.ini, will not use an Shared cache.
[2019.02.11-21.56.57:340][  0]LogDerivedDataCache: Unable to find inner node Shared for hierarchical cache Hierarchy.
[2019.02.11-21.56.57:369][  0]LogMaterial: Verifying Global Shaders for PCD3D_SM5
[2019.02.11-21.56.57:371][  0]LogSlate: Using FreeType 2.6.0
[2019.02.11-21.56.57:371][  0]LogSlate: SlateFontServices - WITH_FREETYPE: 1, WITH_HARFBUZZ: 1
[2019.02.11-21.56.57:441][  0]LogAssetRegistry: FAssetRegistry took 0.0266 seconds to start up
[2019.02.11-21.56.57:710][  0]LogInit: Selected Device Profile: [Windows]
[2019.02.11-21.56.57:821][  0]LogSimplygon: Simplygon DLL not present - disabling.
[2019.02.11-21.56.57:824][  0]LogMeshReduction: Using SimplygonSwarm for distributed automatic mesh merging
[2019.02.11-21.56.57:824][  0]LogMeshReduction: Using ProxyLODMeshReduction for automatic mesh merging
[2019.02.11-21.56.57:824][  0]LogMeshReduction: Using QuadricMeshReduction for automatic static mesh reduction
[2019.02.11-21.56.57:824][  0]LogMeshReduction: No automatic skeletal mesh reduction module available
[2019.02.11-21.56.57:838][  0]LogNetVersion: MarshMellow 1.0.0, NetCL: 4212847, EngineNetVer: 5, GameNetVer: 0 (Checksum: 3750370364)
[2019.02.11-21.56.58:323][  0]LogPackageLocalizationCache: Processed 11 localized package path(s) for 2 prioritized culture(s) in 0.108537 seconds
[2019.02.11-21.56.58:329][  0]LogUObjectArray: 38425 objects as part of root set at end of initial load.
[2019.02.11-21.56.58:329][  0]LogUObjectAllocator: 6690864 out of 0 bytes used by permanent object pool.
[2019.02.11-21.56.58:329][  0]LogUObjectArray: CloseDisregardForGC: 0/0 objects in disregard for GC pool
[2019.02.11-21.56.59:033][  0]LogTcpMessaging: Initializing TcpMessaging bridge
[2019.02.11-21.56.59:047][  0]LogUdpMessaging: Initializing bridge on interface 0.0.0.0:0 to multicast group 230.0.0.1:6666.
[2019.02.11-21.56.59:176][  0]SourceControl: Source control is disabled
[2019.02.11-21.56.59:176][  0]SourceControl: Source control is disabled
[2019.02.11-21.56.59:177][  0]SourceControl: Source control is disabled
[2019.02.11-21.56.59:178][  0]SourceControl: Source control is disabled
[2019.02.11-21.56.59:324][  0]LogAndroidPermission: UAndroidPermissionCallbackProxy::GetInstance
[2019.02.11-21.56.59:383][  0]LogOcInput: OculusInput pre-init called
[2019.02.11-21.56.59:439][  0]LogEngine: Initializing Engine...
[2019.02.11-21.56.59:440][  0]LogHMD: Failed to initialize OpenVR with code 110
[2019.02.11-21.56.59:441][  0]LogStats: UGameplayTagsManager::ConstructGameplayTagTree: ImportINI prefixes -  0.000 s
[2019.02.11-21.56.59:441][  0]LogStats: UGameplayTagsManager::ConstructGameplayTagTree: Construct from data asset -  0.000 s
[2019.02.11-21.56.59:442][  0]LogStats: UGameplayTagsManager::ConstructGameplayTagTree: ImportINI -  0.000 s
[2019.02.11-21.56.59:442][  0]LogStats: UGameplayTagsManager::ConstructGameplayTagTree: GameplayTagTreeChangedEvent.Broadcast -  0.000 s
[2019.02.11-21.56.59:606][  0]LogInit: Initializing FReadOnlyCVARCache
[2019.02.11-21.56.59:617][  0]LogAIModule: Creating AISystem for world Untitled
[2019.02.11-21.56.59:662][  0]LogInit: XAudio2 using 'Acer XB241H (NVIDIA High Definition Audio)' : 2 channels at 48 kHz using 16 bits per sample (channel mask 0x3)
[2019.02.11-21.56.59:674][  0]LogInit: FAudioDevice initialized.
[2019.02.11-21.56.59:674][  0]LogNetVersion: Set ProjectVersion to 1.0.0.0. Version Checksum will be recalculated on next use.
[2019.02.11-21.56.59:719][  0]LogDerivedDataCache: Saved boot cache 0.04s 71MB C:/Users/Lohas_Kevin/AppData/Local/UnrealEngine/4.20/DerivedDataCache/Boot.ddc.
[2019.02.11-21.56.59:727][  0]LogInit: Texture streaming: Enabled
[2019.02.11-21.56.59:742][  0]LogEngineSessionManager: EngineSessionManager initialized
[2019.02.11-21.56.59:754][  0]LogInit: Transaction tracking system initialized
[2019.02.11-21.56.59:773][  0]BlueprintLog: New page: Editor Load
[2019.02.11-21.56.59:840][  0]LocalizationService: Localization service is disabled
[2019.02.11-21.57.00:053][  0]LogCook: Display: Max memory allowance for cook 16384mb min free memory 0mb
[2019.02.11-21.57.00:053][  0]LogCook: Display: Mobile HDR setting 1
[2019.02.11-21.57.00:053][  0]LogGameplayTags: Display: UGameplayTagsManager::DoneAddingNativeTags. DelegateIsBound: 0
[2019.02.11-21.57.00:053][  0]LogStats: UGameplayTagsManager::ConstructGameplayTagTree: ImportINI prefixes -  0.000 s
[2019.02.11-21.57.00:053][  0]LogStats: UGameplayTagsManager::ConstructGameplayTagTree: Construct from data asset -  0.000 s
[2019.02.11-21.57.00:053][  0]LogStats: UGameplayTagsManager::ConstructGameplayTagTree: ImportINI -  0.000 s
[2019.02.11-21.57.00:053][  0]LogStats: UGameplayTagsManager::ConstructGameplayTagTree: GameplayTagTreeChangedEvent.Broadcast -  0.000 s
[2019.02.11-21.57.00:162][  0]LogFileCache: Scanning file cache for directory 'E:/MARSHMALLOWS-WOOO/MarshMellow/Content/' took 0.03s
[2019.02.11-21.57.00:162][  0]SourceControl: Source control is disabled
[2019.02.11-21.57.00:162][  0]Cmd: MAP LOAD FILE="E:/MARSHMALLOWS-WOOO/MarshMellow/Content/StarterContent/Maps/Minimal_Default.umap" TEMPLATE=0 SHOWPROGRESS=1 FEATURELEVEL=3
[2019.02.11-21.57.00:163][  0]LightingResults: New page: Lighting Build
[2019.02.11-21.57.00:165][  0]MapCheck: New page: Map Check
[2019.02.11-21.57.00:165][  0]LightingResults: New page: Lighting Build
[2019.02.11-21.57.00:457][  0]LogAIModule: Creating AISystem for world Minimal_Default
[2019.02.11-21.57.00:464][  0]LogEditorServer: Finished looking for orphan Actors (0.000 secs)
[2019.02.11-21.57.00:484][  0]Cmd: MAP CHECKDEP NOCLEARLOG
[2019.02.11-21.57.00:557][  0]MapCheck: Map check complete: 0 Error(s), 0 Warning(s), took 72.823ms to complete.
[2019.02.11-21.57.00:558][  0]LogFileHelpers: Loading map 'Minimal_Default' took 0.395
[2019.02.11-21.57.00:652][  0]LogSlate: Updating window title bar state: overlay mode, drag disabled, window buttons hidden, title bar hidden
[2019.02.11-21.57.00:658][  0]LogSlate: Updating window title bar state: overlay mode, drag disabled, window buttons hidden, title bar hidden
[2019.02.11-21.57.00:663][  0]LogCollectionManager: Loaded 0 collections in 0.001683 seconds
[2019.02.11-21.57.00:701][  0]LogFileCache: Scanning file cache for directory 'E:/MARSHMALLOWS-WOOO/MarshMellow/Saved/Collections/' took 0.01s
[2019.02.11-21.57.00:701][  0]LogFileCache: Scanning file cache for directory 'E:/MARSHMALLOWS-WOOO/MarshMellow/Content/Developers/LohasKevin/Collections/' took 0.01s
[2019.02.11-21.57.00:701][  0]LogFileCache: Scanning file cache for directory 'E:/MARSHMALLOWS-WOOO/MarshMellow/Content/Collections/' took 0.01s
[2019.02.11-21.57.00:701][  0]LogCollectionManager: Rebuilt the GUID cache for 0 collections in 0.000001 seconds
[2019.02.11-21.57.00:709][  0]LogContentBrowser: Native class hierarchy populated in 0.0071 seconds. Added 2572 classes and 603 folders.
[2019.02.11-21.57.00:714][  0]LogContentBrowser: Native class hierarchy updated for 'WidgetCarousel' in 0.0002 seconds. Added 0 classes and 0 folders.
[2019.02.11-21.57.00:761][  0]LogContentBrowser: Native class hierarchy updated for 'AddContentDialog' in 0.0002 seconds. Added 0 classes and 0 folders.
[2019.02.11-21.57.00:765][  0]LogContentBrowser: Native class hierarchy updated for 'SceneOutliner' in 0.0002 seconds. Added 1 classes and 2 folders.
[2019.02.11-21.57.00:816][  0]LogSlate: Took 0.000193 seconds to synchronously load lazily loaded font '../../../Engine/Content/Slate/Fonts/Roboto-Regular.ttf' (155K)
[2019.02.11-21.57.00:818][  0]LogSlate: Took 0.000143 seconds to synchronously load lazily loaded font '../../../Engine/Content/Slate/Fonts/Roboto-Bold.ttf' (160K)
[2019.02.11-21.57.00:822][  0]LogSlate: Took 0.000192 seconds to synchronously load lazily loaded font '../../../Engine/Content/Editor/Slate/Fonts/FontAwesome.ttf' (139K)
[2019.02.11-21.57.00:886][  0]LogRenderer: Reallocating scene render targets to support 1208x416 Format 10 NumSamples 1 (Frame:1).
[2019.02.11-21.57.01:047][  0]LogContentBrowser: Native class hierarchy updated for 'HierarchicalLODOutliner' in 0.0002 seconds. Added 0 classes and 0 folders.
[2019.02.11-21.57.01:047][  0]LogLoad: (Engine Initialization) Total time: 7.41 seconds
[2019.02.11-21.57.01:047][  0]LogLoad: (Engine Initialization) Total Blueprint compile time: 0.00 seconds
[2019.02.11-21.57.01:081][  0]LogContentStreaming: Texture pool size now 1000 MB
[2019.02.11-21.57.01:101][  0]LogSlate: Took 0.000124 seconds to synchronously load lazily loaded font '../../../Engine/Content/Slate/Fonts/Roboto-Light.ttf' (167K)
[2019.02.11-21.57.04:338][300]LogAssetRegistry: Asset discovery search completed in 6.9202 seconds
[2019.02.11-21.57.04:340][300]LogCollectionManager: Rebuilt the object cache for 0 collections in 0.000000 seconds (found 0 objects)
[2019.02.11-21.57.04:340][300]LogCollectionManager: Fixed up redirectors for 0 collections in 0.000047 seconds (updated 0 objects)
[2019.02.11-21.57.06:342][306]LogSlate: FSceneViewport::OnFocusLost() reason 0
[2019.02.11-21.57.08:336][352]LogSlate: Took 0.000172 seconds to synchronously load lazily loaded font '../../../Engine/Content/Slate/Fonts/Roboto-Light.ttf' (167K)
[2019.02.11-21.57.08:777][352]LogLinker: Warning: Can't find file '/Game/Levels/Level1Spaceship_BuiltData'
[2019.02.11-21.57.08:778][352]LogLinker: Warning: Can't find file for asset '/Game/Levels/Level1Spaceship_BuiltData' while loading E:/MARSHMALLOWS-WOOO/MarshMellow/Content/Levels/Level1Spaceship.umap.
[2019.02.11-21.57.08:778][352]LoadErrors: Error: /Game/Levels/Level1Spaceship : Can't find file for asset. /Game/Levels/Level1Spaceship_BuiltData
[2019.02.11-21.57.08:779][352]LogLinker: Warning: Can't find file '/Game/Levels/Level1Spaceship_BuiltData'
[2019.02.11-21.57.08:779][352]LogLinker: Warning: Can't find file for asset '/Game/Levels/Level1Spaceship_BuiltData' while loading E:/MARSHMALLOWS-WOOO/MarshMellow/Content/Levels/Level1Spaceship.umap.
[2019.02.11-21.57.08:814][352]LogLinker: Warning: Can't find file '/Game/Levels/Level1Spaceship_BuiltData'
[2019.02.11-21.57.08:815][352]LoadErrors: Failed to load /Game/Levels/Level1Spaceship_BuiltData.Level1Spaceship_BuiltData Referenced by PersistentLevel
[2019.02.11-21.57.08:815][352]LogLinker: Warning: Can't find file for asset '/Game/Levels/Level1Spaceship_BuiltData' while loading NULL.
[2019.02.11-21.57.08:874][352]LogAIModule: Creating AISystem for world Level1Spaceship
[2019.02.11-21.57.08:884][352]LogAssetEditorManager: Opening Asset editor for World /Game/Levels/Level1Spaceship.Level1Spaceship
[2019.02.11-21.57.08:903][352]Cmd: MAP LOAD FILE="E:/MARSHMALLOWS-WOOO/MarshMellow/Content/Levels/Level1Spaceship.umap" TEMPLATE=0 SHOWPROGRESS=1 FEATURELEVEL=3
[2019.02.11-21.57.08:903][352]LightingResults: New page: Lighting Build
[2019.02.11-21.57.08:903][352]LoadErrors: New page: Loading map: Level1Spaceship.umap
[2019.02.11-21.57.08:904][352]MapCheck: New page: Map Check
[2019.02.11-21.57.08:904][352]LightingResults: New page: Lighting Build
[2019.02.11-21.57.08:971][352]LogEditorServer: Finished looking for orphan Actors (0.000 secs)
[2019.02.11-21.57.09:006][352]Cmd: MAP CHECKDEP NOCLEARLOG
[2019.02.11-21.57.09:097][352]MapCheck: Map check complete: 0 Error(s), 0 Warning(s), took 90.684ms to complete.
[2019.02.11-21.57.09:098][352]LogFileHelpers: Loading map 'Level1Spaceship' took 0.196
[2019.02.11-21.57.47:419][ 27]LogAssetEditorManager: Opening Asset editor for World /Game/Levels/MovementAndPuzzle.MovementAndPuzzle
[2019.02.11-21.57.50:622][ 27]LogSlate: Window 'Save Content' being destroyed
[2019.02.11-21.57.50:729][ 27]Cmd: OBJ SAVEPACKAGE PACKAGE="/Game/Levels/MovementAndPuzzle" FILE="E:/MARSHMALLOWS-WOOO/MarshMellow/Content/Levels/MovementAndPuzzle.umap" SILENT=true AUTOSAVING=false KEEPDIRTY=false
[2019.02.11-21.57.50:769][ 27]LogSavePackage: Moving 'E:/MARSHMALLOWS-WOOO/MarshMellow/Saved/MovementAndPuzzle7F71758E4FBE00719B5172BE8730DB55.tmp' to 'E:/MARSHMALLOWS-WOOO/MarshMellow/Content/Levels/MovementAndPuzzle.umap'
[2019.02.11-21.57.50:774][ 27]LogFileHelpers: Saving map 'MovementAndPuzzle' took 0.145
[2019.02.11-21.57.50:776][ 27]Cmd: MAP LOAD FILE="E:/MARSHMALLOWS-WOOO/MarshMellow/Content/Levels/MovementAndPuzzle.umap" TEMPLATE=0 SHOWPROGRESS=1 FEATURELEVEL=3
[2019.02.11-21.57.50:776][ 27]LightingResults: New page: Lighting Build
[2019.02.11-21.57.50:777][ 27]LoadErrors: New page: Loading map: MovementAndPuzzle.umap
[2019.02.11-21.57.50:777][ 27]MapCheck: New page: Map Check
[2019.02.11-21.57.50:777][ 27]LightingResults: New page: Lighting Build
[2019.02.11-21.57.50:842][ 27]LogEditorServer: Finished looking for orphan Actors (0.000 secs)
[2019.02.11-21.57.50:842][ 27]LogAIModule: Creating AISystem for world MovementAndPuzzle
[2019.02.11-21.57.50:881][ 27]Cmd: MAP CHECKDEP NOCLEARLOG
[2019.02.11-21.57.50:972][ 27]MapCheck: Map check complete: 0 Error(s), 0 Warning(s), took 92.238ms to complete.
[2019.02.11-21.57.50:973][ 27]LogFileHelpers: Loading map 'MovementAndPuzzle' took 0.199
[2019.02.11-21.57.54:124][175]LogRenderer: Reallocating scene render targets to support 1208x452 Format 10 NumSamples 1 (Frame:145).
[2019.02.11-21.57.54:245][176]LogRenderer: Reallocating scene render targets to support 1208x552 Format 10 NumSamples 1 (Frame:149).
[2019.02.11-21.57.57:251][354]LogSlate: FSceneViewport::OnFocusLost() reason 2
[2019.02.11-21.57.59:325][406]LogEditorViewport: Clicking Background
[2019.02.11-21.58.00:441][443]LogSlate: FSceneViewport::OnFocusLost() reason 0
[2019.02.11-21.58.11:669][962]LogSlate: FSceneViewport::OnFocusLost() reason 0
[2019.02.11-21.58.14:247][102]LogEditorViewport: Clicking on Actor (LMB): SkyLight (SkyLight)
[2019.02.11-21.58.15:206][159]Cmd: DELETE
[2019.02.11-21.58.15:206][159]Cmd: ACTOR DELETE
[2019.02.11-21.58.15:207][159]LogEditorActor: Deleted Actor: SkyLight
[2019.02.11-21.58.15:226][159]LogEditorActor: Deleted 1 Actors (0.020 secs)
[2019.02.11-21.58.16:437][223]LogSlate: FSceneViewport::OnFocusLost() reason 0
[2019.02.11-21.58.24:128][516]LogActorFactory: Actor Factory created Plane
[2019.02.11-21.58.24:658][548]LogActorFactory: Actor Factory created Plane
[2019.02.11-21.58.43:985][697]LogEditorViewport: Clicking on Actor (LMB): DirectionalLight (DirectionalLight)
[2019.02.11-21.58.55:425][155]LogSlate: FSceneViewport::OnFocusLost() reason 0
[2019.02.11-21.59.03:204][375]LogSlate: Window 'Color Picker' being destroyed
[2019.02.11-21.59.34:750][994]LogEditorViewport: Clicking on Actor (LMB): DirectionalLight (DirectionalLight)
[2019.02.11-21.59.35:739][ 45]LogSlate: FSceneViewport::OnFocusLost() reason 0
[2019.02.11-21.59.36:579][ 56]LogLinker: Warning: Can't find file '/Game/Levels/Level1Spaceship_BuiltData'
[2019.02.11-21.59.36:580][ 56]LogLinker: Warning: Can't find file for asset '/Game/Levels/Level1Spaceship_BuiltData' while loading E:/MARSHMALLOWS-WOOO/MarshMellow/Content/Levels/Level1Spaceship.umap.
[2019.02.11-21.59.36:580][ 56]LoadErrors: Error: /Game/Levels/Level1Spaceship : Can't find file for asset. /Game/Levels/Level1Spaceship_BuiltData
[2019.02.11-21.59.36:583][ 56]LogLinker: Warning: Can't find file '/Game/Levels/Level1Spaceship_BuiltData'
[2019.02.11-21.59.36:583][ 56]LogLinker: Warning: Can't find file for asset '/Game/Levels/Level1Spaceship_BuiltData' while loading E:/MARSHMALLOWS-WOOO/MarshMellow/Content/Levels/Level1Spaceship.umap.
[2019.02.11-21.59.36:604][ 56]LogLinker: Warning: Can't find file '/Game/Levels/Level1Spaceship_BuiltData'
[2019.02.11-21.59.36:604][ 56]LoadErrors: Failed to load /Game/Levels/Level1Spaceship_BuiltData.Level1Spaceship_BuiltData Referenced by PersistentLevel
[2019.02.11-21.59.36:605][ 56]LogLinker: Warning: Can't find file for asset '/Game/Levels/Level1Spaceship_BuiltData' while loading NULL.
[2019.02.11-21.59.36:611][ 56]LogAIModule: Creating AISystem for world Level1Spaceship
[2019.02.11-21.59.36:618][ 56]LogAssetEditorManager: Opening Asset editor for World /Game/Levels/Level1Spaceship.Level1Spaceship
[2019.02.11-21.59.39:500][ 56]LogSlate: Window 'Save Content' being destroyed
[2019.02.11-21.59.39:505][ 56]Cmd: MAP LOAD FILE="E:/MARSHMALLOWS-WOOO/MarshMellow/Content/Levels/Level1Spaceship.umap" TEMPLATE=0 SHOWPROGRESS=1 FEATURELEVEL=3
[2019.02.11-21.59.39:506][ 56]LightingResults: New page: Lighting Build
[2019.02.11-21.59.39:506][ 56]LoadErrors: New page: Loading map: Level1Spaceship.umap
[2019.02.11-21.59.39:507][ 56]MapCheck: New page: Map Check
[2019.02.11-21.59.39:507][ 56]LightingResults: New page: Lighting Build
[2019.02.11-21.59.39:573][ 56]LogEditorServer: Finished looking for orphan Actors (0.000 secs)
[2019.02.11-21.59.39:610][ 56]Cmd: MAP CHECKDEP NOCLEARLOG
[2019.02.11-21.59.39:704][ 56]MapCheck: Map check complete: 0 Error(s), 0 Warning(s), took 94.527ms to complete.
[2019.02.11-21.59.39:704][ 56]LogFileHelpers: Loading map 'Level1Spaceship' took 0.201
[2019.02.11-21.59.49:004][402]LogSlate: FSceneViewport::OnFocusLost() reason 0
[2019.02.11-21.59.49:562][406]LogAIModule: Creating AISystem for world MovementAndPuzzle
[2019.02.11-21.59.49:568][406]LogAssetEditorManager: Opening Asset editor for World /Game/Levels/MovementAndPuzzle.MovementAndPuzzle
[2019.02.11-21.59.49:623][406]Cmd: MAP LOAD FILE="E:/MARSHMALLOWS-WOOO/MarshMellow/Content/Levels/MovementAndPuzzle.umap" TEMPLATE=0 SHOWPROGRESS=1 FEATURELEVEL=3
[2019.02.11-21.59.49:623][406]LightingResults: New page: Lighting Build
[2019.02.11-21.59.49:624][406]LoadErrors: New page: Loading map: MovementAndPuzzle.umap
[2019.02.11-21.59.49:625][406]MapCheck: New page: Map Check
[2019.02.11-21.59.49:625][406]LightingResults: New page: Lighting Build
[2019.02.11-21.59.49:684][406]LogEditorServer: Finished looking for orphan Actors (0.000 secs)
[2019.02.11-21.59.49:719][406]Cmd: MAP CHECKDEP NOCLEARLOG
[2019.02.11-21.59.49:802][406]MapCheck: Map check complete: 0 Error(s), 0 Warning(s), took 83.459ms to complete.
[2019.02.11-21.59.49:802][406]LogFileHelpers: Loading map 'MovementAndPuzzle' took 0.181
[2019.02.11-21.59.52:042][524]LogSlate: FSceneViewport::OnFocusLost() reason 0
[2019.02.11-22.00.02:788][883]LogLinker: Warning: Can't find file '/Game/Levels/Level1Spaceship_BuiltData'
[2019.02.11-22.00.02:789][883]LogLinker: Warning: Can't find file for asset '/Game/Levels/Level1Spaceship_BuiltData' while loading E:/MARSHMALLOWS-WOOO/MarshMellow/Content/Levels/Level1Spaceship.umap.
[2019.02.11-22.00.02:789][883]LoadErrors: Error: /Game/Levels/Level1Spaceship : Can't find file for asset. /Game/Levels/Level1Spaceship_BuiltData
[2019.02.11-22.00.02:792][883]LogLinker: Warning: Can't find file '/Game/Levels/Level1Spaceship_BuiltData'
[2019.02.11-22.00.02:793][883]LogLinker: Warning: Can't find file for asset '/Game/Levels/Level1Spaceship_BuiltData' while loading E:/MARSHMALLOWS-WOOO/MarshMellow/Content/Levels/Level1Spaceship.umap.
[2019.02.11-22.00.02:812][883]LogLinker: Warning: Can't find file '/Game/Levels/Level1Spaceship_BuiltData'
[2019.02.11-22.00.02:812][883]LoadErrors: Failed to load /Game/Levels/Level1Spaceship_BuiltData.Level1Spaceship_BuiltData Referenced by PersistentLevel
[2019.02.11-22.00.02:813][883]LogLinker: Warning: Can't find file for asset '/Game/Levels/Level1Spaceship_BuiltData' while loading NULL.
[2019.02.11-22.00.02:819][883]LogAIModule: Creating AISystem for world Level1Spaceship
[2019.02.11-22.00.02:826][883]LogAssetEditorManager: Opening Asset editor for World /Game/Levels/Level1Spaceship.Level1Spaceship
[2019.02.11-22.00.02:854][883]Cmd: MAP LOAD FILE="E:/MARSHMALLOWS-WOOO/MarshMellow/Content/Levels/Level1Spaceship.umap" TEMPLATE=0 SHOWPROGRESS=1 FEATURELEVEL=3
[2019.02.11-22.00.02:854][883]LightingResults: New page: Lighting Build
[2019.02.11-22.00.02:854][883]LoadErrors: New page: Loading map: Level1Spaceship.umap
[2019.02.11-22.00.02:855][883]MapCheck: New page: Map Check
[2019.02.11-22.00.02:855][883]LightingResults: New page: Lighting Build
[2019.02.11-22.00.02:921][883]LogEditorServer: Finished looking for orphan Actors (0.000 secs)
[2019.02.11-22.00.02:956][883]Cmd: MAP CHECKDEP NOCLEARLOG
[2019.02.11-22.00.03:039][883]MapCheck: Map check complete: 0 Error(s), 0 Warning(s), took 83.364ms to complete.
[2019.02.11-22.00.03:040][883]LogFileHelpers: Loading map 'Level1Spaceship' took 0.188
[2019.02.11-22.00.09:222][179]LogSlate: FSceneViewport::OnFocusLost() reason 0
[2019.02.11-22.00.09:788][183]LogAIModule: Creating AISystem for world MovementAndPuzzle
[2019.02.11-22.00.09:797][183]LogAssetEditorManager: Opening Asset editor for World /Game/Levels/MovementAndPuzzle.MovementAndPuzzle
[2019.02.11-22.00.09:816][183]Cmd: MAP LOAD FILE="E:/MARSHMALLOWS-WOOO/MarshMellow/Content/Levels/MovementAndPuzzle.umap" TEMPLATE=0 SHOWPROGRESS=1 FEATURELEVEL=3
[2019.02.11-22.00.09:816][183]LightingResults: New page: Lighting Build
[2019.02.11-22.00.09:816][183]LoadErrors: New page: Loading map: MovementAndPuzzle.umap
[2019.02.11-22.00.09:817][183]MapCheck: New page: Map Check
[2019.02.11-22.00.09:817][183]LightingResults: New page: Lighting Build
[2019.02.11-22.00.09:874][183]LogEditorServer: Finished looking for orphan Actors (0.000 secs)
[2019.02.11-22.00.09:909][183]Cmd: MAP CHECKDEP NOCLEARLOG
[2019.02.11-22.00.10:001][183]MapCheck: Map check complete: 0 Error(s), 0 Warning(s), took 92.448ms to complete.
[2019.02.11-22.00.10:002][183]LogFileHelpers: Loading map 'MovementAndPuzzle' took 0.188
[2019.02.11-22.00.12:400][256]LogSlate: FSceneViewport::OnFocusLost() reason 0
[2019.02.11-22.00.16:970][435]LogEditorViewport: Clicking Background
[2019.02.11-22.00.18:476][496]LogSlate: FSceneViewport::OnFocusLost() reason 0
[2019.02.11-22.00.20:968][602]LogSlate: FSceneViewport::OnFocusLost() reason 0
[2019.02.11-22.00.39:165][406]Cmd: DELETE
[2019.02.11-22.00.39:166][406]Cmd: ACTOR DELETE
[2019.02.11-22.00.39:167][406]LogEditorActor: Deleted Actor: DirectionalLight
[2019.02.11-22.00.39:188][406]LogEditorActor: Deleted 1 Actors (0.022 secs)
[2019.02.11-22.00.42:135][508]LogSlate: FSceneViewport::OnFocusLost() reason 0
[2019.02.11-22.00.43:325][567]LogEditorViewport: Clicking Background
[2019.02.11-22.00.46:391][749]LogSlate: FSceneViewport::OnFocusLost() reason 0
[2019.02.11-22.01.05:398][917]LogSlate: FSceneViewport::OnFocusLost() reason 0
[2019.02.11-22.01.05:499][920]LogTemp: Repeating last play command: Selected Viewport
[2019.02.11-22.01.05:512][920]LogPlayLevel: PlayLevel: No blueprints needed recompiling
[2019.02.11-22.01.05:525][920]PIE: New page: PIE session: MovementAndPuzzle (Feb 11, 2019, 12:01:05 PM)
[2019.02.11-22.01.05:525][920]LogPlayLevel: Creating play world package: /Game/Levels/UEDPIE_0_MovementAndPuzzle
[2019.02.11-22.01.05:526][920]LogPlayLevel: PIE: StaticDuplicateObject took: (0.000715s)
[2019.02.11-22.01.05:526][920]LogAIModule: Creating AISystem for world MovementAndPuzzle
[2019.02.11-22.01.05:526][920]LogPlayLevel: PIE: World Init took: (0.000529s)
[2019.02.11-22.01.05:526][920]LogPlayLevel: PIE: Created PIE world by copying editor world from /Game/Levels/MovementAndPuzzle.MovementAndPuzzle to /Game/Levels/UEDPIE_0_MovementAndPuzzle.MovementAndPuzzle (0.001344s)
[2019.02.11-22.01.05:556][920]LogInit: XAudio2 using 'Acer XB241H (NVIDIA High Definition Audio)' : 2 channels at 48 kHz using 16 bits per sample (channel mask 0x3)
[2019.02.11-22.01.05:566][920]LogInit: FAudioDevice initialized.
[2019.02.11-22.01.05:610][920]LogLoad: Game class is 'ThirdPersonGameMode_C'
[2019.02.11-22.01.05:611][920]LogWorld: Bringing World /Game/Levels/UEDPIE_0_MovementAndPuzzle.MovementAndPuzzle up for play (max tick rate 0) at 2019.02.11-17.01.05
[2019.02.11-22.01.05:612][920]LogWorld: Bringing up level for play took: 0.000483
[2019.02.11-22.01.05:628][920]LogContentBrowser: Native class hierarchy updated for 'MovieSceneCapture' in 0.0003 seconds. Added 10 classes and 0 folders.
[2019.02.11-22.01.05:629][920]PIE: Play in editor start time for /Game/Levels/UEDPIE_0_MovementAndPuzzle -0.781
[2019.02.11-22.01.07:819][982]LogSlate: Updating window title bar state: overlay mode, drag disabled, window buttons hidden, title bar hidden
[2019.02.11-22.01.07:869][982]LogPlayLevel: Display: Shutting down PIE online subsystems
[2019.02.11-22.01.07:922][982]LogSlate: Updating window title bar state: overlay mode, drag disabled, window buttons hidden, title bar hidden
[2019.02.11-22.01.07:932][983]LogPlayLevel: Display: Destroying online subsystem :Context_4
[2019.02.11-22.01.13:425][225]LogSlate: FSceneViewport::OnFocusLost() reason 0
[2019.02.11-22.01.30:540][835]LogSlate: FSceneViewport::OnFocusLost() reason 2
[2019.02.11-22.01.30:809][843]LogSlate: FSceneViewport::OnFocusLost() reason 2
[2019.02.11-22.01.40:779][191]LogSlate: FSceneViewport::OnFocusLost() reason 2
[2019.02.11-22.01.41:605][240]LogSlate: FSceneViewport::OnFocusLost() reason 0
[2019.02.11-22.01.42:625][280]LogEditorViewport: Clicking Background
[2019.02.11-22.01.44:138][361]LogSlate: FSceneViewport::OnFocusLost() reason 0
[2019.02.11-22.01.49:878][431]LogSlate: Window 'Delete Assets' being destroyed
[2019.02.11-22.01.49:889][431]LightingResults: New page: Lighting Build
[2019.02.11-22.01.49:890][431]MapCheck: New page: Map Check
[2019.02.11-22.01.49:890][431]LightingResults: New page: Lighting Build
[2019.02.11-22.01.49:909][431]LogAIModule: Creating AISystem for world Untitled
[2019.02.11-22.01.49:959][431]LoadErrors: New page: New Map
[2019.02.11-22.01.49:964][431]LogAIModule: Creating AISystem for world MovementAndPuzzle
[2019.02.11-22.01.52:889][493]LogLinker: Warning: Can't find file '/Game/Levels/Level1Spaceship_BuiltData'
[2019.02.11-22.01.52:889][493]LogLinker: Warning: Can't find file for asset '/Game/Levels/Level1Spaceship_BuiltData' while loading E:/MARSHMALLOWS-WOOO/MarshMellow/Content/Levels/Level1Spaceship.umap.
[2019.02.11-22.01.52:889][493]LoadErrors: Error: /Game/Levels/Level1Spaceship : Can't find file for asset. /Game/Levels/Level1Spaceship_BuiltData
[2019.02.11-22.01.52:895][493]LogLinker: Warning: Can't find file '/Game/Levels/Level1Spaceship_BuiltData'
[2019.02.11-22.01.52:895][493]LogLinker: Warning: Can't find file for asset '/Game/Levels/Level1Spaceship_BuiltData' while loading E:/MARSHMALLOWS-WOOO/MarshMellow/Content/Levels/Level1Spaceship.umap.
[2019.02.11-22.01.52:906][493]LogLinker: Warning: Can't find file '/Game/Levels/Level1Spaceship_BuiltData'
[2019.02.11-22.01.52:906][493]LoadErrors: Failed to load /Game/Levels/Level1Spaceship_BuiltData.Level1Spaceship_BuiltData Referenced by PersistentLevel
[2019.02.11-22.01.52:906][493]LogLinker: Warning: Can't find file for asset '/Game/Levels/Level1Spaceship_BuiltData' while loading NULL.
[2019.02.11-22.01.52:908][493]LogAIModule: Creating AISystem for world Level1Spaceship
[2019.02.11-22.01.52:912][493]LogAssetEditorManager: Opening Asset editor for World /Game/Levels/Level1Spaceship.Level1Spaceship
[2019.02.11-22.01.52:930][493]Cmd: MAP LOAD FILE="E:/MARSHMALLOWS-WOOO/MarshMellow/Content/Levels/Level1Spaceship.umap" TEMPLATE=0 SHOWPROGRESS=1 FEATURELEVEL=3
[2019.02.11-22.01.52:930][493]LightingResults: New page: Lighting Build
[2019.02.11-22.01.52:931][493]LoadErrors: New page: Loading map: Level1Spaceship.umap
[2019.02.11-22.01.52:931][493]MapCheck: New page: Map Check
[2019.02.11-22.01.52:931][493]LightingResults: New page: Lighting Build
[2019.02.11-22.01.53:000][493]LogEditorServer: Finished looking for orphan Actors (0.000 secs)
[2019.02.11-22.01.53:038][493]Cmd: MAP CHECKDEP NOCLEARLOG
[2019.02.11-22.01.53:122][493]MapCheck: Map check complete: 0 Error(s), 0 Warning(s), took 84.655ms to complete.
[2019.02.11-22.01.53:123][493]LogFileHelpers: Loading map 'Level1Spaceship' took 0.194
[2019.02.11-22.02.05:015][ 91]LogSlate: FSceneViewport::OnFocusLost() reason 0
[2019.02.11-22.02.07:618][235]LogSlate: FSceneViewport::OnFocusLost() reason 2
[2019.02.11-22.02.12:010][433]LogSlate: FSceneViewport::OnFocusLost() reason 0
[2019.02.11-22.02.24:762][945]LogAssetEditorManager: Opening Asset editor for World /Game/Levels/MovementTest.MovementTest
[2019.02.11-22.02.26:845][945]LogSlate: Window 'Save Content' being destroyed
[2019.02.11-22.02.26:939][945]Cmd: OBJ SAVEPACKAGE PACKAGE="/Game/Levels/MovementTest" FILE="E:/MARSHMALLOWS-WOOO/MarshMellow/Content/Levels/MovementTest.umap" SILENT=true AUTOSAVING=false KEEPDIRTY=false
[2019.02.11-22.02.26:967][945]LogSavePackage: Moving 'E:/MARSHMALLOWS-WOOO/MarshMellow/Saved/MovementTest8D8DEC0645F3EC7DA956C59D0ED2867E.tmp' to 'E:/MARSHMALLOWS-WOOO/MarshMellow/Content/Levels/MovementTest.umap'
[2019.02.11-22.02.26:970][945]LogFileHelpers: Saving map 'MovementTest' took 0.119
[2019.02.11-22.02.26:972][945]Cmd: MAP LOAD FILE="E:/MARSHMALLOWS-WOOO/MarshMellow/Content/Levels/MovementTest.umap" TEMPLATE=0 SHOWPROGRESS=1 FEATURELEVEL=3
[2019.02.11-22.02.26:972][945]LightingResults: New page: Lighting Build
[2019.02.11-22.02.26:972][945]LoadErrors: New page: Loading map: MovementTest.umap
[2019.02.11-22.02.26:973][945]MapCheck: New page: Map Check
[2019.02.11-22.02.26:973][945]LightingResults: New page: Lighting Build
[2019.02.11-22.02.27:033][945]LogEditorServer: Finished looking for orphan Actors (0.000 secs)
[2019.02.11-22.02.27:033][945]LogAIModule: Creating AISystem for world MovementTest
[2019.02.11-22.02.27:071][945]Cmd: MAP CHECKDEP NOCLEARLOG
[2019.02.11-22.02.27:162][945]MapCheck: Map check complete: 0 Error(s), 0 Warning(s), took 90.711ms to complete.
[2019.02.11-22.02.27:162][945]LogFileHelpers: Loading map 'MovementTest' took 0.192
[2019.02.11-22.02.58:223][914]LogAIModule: Creating AISystem for world Advanced_Lighting
[2019.02.11-22.02.58:228][914]LogAssetEditorManager: Opening Asset editor for World /Game/StarterContent/Maps/Advanced_Lighting.Advanced_Lighting
[2019.02.11-22.02.58:259][914]Cmd: MAP LOAD FILE="E:/MARSHMALLOWS-WOOO/MarshMellow/Content/StarterContent/Maps/Advanced_Lighting.umap" TEMPLATE=0 SHOWPROGRESS=1 FEATURELEVEL=3
[2019.02.11-22.02.58:259][914]LightingResults: New page: Lighting Build
[2019.02.11-22.02.58:260][914]LoadErrors: New page: Loading map: Advanced_Lighting.umap
[2019.02.11-22.02.58:260][914]MapCheck: New page: Map Check
[2019.02.11-22.02.58:260][914]LightingResults: New page: Lighting Build
[2019.02.11-22.02.58:322][914]LogEditorServer: Finished looking for orphan Actors (0.000 secs)
[2019.02.11-22.02.58:359][914]Cmd: MAP CHECKDEP NOCLEARLOG
[2019.02.11-22.02.58:460][914]MapCheck: Map check complete: 0 Error(s), 0 Warning(s), took 100.998ms to complete.
[2019.02.11-22.02.58:461][914]LogFileHelpers: Loading map 'Advanced_Lighting' took 0.202
[2019.02.11-22.03.04:421][240]LogEditorViewport: Clicking on Actor (LMB): BP_LightStudio_C (BP_LightStage)
[2019.02.11-22.03.05:662][297]LogSlate: FSceneViewport::OnFocusLost() reason 0
[2019.02.11-22.03.06:532][306]LogAIModule: Creating AISystem for world Minimal_Default
[2019.02.11-22.03.06:535][306]LogAssetEditorManager: Opening Asset editor for World /Game/StarterContent/Maps/Minimal_Default.Minimal_Default
[2019.02.11-22.03.06:553][306]Cmd: MAP LOAD FILE="E:/MARSHMALLOWS-WOOO/MarshMellow/Content/StarterContent/Maps/Minimal_Default.umap" TEMPLATE=0 SHOWPROGRESS=1 FEATURELEVEL=3
[2019.02.11-22.03.06:553][306]LightingResults: New page: Lighting Build
[2019.02.11-22.03.06:554][306]LoadErrors: New page: Loading map: Minimal_Default.umap
[2019.02.11-22.03.06:554][306]MapCheck: New page: Map Check
[2019.02.11-22.03.06:554][306]LightingResults: New page: Lighting Build
[2019.02.11-22.03.06:616][306]LogEditorServer: Finished looking for orphan Actors (0.000 secs)
[2019.02.11-22.03.06:654][306]Cmd: MAP CHECKDEP NOCLEARLOG
[2019.02.11-22.03.06:753][306]MapCheck: Map check complete: 0 Error(s), 0 Warning(s), took 100.036ms to complete.
[2019.02.11-22.03.06:754][306]LogFileHelpers: Loading map 'Minimal_Default' took 0.202
[2019.02.11-22.03.15:183][625]LogSlate: FSceneViewport::OnFocusLost() reason 0
[2019.02.11-22.03.24:697][953]LogSlate: Window 'Color Picker' being destroyed
[2019.02.11-22.03.33:294][268]LogAIModule: Creating AISystem for world MovementTest
[2019.02.11-22.03.33:303][268]LogAssetEditorManager: Opening Asset editor for World /Game/Levels/MovementTest.MovementTest
[2019.02.11-22.03.33:342][268]Cmd: MAP LOAD FILE="E:/MARSHMALLOWS-WOOO/MarshMellow/Content/Levels/MovementTest.umap" TEMPLATE=0 SHOWPROGRESS=1 FEATURELEVEL=3
[2019.02.11-22.03.33:342][268]LightingResults: New page: Lighting Build
[2019.02.11-22.03.33:343][268]LoadErrors: New page: Loading map: MovementTest.umap
[2019.02.11-22.03.33:343][268]MapCheck: New page: Map Check
[2019.02.11-22.03.33:343][268]LightingResults: New page: Lighting Build
[2019.02.11-22.03.33:402][268]LogEditorServer: Finished looking for orphan Actors (0.000 secs)
[2019.02.11-22.03.33:439][268]Cmd: MAP CHECKDEP NOCLEARLOG
[2019.02.11-22.03.33:534][268]MapCheck: Map check complete: 0 Error(s), 0 Warning(s), took 93.769ms to complete.
[2019.02.11-22.03.33:534][268]LogFileHelpers: Loading map 'MovementTest' took 0.193
[2019.02.11-22.03.45:387][628]LogSlate: Window 'Color Picker' being destroyed
[2019.02.11-22.03.46:924][651]Cmd: OBJ SAVEPACKAGE PACKAGE="/Game/Levels/MovementTest" FILE="E:/MARSHMALLOWS-WOOO/MarshMellow/Content/Levels/MovementTest.umap" SILENT=true AUTOSAVING=false KEEPDIRTY=false
[2019.02.11-22.03.46:974][651]LogSavePackage: Moving 'E:/MARSHMALLOWS-WOOO/MarshMellow/Saved/MovementTestF5EE06424480F12638BCD087A8A7E149.tmp' to 'E:/MARSHMALLOWS-WOOO/MarshMellow/Content/Levels/MovementTest.umap'
[2019.02.11-22.04.03:607][194]LogTemp: Repeating last play command: Selected Viewport
[2019.02.11-22.04.03:650][194]LogPlayLevel: PlayLevel: No blueprints needed recompiling
[2019.02.11-22.04.03:650][194]PIE: New page: PIE session: MovementTest (Feb 11, 2019, 12:04:03 PM)
[2019.02.11-22.04.03:650][194]LogPlayLevel: Creating play world package: /Game/Levels/UEDPIE_0_MovementTest
[2019.02.11-22.04.03:652][194]LogPlayLevel: PIE: StaticDuplicateObject took: (0.001295s)
[2019.02.11-22.04.03:653][194]LogAIModule: Creating AISystem for world MovementTest
[2019.02.11-22.04.03:653][194]LogPlayLevel: PIE: World Init took: (0.001427s)
[2019.02.11-22.04.03:653][194]LogPlayLevel: PIE: Created PIE world by copying editor world from /Game/Levels/MovementTest.MovementTest to /Game/Levels/UEDPIE_0_MovementTest.MovementTest (0.002980s)
[2019.02.11-22.04.03:699][194]LogInit: XAudio2 using 'Acer XB241H (NVIDIA High Definition Audio)' : 2 channels at 48 kHz using 16 bits per sample (channel mask 0x3)
[2019.02.11-22.04.03:707][194]LogInit: FAudioDevice initialized.
[2019.02.11-22.04.03:738][194]LogLoad: Game class is 'ThirdPersonGameMode_C'
[2019.02.11-22.04.03:739][194]LogWorld: Bringing World /Game/Levels/UEDPIE_0_MovementTest.MovementTest up for play (max tick rate 0) at 2019.02.11-17.04.03
[2019.02.11-22.04.03:739][194]LogWorld: Bringing up level for play took: 0.000240
[2019.02.11-22.04.03:751][194]PIE: Play in editor start time for /Game/Levels/UEDPIE_0_MovementTest -0.658
[2019.02.11-22.04.05:261][236]LogSlate: Updating window title bar state: overlay mode, drag disabled, window buttons hidden, title bar hidden
[2019.02.11-22.04.05:331][236]LogPlayLevel: Display: Shutting down PIE online subsystems
[2019.02.11-22.04.05:392][236]LogSlate: Updating window title bar state: overlay mode, drag disabled, window buttons hidden, title bar hidden
[2019.02.11-22.04.05:406][237]LogPlayLevel: Display: Destroying online subsystem :Context_5
[2019.02.11-22.04.23:737][993]LogSlate: FSceneViewport::OnFocusLost() reason 0
[2019.02.11-22.04.29:114][202]LogEditorViewport: Clicking on Actor (LMB): DirectionalLight (DirectionalLight)
[2019.02.11-22.04.29:873][249]Cmd: DELETE
[2019.02.11-22.04.29:873][249]Cmd: ACTOR DELETE
[2019.02.11-22.04.29:876][249]LogEditorActor: Deleted Actor: DirectionalLight
[2019.02.11-22.04.29:907][249]LogEditorActor: Deleted 1 Actors (0.034 secs)
[2019.02.11-22.04.31:658][322]LogSlate: FSceneViewport::OnFocusLost() reason 0
[2019.02.11-22.05.31:247][867]LogSlate: FSceneViewport::OnFocusLost() reason 2
[2019.02.11-22.05.34:610][946]LogEditorViewport: Clicking Background
[2019.02.11-22.05.38:304][147]LogSlate: FSceneViewport::OnFocusLost() reason 0
[2019.02.11-22.05.39:716][219]LogEditorViewport: Clicking on Actor (LMB): SkyLight (SkyLight)
[2019.02.11-22.05.40:457][265]LogEditorViewport: Clicking on Actor (LMB): SkyLight (SkyLight)
[2019.02.11-22.05.41:132][305]Cmd: DELETE
[2019.02.11-22.05.41:132][305]Cmd: ACTOR DELETE
[2019.02.11-22.05.41:134][305]LogEditorActor: Deleted Actor: SkyLight
[2019.02.11-22.05.41:182][305]LogEditorActor: Deleted 1 Actors (0.050 secs)
[2019.02.11-22.05.42:659][382]LogSlate: FSceneViewport::OnFocusLost() reason 0
[2019.02.11-22.05.44:270][459]LogSlate: Took 0.000641 seconds to synchronously load lazily loaded font '../../../Engine/Content/Slate/Fonts/Roboto-Italic.ttf' (157K)
[2019.02.11-22.07.23:864][901]LogSlate: FSceneViewport::OnFocusLost() reason 0
[2019.02.11-22.07.24:104][905]LogAssetEditorManager: Opening Asset editor for World /Game/Levels/MovementTest.MovementTest
[2019.02.11-22.07.25:805][905]LogSlate: Window 'Save Content' being destroyed
[2019.02.11-22.07.56:231][603]LogSlate: FSceneViewport::OnFocusLost() reason 0
[2019.02.11-22.08.03:620][810]LogSlate: Window 'Color Picker' being destroyed
[2019.02.11-22.08.04:252][818]LogSlate: FSceneViewport::OnFocusLost() reason 0
[2019.02.11-22.08.39:016][241]LogSlate: FSceneViewport::OnFocusLost() reason 0
[2019.02.11-22.08.53:709][915]LogSlate: FSceneViewport::OnFocusLost() reason 0
[2019.02.11-22.08.54:011][921]LogActorFactory: Actor Factory created Plane
[2019.02.11-22.08.54:826][970]LogActorFactory: Actor Factory created Plane
[2019.02.11-22.09.01:840][361]LogSlate: FSceneViewport::OnFocusLost() reason 0
[2019.02.11-22.09.14:667][ 65]LogSlate: FSceneViewport::OnFocusLost() reason 0
[2019.02.11-22.09.24:888][559]LogSlate: FSceneViewport::OnFocusLost() reason 0
[2019.02.11-22.09.30:543][720]LogSlate: Window 'Color Picker' being destroyed
[2019.02.11-22.09.47:635][556]LogSlate: FSceneViewport::OnFocusLost() reason 2
[2019.02.11-22.09.53:429][689]LogSlate: Window 'Color Picker' being destroyed
[2019.02.11-22.09.58:123][847]LogSlate: FSceneViewport::OnFocusLost() reason 0
[2019.02.11-22.10.21:983][483]Cmd: OBJ SAVEPACKAGE PACKAGE="/Game/Levels/MovementTest" FILE="E:/MARSHMALLOWS-WOOO/MarshMellow/Content/Levels/MovementTest.umap" SILENT=true AUTOSAVING=false KEEPDIRTY=false
[2019.02.11-22.10.22:066][483]LogSavePackage: Moving 'E:/MARSHMALLOWS-WOOO/MarshMellow/Saved/MovementTest09B71ED54872FDDD707CE78FE0A333A0.tmp' to 'E:/MARSHMALLOWS-WOOO/MarshMellow/Content/Levels/MovementTest.umap'
[2019.02.11-22.10.50:619][102]LogTexture: Display: Building textures: HDRI_Epic_Courtyard_Daylight (RGBA16F, 4096X2048)
[2019.02.11-22.10.50:619][102]LogMaterial: Display: Missing cached shader map for material M_HDRSky, compiling. 
[2019.02.11-22.10.50:638][102]LogShaderCompilers: Display: Shaders left to compile 5
[2019.02.11-22.11.07:394][562]LogAssetEditorManager: Opening Asset editor for Texture2D /Engine/EngineSky/T_Sky_Blue.T_Sky_Blue
[2019.02.11-22.11.07:401][562]LogContentBrowser: Native class hierarchy updated for 'TextureEditor' in 0.0003 seconds. Added 1 classes and 2 folders.
[2019.02.11-22.11.09:705][607]LogSlate: Window 'T_Sky_Blue' being destroyed
[2019.02.11-22.11.09:743][607]LogSlate: Window 'T_Sky_Blue' being destroyed
[2019.02.11-22.12.59:019][251]LogSlate: FSceneViewport::OnFocusLost() reason 0
[2019.02.11-22.13.13:855][982]LogSlate: FSceneViewport::OnFocusLost() reason 0
[2019.02.11-22.13.50:866][703]LogEditorViewport: Clicking on Actor (LMB): BP_Sky_Sphere_C (BP_Sky_Sphere)
[2019.02.11-22.13.52:368][792]LogEditorViewport: Clicking on Actor (LMB): BP_Sky_Sphere_C (BP_Sky_Sphere)
[2019.02.11-22.13.56:536][910]LogSlate: FSceneViewport::OnFocusLost() reason 0
[2019.02.11-22.14.05:534][250]LogSlate: FSceneViewport::OnFocusLost() reason 2
[2019.02.11-22.14.30:902][266]LogSlate: FSceneViewport::OnFocusLost() reason 0
[2019.02.11-22.14.40:619][530]LogSlate: Window 'Color Picker' being destroyed
[2019.02.11-22.14.46:391][820]LogSlate: FSceneViewport::OnFocusLost() reason 0
[2019.02.11-22.15.05:846][565]LogSlate: FSceneViewport::OnFocusLost() reason 0
[2019.02.11-22.15.24:164][ 46]LogEditorViewport: Clicking on Actor (LMB): StaticMeshActor (Plane)
[2019.02.11-22.15.27:541][245]LogSlate: FSceneViewport::OnFocusLost() reason 2
[2019.02.11-22.15.27:588][245]Cmd: OBJ SAVEPACKAGE PACKAGE="/Game/Levels/MovementTest" FILE="E:/MARSHMALLOWS-WOOO/MarshMellow/Content/Levels/MovementTest.umap" SILENT=true AUTOSAVING=false KEEPDIRTY=false
[2019.02.11-22.15.27:683][245]LogSavePackage: Moving 'E:/MARSHMALLOWS-WOOO/MarshMellow/Saved/MovementTest73E2CFD947722B4510FAD48B1920402D.tmp' to 'E:/MARSHMALLOWS-WOOO/MarshMellow/Content/Levels/MovementTest.umap'
[2019.02.11-22.15.28:368][287]LogEditorViewport: Clicking on Actor (LMB): BP_Sky_Sphere_C (BP_Sky_Sphere)
[2019.02.11-22.15.29:541][329]LogSlate: FSceneViewport::OnFocusLost() reason 0
